This job is running on host node102
Current directory: /tmp/100015.mgr/run
Tue Oct 22 10:43:09 CST 2024
/tmp/100015.mgr
Job starts at: Tue Oct 22 10:43:17 2024
ref file: PDB_1XBB_ref.gjf
conf file: QR_1XBB.xyz
Using log (10) scale for visualization
Dihedral threshold set to 30
COVALENT_RADII scale set to 1.0
method: 1
fragmentation
15 fragments was given!
All atomic charge are 0!
All atomic spin are 0!
number cpu set to 4
number pal set to 6
*************** 68 atoms in input structure !***************
*************** 3 structure in conformer input!***************
***************  fragmentation list  OK ***************

***************  Charge and Spin  ***************
***************  Charge and Spin  finished!  ***************

***************  Get ref & conf fragments structure  ***************
***************  Get ref & conf fragments structure  finished!  ***************

Structures of subsystems are saved as Ref_M1.xyz and Conf_M1.xyz!
/share/home/Liaoyt/miniconda3/envs/Strain_VIZ/lib/python3.9/site-packages/torchani/resources/
ani-2x computations of begin at: Tue Oct 22 10:43:25 2024
ani-2x computations of finish at: Tue Oct 22 10:43:25 2024

***************conf 0***************
/share/home/Liaoyt/miniconda3/envs/Strain_VIZ/lib/python3.9/site-packages/torchani/resources/
ani-2x computations of begin at: Tue Oct 22 10:43:33 2024
ani-2x computations of finish at: Tue Oct 22 10:43:33 2024

***************conf 1***************
/share/home/Liaoyt/miniconda3/envs/Strain_VIZ/lib/python3.9/site-packages/torchani/resources/
ani-2x computations of begin at: Tue Oct 22 10:43:40 2024
ani-2x computations of finish at: Tue Oct 22 10:43:40 2024

***************conf 2***************
/share/home/Liaoyt/miniconda3/envs/Strain_VIZ/lib/python3.9/site-packages/torchani/resources/
ani-2x computations of begin at: Tue Oct 22 10:43:47 2024
ani-2x computations of finish at: Tue Oct 22 10:43:48 2024

Resutls (3 sheets) are saved in 1XBB_M1_M1__all.xlsx

Job ends at: Tue Oct 22 10:43:48 2024
Tue Oct 22 10:43:48 CST 2024
