This job is running on host node97
Current directory: 
Wed Jul  3 14:22:44 CST 2019
/tmp/103468.mgr
       Distortion Distribution Analysis enabled by Fragmentation   

                             *****************                     
                             * D   2   A   F *                     
                             *    V 1.1.0    *                     
                             *****************                     

                  ######     ######       #      #########         
                  ##   ##   ##    ##    ## ##    ##                
                  ##    ##        ##   ##   ##   ##                
                  ##    ##       ##   ##     ##  #######           
                  ##    ##     ##     #########  ##                
                  ##   ##    ##       ##     ##  ##                
                  ######    ########  ##     ##  ##                


         ########################################################  
         #                        -***-                         #  
         #                   OscarChung lab,                    #  
         #               Shenzhen Grubbs Institute,             #  
         #              Department of Chemistry and             #  
         #   Guangdong Provincial Key Laboratory of Catalysis,  #  
         #     Southern University of Science and Technology,   #  
         #                 Shenzhen 518055,                     #  
         #                       China                          #  
         #                                                      #  
         #                  All rights reserved                 #  
         #                        -***-                         #  
         ########################################################  


With contributions from Zeyin YAN, Yunteng. Sam Liao, and Lung Wa Chung


Citations
    Z. Yan, Y. S. Liao, X. Li  and L. W. Chung,Chem. Sci., 2025, DOI: 10.1039/D4SC07226J.

    Distortion/Interaction-Activation Strain Model:
    Nagase, S. Morokuma, K. J. Am. Chem. Soc., 1978, 100, 1666-1672. DOI: 10.1021/ja00474a005
    Fernandez, I.; Bickelhaupt, F. M. Chem. Soc. Rev., 2014, 43, 4953-4967. DOI: 10.1039/C4CS00055B
    Bickelhaupt, F. M.; Houk, K. N. Angew. Chem., Int. Ed., 2017, 56, 10070-10086. DOI: 10.1002/anie.201701486
    Ess, D. H.; Houk, K. J. Am. Chem. Soc., 2007, 129, 10646-10647. DOI: 10.1021/ja0734086

    ONIOM Link-atom Treatment:
    Chung, L. W.; Sameera, W. M. C.; Ramozzi, R.; Page, A. J.; Hatanaka, M.; Petrova, G. P.; Harris, T. V.; 
    Li, X.; Ke, Z.; Liu, F.; Li, H.-B.; Ding, L. Morokuma, K. Chem. Rev. 2015, 115, 5678. DOI: 10.1021/cr5004419
    

log level: INFO

Job begins at: Wed Jul  3 14:22:54 2019

*************** Input Parameters:***************

Input reference file: 4F-reactant.gjf
Input Conformer file: TS-4F.gjf 

Using log (10) scale for visualization
Dihedral threshold set to 30
COVALENT_RADII scale set to 1.0 

Calculator: g16 

method: 1
M1 (fragmentation) was used!
4 fragments was given:
[[0, 1, 2], [3, 4, 5, 13, 14, 15], [10, 11, 12], [6, 7, 8, 9]]

All atomic charge are 0!
All atomic spin are 0!

Each sub-system computation will use 4 cpus
6 subsystem calculations in parallel

 16 atoms in input structure !

### Coordinates of reference structure ###
 C      -2.581978      -0.045798       0.065521
 C      -3.586639      -0.684453      -0.137110
 H      -4.474630      -1.247165      -0.314453
 C      -1.354410       0.714704       0.303001
 H      -1.242090       0.895439       1.381546
 H      -1.446643       1.706693      -0.162488
 N       2.361301       0.126334      -0.488845
 O       2.658583      -0.967636       0.413970
 H       2.639689      -1.734523      -0.179515
 H       3.162444       0.745811      -0.356766
 C       1.175805       0.813726       0.033333
 H       1.131503       1.778183      -0.492214
 H       1.271413       1.023758       1.111676
 C      -0.093708       0.006563      -0.233217
 H      -0.194808      -0.165380      -1.311007
 H       0.000930      -0.974522       0.244205

 1 structure in conformer input!

### Coordinates of conformer structure ###
 C      -0.283543       1.141635       0.087745
 C      -1.466294       1.463331      -0.195954
 H      -2.000348       2.337154      -0.530874
 C       1.203469       1.185098       0.127962
 H       1.550511       1.841116      -0.679778
 H       1.550479       1.641516       1.063623
 N      -0.438663      -0.825099       0.425095
 O      -1.703767      -1.085785      -0.001448
 H      -2.016233      -0.050577      -0.150948
 H      -0.335983      -1.086226       1.406036
 C       0.688725      -1.221405      -0.411071
 H       0.360508      -1.078281      -1.443502
 H       0.980061      -2.270763      -0.276290
 C       1.813571      -0.243215      -0.026059
 H       2.261587      -0.562029       0.922976
 H       2.614626      -0.262604      -0.771066

pymol has been created.
Dihedral between atoms (8, 7, 11, 14): varies by 131.1 degrees
Dihedral between atoms (4, 14, 11, 7): varies by 138.3 degrees
Dihedral between atoms (11, 14, 4, 1): varies by 170.8 degrees
Dihedral between atoms (2, 1, 4, 14): varies by 138.8 degrees
4 dihedral angles vary more than 30 degrees


*************** Fragmentation: ***************
### Fragments list: ###
0 1 2
3 4 5 13 14 15
10 11 12
6 7 8 9
Fragments list are saved in 4F_M1_fragments_info.dat

Structures of subsystems are saved as Ref_M1.xyz and Conf_M1.xyz!

*************** Energy Calculation:***************
Reference Structure:

tmpdir has been created.
4 Gaussian  gjfs have been created!
Gaussian computations begin at: Wed Jul  3 14:22:54 2019

Gaussian computations finish at: Wed Jul  3 14:23:00 2019

Conformer:

4 Gaussian  gjfs have been created!
Gaussian computations begin at: Wed Jul  3 14:23:00 2019

Gaussian computations finish at: Wed Jul  3 14:23:03 2019


*************** Resutls:***************
Strain energies are saved in 4F_M1_M1.xlsx 


  frag_id        fragatom  strain
0  frag_0           1,2,3   17.56
1  frag_1  4,5,6,14,15,16    2.53
2  frag_2        11,12,13    0.29
3  frag_3        7,8,9,10   14.60
Job ends at: Wed Jul  3 14:23:03 2019
Wed Jul  3 14:23:04 CST 2019
