This job is running on host node97
Current directory: /tmp/55435.mgr/run
Wed Jun  5 15:17:18 CST 2019
/tmp/55435.mgr
Job starts at: Wed Jun  5 15:18:09 2019
ref file: 4F-reactant.gjf
conf file: TS-4F.gjf
method: 2
internal coordinates
No extral bonds/angles added
No bonds/angles removed
All atomic charge are 0!
All atomic spin are 0!
number cpu set to 2
number pal set to 12
*************** 16 atoms in input structure !***************
*************** 1 structure in conformer input!***************
***************  Read include/exclude list  ***************
Bonds/angles data are saved in 4F_M2_bond_angle.dat
***************  Get internal coodinate values  ***************
***************  Charge and Spin  ***************
***************  Charge and Spin  finished!  ***************

***************  Get ref fragments structure  ***************
***************  Get conf fragments structure  ***************
***************  Get ref & conf fragments structure  finished!  ***************

Structures of subsystems are saved as Ref_M2.xyz and Conf_M2.xyz!
tmpdir has been created.
39 Gaussian  gjfs have been created!
Gaussian computations begin at: Wed Jun  5 15:18:09 2019

Gaussian computations finish at: Wed Jun  5 15:18:29 2019

39 Gaussian  gjfs have been created!
Gaussian computations begin at: Wed Jun  5 15:18:29 2019

Gaussian computations finish at: Wed Jun  5 15:18:43 2019

Resutls are saved in 4F_M2_M2.xlsx

pymol has been created.
Job ends at: Wed Jun  5 15:18:44 2019
Wed Jun  5 15:18:45 CST 2019
