This job is running on host node99
Current directory: /tmp/55434.mgr/run
Fri Sep 22 09:30:48 CST 2023
/tmp/55434.mgr
Job starts at: Fri Sep 22 09:31:39 2023
ref file: 4F-reactant.gjf
conf file: TS-4F.gjf
method: 1
fragmentation
6 fragments was given!
All atomic charge are 0!
All atomic spin are 0!
number cpu set to 4
number pal set to 6
*************** 16 atoms in input structure !***************
*************** 1 structure in conformer input!***************
***************  fragmentation list  OK ***************

***************  Charge and Spin  ***************
***************  Charge and Spin  finished!  ***************

***************  Get ref & conf fragments structure  ***************
***************  Get ref & conf fragments structure  finished!  ***************

Structures of subsystems are saved as Ref_M1.xyz and Conf_M1.xyz!
tmpdir has been created.
6 Gaussian  gjfs have been created!
Gaussian computations begin at: Fri Sep 22 09:31:39 2023

Gaussian computations finish at: Fri Sep 22 09:31:47 2023

***************conf ***************
6 Gaussian  gjfs have been created!
Gaussian computations begin at: Fri Sep 22 09:31:47 2023

Gaussian computations finish at: Fri Sep 22 09:31:49 2023

Resutls are saved in 4F_M1_M1.xlsx

pymol has been created.
Job ends at: Fri Sep 22 09:31:49 2023
Fri Sep 22 09:31:50 CST 2023
