This job is running on host node62
Current directory: /tmp/55630.mgr/run
Fri Sep 22 17:03:48 CST 2023
/tmp/55630.mgr
Job starts at: Fri Sep 22 17:03:55 2023
ref file: Bnts-OMe_react.gjf
conf file: Bnts-OMe_TS.gjf
method: 2
internal coordinates
No extral bonds/angles added
No bonds/angles removed
2 atomic charge are defined!
All atomic spin are 0!
number cpu set to 2
number pal set to 12
*************** 41 atoms in input structure !***************
*************** 1 structure in conformer input!***************
***************  Read include/exclude list  ***************
Bonds/angles data are saved in Bnts-OMe_M2_bond_angle.dat
***************  Get internal coodinate values  ***************
***************  Charge and Spin  ***************
***************  Charge and Spin  finished!  ***************

***************  Get ref fragments structure  ***************
Warning: please check the following frag, where =C-C= structure exist!
[72, 82, 87]
***************  Get conf fragments structure  ***************
***************  Get ref & conf fragments structure  finished!  ***************

Structures of subsystems are saved as Ref_M2.xyz and Conf_M2.xyz!
aiqm1 computations of begin at: Fri Sep 22 17:03:55 2023
aiqm1 computations of finish at: Fri Sep 22 17:04:54 2023

aiqm1 computations of begin at: Fri Sep 22 17:04:54 2023
aiqm1 computations of finish at: Fri Sep 22 17:05:53 2023

Resutls are saved in Bnts-OMe_M2_M2.xlsx

pymol has been created.
Job ends at: Fri Sep 22 17:05:54 2023
Fri Sep 22 17:05:54 CST 2023
