


 PROGRAM MNDO2019.
 VERSION 8.0 OF 15 AUGUST 2019.

 COPYRIGHT BY WALTER THIEL,
 MAX-PLANCK-INSTITUT FUER KOHLENFORSCHUNG,
 D-45470 MUELHEIM, GERMANY.


 ***** STANDARD INPUT USING KEYWORDS *****

 IOP    =  -22     JOP    =   -1     IGEOM  =    1     IFORM  =    1     NSAV15 =    3
 ICUTS  =   -1     ICUTG  =   -1     IMMDP  =   -1     ISCF   =    9     IPLSCF =    9
 IPRINT =   -1     KPRINT =   -5     LPRINT =   -2     MPRINT =    0     JPRINT =   -1
 KHARGE =    0     IMULT  =    0     KITSCF = 9999     NPRINT =   -1


 ***********************************************************************
 * INPUT OF OPTIONS VIA KEYWORDS
 * NUMBER OF MNDO97 KEYWORDS FOUND: 19
 * MOPAC KEYWORDS NOT FOUND: IMOPAC=-1
 ***********************************************************************



 *** OPTIONS FROM THE FIRST LINE OF INPUT    ***
 *** DEFINED EITHER EXPLICITLY OR BY DEFAULT ***

 LIMIT  =    0     IOP    =  -22     JOP    =   -1     IGEOM  =    1     IFORM  =    1
 NEXMOL =    1     MPLIB  =    0     IEF    =    0     IDIIS  =    0     INREFD =    0
 IPAROK =    0     MMINP  =    0     NMR    =    0     NSAV7  =    0     NSAV8  =    0
 NSAV9  =    0     NSAV13 =    0     NSAV15 =    3     NSAV16 =    0     IMMOK  =    0
 IHBOND =    0     IFLD1  =    0     IFLD2  =    0     IFLD3  =    0     ICUTS  =   -1
 ICUTG  =   -1     IEXBAS =    0     ICOSMO =    0     IPSANA =    0     IMMDP  =   -1
 INAC   =    0



 ODM2   

 STANDARD CALCULATION FOR INPUT GEOMETRY

 INPUT IN CARTESIAN COORDINATES

 INPUT OF MOLECULAR DATA IN FREE FORMAT



                                                                                     
                                                                                     



     EIGENVALUES (EV).


             1           2           3           4           5
    0   -28.10083   -24.95866   -24.94057   -20.35353   -20.21257
    5   -17.07898   -15.72102   -14.06385   -13.55883   -13.46531
   10   -13.22932   -10.99443   -10.82057    -9.41888    -9.37055
   15     2.18310     2.21719     3.75668     3.84849     4.61043
   20     4.75538     4.77979     4.82030     5.44397     8.09487
   25     8.23150     8.86169     8.90629    10.09712    11.04226



     TOTAL ENERGY            -19509.21107 KCAL/MOL
     SCF BINDING ENERGY         -58.99879 EV
     SCF TOTAL ENERGY          -845.98287 EV
     ELECTRONIC ENERGY        -3208.50225 EV
     NUCLEAR ENERGY            2362.51937 EV
     IONIZATION ENERGY            9.37055 EV
     SCF CYCLES                  25



     NET ATOMIC CHARGES AND ORBITAL POPULATIONS.

     ATOM    I        CHARGE      DENSITY        S          PX          PY          PZ

      C      1       -0.19371     4.19371     1.35406     0.95241     0.88595     1.00128
      C      2       -0.18697     4.18697     1.35214     0.85323     0.98150     1.00009
      C      3       -0.19355     4.19355     1.35824     0.94567     0.89181     0.99783
      C      4       -0.20581     4.20581     1.35867     0.95446     0.89237     1.00031
      C      5       -0.18701     4.18701     1.35251     0.85448     0.98141     0.99860
      C      6       -0.19488     4.19488     1.35427     0.94920     0.88972     1.00169
      H      7        0.19613     0.80387     0.80387
      H      8        0.19470     0.80530     0.80530
      H      9        0.19439     0.80561     0.80561
      H     10        0.19599     0.80401     0.80401
      H     11        0.18647     0.81353     0.81353
      H     12        0.19424     0.80576     0.80576



     DIPOLE              X           Y           Z         TOTAL

     POINT-CHARGE     0.07046     0.00652     0.01636     0.07262
     HYBRID          -0.05769     0.00348    -0.00098     0.05780
     SUM              0.01277     0.00999     0.01538     0.02235



     TIME FOR ENERGY EVALUATION       0.002 SECONDS



 COMPUTATION TIME                 0.004 SECONDS


