This job is running on host node70
Current directory: /tmp/55485.mgr/run
Fri Sep 22 11:11:49 CST 2023
/tmp/55485.mgr
Job starts at: Fri Sep 22 11:20:33 2023
ref file: PDB_1XBB_ref.gjf
conf file: QR_1XBB.xyz
method: 1
fragmentation
15 fragments was given!
All atomic charge are 0!
All atomic spin are 0!
number cpu set to 4
number pal set to 6
*************** 68 atoms in input structure !***************
*************** 3 structure in conformer input!***************
***************  fragmentation list  OK ***************

***************  Charge and Spin  ***************
***************  Charge and Spin  finished!  ***************

***************  Get ref & conf fragments structure  ***************
***************  Get ref & conf fragments structure  finished!  ***************

Structures of subsystems are saved as Ref_M1.xyz and Conf_M1.xyz!
aiqm1 computations of begin at: Fri Sep 22 11:20:33 2023
aiqm1 computations of finish at: Fri Sep 22 11:20:46 2023

***************conf 0***************
aiqm1 computations of begin at: Fri Sep 22 11:20:46 2023
aiqm1 computations of finish at: Fri Sep 22 11:20:54 2023

***************conf 1***************
aiqm1 computations of begin at: Fri Sep 22 11:20:54 2023
aiqm1 computations of finish at: Fri Sep 22 11:21:00 2023

***************conf 2***************
aiqm1 computations of begin at: Fri Sep 22 11:21:00 2023
aiqm1 computations of finish at: Fri Sep 22 11:21:08 2023

Resutls (3 sheets) are saved in 1XBB_M1_M1__all.xlsx

pymol has been created.
Job ends at: Fri Sep 22 11:21:40 2023
Fri Sep 22 11:21:40 CST 2023
