


 PROGRAM MNDO2019.
 VERSION 8.0 OF 15 AUGUST 2019.

 COPYRIGHT BY WALTER THIEL,
 MAX-PLANCK-INSTITUT FUER KOHLENFORSCHUNG,
 D-45470 MUELHEIM, GERMANY.


 ***** STANDARD INPUT USING KEYWORDS *****

 IOP    =  -22     JOP    =   -1     IGEOM  =    1     IFORM  =    1     NSAV15 =    3
 ICUTS  =   -1     ICUTG  =   -1     IMMDP  =   -1     ISCF   =    9     IPLSCF =    9
 IPRINT =   -1     KPRINT =   -5     LPRINT =   -2     MPRINT =    0     JPRINT =   -1
 KHARGE =    0     IMULT  =    0     KITSCF = 9999     NPRINT =   -1


 ***********************************************************************
 * INPUT OF OPTIONS VIA KEYWORDS
 * NUMBER OF MNDO97 KEYWORDS FOUND: 19
 * MOPAC KEYWORDS NOT FOUND: IMOPAC=-1
 ***********************************************************************



 *** OPTIONS FROM THE FIRST LINE OF INPUT    ***
 *** DEFINED EITHER EXPLICITLY OR BY DEFAULT ***

 LIMIT  =    0     IOP    =  -22     JOP    =   -1     IGEOM  =    1     IFORM  =    1
 NEXMOL =    1     MPLIB  =    0     IEF    =    0     IDIIS  =    0     INREFD =    0
 IPAROK =    0     MMINP  =    0     NMR    =    0     NSAV7  =    0     NSAV8  =    0
 NSAV9  =    0     NSAV13 =    0     NSAV15 =    3     NSAV16 =    0     IMMOK  =    0
 IHBOND =    0     IFLD1  =    0     IFLD2  =    0     IFLD3  =    0     ICUTS  =   -1
 ICUTG  =   -1     IEXBAS =    0     ICOSMO =    0     IPSANA =    0     IMMDP  =   -1
 INAC   =    0



 ODM2   

 STANDARD CALCULATION FOR INPUT GEOMETRY

 INPUT IN CARTESIAN COORDINATES

 INPUT OF MOLECULAR DATA IN FREE FORMAT



                                                                                     
                                                                                     



     EIGENVALUES (EV).


             1           2           3           4           5
    0   -31.97272   -26.90230   -25.46163   -21.20191   -21.14538
    5   -17.48314   -15.92187   -15.31609   -14.40665   -13.95044
   10   -13.51917   -11.67018   -10.64325    -9.90192    -9.82554
   15     1.59111     1.70480     3.46563     3.85754     4.28674
   20     4.41378     4.53378     5.02214     7.42538     7.64483
   25     8.56632     8.66179     9.74642    10.89527



     TOTAL ENERGY            -21130.26566 KCAL/MOL
     SCF BINDING ENERGY         -53.40107 EV
     SCF TOTAL ENERGY          -916.27708 EV
     ELECTRONIC ENERGY        -3309.46642 EV
     NUCLEAR ENERGY            2393.18934 EV
     IONIZATION ENERGY            9.82554 EV
     SCF CYCLES                  24



     NET ATOMIC CHARGES AND ORBITAL POPULATIONS.

     ATOM    I        CHARGE      DENSITY        S          PX          PY          PZ

      C      1       -0.25307     4.25307     1.36329     0.92298     1.00005     0.96675
      C      2       -0.16236     4.16236     1.35871     0.96375     0.93278     0.90711
      H      3        0.20740     0.79260     0.79260
      C      4       -0.24421     4.24421     1.36123     0.96920     0.91297     1.00081
      H      5        0.21262     0.78738     0.78738
      C      6       -0.09338     4.09338     1.33501     0.86223     0.97969     0.91646
      H      7        0.21974     0.78026     0.78026
      N      8       -0.23269     5.23269     1.70221     1.29461     1.18807     1.04779
      C      9       -0.09189     4.09189     1.33465     0.92983     0.85487     0.97253
      H     10        0.21578     0.78422     0.78422
      H     11        0.22206     0.77794     0.77794



     DIPOLE              X           Y           Z         TOTAL

     POINT-CHARGE    -1.52992    -0.90557    -0.18910     1.78786
     HYBRID          -0.49035    -0.44713    -0.17901     0.68732
     SUM             -2.02027    -1.35269    -0.36811     2.45902



     TIME FOR ENERGY EVALUATION       0.002 SECONDS



 COMPUTATION TIME                 0.004 SECONDS


