This job is running on host node61
Current directory: /tmp/55573.mgr/run
Fri Sep 22 16:33:44 CST 2023
/tmp/55573.mgr
Job starts at: Fri Sep 22 16:34:06 2023
ref file: PDB_4HZZ_ref.gjf
conf file: QR_4HZZ.xyz
method: 1
fragmentation
16 fragments was given!
2 atomic charge are defined!
All atomic spin are 0!
number cpu set to 4
number pal set to 6
*************** 44 atoms in input structure !***************
*************** 3 structure in conformer input!***************
***************  fragmentation list  OK ***************

***************  Charge and Spin  ***************
***************  Charge and Spin  finished!  ***************

***************  Get ref & conf fragments structure  ***************
***************  Get ref & conf fragments structure  finished!  ***************

Structures of subsystems are saved as Ref_M1.xyz and Conf_M1.xyz!
aiqm1 computations of begin at: Fri Sep 22 16:34:06 2023
aiqm1 computations of finish at: Fri Sep 22 16:34:16 2023

***************conf 0***************
aiqm1 computations of begin at: Fri Sep 22 16:34:16 2023
aiqm1 computations of finish at: Fri Sep 22 16:34:24 2023

***************conf 1***************
aiqm1 computations of begin at: Fri Sep 22 16:34:24 2023
aiqm1 computations of finish at: Fri Sep 22 16:34:33 2023

***************conf 2***************
aiqm1 computations of begin at: Fri Sep 22 16:34:33 2023
aiqm1 computations of finish at: Fri Sep 22 16:34:41 2023

Resutls (3 sheets) are saved in 4HZZ_M1_M1__all.xlsx

pymol has been created.
Job ends at: Fri Sep 22 16:34:42 2023
Fri Sep 22 16:34:42 CST 2023
