This job is running on host node60
Current directory: /tmp/55574.mgr/run
Fri Sep 22 16:35:03 CST 2023
/tmp/55574.mgr
Job starts at: Fri Sep 22 16:35:25 2023
ref file: PDB_4HZZ_ref.gjf
conf file: QR_4HZZ.xyz
method: 2
internal coordinates
No extral bonds/angles added
No bonds/angles removed
2 atomic charge are defined!
All atomic spin are 0!
number cpu set to 2
number pal set to 12
*************** 44 atoms in input structure !***************
*************** 3 structure in conformer input!***************
***************  Read include/exclude list  ***************
Bonds/angles data are saved in 4HZZ_M2_bond_angle.dat
***************  Get internal coodinate values  ***************
***************  Charge and Spin  ***************
***************  Charge and Spin  finished!  ***************

***************  Get ref fragments structure  ***************
Warning: please check the following frag, where =C-C= structure exist!
[2]
***************  Get conf fragments structure  ***************
***************  Get ref & conf fragments structure  finished!  ***************

Structures of subsystems are saved as Ref_M2.xyz and Conf_M2.xyz!
aiqm1 computations of begin at: Fri Sep 22 16:35:25 2023
aiqm1 computations of finish at: Fri Sep 22 16:36:35 2023

***************conf 0***************
aiqm1 computations of begin at: Fri Sep 22 16:36:35 2023
aiqm1 computations of finish at: Fri Sep 22 16:37:43 2023

***************conf 1***************
aiqm1 computations of begin at: Fri Sep 22 16:37:43 2023
aiqm1 computations of finish at: Fri Sep 22 16:38:52 2023

***************conf 2***************
aiqm1 computations of begin at: Fri Sep 22 16:38:52 2023
aiqm1 computations of finish at: Fri Sep 22 16:40:01 2023

Resutls (3 sheets) are saved in 4HZZ_M2_M2_all.xlsx

pymol has been created.
Job ends at: Fri Sep 22 16:40:01 2023
Fri Sep 22 16:40:02 CST 2023
