


 PROGRAM MNDO2019.
 VERSION 8.0 OF 15 AUGUST 2019.

 COPYRIGHT BY WALTER THIEL,
 MAX-PLANCK-INSTITUT FUER KOHLENFORSCHUNG,
 D-45470 MUELHEIM, GERMANY.


 ***** STANDARD INPUT USING KEYWORDS *****

 IOP    =  -22     JOP    =   -1     IGEOM  =    1     IFORM  =    1     NSAV15 =    3
 ICUTS  =   -1     ICUTG  =   -1     IMMDP  =   -1     ISCF   =    9     IPLSCF =    9
 IPRINT =   -1     KPRINT =   -5     LPRINT =   -2     MPRINT =    0     JPRINT =   -1
 KHARGE =    0     IMULT  =    0     KITSCF = 9999     NPRINT =   -1


 ***********************************************************************
 * INPUT OF OPTIONS VIA KEYWORDS
 * NUMBER OF MNDO97 KEYWORDS FOUND: 19
 * MOPAC KEYWORDS NOT FOUND: IMOPAC=-1
 ***********************************************************************



 *** OPTIONS FROM THE FIRST LINE OF INPUT    ***
 *** DEFINED EITHER EXPLICITLY OR BY DEFAULT ***

 LIMIT  =    0     IOP    =  -22     JOP    =   -1     IGEOM  =    1     IFORM  =    1
 NEXMOL =    1     MPLIB  =    0     IEF    =    0     IDIIS  =    0     INREFD =    0
 IPAROK =    0     MMINP  =    0     NMR    =    0     NSAV7  =    0     NSAV8  =    0
 NSAV9  =    0     NSAV13 =    0     NSAV15 =    3     NSAV16 =    0     IMMOK  =    0
 IHBOND =    0     IFLD1  =    0     IFLD2  =    0     IFLD3  =    0     ICUTS  =   -1
 ICUTG  =   -1     IEXBAS =    0     ICOSMO =    0     IPSANA =    0     IMMDP  =   -1
 INAC   =    0



 ODM2   

 STANDARD CALCULATION FOR INPUT GEOMETRY

 INPUT IN CARTESIAN COORDINATES

 INPUT OF MOLECULAR DATA IN FREE FORMAT



                                                                                     
                                                                                     



     EIGENVALUES (EV).


             1           2           3           4           5
    0   -23.31280   -13.69491   -13.55514   -13.54295     4.09066
    5     5.70321     5.71148     5.78434



     TOTAL ENERGY             -4310.09545 KCAL/MOL
     SCF BINDING ENERGY         -18.26763 EV
     SCF TOTAL ENERGY          -186.89976 EV
     ELECTRONIC ENERGY         -380.22772 EV
     NUCLEAR ENERGY             193.32796 EV
     IONIZATION ENERGY           13.54295 EV
     SCF CYCLES                  18



     NET ATOMIC CHARGES AND ORBITAL POPULATIONS.

     ATOM    I        CHARGE      DENSITY        S          PX          PY          PZ

      H      1        0.17956     0.82044     0.82044
      C      2       -0.72017     4.72017     1.44455     1.09240     1.09095     1.09227
      H      3        0.17928     0.82072     0.82072
      H      4        0.18313     0.81687     0.81687
      H      5        0.17820     0.82180     0.82180



     DIPOLE              X           Y           Z         TOTAL

     POINT-CHARGE    -0.01022    -0.03931     0.02063     0.04556
     HYBRID          -0.00161    -0.00764     0.00314     0.00842
     SUM             -0.01183    -0.04696     0.02377     0.05395



     TIME FOR ENERGY EVALUATION       0.000 SECONDS



 COMPUTATION TIME                 0.003 SECONDS


