This job is running on host node103
Current directory: /tmp/100092.mgr/run
Thu Oct 24 16:48:37 CST 2024
/tmp/100092.mgr
Job starts at: Thu Oct 24 16:48:51 2024
ref file: PDB_1XBB_ref.gjf
conf file: QR_1XBB.xyz
Using log (10) scale for visualization
Dihedral threshold set to 30
COVALENT_RADII scale set to 1.0
method: 3
internal coordinates & fragmentation
4 fragments was given!
No coordination list
0 coordination was given
1 bonds/angles added
No bonds/angles removed
All atomic charge are 0!
All atomic spin are 0!
number cpu set to 4
number pal set to 6
*************** 68 atoms in input structure !***************
*************** 2 structure in conformer input!***************
***************  fragmentation list  OK ***************

***************  fragmentation list  OK ***************

Dihedral between atoms (22, 19, 18, 1): varies by 71.14244246822392 degrees in conformer 0
Dihedral between atoms (22, 19, 18, 1): varies by 60.712911659795395 degrees in conformer 1
***************  bond & angle part  ***************
***************  Read include/exclude list  ***************
***************  update bond & angle list based on fraglist  ***************
Bonds/angles data are saved in 1XBB_M3_bond_angle.dat
***************  Get internal coodinate values ***************
***************  Charge and Spin  ***************
***************  Charge and Spin  finished!  ***************

***************  Get ref fragments structure  ***************
***************  Get conf fragments structure  ***************
***************  Get ref & conf fragments structure  finished!  ***************

***************  fragmentation part ***************
***************  Charge and Spin  ***************
***************  Charge and Spin  finished!  ***************

***************  Get ref & conf fragments structure  ***************
***************  Get ref & conf fragments structure  finished!  ***************

Structures of subsystems are saved as Ref_M3.xyz and Conf_M3.xyz!
92 Gaussian  gjfs have been created!
Gaussian computations begin at: Thu Oct 24 16:48:51 2024

tmpdir/M3_ref_20.log exsits, skipt the computation!
Gauusian job(tmpdir/M3_ref_20.gjf) ends at: Thu Oct 24 16:48:51 2024
tmpdir/M3_ref_21.log exsits, skipt the computation!
Gauusian job(tmpdir/M3_ref_21.gjf) ends at: Thu Oct 24 16:48:51 2024
tmpdir/M3_ref_22.log exsits, skipt the computation!
Gauusian job(tmpdir/M3_ref_22.gjf) ends at: Thu Oct 24 16:48:51 2024
tmpdir/M3_ref_23.log exsits, skipt the computation!
Gauusian job(tmpdir/M3_ref_23.gjf) ends at: Thu Oct 24 16:48:51 2024
tmpdir/M3_ref_44.log exsits, skipt the computation!
Gauusian job(tmpdir/M3_ref_44.gjf) ends at: Thu Oct 24 16:48:51 2024
tmpdir/M3_ref_45.log exsits, skipt the computation!
Gauusian job(tmpdir/M3_ref_45.gjf) ends at: Thu Oct 24 16:48:51 2024
tmpdir/M3_ref_46.log exsits, skipt the computation!
Gauusian job(tmpdir/M3_ref_46.gjf) ends at: Thu Oct 24 16:48:51 2024
tmpdir/M3_ref_47.log exsits, skipt the computation!
Gauusian job(tmpdir/M3_ref_47.gjf) ends at: Thu Oct 24 16:48:51 2024
tmpdir/M3_ref_64.log exsits, skipt the computation!
Gauusian job(tmpdir/M3_ref_64.gjf) ends at: Thu Oct 24 16:48:51 2024
tmpdir/M3_ref_65.log exsits, skipt the computation!
Gauusian job(tmpdir/M3_ref_65.gjf) ends at: Thu Oct 24 16:48:51 2024
tmpdir/M3_ref_66.log exsits, skipt the computation!
Gauusian job(tmpdir/M3_ref_66.gjf) ends at: Thu Oct 24 16:48:51 2024
tmpdir/M3_ref_67.log exsits, skipt the computation!
Gauusian job(tmpdir/M3_ref_67.gjf) ends at: Thu Oct 24 16:48:51 2024
tmpdir/M3_ref_12.log exsits, skipt the computation!
Gauusian job(tmpdir/M3_ref_12.gjf) ends at: Thu Oct 24 16:48:51 2024
tmpdir/M3_ref_13.log exsits, skipt the computation!
Gauusian job(tmpdir/M3_ref_13.gjf) ends at: Thu Oct 24 16:48:51 2024
tmpdir/M3_ref_14.log exsits, skipt the computation!
Gauusian job(tmpdir/M3_ref_14.gjf) ends at: Thu Oct 24 16:48:51 2024
tmpdir/M3_ref_15.log exsits, skipt the computation!
Gauusian job(tmpdir/M3_ref_15.gjf) ends at: Thu Oct 24 16:48:51 2024
tmpdir/M3_ref_32.log exsits, skipt the computation!
Gauusian job(tmpdir/M3_ref_32.gjf) ends at: Thu Oct 24 16:48:51 2024
tmpdir/M3_ref_33.log exsits, skipt the computation!
Gauusian job(tmpdir/M3_ref_33.gjf) ends at: Thu Oct 24 16:48:51 2024
tmpdir/M3_ref_34.log exsits, skipt the computation!
Gauusian job(tmpdir/M3_ref_34.gjf) ends at: Thu Oct 24 16:48:51 2024
tmpdir/M3_ref_35.log exsits, skipt the computation!
Gauusian job(tmpdir/M3_ref_35.gjf) ends at: Thu Oct 24 16:48:51 2024
tmpdir/M3_ref_56.log exsits, skipt the computation!
Gauusian job(tmpdir/M3_ref_56.gjf) ends at: Thu Oct 24 16:48:51 2024
tmpdir/M3_ref_57.log exsits, skipt the computation!
Gauusian job(tmpdir/M3_ref_57.gjf) ends at: Thu Oct 24 16:48:51 2024
tmpdir/M3_ref_58.log exsits, skipt the computation!
Gauusian job(tmpdir/M3_ref_58.gjf) ends at: Thu Oct 24 16:48:51 2024
tmpdir/M3_ref_59.log exsits, skipt the computation!
Gauusian job(tmpdir/M3_ref_59.gjf) ends at: Thu Oct 24 16:48:51 2024
tmpdir/M3_ref_76.log exsits, skipt the computation!
Gauusian job(tmpdir/M3_ref_76.gjf) ends at: Thu Oct 24 16:48:51 2024
tmpdir/M3_ref_77.log exsits, skipt the computation!
Gauusian job(tmpdir/M3_ref_77.gjf) ends at: Thu Oct 24 16:48:51 2024
tmpdir/M3_ref_78.log exsits, skipt the computation!
Gauusian job(tmpdir/M3_ref_78.gjf) ends at: Thu Oct 24 16:48:51 2024
tmpdir/M3_ref_79.log exsits, skipt the computation!
Gauusian job(tmpdir/M3_ref_79.gjf) ends at: Thu Oct 24 16:48:51 2024
tmpdir/M3_ref_8.log exsits, skipt the computation!
Gauusian job(tmpdir/M3_ref_8.gjf) ends at: Thu Oct 24 16:48:51 2024
tmpdir/M3_ref_9.log exsits, skipt the computation!
Gauusian job(tmpdir/M3_ref_9.gjf) ends at: Thu Oct 24 16:48:51 2024
tmpdir/M3_ref_10.log exsits, skipt the computation!
Gauusian job(tmpdir/M3_ref_10.gjf) ends at: Thu Oct 24 16:48:51 2024
tmpdir/M3_ref_11.log exsits, skipt the computation!
Gauusian job(tmpdir/M3_ref_11.gjf) ends at: Thu Oct 24 16:48:51 2024
tmpdir/M3_ref_28.log exsits, skipt the computation!
Gauusian job(tmpdir/M3_ref_28.gjf) ends at: Thu Oct 24 16:48:51 2024
tmpdir/M3_ref_29.log exsits, skipt the computation!
Gauusian job(tmpdir/M3_ref_29.gjf) ends at: Thu Oct 24 16:48:51 2024
tmpdir/M3_ref_30.log exsits, skipt the computation!
Gauusian job(tmpdir/M3_ref_30.gjf) ends at: Thu Oct 24 16:48:51 2024
tmpdir/M3_ref_31.log exsits, skipt the computation!
Gauusian job(tmpdir/M3_ref_31.gjf) ends at: Thu Oct 24 16:48:51 2024
tmpdir/M3_ref_52.log exsits, skipt the computation!
Gauusian job(tmpdir/M3_ref_52.gjf) ends at: Thu Oct 24 16:48:51 2024
tmpdir/M3_ref_53.log exsits, skipt the computation!
Gauusian job(tmpdir/M3_ref_53.gjf) ends at: Thu Oct 24 16:48:51 2024
tmpdir/M3_ref_54.log exsits, skipt the computation!
Gauusian job(tmpdir/M3_ref_54.gjf) ends at: Thu Oct 24 16:48:51 2024
tmpdir/M3_ref_55.log exsits, skipt the computation!
Gauusian job(tmpdir/M3_ref_55.gjf) ends at: Thu Oct 24 16:48:51 2024
tmpdir/M3_ref_72.log exsits, skipt the computation!
Gauusian job(tmpdir/M3_ref_72.gjf) ends at: Thu Oct 24 16:48:51 2024
tmpdir/M3_ref_73.log exsits, skipt the computation!
Gauusian job(tmpdir/M3_ref_73.gjf) ends at: Thu Oct 24 16:48:51 2024
tmpdir/M3_ref_74.log exsits, skipt the computation!
Gauusian job(tmpdir/M3_ref_74.gjf) ends at: Thu Oct 24 16:48:51 2024
tmpdir/M3_ref_75.log exsits, skipt the computation!
Gauusian job(tmpdir/M3_ref_75.gjf) ends at: Thu Oct 24 16:48:51 2024
tmpdir/M3_ref_16.log exsits, skipt the computation!
Gauusian job(tmpdir/M3_ref_16.gjf) ends at: Thu Oct 24 16:48:51 2024
tmpdir/M3_ref_17.log exsits, skipt the computation!
Gauusian job(tmpdir/M3_ref_17.gjf) ends at: Thu Oct 24 16:48:51 2024
tmpdir/M3_ref_18.log exsits, skipt the computation!
Gauusian job(tmpdir/M3_ref_18.gjf) ends at: Thu Oct 24 16:48:51 2024
tmpdir/M3_ref_19.log exsits, skipt the computation!
Gauusian job(tmpdir/M3_ref_19.gjf) ends at: Thu Oct 24 16:48:51 2024
tmpdir/M3_ref_36.log exsits, skipt the computation!
Gauusian job(tmpdir/M3_ref_36.gjf) ends at: Thu Oct 24 16:48:51 2024
tmpdir/M3_ref_37.log exsits, skipt the computation!
Gauusian job(tmpdir/M3_ref_37.gjf) ends at: Thu Oct 24 16:48:51 2024
tmpdir/M3_ref_38.log exsits, skipt the computation!
Gauusian job(tmpdir/M3_ref_38.gjf) ends at: Thu Oct 24 16:48:51 2024
tmpdir/M3_ref_39.log exsits, skipt the computation!
Gauusian job(tmpdir/M3_ref_39.gjf) ends at: Thu Oct 24 16:48:51 2024
tmpdir/M3_ref_60.log exsits, skipt the computation!
Gauusian job(tmpdir/M3_ref_60.gjf) ends at: Thu Oct 24 16:48:51 2024
tmpdir/M3_ref_61.log exsits, skipt the computation!
Gauusian job(tmpdir/M3_ref_61.gjf) ends at: Thu Oct 24 16:48:51 2024
tmpdir/M3_ref_62.log exsits, skipt the computation!
Gauusian job(tmpdir/M3_ref_62.gjf) ends at: Thu Oct 24 16:48:51 2024
tmpdir/M3_ref_63.log exsits, skipt the computation!
Gauusian job(tmpdir/M3_ref_63.gjf) ends at: Thu Oct 24 16:48:51 2024
tmpdir/M3_ref_84.log exsits, skipt the computation!
Gauusian job(tmpdir/M3_ref_84.gjf) ends at: Thu Oct 24 16:48:51 2024
tmpdir/M3_ref_85.log exsits, skipt the computation!
Gauusian job(tmpdir/M3_ref_85.gjf) ends at: Thu Oct 24 16:48:51 2024
tmpdir/M3_ref_86.log exsits, skipt the computation!
Gauusian job(tmpdir/M3_ref_86.gjf) ends at: Thu Oct 24 16:48:51 2024
tmpdir/M3_ref_87.log exsits, skipt the computation!
Gauusian job(tmpdir/M3_ref_87.gjf) ends at: Thu Oct 24 16:48:51 2024
tmpdir/M3_ref_4.log exsits, skipt the computation!
Gauusian job(tmpdir/M3_ref_4.gjf) ends at: Thu Oct 24 16:48:51 2024
tmpdir/M3_ref_5.log exsits, skipt the computation!
Gauusian job(tmpdir/M3_ref_5.gjf) ends at: Thu Oct 24 16:48:51 2024
tmpdir/M3_ref_6.log exsits, skipt the computation!
Gauusian job(tmpdir/M3_ref_6.gjf) ends at: Thu Oct 24 16:48:51 2024
tmpdir/M3_ref_7.log exsits, skipt the computation!
Gauusian job(tmpdir/M3_ref_7.gjf) ends at: Thu Oct 24 16:48:51 2024
tmpdir/M3_ref_24.log exsits, skipt the computation!
Gauusian job(tmpdir/M3_ref_24.gjf) ends at: Thu Oct 24 16:48:51 2024
tmpdir/M3_ref_25.log exsits, skipt the computation!
Gauusian job(tmpdir/M3_ref_25.gjf) ends at: Thu Oct 24 16:48:51 2024
tmpdir/M3_ref_26.log exsits, skipt the computation!
Gauusian job(tmpdir/M3_ref_26.gjf) ends at: Thu Oct 24 16:48:51 2024
tmpdir/M3_ref_27.log exsits, skipt the computation!
Gauusian job(tmpdir/M3_ref_27.gjf) ends at: Thu Oct 24 16:48:51 2024
tmpdir/M3_ref_48.log exsits, skipt the computation!
Gauusian job(tmpdir/M3_ref_48.gjf) ends at: Thu Oct 24 16:48:51 2024
tmpdir/M3_ref_49.log exsits, skipt the computation!
Gauusian job(tmpdir/M3_ref_49.gjf) ends at: Thu Oct 24 16:48:51 2024
tmpdir/M3_ref_50.log exsits, skipt the computation!
Gauusian job(tmpdir/M3_ref_50.gjf) ends at: Thu Oct 24 16:48:51 2024
tmpdir/M3_ref_51.log exsits, skipt the computation!
Gauusian job(tmpdir/M3_ref_51.gjf) ends at: Thu Oct 24 16:48:51 2024
tmpdir/M3_ref_68.log exsits, skipt the computation!
Gauusian job(tmpdir/M3_ref_68.gjf) ends at: Thu Oct 24 16:48:51 2024
tmpdir/M3_ref_69.log exsits, skipt the computation!
Gauusian job(tmpdir/M3_ref_69.gjf) ends at: Thu Oct 24 16:48:51 2024
tmpdir/M3_ref_70.log exsits, skipt the computation!
Gauusian job(tmpdir/M3_ref_70.gjf) ends at: Thu Oct 24 16:48:51 2024
tmpdir/M3_ref_71.log exsits, skipt the computation!
Gauusian job(tmpdir/M3_ref_71.gjf) ends at: Thu Oct 24 16:48:51 2024
tmpdir/M3_ref_88.log exsits, skipt the computation!
Gauusian job(tmpdir/M3_ref_88.gjf) ends at: Thu Oct 24 16:48:51 2024
tmpdir/M3_ref_89.log exsits, skipt the computation!
Gauusian job(tmpdir/M3_ref_89.gjf) ends at: Thu Oct 24 16:48:51 2024
tmpdir/M3_ref_90.log exsits, skipt the computation!
Gauusian job(tmpdir/M3_ref_90.gjf) ends at: Thu Oct 24 16:48:51 2024
tmpdir/M3_ref_91.log exsits, skipt the computation!
Gauusian job(tmpdir/M3_ref_91.gjf) ends at: Thu Oct 24 16:48:51 2024
tmpdir/M3_ref_0.log exsits, skipt the computation!
Gauusian job(tmpdir/M3_ref_0.gjf) ends at: Thu Oct 24 16:48:51 2024
tmpdir/M3_ref_1.log exsits, skipt the computation!
Gauusian job(tmpdir/M3_ref_1.gjf) ends at: Thu Oct 24 16:48:51 2024
tmpdir/M3_ref_2.log exsits, skipt the computation!
Gauusian job(tmpdir/M3_ref_2.gjf) ends at: Thu Oct 24 16:48:51 2024
tmpdir/M3_ref_3.log exsits, skipt the computation!
Gauusian job(tmpdir/M3_ref_3.gjf) ends at: Thu Oct 24 16:48:51 2024
tmpdir/M3_ref_40.log exsits, skipt the computation!
Gauusian job(tmpdir/M3_ref_40.gjf) ends at: Thu Oct 24 16:48:51 2024
tmpdir/M3_ref_41.log exsits, skipt the computation!
Gauusian job(tmpdir/M3_ref_41.gjf) ends at: Thu Oct 24 16:48:51 2024
tmpdir/M3_ref_42.log exsits, skipt the computation!
Gauusian job(tmpdir/M3_ref_42.gjf) ends at: Thu Oct 24 16:48:51 2024
tmpdir/M3_ref_43.log exsits, skipt the computation!
Gauusian job(tmpdir/M3_ref_43.gjf) ends at: Thu Oct 24 16:48:51 2024
tmpdir/M3_ref_80.log exsits, skipt the computation!
Gauusian job(tmpdir/M3_ref_80.gjf) ends at: Thu Oct 24 16:48:51 2024
tmpdir/M3_ref_81.log exsits, skipt the computation!
Gauusian job(tmpdir/M3_ref_81.gjf) ends at: Thu Oct 24 16:48:51 2024
tmpdir/M3_ref_82.log exsits, skipt the computation!
Gauusian job(tmpdir/M3_ref_82.gjf) ends at: Thu Oct 24 16:48:51 2024
tmpdir/M3_ref_83.log exsits, skipt the computation!
Gauusian job(tmpdir/M3_ref_83.gjf) ends at: Thu Oct 24 16:48:51 2024
Gaussian computations finish at: Thu Oct 24 16:48:51 2024

4 Gaussian  gjfs have been created!
Gaussian computations begin at: Thu Oct 24 16:48:51 2024

tmpdir/M3_frag_ref_0.log exsits, skipt the computation!
Gauusian job(tmpdir/M3_frag_ref_0.gjf) ends at: Thu Oct 24 16:48:51 2024
tmpdir/M3_frag_ref_1.log exsits, skipt the computation!
Gauusian job(tmpdir/M3_frag_ref_1.gjf) ends at: Thu Oct 24 16:48:51 2024
tmpdir/M3_frag_ref_2.log exsits, skipt the computation!
Gauusian job(tmpdir/M3_frag_ref_2.gjf) ends at: Thu Oct 24 16:48:51 2024
tmpdir/M3_frag_ref_3.log exsits, skipt the computation!
Gauusian job(tmpdir/M3_frag_ref_3.gjf) ends at: Thu Oct 24 16:48:51 2024
Gaussian computations finish at: Thu Oct 24 16:48:51 2024

***************conf 0***************
92 Gaussian  gjfs have been created!
Gaussian computations begin at: Thu Oct 24 16:48:51 2024

tmpdir/M3_conf_0_12.log exsits, skipt the computation!
Gauusian job(tmpdir/M3_conf_0_12.gjf) ends at: Thu Oct 24 16:48:51 2024
tmpdir/M3_conf_0_13.log exsits, skipt the computation!
Gauusian job(tmpdir/M3_conf_0_13.gjf) ends at: Thu Oct 24 16:48:51 2024
tmpdir/M3_conf_0_14.log exsits, skipt the computation!
Gauusian job(tmpdir/M3_conf_0_14.gjf) ends at: Thu Oct 24 16:48:51 2024
tmpdir/M3_conf_0_15.log exsits, skipt the computation!
Gauusian job(tmpdir/M3_conf_0_15.gjf) ends at: Thu Oct 24 16:48:51 2024
tmpdir/M3_conf_0_40.log exsits, skipt the computation!
Gauusian job(tmpdir/M3_conf_0_40.gjf) ends at: Thu Oct 24 16:48:51 2024
tmpdir/M3_conf_0_41.log exsits, skipt the computation!
Gauusian job(tmpdir/M3_conf_0_41.gjf) ends at: Thu Oct 24 16:48:51 2024
tmpdir/M3_conf_0_42.log exsits, skipt the computation!
Gauusian job(tmpdir/M3_conf_0_42.gjf) ends at: Thu Oct 24 16:48:51 2024
tmpdir/M3_conf_0_43.log exsits, skipt the computation!
Gauusian job(tmpdir/M3_conf_0_43.gjf) ends at: Thu Oct 24 16:48:51 2024
tmpdir/M3_conf_0_64.log exsits, skipt the computation!
Gauusian job(tmpdir/M3_conf_0_64.gjf) ends at: Thu Oct 24 16:48:51 2024
tmpdir/M3_conf_0_65.log exsits, skipt the computation!
Gauusian job(tmpdir/M3_conf_0_65.gjf) ends at: Thu Oct 24 16:48:51 2024
tmpdir/M3_conf_0_66.log exsits, skipt the computation!
Gauusian job(tmpdir/M3_conf_0_66.gjf) ends at: Thu Oct 24 16:48:51 2024
tmpdir/M3_conf_0_67.log exsits, skipt the computation!
Gauusian job(tmpdir/M3_conf_0_67.gjf) ends at: Thu Oct 24 16:48:51 2024
tmpdir/M3_conf_0_0.log exsits, skipt the computation!
Gauusian job(tmpdir/M3_conf_0_0.gjf) ends at: Thu Oct 24 16:48:51 2024
tmpdir/M3_conf_0_1.log exsits, skipt the computation!
Gauusian job(tmpdir/M3_conf_0_1.gjf) ends at: Thu Oct 24 16:48:51 2024
tmpdir/M3_conf_0_2.log exsits, skipt the computation!
Gauusian job(tmpdir/M3_conf_0_2.gjf) ends at: Thu Oct 24 16:48:51 2024
tmpdir/M3_conf_0_3.log exsits, skipt the computation!
Gauusian job(tmpdir/M3_conf_0_3.gjf) ends at: Thu Oct 24 16:48:51 2024
tmpdir/M3_conf_0_24.log exsits, skipt the computation!
Gauusian job(tmpdir/M3_conf_0_24.gjf) ends at: Thu Oct 24 16:48:51 2024
tmpdir/M3_conf_0_25.log exsits, skipt the computation!
Gauusian job(tmpdir/M3_conf_0_25.gjf) ends at: Thu Oct 24 16:48:51 2024
tmpdir/M3_conf_0_26.log exsits, skipt the computation!
Gauusian job(tmpdir/M3_conf_0_26.gjf) ends at: Thu Oct 24 16:48:51 2024
tmpdir/M3_conf_0_27.log exsits, skipt the computation!
Gauusian job(tmpdir/M3_conf_0_27.gjf) ends at: Thu Oct 24 16:48:51 2024
tmpdir/M3_conf_0_36.log exsits, skipt the computation!
Gauusian job(tmpdir/M3_conf_0_36.gjf) ends at: Thu Oct 24 16:48:51 2024
tmpdir/M3_conf_0_37.log exsits, skipt the computation!
Gauusian job(tmpdir/M3_conf_0_37.gjf) ends at: Thu Oct 24 16:48:51 2024
tmpdir/M3_conf_0_38.log exsits, skipt the computation!
Gauusian job(tmpdir/M3_conf_0_38.gjf) ends at: Thu Oct 24 16:48:51 2024
tmpdir/M3_conf_0_39.log exsits, skipt the computation!
Gauusian job(tmpdir/M3_conf_0_39.gjf) ends at: Thu Oct 24 16:48:51 2024
tmpdir/M3_conf_0_52.log exsits, skipt the computation!
Gauusian job(tmpdir/M3_conf_0_52.gjf) ends at: Thu Oct 24 16:48:51 2024
tmpdir/M3_conf_0_53.log exsits, skipt the computation!
Gauusian job(tmpdir/M3_conf_0_53.gjf) ends at: Thu Oct 24 16:48:51 2024
tmpdir/M3_conf_0_54.log exsits, skipt the computation!
Gauusian job(tmpdir/M3_conf_0_54.gjf) ends at: Thu Oct 24 16:48:51 2024
tmpdir/M3_conf_0_55.log exsits, skipt the computation!
Gauusian job(tmpdir/M3_conf_0_55.gjf) ends at: Thu Oct 24 16:48:51 2024
tmpdir/M3_conf_0_76.log exsits, skipt the computation!
Gauusian job(tmpdir/M3_conf_0_76.gjf) ends at: Thu Oct 24 16:48:51 2024
tmpdir/M3_conf_0_77.log exsits, skipt the computation!
Gauusian job(tmpdir/M3_conf_0_77.gjf) ends at: Thu Oct 24 16:48:51 2024
tmpdir/M3_conf_0_78.log exsits, skipt the computation!
Gauusian job(tmpdir/M3_conf_0_78.gjf) ends at: Thu Oct 24 16:48:51 2024
tmpdir/M3_conf_0_79.log exsits, skipt the computation!
Gauusian job(tmpdir/M3_conf_0_79.gjf) ends at: Thu Oct 24 16:48:51 2024
tmpdir/M3_conf_0_16.log exsits, skipt the computation!
Gauusian job(tmpdir/M3_conf_0_16.gjf) ends at: Thu Oct 24 16:48:51 2024
tmpdir/M3_conf_0_17.log exsits, skipt the computation!
Gauusian job(tmpdir/M3_conf_0_17.gjf) ends at: Thu Oct 24 16:48:51 2024
tmpdir/M3_conf_0_18.log exsits, skipt the computation!
Gauusian job(tmpdir/M3_conf_0_18.gjf) ends at: Thu Oct 24 16:48:51 2024
tmpdir/M3_conf_0_19.log exsits, skipt the computation!
Gauusian job(tmpdir/M3_conf_0_19.gjf) ends at: Thu Oct 24 16:48:51 2024
tmpdir/M3_conf_0_48.log exsits, skipt the computation!
Gauusian job(tmpdir/M3_conf_0_48.gjf) ends at: Thu Oct 24 16:48:51 2024
tmpdir/M3_conf_0_49.log exsits, skipt the computation!
Gauusian job(tmpdir/M3_conf_0_49.gjf) ends at: Thu Oct 24 16:48:51 2024
tmpdir/M3_conf_0_50.log exsits, skipt the computation!
Gauusian job(tmpdir/M3_conf_0_50.gjf) ends at: Thu Oct 24 16:48:51 2024
tmpdir/M3_conf_0_51.log exsits, skipt the computation!
Gauusian job(tmpdir/M3_conf_0_51.gjf) ends at: Thu Oct 24 16:48:51 2024
tmpdir/M3_conf_0_72.log exsits, skipt the computation!
Gauusian job(tmpdir/M3_conf_0_72.gjf) ends at: Thu Oct 24 16:48:51 2024
tmpdir/M3_conf_0_73.log exsits, skipt the computation!
Gauusian job(tmpdir/M3_conf_0_73.gjf) ends at: Thu Oct 24 16:48:51 2024
tmpdir/M3_conf_0_74.log exsits, skipt the computation!
Gauusian job(tmpdir/M3_conf_0_74.gjf) ends at: Thu Oct 24 16:48:51 2024
tmpdir/M3_conf_0_75.log exsits, skipt the computation!
Gauusian job(tmpdir/M3_conf_0_75.gjf) ends at: Thu Oct 24 16:48:51 2024
tmpdir/M3_conf_0_4.log exsits, skipt the computation!
Gauusian job(tmpdir/M3_conf_0_4.gjf) ends at: Thu Oct 24 16:48:51 2024
tmpdir/M3_conf_0_5.log exsits, skipt the computation!
Gauusian job(tmpdir/M3_conf_0_5.gjf) ends at: Thu Oct 24 16:48:51 2024
tmpdir/M3_conf_0_6.log exsits, skipt the computation!
Gauusian job(tmpdir/M3_conf_0_6.gjf) ends at: Thu Oct 24 16:48:51 2024
tmpdir/M3_conf_0_7.log exsits, skipt the computation!
Gauusian job(tmpdir/M3_conf_0_7.gjf) ends at: Thu Oct 24 16:48:51 2024
tmpdir/M3_conf_0_28.log exsits, skipt the computation!
Gauusian job(tmpdir/M3_conf_0_28.gjf) ends at: Thu Oct 24 16:48:51 2024
tmpdir/M3_conf_0_29.log exsits, skipt the computation!
Gauusian job(tmpdir/M3_conf_0_29.gjf) ends at: Thu Oct 24 16:48:51 2024
tmpdir/M3_conf_0_30.log exsits, skipt the computation!
Gauusian job(tmpdir/M3_conf_0_30.gjf) ends at: Thu Oct 24 16:48:51 2024
tmpdir/M3_conf_0_31.log exsits, skipt the computation!
Gauusian job(tmpdir/M3_conf_0_31.gjf) ends at: Thu Oct 24 16:48:51 2024
tmpdir/M3_conf_0_56.log exsits, skipt the computation!
Gauusian job(tmpdir/M3_conf_0_56.gjf) ends at: Thu Oct 24 16:48:51 2024
tmpdir/M3_conf_0_57.log exsits, skipt the computation!
Gauusian job(tmpdir/M3_conf_0_57.gjf) ends at: Thu Oct 24 16:48:51 2024
tmpdir/M3_conf_0_58.log exsits, skipt the computation!
Gauusian job(tmpdir/M3_conf_0_58.gjf) ends at: Thu Oct 24 16:48:51 2024
tmpdir/M3_conf_0_59.log exsits, skipt the computation!
Gauusian job(tmpdir/M3_conf_0_59.gjf) ends at: Thu Oct 24 16:48:51 2024
tmpdir/M3_conf_0_80.log exsits, skipt the computation!
Gauusian job(tmpdir/M3_conf_0_80.gjf) ends at: Thu Oct 24 16:48:51 2024
tmpdir/M3_conf_0_81.log exsits, skipt the computation!
Gauusian job(tmpdir/M3_conf_0_81.gjf) ends at: Thu Oct 24 16:48:51 2024
tmpdir/M3_conf_0_82.log exsits, skipt the computation!
Gauusian job(tmpdir/M3_conf_0_82.gjf) ends at: Thu Oct 24 16:48:51 2024
tmpdir/M3_conf_0_83.log exsits, skipt the computation!
Gauusian job(tmpdir/M3_conf_0_83.gjf) ends at: Thu Oct 24 16:48:51 2024
tmpdir/M3_conf_0_20.log exsits, skipt the computation!
Gauusian job(tmpdir/M3_conf_0_20.gjf) ends at: Thu Oct 24 16:48:51 2024
tmpdir/M3_conf_0_21.log exsits, skipt the computation!
Gauusian job(tmpdir/M3_conf_0_21.gjf) ends at: Thu Oct 24 16:48:51 2024
tmpdir/M3_conf_0_22.log exsits, skipt the computation!
Gauusian job(tmpdir/M3_conf_0_22.gjf) ends at: Thu Oct 24 16:48:51 2024
tmpdir/M3_conf_0_23.log exsits, skipt the computation!
Gauusian job(tmpdir/M3_conf_0_23.gjf) ends at: Thu Oct 24 16:48:51 2024
tmpdir/M3_conf_0_44.log exsits, skipt the computation!
Gauusian job(tmpdir/M3_conf_0_44.gjf) ends at: Thu Oct 24 16:48:51 2024
tmpdir/M3_conf_0_45.log exsits, skipt the computation!
Gauusian job(tmpdir/M3_conf_0_45.gjf) ends at: Thu Oct 24 16:48:51 2024
tmpdir/M3_conf_0_46.log exsits, skipt the computation!
Gauusian job(tmpdir/M3_conf_0_46.gjf) ends at: Thu Oct 24 16:48:51 2024
tmpdir/M3_conf_0_47.log exsits, skipt the computation!
Gauusian job(tmpdir/M3_conf_0_47.gjf) ends at: Thu Oct 24 16:48:51 2024
tmpdir/M3_conf_0_68.log exsits, skipt the computation!
Gauusian job(tmpdir/M3_conf_0_68.gjf) ends at: Thu Oct 24 16:48:51 2024
tmpdir/M3_conf_0_69.log exsits, skipt the computation!
Gauusian job(tmpdir/M3_conf_0_69.gjf) ends at: Thu Oct 24 16:48:51 2024
tmpdir/M3_conf_0_70.log exsits, skipt the computation!
Gauusian job(tmpdir/M3_conf_0_70.gjf) ends at: Thu Oct 24 16:48:51 2024
tmpdir/M3_conf_0_71.log exsits, skipt the computation!
Gauusian job(tmpdir/M3_conf_0_71.gjf) ends at: Thu Oct 24 16:48:51 2024
tmpdir/M3_conf_0_88.log exsits, skipt the computation!
Gauusian job(tmpdir/M3_conf_0_88.gjf) ends at: Thu Oct 24 16:48:51 2024
tmpdir/M3_conf_0_89.log exsits, skipt the computation!
Gauusian job(tmpdir/M3_conf_0_89.gjf) ends at: Thu Oct 24 16:48:51 2024
tmpdir/M3_conf_0_90.log exsits, skipt the computation!
Gauusian job(tmpdir/M3_conf_0_90.gjf) ends at: Thu Oct 24 16:48:51 2024
tmpdir/M3_conf_0_91.log exsits, skipt the computation!
Gauusian job(tmpdir/M3_conf_0_91.gjf) ends at: Thu Oct 24 16:48:51 2024
tmpdir/M3_conf_0_8.log exsits, skipt the computation!
Gauusian job(tmpdir/M3_conf_0_8.gjf) ends at: Thu Oct 24 16:48:51 2024
tmpdir/M3_conf_0_9.log exsits, skipt the computation!
Gauusian job(tmpdir/M3_conf_0_9.gjf) ends at: Thu Oct 24 16:48:51 2024
tmpdir/M3_conf_0_10.log exsits, skipt the computation!
Gauusian job(tmpdir/M3_conf_0_10.gjf) ends at: Thu Oct 24 16:48:51 2024
tmpdir/M3_conf_0_11.log exsits, skipt the computation!
Gauusian job(tmpdir/M3_conf_0_11.gjf) ends at: Thu Oct 24 16:48:51 2024
tmpdir/M3_conf_0_32.log exsits, skipt the computation!
Gauusian job(tmpdir/M3_conf_0_32.gjf) ends at: Thu Oct 24 16:48:51 2024
tmpdir/M3_conf_0_33.log exsits, skipt the computation!
Gauusian job(tmpdir/M3_conf_0_33.gjf) ends at: Thu Oct 24 16:48:51 2024
tmpdir/M3_conf_0_34.log exsits, skipt the computation!
Gauusian job(tmpdir/M3_conf_0_34.gjf) ends at: Thu Oct 24 16:48:51 2024
tmpdir/M3_conf_0_35.log exsits, skipt the computation!
Gauusian job(tmpdir/M3_conf_0_35.gjf) ends at: Thu Oct 24 16:48:51 2024
tmpdir/M3_conf_0_60.log exsits, skipt the computation!
Gauusian job(tmpdir/M3_conf_0_60.gjf) ends at: Thu Oct 24 16:48:51 2024
tmpdir/M3_conf_0_61.log exsits, skipt the computation!
Gauusian job(tmpdir/M3_conf_0_61.gjf) ends at: Thu Oct 24 16:48:51 2024
tmpdir/M3_conf_0_62.log exsits, skipt the computation!
Gauusian job(tmpdir/M3_conf_0_62.gjf) ends at: Thu Oct 24 16:48:51 2024
tmpdir/M3_conf_0_63.log exsits, skipt the computation!
Gauusian job(tmpdir/M3_conf_0_63.gjf) ends at: Thu Oct 24 16:48:51 2024
tmpdir/M3_conf_0_84.log exsits, skipt the computation!
Gauusian job(tmpdir/M3_conf_0_84.gjf) ends at: Thu Oct 24 16:48:51 2024
tmpdir/M3_conf_0_85.log exsits, skipt the computation!
Gauusian job(tmpdir/M3_conf_0_85.gjf) ends at: Thu Oct 24 16:48:51 2024
tmpdir/M3_conf_0_86.log exsits, skipt the computation!
Gauusian job(tmpdir/M3_conf_0_86.gjf) ends at: Thu Oct 24 16:48:51 2024
tmpdir/M3_conf_0_87.log exsits, skipt the computation!
Gauusian job(tmpdir/M3_conf_0_87.gjf) ends at: Thu Oct 24 16:48:51 2024
Gaussian computations finish at: Thu Oct 24 16:48:51 2024

4 Gaussian  gjfs have been created!
Gaussian computations begin at: Thu Oct 24 16:48:51 2024

tmpdir/M3_frag_conf_0_2.log exsits, skipt the computation!
Gauusian job(tmpdir/M3_frag_conf_0_2.gjf) ends at: Thu Oct 24 16:48:51 2024
tmpdir/M3_frag_conf_0_1.log exsits, skipt the computation!
Gauusian job(tmpdir/M3_frag_conf_0_1.gjf) ends at: Thu Oct 24 16:48:51 2024
tmpdir/M3_frag_conf_0_3.log exsits, skipt the computation!
Gauusian job(tmpdir/M3_frag_conf_0_3.gjf) ends at: Thu Oct 24 16:48:51 2024
tmpdir/M3_frag_conf_0_0.log exsits, skipt the computation!
Gauusian job(tmpdir/M3_frag_conf_0_0.gjf) ends at: Thu Oct 24 16:48:51 2024
Gaussian computations finish at: Thu Oct 24 16:48:51 2024

***************conf 1***************
92 Gaussian  gjfs have been created!
Gaussian computations begin at: Thu Oct 24 16:48:51 2024

tmpdir/M3_conf_1_8.log exsits, skipt the computation!
Gauusian job(tmpdir/M3_conf_1_8.gjf) ends at: Thu Oct 24 16:48:51 2024
tmpdir/M3_conf_1_9.log exsits, skipt the computation!
Gauusian job(tmpdir/M3_conf_1_9.gjf) ends at: Thu Oct 24 16:48:51 2024
tmpdir/M3_conf_1_10.log exsits, skipt the computation!
Gauusian job(tmpdir/M3_conf_1_10.gjf) ends at: Thu Oct 24 16:48:51 2024
tmpdir/M3_conf_1_11.log exsits, skipt the computation!
Gauusian job(tmpdir/M3_conf_1_11.gjf) ends at: Thu Oct 24 16:48:51 2024
tmpdir/M3_conf_1_24.log exsits, skipt the computation!
Gauusian job(tmpdir/M3_conf_1_24.gjf) ends at: Thu Oct 24 16:48:51 2024
tmpdir/M3_conf_1_25.log exsits, skipt the computation!
Gauusian job(tmpdir/M3_conf_1_25.gjf) ends at: Thu Oct 24 16:48:51 2024
tmpdir/M3_conf_1_26.log exsits, skipt the computation!
Gauusian job(tmpdir/M3_conf_1_26.gjf) ends at: Thu Oct 24 16:48:51 2024
tmpdir/M3_conf_1_27.log exsits, skipt the computation!
Gauusian job(tmpdir/M3_conf_1_27.gjf) ends at: Thu Oct 24 16:48:51 2024
tmpdir/M3_conf_1_36.log exsits, skipt the computation!
Gauusian job(tmpdir/M3_conf_1_36.gjf) ends at: Thu Oct 24 16:48:51 2024
tmpdir/M3_conf_1_37.log exsits, skipt the computation!
Gauusian job(tmpdir/M3_conf_1_37.gjf) ends at: Thu Oct 24 16:48:51 2024
tmpdir/M3_conf_1_38.log exsits, skipt the computation!
Gauusian job(tmpdir/M3_conf_1_38.gjf) ends at: Thu Oct 24 16:48:51 2024
tmpdir/M3_conf_1_39.log exsits, skipt the computation!
Gauusian job(tmpdir/M3_conf_1_39.gjf) ends at: Thu Oct 24 16:48:51 2024
tmpdir/M3_conf_1_60.log exsits, skipt the computation!
Gauusian job(tmpdir/M3_conf_1_60.gjf) ends at: Thu Oct 24 16:48:51 2024
tmpdir/M3_conf_1_61.log exsits, skipt the computation!
Gauusian job(tmpdir/M3_conf_1_61.gjf) ends at: Thu Oct 24 16:48:51 2024
tmpdir/M3_conf_1_62.log exsits, skipt the computation!
Gauusian job(tmpdir/M3_conf_1_62.gjf) ends at: Thu Oct 24 16:48:51 2024
tmpdir/M3_conf_1_63.log exsits, skipt the computation!
Gauusian job(tmpdir/M3_conf_1_63.gjf) ends at: Thu Oct 24 16:48:51 2024
tmpdir/M3_conf_1_72.log exsits, skipt the computation!
Gauusian job(tmpdir/M3_conf_1_72.gjf) ends at: Thu Oct 24 16:48:51 2024
tmpdir/M3_conf_1_73.log exsits, skipt the computation!
Gauusian job(tmpdir/M3_conf_1_73.gjf) ends at: Thu Oct 24 16:48:51 2024
tmpdir/M3_conf_1_74.log exsits, skipt the computation!
Gauusian job(tmpdir/M3_conf_1_74.gjf) ends at: Thu Oct 24 16:48:51 2024
tmpdir/M3_conf_1_75.log exsits, skipt the computation!
Gauusian job(tmpdir/M3_conf_1_75.gjf) ends at: Thu Oct 24 16:48:51 2024
tmpdir/M3_conf_1_4.log exsits, skipt the computation!
Gauusian job(tmpdir/M3_conf_1_4.gjf) ends at: Thu Oct 24 16:48:51 2024
tmpdir/M3_conf_1_5.log exsits, skipt the computation!
Gauusian job(tmpdir/M3_conf_1_5.gjf) ends at: Thu Oct 24 16:48:51 2024
tmpdir/M3_conf_1_6.log exsits, skipt the computation!
Gauusian job(tmpdir/M3_conf_1_6.gjf) ends at: Thu Oct 24 16:48:51 2024
tmpdir/M3_conf_1_7.log exsits, skipt the computation!
Gauusian job(tmpdir/M3_conf_1_7.gjf) ends at: Thu Oct 24 16:48:51 2024
tmpdir/M3_conf_1_28.log exsits, skipt the computation!
Gauusian job(tmpdir/M3_conf_1_28.gjf) ends at: Thu Oct 24 16:48:51 2024
tmpdir/M3_conf_1_29.log exsits, skipt the computation!
Gauusian job(tmpdir/M3_conf_1_29.gjf) ends at: Thu Oct 24 16:48:51 2024
tmpdir/M3_conf_1_30.log exsits, skipt the computation!
Gauusian job(tmpdir/M3_conf_1_30.gjf) ends at: Thu Oct 24 16:48:51 2024
tmpdir/M3_conf_1_31.log exsits, skipt the computation!
Gauusian job(tmpdir/M3_conf_1_31.gjf) ends at: Thu Oct 24 16:48:51 2024
tmpdir/M3_conf_1_52.log exsits, skipt the computation!
Gauusian job(tmpdir/M3_conf_1_52.gjf) ends at: Thu Oct 24 16:48:51 2024
tmpdir/M3_conf_1_53.log exsits, skipt the computation!
Gauusian job(tmpdir/M3_conf_1_53.gjf) ends at: Thu Oct 24 16:48:51 2024
tmpdir/M3_conf_1_54.log exsits, skipt the computation!
Gauusian job(tmpdir/M3_conf_1_54.gjf) ends at: Thu Oct 24 16:48:51 2024
tmpdir/M3_conf_1_55.log exsits, skipt the computation!
Gauusian job(tmpdir/M3_conf_1_55.gjf) ends at: Thu Oct 24 16:48:51 2024
tmpdir/M3_conf_1_76.log exsits, skipt the computation!
Gauusian job(tmpdir/M3_conf_1_76.gjf) ends at: Thu Oct 24 16:48:51 2024
tmpdir/M3_conf_1_77.log exsits, skipt the computation!
Gauusian job(tmpdir/M3_conf_1_77.gjf) ends at: Thu Oct 24 16:48:51 2024
tmpdir/M3_conf_1_78.log exsits, skipt the computation!
Gauusian job(tmpdir/M3_conf_1_78.gjf) ends at: Thu Oct 24 16:48:51 2024
tmpdir/M3_conf_1_79.log exsits, skipt the computation!
Gauusian job(tmpdir/M3_conf_1_79.gjf) ends at: Thu Oct 24 16:48:51 2024
tmpdir/M3_conf_1_20.log exsits, skipt the computation!
Gauusian job(tmpdir/M3_conf_1_20.gjf) ends at: Thu Oct 24 16:48:51 2024
tmpdir/M3_conf_1_21.log exsits, skipt the computation!
Gauusian job(tmpdir/M3_conf_1_21.gjf) ends at: Thu Oct 24 16:48:51 2024
tmpdir/M3_conf_1_22.log exsits, skipt the computation!
Gauusian job(tmpdir/M3_conf_1_22.gjf) ends at: Thu Oct 24 16:48:51 2024
tmpdir/M3_conf_1_23.log exsits, skipt the computation!
Gauusian job(tmpdir/M3_conf_1_23.gjf) ends at: Thu Oct 24 16:48:51 2024
tmpdir/M3_conf_1_32.log exsits, skipt the computation!
Gauusian job(tmpdir/M3_conf_1_32.gjf) ends at: Thu Oct 24 16:48:51 2024
tmpdir/M3_conf_1_33.log exsits, skipt the computation!
Gauusian job(tmpdir/M3_conf_1_33.gjf) ends at: Thu Oct 24 16:48:51 2024
tmpdir/M3_conf_1_34.log exsits, skipt the computation!
Gauusian job(tmpdir/M3_conf_1_34.gjf) ends at: Thu Oct 24 16:48:51 2024
tmpdir/M3_conf_1_35.log exsits, skipt the computation!
Gauusian job(tmpdir/M3_conf_1_35.gjf) ends at: Thu Oct 24 16:48:51 2024
tmpdir/M3_conf_1_56.log exsits, skipt the computation!
Gauusian job(tmpdir/M3_conf_1_56.gjf) ends at: Thu Oct 24 16:48:51 2024
tmpdir/M3_conf_1_57.log exsits, skipt the computation!
Gauusian job(tmpdir/M3_conf_1_57.gjf) ends at: Thu Oct 24 16:48:51 2024
tmpdir/M3_conf_1_58.log exsits, skipt the computation!
Gauusian job(tmpdir/M3_conf_1_58.gjf) ends at: Thu Oct 24 16:48:51 2024
tmpdir/M3_conf_1_59.log exsits, skipt the computation!
Gauusian job(tmpdir/M3_conf_1_59.gjf) ends at: Thu Oct 24 16:48:51 2024
tmpdir/M3_conf_1_68.log exsits, skipt the computation!
Gauusian job(tmpdir/M3_conf_1_68.gjf) ends at: Thu Oct 24 16:48:51 2024
tmpdir/M3_conf_1_69.log exsits, skipt the computation!
Gauusian job(tmpdir/M3_conf_1_69.gjf) ends at: Thu Oct 24 16:48:51 2024
tmpdir/M3_conf_1_70.log exsits, skipt the computation!
Gauusian job(tmpdir/M3_conf_1_70.gjf) ends at: Thu Oct 24 16:48:51 2024
tmpdir/M3_conf_1_71.log exsits, skipt the computation!
Gauusian job(tmpdir/M3_conf_1_71.gjf) ends at: Thu Oct 24 16:48:51 2024
tmpdir/M3_conf_1_16.log exsits, skipt the computation!
Gauusian job(tmpdir/M3_conf_1_16.gjf) ends at: Thu Oct 24 16:48:51 2024
tmpdir/M3_conf_1_17.log exsits, skipt the computation!
Gauusian job(tmpdir/M3_conf_1_17.gjf) ends at: Thu Oct 24 16:48:51 2024
tmpdir/M3_conf_1_18.log exsits, skipt the computation!
Gauusian job(tmpdir/M3_conf_1_18.gjf) ends at: Thu Oct 24 16:48:51 2024
tmpdir/M3_conf_1_19.log exsits, skipt the computation!
Gauusian job(tmpdir/M3_conf_1_19.gjf) ends at: Thu Oct 24 16:48:51 2024
tmpdir/M3_conf_1_40.log exsits, skipt the computation!
Gauusian job(tmpdir/M3_conf_1_40.gjf) ends at: Thu Oct 24 16:48:51 2024
tmpdir/M3_conf_1_41.log exsits, skipt the computation!
Gauusian job(tmpdir/M3_conf_1_41.gjf) ends at: Thu Oct 24 16:48:51 2024
tmpdir/M3_conf_1_42.log exsits, skipt the computation!
Gauusian job(tmpdir/M3_conf_1_42.gjf) ends at: Thu Oct 24 16:48:51 2024
tmpdir/M3_conf_1_43.log exsits, skipt the computation!
Gauusian job(tmpdir/M3_conf_1_43.gjf) ends at: Thu Oct 24 16:48:51 2024
tmpdir/M3_conf_1_64.log exsits, skipt the computation!
Gauusian job(tmpdir/M3_conf_1_64.gjf) ends at: Thu Oct 24 16:48:51 2024
tmpdir/M3_conf_1_65.log exsits, skipt the computation!
Gauusian job(tmpdir/M3_conf_1_65.gjf) ends at: Thu Oct 24 16:48:51 2024
tmpdir/M3_conf_1_66.log exsits, skipt the computation!
Gauusian job(tmpdir/M3_conf_1_66.gjf) ends at: Thu Oct 24 16:48:51 2024
tmpdir/M3_conf_1_67.log exsits, skipt the computation!
Gauusian job(tmpdir/M3_conf_1_67.gjf) ends at: Thu Oct 24 16:48:51 2024
tmpdir/M3_conf_1_88.log exsits, skipt the computation!
Gauusian job(tmpdir/M3_conf_1_88.gjf) ends at: Thu Oct 24 16:48:51 2024
tmpdir/M3_conf_1_89.log exsits, skipt the computation!
Gauusian job(tmpdir/M3_conf_1_89.gjf) ends at: Thu Oct 24 16:48:51 2024
tmpdir/M3_conf_1_90.log exsits, skipt the computation!
Gauusian job(tmpdir/M3_conf_1_90.gjf) ends at: Thu Oct 24 16:48:51 2024
tmpdir/M3_conf_1_91.log exsits, skipt the computation!
Gauusian job(tmpdir/M3_conf_1_91.gjf) ends at: Thu Oct 24 16:48:51 2024
tmpdir/M3_conf_1_0.log exsits, skipt the computation!
Gauusian job(tmpdir/M3_conf_1_0.gjf) ends at: Thu Oct 24 16:48:51 2024
tmpdir/M3_conf_1_1.log exsits, skipt the computation!
Gauusian job(tmpdir/M3_conf_1_1.gjf) ends at: Thu Oct 24 16:48:51 2024
tmpdir/M3_conf_1_2.log exsits, skipt the computation!
Gauusian job(tmpdir/M3_conf_1_2.gjf) ends at: Thu Oct 24 16:48:51 2024
tmpdir/M3_conf_1_3.log exsits, skipt the computation!
Gauusian job(tmpdir/M3_conf_1_3.gjf) ends at: Thu Oct 24 16:48:51 2024
tmpdir/M3_conf_1_44.log exsits, skipt the computation!
Gauusian job(tmpdir/M3_conf_1_44.gjf) ends at: Thu Oct 24 16:48:51 2024
tmpdir/M3_conf_1_45.log exsits, skipt the computation!
Gauusian job(tmpdir/M3_conf_1_45.gjf) ends at: Thu Oct 24 16:48:51 2024
tmpdir/M3_conf_1_46.log exsits, skipt the computation!
Gauusian job(tmpdir/M3_conf_1_46.gjf) ends at: Thu Oct 24 16:48:51 2024
tmpdir/M3_conf_1_47.log exsits, skipt the computation!
Gauusian job(tmpdir/M3_conf_1_47.gjf) ends at: Thu Oct 24 16:48:51 2024
tmpdir/M3_conf_1_80.log exsits, skipt the computation!
Gauusian job(tmpdir/M3_conf_1_80.gjf) ends at: Thu Oct 24 16:48:51 2024
tmpdir/M3_conf_1_81.log exsits, skipt the computation!
Gauusian job(tmpdir/M3_conf_1_81.gjf) ends at: Thu Oct 24 16:48:51 2024
tmpdir/M3_conf_1_82.log exsits, skipt the computation!
Gauusian job(tmpdir/M3_conf_1_82.gjf) ends at: Thu Oct 24 16:48:51 2024
tmpdir/M3_conf_1_83.log exsits, skipt the computation!
Gauusian job(tmpdir/M3_conf_1_83.gjf) ends at: Thu Oct 24 16:48:51 2024
tmpdir/M3_conf_1_12.log exsits, skipt the computation!
Gauusian job(tmpdir/M3_conf_1_12.gjf) ends at: Thu Oct 24 16:48:51 2024
tmpdir/M3_conf_1_13.log exsits, skipt the computation!
Gauusian job(tmpdir/M3_conf_1_13.gjf) ends at: Thu Oct 24 16:48:51 2024
tmpdir/M3_conf_1_14.log exsits, skipt the computation!
Gauusian job(tmpdir/M3_conf_1_14.gjf) ends at: Thu Oct 24 16:48:51 2024
tmpdir/M3_conf_1_15.log exsits, skipt the computation!
Gauusian job(tmpdir/M3_conf_1_15.gjf) ends at: Thu Oct 24 16:48:51 2024
tmpdir/M3_conf_1_48.log exsits, skipt the computation!
Gauusian job(tmpdir/M3_conf_1_48.gjf) ends at: Thu Oct 24 16:48:51 2024
tmpdir/M3_conf_1_49.log exsits, skipt the computation!
Gauusian job(tmpdir/M3_conf_1_49.gjf) ends at: Thu Oct 24 16:48:51 2024
tmpdir/M3_conf_1_50.log exsits, skipt the computation!
Gauusian job(tmpdir/M3_conf_1_50.gjf) ends at: Thu Oct 24 16:48:51 2024
tmpdir/M3_conf_1_51.log exsits, skipt the computation!
Gauusian job(tmpdir/M3_conf_1_51.gjf) ends at: Thu Oct 24 16:48:51 2024
tmpdir/M3_conf_1_84.log exsits, skipt the computation!
Gauusian job(tmpdir/M3_conf_1_84.gjf) ends at: Thu Oct 24 16:48:51 2024
tmpdir/M3_conf_1_85.log exsits, skipt the computation!
Gauusian job(tmpdir/M3_conf_1_85.gjf) ends at: Thu Oct 24 16:48:51 2024
tmpdir/M3_conf_1_86.log exsits, skipt the computation!
Gauusian job(tmpdir/M3_conf_1_86.gjf) ends at: Thu Oct 24 16:48:51 2024
tmpdir/M3_conf_1_87.log exsits, skipt the computation!
Gauusian job(tmpdir/M3_conf_1_87.gjf) ends at: Thu Oct 24 16:48:51 2024
Gaussian computations finish at: Thu Oct 24 16:48:51 2024

4 Gaussian  gjfs have been created!
Gaussian computations begin at: Thu Oct 24 16:48:51 2024

tmpdir/M3_frag_conf_1_3.log exsits, skipt the computation!
Gauusian job(tmpdir/M3_frag_conf_1_3.gjf) ends at: Thu Oct 24 16:48:52 2024
tmpdir/M3_frag_conf_1_2.log exsits, skipt the computation!
Gauusian job(tmpdir/M3_frag_conf_1_2.gjf) ends at: Thu Oct 24 16:48:52 2024
tmpdir/M3_frag_conf_1_0.log exsits, skipt the computation!
Gauusian job(tmpdir/M3_frag_conf_1_0.gjf) ends at: Thu Oct 24 16:48:52 2024
tmpdir/M3_frag_conf_1_1.log exsits, skipt the computation!
Gauusian job(tmpdir/M3_frag_conf_1_1.gjf) ends at: Thu Oct 24 16:48:52 2024
Gaussian computations finish at: Thu Oct 24 16:48:52 2024

Resutls (2 sheets) are saved in Resutls (2 sheets) are saved in 1XBB_M3_M3all.xlsx

Delta torsion was not showed 
Delta torsion was not showed 
Job ends at: Thu Oct 24 16:48:52 2024
Thu Oct 24 16:48:53 CST 2024
