This job is running on host node109
Current directory: /tmp/100014.mgr/run
Tue Oct 22 10:48:13 CST 2024
/tmp/100014.mgr
Job starts at: Tue Oct 22 10:48:22 2024
ref file: PDB_1XBB_ref.gjf
conf file: QR_1XBB.xyz
Using log (10) scale for visualization
Dihedral threshold set to 30
COVALENT_RADII scale set to 1.0
method: 1
fragmentation
15 fragments was given!
All atomic charge are 0!
All atomic spin are 0!
number cpu set to 4
number pal set to 6
*************** 68 atoms in input structure !***************
*************** 2 structure in conformer input!***************
***************  fragmentation list  OK ***************

***************  Charge and Spin  ***************
***************  Charge and Spin  finished!  ***************

***************  Get ref & conf fragments structure  ***************
***************  Get ref & conf fragments structure  finished!  ***************

Structures of subsystems are saved as Ref_M1.xyz and Conf_M1.xyz!
15 Gaussian  gjfs have been created!
Gaussian computations begin at: Tue Oct 22 10:48:22 2024

tmpdir/M1_ref_5.log exsits, skipt the computation!
Gauusian job(tmpdir/M1_ref_5.gjf) ends at: Tue Oct 22 10:48:22 2024
tmpdir/M1_ref_10.log exsits, skipt the computation!
Gauusian job(tmpdir/M1_ref_10.gjf) ends at: Tue Oct 22 10:48:22 2024
tmpdir/M1_ref_4.log exsits, skipt the computation!
Gauusian job(tmpdir/M1_ref_4.gjf) ends at: Tue Oct 22 10:48:22 2024
tmpdir/M1_ref_12.log exsits, skipt the computation!
Gauusian job(tmpdir/M1_ref_12.gjf) ends at: Tue Oct 22 10:48:22 2024
tmpdir/M1_ref_0.log exsits, skipt the computation!
Gauusian job(tmpdir/M1_ref_0.gjf) ends at: Tue Oct 22 10:48:22 2024
tmpdir/M1_ref_8.log exsits, skipt the computation!
Gauusian job(tmpdir/M1_ref_8.gjf) ends at: Tue Oct 22 10:48:22 2024
tmpdir/M1_ref_3.log exsits, skipt the computation!
Gauusian job(tmpdir/M1_ref_3.gjf) ends at: Tue Oct 22 10:48:22 2024
tmpdir/M1_ref_11.log exsits, skipt the computation!
Gauusian job(tmpdir/M1_ref_11.gjf) ends at: Tue Oct 22 10:48:22 2024
tmpdir/M1_ref_2.log exsits, skipt the computation!
Gauusian job(tmpdir/M1_ref_2.gjf) ends at: Tue Oct 22 10:48:22 2024
tmpdir/M1_ref_7.log exsits, skipt the computation!
Gauusian job(tmpdir/M1_ref_7.gjf) ends at: Tue Oct 22 10:48:22 2024
tmpdir/M1_ref_13.log exsits, skipt the computation!
Gauusian job(tmpdir/M1_ref_13.gjf) ends at: Tue Oct 22 10:48:22 2024
tmpdir/M1_ref_1.log exsits, skipt the computation!
Gauusian job(tmpdir/M1_ref_1.gjf) ends at: Tue Oct 22 10:48:22 2024
tmpdir/M1_ref_6.log exsits, skipt the computation!
Gauusian job(tmpdir/M1_ref_6.gjf) ends at: Tue Oct 22 10:48:22 2024
tmpdir/M1_ref_9.log exsits, skipt the computation!
Gauusian job(tmpdir/M1_ref_9.gjf) ends at: Tue Oct 22 10:48:22 2024
tmpdir/M1_ref_14.log exsits, skipt the computation!
Gauusian job(tmpdir/M1_ref_14.gjf) ends at: Tue Oct 22 10:48:22 2024
Gaussian computations finish at: Tue Oct 22 10:48:22 2024

***************conf 0***************
15 Gaussian  gjfs have been created!
Gaussian computations begin at: Tue Oct 22 10:48:22 2024

tmpdir/M1_conf_0_5.log exsits, skipt the computation!
Gauusian job(tmpdir/M1_conf_0_5.gjf) ends at: Tue Oct 22 10:48:22 2024
tmpdir/M1_conf_0_10.log exsits, skipt the computation!
Gauusian job(tmpdir/M1_conf_0_10.gjf) ends at: Tue Oct 22 10:48:22 2024
tmpdir/M1_conf_0_4.log exsits, skipt the computation!
Gauusian job(tmpdir/M1_conf_0_4.gjf) ends at: Tue Oct 22 10:48:22 2024
tmpdir/M1_conf_0_11.log exsits, skipt the computation!
Gauusian job(tmpdir/M1_conf_0_11.gjf) ends at: Tue Oct 22 10:48:22 2024
tmpdir/M1_conf_0_2.log exsits, skipt the computation!
Gauusian job(tmpdir/M1_conf_0_2.gjf) ends at: Tue Oct 22 10:48:22 2024
tmpdir/M1_conf_0_7.log exsits, skipt the computation!
Gauusian job(tmpdir/M1_conf_0_7.gjf) ends at: Tue Oct 22 10:48:22 2024
tmpdir/M1_conf_0_13.log exsits, skipt the computation!
Gauusian job(tmpdir/M1_conf_0_13.gjf) ends at: Tue Oct 22 10:48:22 2024
tmpdir/M1_conf_0_0.log exsits, skipt the computation!
Gauusian job(tmpdir/M1_conf_0_0.gjf) ends at: Tue Oct 22 10:48:22 2024
tmpdir/M1_conf_0_9.log exsits, skipt the computation!
Gauusian job(tmpdir/M1_conf_0_9.gjf) ends at: Tue Oct 22 10:48:22 2024
tmpdir/M1_conf_0_1.log exsits, skipt the computation!
Gauusian job(tmpdir/M1_conf_0_1.gjf) ends at: Tue Oct 22 10:48:22 2024
tmpdir/M1_conf_0_6.log exsits, skipt the computation!
Gauusian job(tmpdir/M1_conf_0_6.gjf) ends at: Tue Oct 22 10:48:22 2024
tmpdir/M1_conf_0_8.log exsits, skipt the computation!
Gauusian job(tmpdir/M1_conf_0_8.gjf) ends at: Tue Oct 22 10:48:22 2024
tmpdir/M1_conf_0_14.log exsits, skipt the computation!
Gauusian job(tmpdir/M1_conf_0_14.gjf) ends at: Tue Oct 22 10:48:22 2024
tmpdir/M1_conf_0_3.log exsits, skipt the computation!
Gauusian job(tmpdir/M1_conf_0_3.gjf) ends at: Tue Oct 22 10:48:22 2024
tmpdir/M1_conf_0_12.log exsits, skipt the computation!
Gauusian job(tmpdir/M1_conf_0_12.gjf) ends at: Tue Oct 22 10:48:22 2024
Gaussian computations finish at: Tue Oct 22 10:48:22 2024

***************conf 1***************
15 Gaussian  gjfs have been created!
Gaussian computations begin at: Tue Oct 22 10:48:22 2024

tmpdir/M1_conf_1_4.log exsits, skipt the computation!
Gauusian job(tmpdir/M1_conf_1_4.gjf) ends at: Tue Oct 22 10:48:22 2024
tmpdir/M1_conf_1_11.log exsits, skipt the computation!
Gauusian job(tmpdir/M1_conf_1_11.gjf) ends at: Tue Oct 22 10:48:22 2024
tmpdir/M1_conf_1_0.log exsits, skipt the computation!
Gauusian job(tmpdir/M1_conf_1_0.gjf) ends at: Tue Oct 22 10:48:22 2024
tmpdir/M1_conf_1_6.log exsits, skipt the computation!
Gauusian job(tmpdir/M1_conf_1_6.gjf) ends at: Tue Oct 22 10:48:22 2024
tmpdir/M1_conf_1_8.log exsits, skipt the computation!
Gauusian job(tmpdir/M1_conf_1_8.gjf) ends at: Tue Oct 22 10:48:22 2024
tmpdir/M1_conf_1_12.log exsits, skipt the computation!
Gauusian job(tmpdir/M1_conf_1_12.gjf) ends at: Tue Oct 22 10:48:22 2024
tmpdir/M1_conf_1_5.log exsits, skipt the computation!
Gauusian job(tmpdir/M1_conf_1_5.gjf) ends at: Tue Oct 22 10:48:22 2024
tmpdir/M1_conf_1_2.log exsits, skipt the computation!
Gauusian job(tmpdir/M1_conf_1_2.gjf) ends at: Tue Oct 22 10:48:22 2024
tmpdir/M1_conf_1_10.log exsits, skipt the computation!
Gauusian job(tmpdir/M1_conf_1_10.gjf) ends at: Tue Oct 22 10:48:22 2024
tmpdir/M1_conf_1_3.log exsits, skipt the computation!
Gauusian job(tmpdir/M1_conf_1_3.gjf) ends at: Tue Oct 22 10:48:22 2024
tmpdir/M1_conf_1_13.log exsits, skipt the computation!
Gauusian job(tmpdir/M1_conf_1_13.gjf) ends at: Tue Oct 22 10:48:22 2024
tmpdir/M1_conf_1_1.log exsits, skipt the computation!
Gauusian job(tmpdir/M1_conf_1_1.gjf) ends at: Tue Oct 22 10:48:22 2024
tmpdir/M1_conf_1_7.log exsits, skipt the computation!
Gauusian job(tmpdir/M1_conf_1_7.gjf) ends at: Tue Oct 22 10:48:22 2024
tmpdir/M1_conf_1_9.log exsits, skipt the computation!
Gauusian job(tmpdir/M1_conf_1_9.gjf) ends at: Tue Oct 22 10:48:22 2024
tmpdir/M1_conf_1_14.log exsits, skipt the computation!
Gauusian job(tmpdir/M1_conf_1_14.gjf) ends at: Tue Oct 22 10:48:22 2024
Gaussian computations finish at: Tue Oct 22 10:48:22 2024

Resutls (2 sheets) are saved in 1XBB_M1_M1__all.xlsx

Job ends at: Tue Oct 22 10:48:22 2024
Tue Oct 22 10:48:23 CST 2024
