This job is running on host node108
Current directory: /tmp/100093.mgr/run
Thu Oct 24 16:49:18 CST 2024
/tmp/100093.mgr
Job starts at: Thu Oct 24 16:49:32 2024
ref file: PDB_1XBB_ref.gjf
conf file: QR_1XBB.xyz
Using log (10) scale for visualization
Dihedral threshold set to 30
COVALENT_RADII scale set to 1.0
method: 2
internal coordinates
1 bonds/angles added
No bonds/angles removed
All atomic charge are 0!
All atomic spin are 0!
number cpu set to 2
number pal set to 12
*************** 68 atoms in input structure !***************
*************** 2 structure in conformer input!***************
Dihedral between atoms (22, 19, 18, 1): varies by 71.14244246822392 degrees in conformer 0
Dihedral between atoms (22, 19, 18, 1): varies by 60.712911659795395 degrees in conformer 1
***************  Read include/exclude list  ***************
Bonds/angles data are saved in 1XBB_M2_bond_angle.dat
***************  Get internal coodinate values  ***************
***************  Charge and Spin  ***************
***************  Charge and Spin  finished!  ***************

***************  Get ref fragments structure  ***************
Warning: please check the following frag, where =C-C= structure exist!
[64, 75, 80, 89, 104, 109, 119, 156, 165, 170, 175]
Distance between link atom warning:  (17, 26) in Mol 57
Distance between link atom warning:  (0, 26) in Mol 60
Distance between link atom warning:  (17, 26) in Mol 62
Distance between link atom warning:  (17, 26) in Mol 63
Distance between link atom warning:  (21, 30) in Mol 80
Distance between link atom warning:  (21, 30) in Mol 83
Distance between link atom warning:  (21, 31) in Mol 87
Distance between link atom warning:  (22, 29) in Mol 90
Distance between link atom warning:  (38, 47) in Mol 119
Distance between link atom warning:  (38, 47) in Mol 122
Distance between link atom warning:  (38, 48) in Mol 126
Distance between link atom warning:  (35, 43) in Mol 138
Distance between link atom warning:  (35, 50) in Mol 139
Distance between link atom warning:  (52, 57) in Mol 156
Distance between link atom warning:  (52, 57) in Mol 159
Distance between link atom warning:  (52, 58) in Mol 163
Distance between link atom warning:  (50, 56) in Mol 166
Distance between link atom warning:  (58, 63) in Mol 175
Distance between link atom warning:  (58, 63) in Mol 178
Distance between link atom warning:  (61, 67) in Mol 190
***************  Get conf fragments structure  ***************
Distance between link atom warning:  (17, 26) in Mol 57
Distance between link atom warning:  (0, 26) in Mol 60
Distance between link atom warning:  (17, 26) in Mol 62
Distance between link atom warning:  (17, 26) in Mol 63
Distance between link atom warning:  (21, 30) in Mol 80
Distance between link atom warning:  (21, 30) in Mol 83
Distance between link atom warning:  (21, 31) in Mol 87
Distance between link atom warning:  (22, 29) in Mol 90
Distance between link atom warning:  (38, 47) in Mol 119
Distance between link atom warning:  (38, 47) in Mol 122
Distance between link atom warning:  (38, 48) in Mol 126
Distance between link atom warning:  (35, 43) in Mol 138
Distance between link atom warning:  (35, 50) in Mol 139
Distance between link atom warning:  (52, 57) in Mol 156
Distance between link atom warning:  (52, 57) in Mol 159
Distance between link atom warning:  (52, 58) in Mol 163
Distance between link atom warning:  (50, 56) in Mol 166
Distance between link atom warning:  (58, 63) in Mol 175
Distance between link atom warning:  (58, 63) in Mol 178
Distance between link atom warning:  (61, 67) in Mol 190
Distance between link atom warning:  (17, 26) in Mol 57
Distance between link atom warning:  (0, 26) in Mol 60
Distance between link atom warning:  (17, 26) in Mol 62
Distance between link atom warning:  (17, 26) in Mol 63
Distance between link atom warning:  (21, 30) in Mol 80
Distance between link atom warning:  (21, 30) in Mol 83
Distance between link atom warning:  (21, 31) in Mol 87
Distance between link atom warning:  (22, 29) in Mol 90
Distance between link atom warning:  (38, 47) in Mol 119
Distance between link atom warning:  (38, 47) in Mol 122
Distance between link atom warning:  (38, 48) in Mol 126
Distance between link atom warning:  (35, 43) in Mol 138
Distance between link atom warning:  (35, 50) in Mol 139
Distance between link atom warning:  (52, 57) in Mol 156
Distance between link atom warning:  (52, 57) in Mol 159
Distance between link atom warning:  (52, 58) in Mol 163
Distance between link atom warning:  (50, 56) in Mol 166
Distance between link atom warning:  (58, 63) in Mol 175
Distance between link atom warning:  (58, 63) in Mol 178
Distance between link atom warning:  (61, 67) in Mol 190
***************  Get ref & conf fragments structure  finished!  ***************

Structures of subsystems are saved as Ref_M2.xyz and Conf_M2.xyz!
196 Gaussian  gjfs have been created!
Gaussian computations begin at: Thu Oct 24 16:49:33 2024

tmpdir/M2_ref_40.log exsits, skipt the computation!
Gauusian job(tmpdir/M2_ref_40.gjf) ends at: Thu Oct 24 16:49:33 2024
tmpdir/M2_ref_41.log exsits, skipt the computation!
Gauusian job(tmpdir/M2_ref_41.gjf) ends at: Thu Oct 24 16:49:33 2024
tmpdir/M2_ref_42.log exsits, skipt the computation!
Gauusian job(tmpdir/M2_ref_42.gjf) ends at: Thu Oct 24 16:49:33 2024
tmpdir/M2_ref_43.log exsits, skipt the computation!
Gauusian job(tmpdir/M2_ref_43.gjf) ends at: Thu Oct 24 16:49:33 2024
tmpdir/M2_ref_44.log exsits, skipt the computation!
Gauusian job(tmpdir/M2_ref_44.gjf) ends at: Thu Oct 24 16:49:33 2024
tmpdir/M2_ref_100.log exsits, skipt the computation!
Gauusian job(tmpdir/M2_ref_100.gjf) ends at: Thu Oct 24 16:49:33 2024
tmpdir/M2_ref_101.log exsits, skipt the computation!
Gauusian job(tmpdir/M2_ref_101.gjf) ends at: Thu Oct 24 16:49:33 2024
tmpdir/M2_ref_102.log exsits, skipt the computation!
Gauusian job(tmpdir/M2_ref_102.gjf) ends at: Thu Oct 24 16:49:33 2024
tmpdir/M2_ref_103.log exsits, skipt the computation!
Gauusian job(tmpdir/M2_ref_103.gjf) ends at: Thu Oct 24 16:49:33 2024
tmpdir/M2_ref_104.log exsits, skipt the computation!
Gauusian job(tmpdir/M2_ref_104.gjf) ends at: Thu Oct 24 16:49:33 2024
tmpdir/M2_ref_150.log exsits, skipt the computation!
Gauusian job(tmpdir/M2_ref_150.gjf) ends at: Thu Oct 24 16:49:33 2024
tmpdir/M2_ref_151.log exsits, skipt the computation!
Gauusian job(tmpdir/M2_ref_151.gjf) ends at: Thu Oct 24 16:49:33 2024
tmpdir/M2_ref_152.log exsits, skipt the computation!
Gauusian job(tmpdir/M2_ref_152.gjf) ends at: Thu Oct 24 16:49:33 2024
tmpdir/M2_ref_153.log exsits, skipt the computation!
Gauusian job(tmpdir/M2_ref_153.gjf) ends at: Thu Oct 24 16:49:33 2024
tmpdir/M2_ref_154.log exsits, skipt the computation!
Gauusian job(tmpdir/M2_ref_154.gjf) ends at: Thu Oct 24 16:49:33 2024
tmpdir/M2_ref_45.log exsits, skipt the computation!
Gauusian job(tmpdir/M2_ref_45.gjf) ends at: Thu Oct 24 16:49:33 2024
tmpdir/M2_ref_46.log exsits, skipt the computation!
Gauusian job(tmpdir/M2_ref_46.gjf) ends at: Thu Oct 24 16:49:33 2024
tmpdir/M2_ref_47.log exsits, skipt the computation!
Gauusian job(tmpdir/M2_ref_47.gjf) ends at: Thu Oct 24 16:49:33 2024
tmpdir/M2_ref_48.log exsits, skipt the computation!
Gauusian job(tmpdir/M2_ref_48.gjf) ends at: Thu Oct 24 16:49:33 2024
tmpdir/M2_ref_49.log exsits, skipt the computation!
Gauusian job(tmpdir/M2_ref_49.gjf) ends at: Thu Oct 24 16:49:33 2024
tmpdir/M2_ref_105.log exsits, skipt the computation!
Gauusian job(tmpdir/M2_ref_105.gjf) ends at: Thu Oct 24 16:49:33 2024
tmpdir/M2_ref_106.log exsits, skipt the computation!
Gauusian job(tmpdir/M2_ref_106.gjf) ends at: Thu Oct 24 16:49:33 2024
tmpdir/M2_ref_107.log exsits, skipt the computation!
Gauusian job(tmpdir/M2_ref_107.gjf) ends at: Thu Oct 24 16:49:33 2024
tmpdir/M2_ref_108.log exsits, skipt the computation!
Gauusian job(tmpdir/M2_ref_108.gjf) ends at: Thu Oct 24 16:49:33 2024
tmpdir/M2_ref_109.log exsits, skipt the computation!
Gauusian job(tmpdir/M2_ref_109.gjf) ends at: Thu Oct 24 16:49:33 2024
tmpdir/M2_ref_160.log exsits, skipt the computation!
Gauusian job(tmpdir/M2_ref_160.gjf) ends at: Thu Oct 24 16:49:33 2024
tmpdir/M2_ref_161.log exsits, skipt the computation!
Gauusian job(tmpdir/M2_ref_161.gjf) ends at: Thu Oct 24 16:49:33 2024
tmpdir/M2_ref_162.log exsits, skipt the computation!
Gauusian job(tmpdir/M2_ref_162.gjf) ends at: Thu Oct 24 16:49:33 2024
tmpdir/M2_ref_163.log exsits, skipt the computation!
Gauusian job(tmpdir/M2_ref_163.gjf) ends at: Thu Oct 24 16:49:33 2024
tmpdir/M2_ref_164.log exsits, skipt the computation!
Gauusian job(tmpdir/M2_ref_164.gjf) ends at: Thu Oct 24 16:49:33 2024
tmpdir/M2_ref_5.log exsits, skipt the computation!
Gauusian job(tmpdir/M2_ref_5.gjf) ends at: Thu Oct 24 16:49:33 2024
tmpdir/M2_ref_6.log exsits, skipt the computation!
Gauusian job(tmpdir/M2_ref_6.gjf) ends at: Thu Oct 24 16:49:33 2024
tmpdir/M2_ref_7.log exsits, skipt the computation!
Gauusian job(tmpdir/M2_ref_7.gjf) ends at: Thu Oct 24 16:49:33 2024
tmpdir/M2_ref_8.log exsits, skipt the computation!
Gauusian job(tmpdir/M2_ref_8.gjf) ends at: Thu Oct 24 16:49:33 2024
tmpdir/M2_ref_9.log exsits, skipt the computation!
Gauusian job(tmpdir/M2_ref_9.gjf) ends at: Thu Oct 24 16:49:33 2024
tmpdir/M2_ref_85.log exsits, skipt the computation!
Gauusian job(tmpdir/M2_ref_85.gjf) ends at: Thu Oct 24 16:49:33 2024
tmpdir/M2_ref_86.log exsits, skipt the computation!
Gauusian job(tmpdir/M2_ref_86.gjf) ends at: Thu Oct 24 16:49:33 2024
tmpdir/M2_ref_87.log exsits, skipt the computation!
Gauusian job(tmpdir/M2_ref_87.gjf) ends at: Thu Oct 24 16:49:33 2024
tmpdir/M2_ref_88.log exsits, skipt the computation!
Gauusian job(tmpdir/M2_ref_88.gjf) ends at: Thu Oct 24 16:49:33 2024
tmpdir/M2_ref_89.log exsits, skipt the computation!
Gauusian job(tmpdir/M2_ref_89.gjf) ends at: Thu Oct 24 16:49:33 2024
tmpdir/M2_ref_140.log exsits, skipt the computation!
Gauusian job(tmpdir/M2_ref_140.gjf) ends at: Thu Oct 24 16:49:33 2024
tmpdir/M2_ref_141.log exsits, skipt the computation!
Gauusian job(tmpdir/M2_ref_141.gjf) ends at: Thu Oct 24 16:49:33 2024
tmpdir/M2_ref_142.log exsits, skipt the computation!
Gauusian job(tmpdir/M2_ref_142.gjf) ends at: Thu Oct 24 16:49:33 2024
tmpdir/M2_ref_143.log exsits, skipt the computation!
Gauusian job(tmpdir/M2_ref_143.gjf) ends at: Thu Oct 24 16:49:33 2024
tmpdir/M2_ref_144.log exsits, skipt the computation!
Gauusian job(tmpdir/M2_ref_144.gjf) ends at: Thu Oct 24 16:49:33 2024
tmpdir/M2_ref_10.log exsits, skipt the computation!
Gauusian job(tmpdir/M2_ref_10.gjf) ends at: Thu Oct 24 16:49:33 2024
tmpdir/M2_ref_11.log exsits, skipt the computation!
Gauusian job(tmpdir/M2_ref_11.gjf) ends at: Thu Oct 24 16:49:33 2024
tmpdir/M2_ref_12.log exsits, skipt the computation!
Gauusian job(tmpdir/M2_ref_12.gjf) ends at: Thu Oct 24 16:49:33 2024
tmpdir/M2_ref_13.log exsits, skipt the computation!
Gauusian job(tmpdir/M2_ref_13.gjf) ends at: Thu Oct 24 16:49:33 2024
tmpdir/M2_ref_14.log exsits, skipt the computation!
Gauusian job(tmpdir/M2_ref_14.gjf) ends at: Thu Oct 24 16:49:33 2024
tmpdir/M2_ref_60.log exsits, skipt the computation!
Gauusian job(tmpdir/M2_ref_60.gjf) ends at: Thu Oct 24 16:49:33 2024
tmpdir/M2_ref_61.log exsits, skipt the computation!
Gauusian job(tmpdir/M2_ref_61.gjf) ends at: Thu Oct 24 16:49:33 2024
tmpdir/M2_ref_62.log exsits, skipt the computation!
Gauusian job(tmpdir/M2_ref_62.gjf) ends at: Thu Oct 24 16:49:33 2024
tmpdir/M2_ref_63.log exsits, skipt the computation!
Gauusian job(tmpdir/M2_ref_63.gjf) ends at: Thu Oct 24 16:49:33 2024
tmpdir/M2_ref_64.log exsits, skipt the computation!
Gauusian job(tmpdir/M2_ref_64.gjf) ends at: Thu Oct 24 16:49:33 2024
tmpdir/M2_ref_110.log exsits, skipt the computation!
Gauusian job(tmpdir/M2_ref_110.gjf) ends at: Thu Oct 24 16:49:33 2024
tmpdir/M2_ref_111.log exsits, skipt the computation!
Gauusian job(tmpdir/M2_ref_111.gjf) ends at: Thu Oct 24 16:49:33 2024
tmpdir/M2_ref_112.log exsits, skipt the computation!
Gauusian job(tmpdir/M2_ref_112.gjf) ends at: Thu Oct 24 16:49:33 2024
tmpdir/M2_ref_113.log exsits, skipt the computation!
Gauusian job(tmpdir/M2_ref_113.gjf) ends at: Thu Oct 24 16:49:33 2024
tmpdir/M2_ref_114.log exsits, skipt the computation!
Gauusian job(tmpdir/M2_ref_114.gjf) ends at: Thu Oct 24 16:49:33 2024
tmpdir/M2_ref_165.log exsits, skipt the computation!
Gauusian job(tmpdir/M2_ref_165.gjf) ends at: Thu Oct 24 16:49:33 2024
tmpdir/M2_ref_166.log exsits, skipt the computation!
Gauusian job(tmpdir/M2_ref_166.gjf) ends at: Thu Oct 24 16:49:33 2024
tmpdir/M2_ref_167.log exsits, skipt the computation!
Gauusian job(tmpdir/M2_ref_167.gjf) ends at: Thu Oct 24 16:49:33 2024
tmpdir/M2_ref_168.log exsits, skipt the computation!
Gauusian job(tmpdir/M2_ref_168.gjf) ends at: Thu Oct 24 16:49:33 2024
tmpdir/M2_ref_169.log exsits, skipt the computation!
Gauusian job(tmpdir/M2_ref_169.gjf) ends at: Thu Oct 24 16:49:33 2024
tmpdir/M2_ref_25.log exsits, skipt the computation!
Gauusian job(tmpdir/M2_ref_25.gjf) ends at: Thu Oct 24 16:49:33 2024
tmpdir/M2_ref_26.log exsits, skipt the computation!
Gauusian job(tmpdir/M2_ref_26.gjf) ends at: Thu Oct 24 16:49:33 2024
tmpdir/M2_ref_27.log exsits, skipt the computation!
Gauusian job(tmpdir/M2_ref_27.gjf) ends at: Thu Oct 24 16:49:33 2024
tmpdir/M2_ref_28.log exsits, skipt the computation!
Gauusian job(tmpdir/M2_ref_28.gjf) ends at: Thu Oct 24 16:49:33 2024
tmpdir/M2_ref_29.log exsits, skipt the computation!
Gauusian job(tmpdir/M2_ref_29.gjf) ends at: Thu Oct 24 16:49:33 2024
tmpdir/M2_ref_75.log exsits, skipt the computation!
Gauusian job(tmpdir/M2_ref_75.gjf) ends at: Thu Oct 24 16:49:33 2024
tmpdir/M2_ref_76.log exsits, skipt the computation!
Gauusian job(tmpdir/M2_ref_76.gjf) ends at: Thu Oct 24 16:49:33 2024
tmpdir/M2_ref_77.log exsits, skipt the computation!
Gauusian job(tmpdir/M2_ref_77.gjf) ends at: Thu Oct 24 16:49:33 2024
tmpdir/M2_ref_78.log exsits, skipt the computation!
Gauusian job(tmpdir/M2_ref_78.gjf) ends at: Thu Oct 24 16:49:33 2024
tmpdir/M2_ref_79.log exsits, skipt the computation!
Gauusian job(tmpdir/M2_ref_79.gjf) ends at: Thu Oct 24 16:49:33 2024
tmpdir/M2_ref_120.log exsits, skipt the computation!
Gauusian job(tmpdir/M2_ref_120.gjf) ends at: Thu Oct 24 16:49:33 2024
tmpdir/M2_ref_121.log exsits, skipt the computation!
Gauusian job(tmpdir/M2_ref_121.gjf) ends at: Thu Oct 24 16:49:33 2024
tmpdir/M2_ref_122.log exsits, skipt the computation!
Gauusian job(tmpdir/M2_ref_122.gjf) ends at: Thu Oct 24 16:49:33 2024
tmpdir/M2_ref_123.log exsits, skipt the computation!
Gauusian job(tmpdir/M2_ref_123.gjf) ends at: Thu Oct 24 16:49:33 2024
tmpdir/M2_ref_124.log exsits, skipt the computation!
Gauusian job(tmpdir/M2_ref_124.gjf) ends at: Thu Oct 24 16:49:33 2024
tmpdir/M2_ref_170.log exsits, skipt the computation!
Gauusian job(tmpdir/M2_ref_170.gjf) ends at: Thu Oct 24 16:49:33 2024
tmpdir/M2_ref_171.log exsits, skipt the computation!
Gauusian job(tmpdir/M2_ref_171.gjf) ends at: Thu Oct 24 16:49:33 2024
tmpdir/M2_ref_172.log exsits, skipt the computation!
Gauusian job(tmpdir/M2_ref_172.gjf) ends at: Thu Oct 24 16:49:33 2024
tmpdir/M2_ref_173.log exsits, skipt the computation!
Gauusian job(tmpdir/M2_ref_173.gjf) ends at: Thu Oct 24 16:49:33 2024
tmpdir/M2_ref_174.log exsits, skipt the computation!
Gauusian job(tmpdir/M2_ref_174.gjf) ends at: Thu Oct 24 16:49:33 2024
tmpdir/M2_ref_30.log exsits, skipt the computation!
Gauusian job(tmpdir/M2_ref_30.gjf) ends at: Thu Oct 24 16:49:33 2024
tmpdir/M2_ref_31.log exsits, skipt the computation!
Gauusian job(tmpdir/M2_ref_31.gjf) ends at: Thu Oct 24 16:49:33 2024
tmpdir/M2_ref_32.log exsits, skipt the computation!
Gauusian job(tmpdir/M2_ref_32.gjf) ends at: Thu Oct 24 16:49:33 2024
tmpdir/M2_ref_33.log exsits, skipt the computation!
Gauusian job(tmpdir/M2_ref_33.gjf) ends at: Thu Oct 24 16:49:33 2024
tmpdir/M2_ref_34.log exsits, skipt the computation!
Gauusian job(tmpdir/M2_ref_34.gjf) ends at: Thu Oct 24 16:49:33 2024
tmpdir/M2_ref_90.log exsits, skipt the computation!
Gauusian job(tmpdir/M2_ref_90.gjf) ends at: Thu Oct 24 16:49:33 2024
tmpdir/M2_ref_91.log exsits, skipt the computation!
Gauusian job(tmpdir/M2_ref_91.gjf) ends at: Thu Oct 24 16:49:33 2024
tmpdir/M2_ref_92.log exsits, skipt the computation!
Gauusian job(tmpdir/M2_ref_92.gjf) ends at: Thu Oct 24 16:49:33 2024
tmpdir/M2_ref_93.log exsits, skipt the computation!
Gauusian job(tmpdir/M2_ref_93.gjf) ends at: Thu Oct 24 16:49:33 2024
tmpdir/M2_ref_94.log exsits, skipt the computation!
Gauusian job(tmpdir/M2_ref_94.gjf) ends at: Thu Oct 24 16:49:33 2024
tmpdir/M2_ref_135.log exsits, skipt the computation!
Gauusian job(tmpdir/M2_ref_135.gjf) ends at: Thu Oct 24 16:49:33 2024
tmpdir/M2_ref_136.log exsits, skipt the computation!
Gauusian job(tmpdir/M2_ref_136.gjf) ends at: Thu Oct 24 16:49:33 2024
tmpdir/M2_ref_137.log exsits, skipt the computation!
Gauusian job(tmpdir/M2_ref_137.gjf) ends at: Thu Oct 24 16:49:33 2024
tmpdir/M2_ref_138.log exsits, skipt the computation!
Gauusian job(tmpdir/M2_ref_138.gjf) ends at: Thu Oct 24 16:49:33 2024
tmpdir/M2_ref_139.log exsits, skipt the computation!
Gauusian job(tmpdir/M2_ref_139.gjf) ends at: Thu Oct 24 16:49:33 2024
tmpdir/M2_ref_195.log exsits, skipt the computation!
Gauusian job(tmpdir/M2_ref_195.gjf) ends at: Thu Oct 24 16:49:33 2024
tmpdir/M2_ref_15.log exsits, skipt the computation!
Gauusian job(tmpdir/M2_ref_15.gjf) ends at: Thu Oct 24 16:49:33 2024
tmpdir/M2_ref_16.log exsits, skipt the computation!
Gauusian job(tmpdir/M2_ref_16.gjf) ends at: Thu Oct 24 16:49:33 2024
tmpdir/M2_ref_17.log exsits, skipt the computation!
Gauusian job(tmpdir/M2_ref_17.gjf) ends at: Thu Oct 24 16:49:33 2024
tmpdir/M2_ref_18.log exsits, skipt the computation!
Gauusian job(tmpdir/M2_ref_18.gjf) ends at: Thu Oct 24 16:49:33 2024
tmpdir/M2_ref_19.log exsits, skipt the computation!
Gauusian job(tmpdir/M2_ref_19.gjf) ends at: Thu Oct 24 16:49:33 2024
tmpdir/M2_ref_65.log exsits, skipt the computation!
Gauusian job(tmpdir/M2_ref_65.gjf) ends at: Thu Oct 24 16:49:33 2024
tmpdir/M2_ref_66.log exsits, skipt the computation!
Gauusian job(tmpdir/M2_ref_66.gjf) ends at: Thu Oct 24 16:49:33 2024
tmpdir/M2_ref_67.log exsits, skipt the computation!
Gauusian job(tmpdir/M2_ref_67.gjf) ends at: Thu Oct 24 16:49:33 2024
tmpdir/M2_ref_68.log exsits, skipt the computation!
Gauusian job(tmpdir/M2_ref_68.gjf) ends at: Thu Oct 24 16:49:33 2024
tmpdir/M2_ref_69.log exsits, skipt the computation!
Gauusian job(tmpdir/M2_ref_69.gjf) ends at: Thu Oct 24 16:49:33 2024
tmpdir/M2_ref_95.log exsits, skipt the computation!
Gauusian job(tmpdir/M2_ref_95.gjf) ends at: Thu Oct 24 16:49:33 2024
tmpdir/M2_ref_96.log exsits, skipt the computation!
Gauusian job(tmpdir/M2_ref_96.gjf) ends at: Thu Oct 24 16:49:33 2024
tmpdir/M2_ref_97.log exsits, skipt the computation!
Gauusian job(tmpdir/M2_ref_97.gjf) ends at: Thu Oct 24 16:49:33 2024
tmpdir/M2_ref_98.log exsits, skipt the computation!
Gauusian job(tmpdir/M2_ref_98.gjf) ends at: Thu Oct 24 16:49:33 2024
tmpdir/M2_ref_99.log exsits, skipt the computation!
Gauusian job(tmpdir/M2_ref_99.gjf) ends at: Thu Oct 24 16:49:33 2024
tmpdir/M2_ref_130.log exsits, skipt the computation!
Gauusian job(tmpdir/M2_ref_130.gjf) ends at: Thu Oct 24 16:49:33 2024
tmpdir/M2_ref_131.log exsits, skipt the computation!
Gauusian job(tmpdir/M2_ref_131.gjf) ends at: Thu Oct 24 16:49:33 2024
tmpdir/M2_ref_132.log exsits, skipt the computation!
Gauusian job(tmpdir/M2_ref_132.gjf) ends at: Thu Oct 24 16:49:33 2024
tmpdir/M2_ref_133.log exsits, skipt the computation!
Gauusian job(tmpdir/M2_ref_133.gjf) ends at: Thu Oct 24 16:49:33 2024
tmpdir/M2_ref_134.log exsits, skipt the computation!
Gauusian job(tmpdir/M2_ref_134.gjf) ends at: Thu Oct 24 16:49:33 2024
tmpdir/M2_ref_185.log exsits, skipt the computation!
Gauusian job(tmpdir/M2_ref_185.gjf) ends at: Thu Oct 24 16:49:33 2024
tmpdir/M2_ref_186.log exsits, skipt the computation!
Gauusian job(tmpdir/M2_ref_186.gjf) ends at: Thu Oct 24 16:49:33 2024
tmpdir/M2_ref_187.log exsits, skipt the computation!
Gauusian job(tmpdir/M2_ref_187.gjf) ends at: Thu Oct 24 16:49:33 2024
tmpdir/M2_ref_188.log exsits, skipt the computation!
Gauusian job(tmpdir/M2_ref_188.gjf) ends at: Thu Oct 24 16:49:33 2024
tmpdir/M2_ref_189.log exsits, skipt the computation!
Gauusian job(tmpdir/M2_ref_189.gjf) ends at: Thu Oct 24 16:49:33 2024
tmpdir/M2_ref_35.log exsits, skipt the computation!
Gauusian job(tmpdir/M2_ref_35.gjf) ends at: Thu Oct 24 16:49:33 2024
tmpdir/M2_ref_36.log exsits, skipt the computation!
Gauusian job(tmpdir/M2_ref_36.gjf) ends at: Thu Oct 24 16:49:33 2024
tmpdir/M2_ref_37.log exsits, skipt the computation!
Gauusian job(tmpdir/M2_ref_37.gjf) ends at: Thu Oct 24 16:49:33 2024
tmpdir/M2_ref_38.log exsits, skipt the computation!
Gauusian job(tmpdir/M2_ref_38.gjf) ends at: Thu Oct 24 16:49:33 2024
tmpdir/M2_ref_39.log exsits, skipt the computation!
Gauusian job(tmpdir/M2_ref_39.gjf) ends at: Thu Oct 24 16:49:33 2024
tmpdir/M2_ref_125.log exsits, skipt the computation!
Gauusian job(tmpdir/M2_ref_125.gjf) ends at: Thu Oct 24 16:49:33 2024
tmpdir/M2_ref_126.log exsits, skipt the computation!
Gauusian job(tmpdir/M2_ref_126.gjf) ends at: Thu Oct 24 16:49:33 2024
tmpdir/M2_ref_127.log exsits, skipt the computation!
Gauusian job(tmpdir/M2_ref_127.gjf) ends at: Thu Oct 24 16:49:33 2024
tmpdir/M2_ref_128.log exsits, skipt the computation!
Gauusian job(tmpdir/M2_ref_128.gjf) ends at: Thu Oct 24 16:49:33 2024
tmpdir/M2_ref_129.log exsits, skipt the computation!
Gauusian job(tmpdir/M2_ref_129.gjf) ends at: Thu Oct 24 16:49:33 2024
tmpdir/M2_ref_20.log exsits, skipt the computation!
Gauusian job(tmpdir/M2_ref_20.gjf) ends at: Thu Oct 24 16:49:33 2024
tmpdir/M2_ref_21.log exsits, skipt the computation!
Gauusian job(tmpdir/M2_ref_21.gjf) ends at: Thu Oct 24 16:49:33 2024
tmpdir/M2_ref_22.log exsits, skipt the computation!
Gauusian job(tmpdir/M2_ref_22.gjf) ends at: Thu Oct 24 16:49:33 2024
tmpdir/M2_ref_23.log exsits, skipt the computation!
Gauusian job(tmpdir/M2_ref_23.gjf) ends at: Thu Oct 24 16:49:33 2024
tmpdir/M2_ref_24.log exsits, skipt the computation!
Gauusian job(tmpdir/M2_ref_24.gjf) ends at: Thu Oct 24 16:49:33 2024
tmpdir/M2_ref_70.log exsits, skipt the computation!
Gauusian job(tmpdir/M2_ref_70.gjf) ends at: Thu Oct 24 16:49:33 2024
tmpdir/M2_ref_71.log exsits, skipt the computation!
Gauusian job(tmpdir/M2_ref_71.gjf) ends at: Thu Oct 24 16:49:33 2024
tmpdir/M2_ref_72.log exsits, skipt the computation!
Gauusian job(tmpdir/M2_ref_72.gjf) ends at: Thu Oct 24 16:49:33 2024
tmpdir/M2_ref_73.log exsits, skipt the computation!
Gauusian job(tmpdir/M2_ref_73.gjf) ends at: Thu Oct 24 16:49:33 2024
tmpdir/M2_ref_74.log exsits, skipt the computation!
Gauusian job(tmpdir/M2_ref_74.gjf) ends at: Thu Oct 24 16:49:33 2024
tmpdir/M2_ref_115.log exsits, skipt the computation!
Gauusian job(tmpdir/M2_ref_115.gjf) ends at: Thu Oct 24 16:49:33 2024
tmpdir/M2_ref_116.log exsits, skipt the computation!
Gauusian job(tmpdir/M2_ref_116.gjf) ends at: Thu Oct 24 16:49:33 2024
tmpdir/M2_ref_117.log exsits, skipt the computation!
Gauusian job(tmpdir/M2_ref_117.gjf) ends at: Thu Oct 24 16:49:33 2024
tmpdir/M2_ref_118.log exsits, skipt the computation!
Gauusian job(tmpdir/M2_ref_118.gjf) ends at: Thu Oct 24 16:49:33 2024
tmpdir/M2_ref_119.log exsits, skipt the computation!
Gauusian job(tmpdir/M2_ref_119.gjf) ends at: Thu Oct 24 16:49:33 2024
tmpdir/M2_ref_145.log exsits, skipt the computation!
Gauusian job(tmpdir/M2_ref_145.gjf) ends at: Thu Oct 24 16:49:33 2024
tmpdir/M2_ref_146.log exsits, skipt the computation!
Gauusian job(tmpdir/M2_ref_146.gjf) ends at: Thu Oct 24 16:49:33 2024
tmpdir/M2_ref_147.log exsits, skipt the computation!
Gauusian job(tmpdir/M2_ref_147.gjf) ends at: Thu Oct 24 16:49:33 2024
tmpdir/M2_ref_148.log exsits, skipt the computation!
Gauusian job(tmpdir/M2_ref_148.gjf) ends at: Thu Oct 24 16:49:33 2024
tmpdir/M2_ref_149.log exsits, skipt the computation!
Gauusian job(tmpdir/M2_ref_149.gjf) ends at: Thu Oct 24 16:49:33 2024
tmpdir/M2_ref_190.log exsits, skipt the computation!
Gauusian job(tmpdir/M2_ref_190.gjf) ends at: Thu Oct 24 16:49:33 2024
tmpdir/M2_ref_191.log exsits, skipt the computation!
Gauusian job(tmpdir/M2_ref_191.gjf) ends at: Thu Oct 24 16:49:33 2024
tmpdir/M2_ref_192.log exsits, skipt the computation!
Gauusian job(tmpdir/M2_ref_192.gjf) ends at: Thu Oct 24 16:49:33 2024
tmpdir/M2_ref_193.log exsits, skipt the computation!
Gauusian job(tmpdir/M2_ref_193.gjf) ends at: Thu Oct 24 16:49:33 2024
tmpdir/M2_ref_194.log exsits, skipt the computation!
Gauusian job(tmpdir/M2_ref_194.gjf) ends at: Thu Oct 24 16:49:33 2024
tmpdir/M2_ref_0.log exsits, skipt the computation!
Gauusian job(tmpdir/M2_ref_0.gjf) ends at: Thu Oct 24 16:49:33 2024
tmpdir/M2_ref_1.log exsits, skipt the computation!
Gauusian job(tmpdir/M2_ref_1.gjf) ends at: Thu Oct 24 16:49:33 2024
tmpdir/M2_ref_2.log exsits, skipt the computation!
Gauusian job(tmpdir/M2_ref_2.gjf) ends at: Thu Oct 24 16:49:33 2024
tmpdir/M2_ref_3.log exsits, skipt the computation!
Gauusian job(tmpdir/M2_ref_3.gjf) ends at: Thu Oct 24 16:49:33 2024
tmpdir/M2_ref_4.log exsits, skipt the computation!
Gauusian job(tmpdir/M2_ref_4.gjf) ends at: Thu Oct 24 16:49:33 2024
tmpdir/M2_ref_80.log exsits, skipt the computation!
Gauusian job(tmpdir/M2_ref_80.gjf) ends at: Thu Oct 24 16:49:33 2024
tmpdir/M2_ref_81.log exsits, skipt the computation!
Gauusian job(tmpdir/M2_ref_81.gjf) ends at: Thu Oct 24 16:49:33 2024
tmpdir/M2_ref_82.log exsits, skipt the computation!
Gauusian job(tmpdir/M2_ref_82.gjf) ends at: Thu Oct 24 16:49:33 2024
tmpdir/M2_ref_83.log exsits, skipt the computation!
Gauusian job(tmpdir/M2_ref_83.gjf) ends at: Thu Oct 24 16:49:33 2024
tmpdir/M2_ref_84.log exsits, skipt the computation!
Gauusian job(tmpdir/M2_ref_84.gjf) ends at: Thu Oct 24 16:49:33 2024
tmpdir/M2_ref_155.log exsits, skipt the computation!
Gauusian job(tmpdir/M2_ref_155.gjf) ends at: Thu Oct 24 16:49:33 2024
tmpdir/M2_ref_156.log exsits, skipt the computation!
Gauusian job(tmpdir/M2_ref_156.gjf) ends at: Thu Oct 24 16:49:33 2024
tmpdir/M2_ref_157.log exsits, skipt the computation!
Gauusian job(tmpdir/M2_ref_157.gjf) ends at: Thu Oct 24 16:49:33 2024
tmpdir/M2_ref_158.log exsits, skipt the computation!
Gauusian job(tmpdir/M2_ref_158.gjf) ends at: Thu Oct 24 16:49:33 2024
tmpdir/M2_ref_159.log exsits, skipt the computation!
Gauusian job(tmpdir/M2_ref_159.gjf) ends at: Thu Oct 24 16:49:33 2024
tmpdir/M2_ref_55.log exsits, skipt the computation!
Gauusian job(tmpdir/M2_ref_55.gjf) ends at: Thu Oct 24 16:49:33 2024
tmpdir/M2_ref_56.log exsits, skipt the computation!
Gauusian job(tmpdir/M2_ref_56.gjf) ends at: Thu Oct 24 16:49:33 2024
tmpdir/M2_ref_57.log exsits, skipt the computation!
Gauusian job(tmpdir/M2_ref_57.gjf) ends at: Thu Oct 24 16:49:33 2024
tmpdir/M2_ref_58.log exsits, skipt the computation!
Gauusian job(tmpdir/M2_ref_58.gjf) ends at: Thu Oct 24 16:49:33 2024
tmpdir/M2_ref_59.log exsits, skipt the computation!
Gauusian job(tmpdir/M2_ref_59.gjf) ends at: Thu Oct 24 16:49:33 2024
tmpdir/M2_ref_175.log exsits, skipt the computation!
Gauusian job(tmpdir/M2_ref_175.gjf) ends at: Thu Oct 24 16:49:33 2024
tmpdir/M2_ref_176.log exsits, skipt the computation!
Gauusian job(tmpdir/M2_ref_176.gjf) ends at: Thu Oct 24 16:49:33 2024
tmpdir/M2_ref_177.log exsits, skipt the computation!
Gauusian job(tmpdir/M2_ref_177.gjf) ends at: Thu Oct 24 16:49:33 2024
tmpdir/M2_ref_178.log exsits, skipt the computation!
Gauusian job(tmpdir/M2_ref_178.gjf) ends at: Thu Oct 24 16:49:33 2024
tmpdir/M2_ref_179.log exsits, skipt the computation!
Gauusian job(tmpdir/M2_ref_179.gjf) ends at: Thu Oct 24 16:49:33 2024
tmpdir/M2_ref_50.log exsits, skipt the computation!
Gauusian job(tmpdir/M2_ref_50.gjf) ends at: Thu Oct 24 16:49:33 2024
tmpdir/M2_ref_51.log exsits, skipt the computation!
Gauusian job(tmpdir/M2_ref_51.gjf) ends at: Thu Oct 24 16:49:33 2024
tmpdir/M2_ref_52.log exsits, skipt the computation!
Gauusian job(tmpdir/M2_ref_52.gjf) ends at: Thu Oct 24 16:49:33 2024
tmpdir/M2_ref_53.log exsits, skipt the computation!
Gauusian job(tmpdir/M2_ref_53.gjf) ends at: Thu Oct 24 16:49:33 2024
tmpdir/M2_ref_54.log exsits, skipt the computation!
Gauusian job(tmpdir/M2_ref_54.gjf) ends at: Thu Oct 24 16:49:33 2024
tmpdir/M2_ref_180.log exsits, skipt the computation!
Gauusian job(tmpdir/M2_ref_180.gjf) ends at: Thu Oct 24 16:49:33 2024
tmpdir/M2_ref_181.log exsits, skipt the computation!
Gauusian job(tmpdir/M2_ref_181.gjf) ends at: Thu Oct 24 16:49:33 2024
tmpdir/M2_ref_182.log exsits, skipt the computation!
Gauusian job(tmpdir/M2_ref_182.gjf) ends at: Thu Oct 24 16:49:33 2024
tmpdir/M2_ref_183.log exsits, skipt the computation!
Gauusian job(tmpdir/M2_ref_183.gjf) ends at: Thu Oct 24 16:49:33 2024
tmpdir/M2_ref_184.log exsits, skipt the computation!
Gauusian job(tmpdir/M2_ref_184.gjf) ends at: Thu Oct 24 16:49:33 2024
Gaussian computations finish at: Thu Oct 24 16:49:33 2024

***************conf 0***************
196 Gaussian  gjfs have been created!
Gaussian computations begin at: Thu Oct 24 16:49:33 2024

tmpdir/M2_conf_0_0.log exsits, skipt the computation!
Gauusian job(tmpdir/M2_conf_0_0.gjf) ends at: Thu Oct 24 16:49:33 2024
tmpdir/M2_conf_0_1.log exsits, skipt the computation!
Gauusian job(tmpdir/M2_conf_0_1.gjf) ends at: Thu Oct 24 16:49:33 2024
tmpdir/M2_conf_0_2.log exsits, skipt the computation!
Gauusian job(tmpdir/M2_conf_0_2.gjf) ends at: Thu Oct 24 16:49:33 2024
tmpdir/M2_conf_0_3.log exsits, skipt the computation!
Gauusian job(tmpdir/M2_conf_0_3.gjf) ends at: Thu Oct 24 16:49:33 2024
tmpdir/M2_conf_0_4.log exsits, skipt the computation!
Gauusian job(tmpdir/M2_conf_0_4.gjf) ends at: Thu Oct 24 16:49:33 2024
tmpdir/M2_conf_0_80.log exsits, skipt the computation!
Gauusian job(tmpdir/M2_conf_0_80.gjf) ends at: Thu Oct 24 16:49:33 2024
tmpdir/M2_conf_0_81.log exsits, skipt the computation!
Gauusian job(tmpdir/M2_conf_0_81.gjf) ends at: Thu Oct 24 16:49:33 2024
tmpdir/M2_conf_0_82.log exsits, skipt the computation!
Gauusian job(tmpdir/M2_conf_0_82.gjf) ends at: Thu Oct 24 16:49:33 2024
tmpdir/M2_conf_0_83.log exsits, skipt the computation!
Gauusian job(tmpdir/M2_conf_0_83.gjf) ends at: Thu Oct 24 16:49:33 2024
tmpdir/M2_conf_0_84.log exsits, skipt the computation!
Gauusian job(tmpdir/M2_conf_0_84.gjf) ends at: Thu Oct 24 16:49:33 2024
tmpdir/M2_conf_0_135.log exsits, skipt the computation!
Gauusian job(tmpdir/M2_conf_0_135.gjf) ends at: Thu Oct 24 16:49:33 2024
tmpdir/M2_conf_0_136.log exsits, skipt the computation!
Gauusian job(tmpdir/M2_conf_0_136.gjf) ends at: Thu Oct 24 16:49:33 2024
tmpdir/M2_conf_0_137.log exsits, skipt the computation!
Gauusian job(tmpdir/M2_conf_0_137.gjf) ends at: Thu Oct 24 16:49:33 2024
tmpdir/M2_conf_0_138.log exsits, skipt the computation!
Gauusian job(tmpdir/M2_conf_0_138.gjf) ends at: Thu Oct 24 16:49:33 2024
tmpdir/M2_conf_0_139.log exsits, skipt the computation!
Gauusian job(tmpdir/M2_conf_0_139.gjf) ends at: Thu Oct 24 16:49:33 2024
tmpdir/M2_conf_0_5.log exsits, skipt the computation!
Gauusian job(tmpdir/M2_conf_0_5.gjf) ends at: Thu Oct 24 16:49:33 2024
tmpdir/M2_conf_0_6.log exsits, skipt the computation!
Gauusian job(tmpdir/M2_conf_0_6.gjf) ends at: Thu Oct 24 16:49:33 2024
tmpdir/M2_conf_0_7.log exsits, skipt the computation!
Gauusian job(tmpdir/M2_conf_0_7.gjf) ends at: Thu Oct 24 16:49:33 2024
tmpdir/M2_conf_0_8.log exsits, skipt the computation!
Gauusian job(tmpdir/M2_conf_0_8.gjf) ends at: Thu Oct 24 16:49:33 2024
tmpdir/M2_conf_0_9.log exsits, skipt the computation!
Gauusian job(tmpdir/M2_conf_0_9.gjf) ends at: Thu Oct 24 16:49:33 2024
tmpdir/M2_conf_0_65.log exsits, skipt the computation!
Gauusian job(tmpdir/M2_conf_0_65.gjf) ends at: Thu Oct 24 16:49:33 2024
tmpdir/M2_conf_0_66.log exsits, skipt the computation!
Gauusian job(tmpdir/M2_conf_0_66.gjf) ends at: Thu Oct 24 16:49:33 2024
tmpdir/M2_conf_0_67.log exsits, skipt the computation!
Gauusian job(tmpdir/M2_conf_0_67.gjf) ends at: Thu Oct 24 16:49:33 2024
tmpdir/M2_conf_0_68.log exsits, skipt the computation!
Gauusian job(tmpdir/M2_conf_0_68.gjf) ends at: Thu Oct 24 16:49:33 2024
tmpdir/M2_conf_0_69.log exsits, skipt the computation!
Gauusian job(tmpdir/M2_conf_0_69.gjf) ends at: Thu Oct 24 16:49:33 2024
tmpdir/M2_conf_0_100.log exsits, skipt the computation!
Gauusian job(tmpdir/M2_conf_0_100.gjf) ends at: Thu Oct 24 16:49:33 2024
tmpdir/M2_conf_0_101.log exsits, skipt the computation!
Gauusian job(tmpdir/M2_conf_0_101.gjf) ends at: Thu Oct 24 16:49:33 2024
tmpdir/M2_conf_0_102.log exsits, skipt the computation!
Gauusian job(tmpdir/M2_conf_0_102.gjf) ends at: Thu Oct 24 16:49:33 2024
tmpdir/M2_conf_0_103.log exsits, skipt the computation!
Gauusian job(tmpdir/M2_conf_0_103.gjf) ends at: Thu Oct 24 16:49:33 2024
tmpdir/M2_conf_0_104.log exsits, skipt the computation!
Gauusian job(tmpdir/M2_conf_0_104.gjf) ends at: Thu Oct 24 16:49:33 2024
tmpdir/M2_conf_0_150.log exsits, skipt the computation!
Gauusian job(tmpdir/M2_conf_0_150.gjf) ends at: Thu Oct 24 16:49:33 2024
tmpdir/M2_conf_0_151.log exsits, skipt the computation!
Gauusian job(tmpdir/M2_conf_0_151.gjf) ends at: Thu Oct 24 16:49:33 2024
tmpdir/M2_conf_0_152.log exsits, skipt the computation!
Gauusian job(tmpdir/M2_conf_0_152.gjf) ends at: Thu Oct 24 16:49:33 2024
tmpdir/M2_conf_0_153.log exsits, skipt the computation!
Gauusian job(tmpdir/M2_conf_0_153.gjf) ends at: Thu Oct 24 16:49:33 2024
tmpdir/M2_conf_0_154.log exsits, skipt the computation!
Gauusian job(tmpdir/M2_conf_0_154.gjf) ends at: Thu Oct 24 16:49:33 2024
tmpdir/M2_conf_0_35.log exsits, skipt the computation!
Gauusian job(tmpdir/M2_conf_0_35.gjf) ends at: Thu Oct 24 16:49:33 2024
tmpdir/M2_conf_0_36.log exsits, skipt the computation!
Gauusian job(tmpdir/M2_conf_0_36.gjf) ends at: Thu Oct 24 16:49:33 2024
tmpdir/M2_conf_0_37.log exsits, skipt the computation!
Gauusian job(tmpdir/M2_conf_0_37.gjf) ends at: Thu Oct 24 16:49:33 2024
tmpdir/M2_conf_0_38.log exsits, skipt the computation!
Gauusian job(tmpdir/M2_conf_0_38.gjf) ends at: Thu Oct 24 16:49:33 2024
tmpdir/M2_conf_0_39.log exsits, skipt the computation!
Gauusian job(tmpdir/M2_conf_0_39.gjf) ends at: Thu Oct 24 16:49:33 2024
tmpdir/M2_conf_0_125.log exsits, skipt the computation!
Gauusian job(tmpdir/M2_conf_0_125.gjf) ends at: Thu Oct 24 16:49:33 2024
tmpdir/M2_conf_0_126.log exsits, skipt the computation!
Gauusian job(tmpdir/M2_conf_0_126.gjf) ends at: Thu Oct 24 16:49:33 2024
tmpdir/M2_conf_0_127.log exsits, skipt the computation!
Gauusian job(tmpdir/M2_conf_0_127.gjf) ends at: Thu Oct 24 16:49:33 2024
tmpdir/M2_conf_0_128.log exsits, skipt the computation!
Gauusian job(tmpdir/M2_conf_0_128.gjf) ends at: Thu Oct 24 16:49:33 2024
tmpdir/M2_conf_0_129.log exsits, skipt the computation!
Gauusian job(tmpdir/M2_conf_0_129.gjf) ends at: Thu Oct 24 16:49:33 2024
tmpdir/M2_conf_0_25.log exsits, skipt the computation!
Gauusian job(tmpdir/M2_conf_0_25.gjf) ends at: Thu Oct 24 16:49:33 2024
tmpdir/M2_conf_0_26.log exsits, skipt the computation!
Gauusian job(tmpdir/M2_conf_0_26.gjf) ends at: Thu Oct 24 16:49:33 2024
tmpdir/M2_conf_0_27.log exsits, skipt the computation!
Gauusian job(tmpdir/M2_conf_0_27.gjf) ends at: Thu Oct 24 16:49:33 2024
tmpdir/M2_conf_0_28.log exsits, skipt the computation!
Gauusian job(tmpdir/M2_conf_0_28.gjf) ends at: Thu Oct 24 16:49:33 2024
tmpdir/M2_conf_0_29.log exsits, skipt the computation!
Gauusian job(tmpdir/M2_conf_0_29.gjf) ends at: Thu Oct 24 16:49:33 2024
tmpdir/M2_conf_0_85.log exsits, skipt the computation!
Gauusian job(tmpdir/M2_conf_0_85.gjf) ends at: Thu Oct 24 16:49:33 2024
tmpdir/M2_conf_0_86.log exsits, skipt the computation!
Gauusian job(tmpdir/M2_conf_0_86.gjf) ends at: Thu Oct 24 16:49:33 2024
tmpdir/M2_conf_0_87.log exsits, skipt the computation!
Gauusian job(tmpdir/M2_conf_0_87.gjf) ends at: Thu Oct 24 16:49:33 2024
tmpdir/M2_conf_0_88.log exsits, skipt the computation!
Gauusian job(tmpdir/M2_conf_0_88.gjf) ends at: Thu Oct 24 16:49:33 2024
tmpdir/M2_conf_0_89.log exsits, skipt the computation!
Gauusian job(tmpdir/M2_conf_0_89.gjf) ends at: Thu Oct 24 16:49:33 2024
tmpdir/M2_conf_0_130.log exsits, skipt the computation!
Gauusian job(tmpdir/M2_conf_0_130.gjf) ends at: Thu Oct 24 16:49:33 2024
tmpdir/M2_conf_0_131.log exsits, skipt the computation!
Gauusian job(tmpdir/M2_conf_0_131.gjf) ends at: Thu Oct 24 16:49:33 2024
tmpdir/M2_conf_0_132.log exsits, skipt the computation!
Gauusian job(tmpdir/M2_conf_0_132.gjf) ends at: Thu Oct 24 16:49:33 2024
tmpdir/M2_conf_0_133.log exsits, skipt the computation!
Gauusian job(tmpdir/M2_conf_0_133.gjf) ends at: Thu Oct 24 16:49:33 2024
tmpdir/M2_conf_0_134.log exsits, skipt the computation!
Gauusian job(tmpdir/M2_conf_0_134.gjf) ends at: Thu Oct 24 16:49:33 2024
tmpdir/M2_conf_0_195.log exsits, skipt the computation!
Gauusian job(tmpdir/M2_conf_0_195.gjf) ends at: Thu Oct 24 16:49:33 2024
tmpdir/M2_conf_0_20.log exsits, skipt the computation!
Gauusian job(tmpdir/M2_conf_0_20.gjf) ends at: Thu Oct 24 16:49:33 2024
tmpdir/M2_conf_0_21.log exsits, skipt the computation!
Gauusian job(tmpdir/M2_conf_0_21.gjf) ends at: Thu Oct 24 16:49:33 2024
tmpdir/M2_conf_0_22.log exsits, skipt the computation!
Gauusian job(tmpdir/M2_conf_0_22.gjf) ends at: Thu Oct 24 16:49:33 2024
tmpdir/M2_conf_0_23.log exsits, skipt the computation!
Gauusian job(tmpdir/M2_conf_0_23.gjf) ends at: Thu Oct 24 16:49:33 2024
tmpdir/M2_conf_0_24.log exsits, skipt the computation!
Gauusian job(tmpdir/M2_conf_0_24.gjf) ends at: Thu Oct 24 16:49:33 2024
tmpdir/M2_conf_0_70.log exsits, skipt the computation!
Gauusian job(tmpdir/M2_conf_0_70.gjf) ends at: Thu Oct 24 16:49:33 2024
tmpdir/M2_conf_0_71.log exsits, skipt the computation!
Gauusian job(tmpdir/M2_conf_0_71.gjf) ends at: Thu Oct 24 16:49:33 2024
tmpdir/M2_conf_0_72.log exsits, skipt the computation!
Gauusian job(tmpdir/M2_conf_0_72.gjf) ends at: Thu Oct 24 16:49:33 2024
tmpdir/M2_conf_0_73.log exsits, skipt the computation!
Gauusian job(tmpdir/M2_conf_0_73.gjf) ends at: Thu Oct 24 16:49:33 2024
tmpdir/M2_conf_0_74.log exsits, skipt the computation!
Gauusian job(tmpdir/M2_conf_0_74.gjf) ends at: Thu Oct 24 16:49:33 2024
tmpdir/M2_conf_0_110.log exsits, skipt the computation!
Gauusian job(tmpdir/M2_conf_0_110.gjf) ends at: Thu Oct 24 16:49:33 2024
tmpdir/M2_conf_0_111.log exsits, skipt the computation!
Gauusian job(tmpdir/M2_conf_0_111.gjf) ends at: Thu Oct 24 16:49:33 2024
tmpdir/M2_conf_0_112.log exsits, skipt the computation!
Gauusian job(tmpdir/M2_conf_0_112.gjf) ends at: Thu Oct 24 16:49:33 2024
tmpdir/M2_conf_0_113.log exsits, skipt the computation!
Gauusian job(tmpdir/M2_conf_0_113.gjf) ends at: Thu Oct 24 16:49:33 2024
tmpdir/M2_conf_0_114.log exsits, skipt the computation!
Gauusian job(tmpdir/M2_conf_0_114.gjf) ends at: Thu Oct 24 16:49:33 2024
tmpdir/M2_conf_0_165.log exsits, skipt the computation!
Gauusian job(tmpdir/M2_conf_0_165.gjf) ends at: Thu Oct 24 16:49:33 2024
tmpdir/M2_conf_0_166.log exsits, skipt the computation!
Gauusian job(tmpdir/M2_conf_0_166.gjf) ends at: Thu Oct 24 16:49:33 2024
tmpdir/M2_conf_0_167.log exsits, skipt the computation!
Gauusian job(tmpdir/M2_conf_0_167.gjf) ends at: Thu Oct 24 16:49:33 2024
tmpdir/M2_conf_0_168.log exsits, skipt the computation!
Gauusian job(tmpdir/M2_conf_0_168.gjf) ends at: Thu Oct 24 16:49:33 2024
tmpdir/M2_conf_0_169.log exsits, skipt the computation!
Gauusian job(tmpdir/M2_conf_0_169.gjf) ends at: Thu Oct 24 16:49:33 2024
tmpdir/M2_conf_0_10.log exsits, skipt the computation!
Gauusian job(tmpdir/M2_conf_0_10.gjf) ends at: Thu Oct 24 16:49:33 2024
tmpdir/M2_conf_0_11.log exsits, skipt the computation!
Gauusian job(tmpdir/M2_conf_0_11.gjf) ends at: Thu Oct 24 16:49:33 2024
tmpdir/M2_conf_0_12.log exsits, skipt the computation!
Gauusian job(tmpdir/M2_conf_0_12.gjf) ends at: Thu Oct 24 16:49:33 2024
tmpdir/M2_conf_0_13.log exsits, skipt the computation!
Gauusian job(tmpdir/M2_conf_0_13.gjf) ends at: Thu Oct 24 16:49:33 2024
tmpdir/M2_conf_0_14.log exsits, skipt the computation!
Gauusian job(tmpdir/M2_conf_0_14.gjf) ends at: Thu Oct 24 16:49:33 2024
tmpdir/M2_conf_0_60.log exsits, skipt the computation!
Gauusian job(tmpdir/M2_conf_0_60.gjf) ends at: Thu Oct 24 16:49:33 2024
tmpdir/M2_conf_0_61.log exsits, skipt the computation!
Gauusian job(tmpdir/M2_conf_0_61.gjf) ends at: Thu Oct 24 16:49:33 2024
tmpdir/M2_conf_0_62.log exsits, skipt the computation!
Gauusian job(tmpdir/M2_conf_0_62.gjf) ends at: Thu Oct 24 16:49:33 2024
tmpdir/M2_conf_0_63.log exsits, skipt the computation!
Gauusian job(tmpdir/M2_conf_0_63.gjf) ends at: Thu Oct 24 16:49:33 2024
tmpdir/M2_conf_0_64.log exsits, skipt the computation!
Gauusian job(tmpdir/M2_conf_0_64.gjf) ends at: Thu Oct 24 16:49:33 2024
tmpdir/M2_conf_0_95.log exsits, skipt the computation!
Gauusian job(tmpdir/M2_conf_0_95.gjf) ends at: Thu Oct 24 16:49:33 2024
tmpdir/M2_conf_0_96.log exsits, skipt the computation!
Gauusian job(tmpdir/M2_conf_0_96.gjf) ends at: Thu Oct 24 16:49:33 2024
tmpdir/M2_conf_0_97.log exsits, skipt the computation!
Gauusian job(tmpdir/M2_conf_0_97.gjf) ends at: Thu Oct 24 16:49:33 2024
tmpdir/M2_conf_0_98.log exsits, skipt the computation!
Gauusian job(tmpdir/M2_conf_0_98.gjf) ends at: Thu Oct 24 16:49:33 2024
tmpdir/M2_conf_0_99.log exsits, skipt the computation!
Gauusian job(tmpdir/M2_conf_0_99.gjf) ends at: Thu Oct 24 16:49:33 2024
tmpdir/M2_conf_0_145.log exsits, skipt the computation!
Gauusian job(tmpdir/M2_conf_0_145.gjf) ends at: Thu Oct 24 16:49:33 2024
tmpdir/M2_conf_0_146.log exsits, skipt the computation!
Gauusian job(tmpdir/M2_conf_0_146.gjf) ends at: Thu Oct 24 16:49:33 2024
tmpdir/M2_conf_0_147.log exsits, skipt the computation!
Gauusian job(tmpdir/M2_conf_0_147.gjf) ends at: Thu Oct 24 16:49:33 2024
tmpdir/M2_conf_0_148.log exsits, skipt the computation!
Gauusian job(tmpdir/M2_conf_0_148.gjf) ends at: Thu Oct 24 16:49:33 2024
tmpdir/M2_conf_0_149.log exsits, skipt the computation!
Gauusian job(tmpdir/M2_conf_0_149.gjf) ends at: Thu Oct 24 16:49:33 2024
tmpdir/M2_conf_0_180.log exsits, skipt the computation!
Gauusian job(tmpdir/M2_conf_0_180.gjf) ends at: Thu Oct 24 16:49:33 2024
tmpdir/M2_conf_0_181.log exsits, skipt the computation!
Gauusian job(tmpdir/M2_conf_0_181.gjf) ends at: Thu Oct 24 16:49:33 2024
tmpdir/M2_conf_0_182.log exsits, skipt the computation!
Gauusian job(tmpdir/M2_conf_0_182.gjf) ends at: Thu Oct 24 16:49:33 2024
tmpdir/M2_conf_0_183.log exsits, skipt the computation!
Gauusian job(tmpdir/M2_conf_0_183.gjf) ends at: Thu Oct 24 16:49:33 2024
tmpdir/M2_conf_0_184.log exsits, skipt the computation!
Gauusian job(tmpdir/M2_conf_0_184.gjf) ends at: Thu Oct 24 16:49:33 2024
tmpdir/M2_conf_0_50.log exsits, skipt the computation!
Gauusian job(tmpdir/M2_conf_0_50.gjf) ends at: Thu Oct 24 16:49:33 2024
tmpdir/M2_conf_0_51.log exsits, skipt the computation!
Gauusian job(tmpdir/M2_conf_0_51.gjf) ends at: Thu Oct 24 16:49:33 2024
tmpdir/M2_conf_0_52.log exsits, skipt the computation!
Gauusian job(tmpdir/M2_conf_0_52.gjf) ends at: Thu Oct 24 16:49:33 2024
tmpdir/M2_conf_0_53.log exsits, skipt the computation!
Gauusian job(tmpdir/M2_conf_0_53.gjf) ends at: Thu Oct 24 16:49:33 2024
tmpdir/M2_conf_0_54.log exsits, skipt the computation!
Gauusian job(tmpdir/M2_conf_0_54.gjf) ends at: Thu Oct 24 16:49:33 2024
tmpdir/M2_conf_0_155.log exsits, skipt the computation!
Gauusian job(tmpdir/M2_conf_0_155.gjf) ends at: Thu Oct 24 16:49:33 2024
tmpdir/M2_conf_0_156.log exsits, skipt the computation!
Gauusian job(tmpdir/M2_conf_0_156.gjf) ends at: Thu Oct 24 16:49:33 2024
tmpdir/M2_conf_0_157.log exsits, skipt the computation!
Gauusian job(tmpdir/M2_conf_0_157.gjf) ends at: Thu Oct 24 16:49:33 2024
tmpdir/M2_conf_0_158.log exsits, skipt the computation!
Gauusian job(tmpdir/M2_conf_0_158.gjf) ends at: Thu Oct 24 16:49:33 2024
tmpdir/M2_conf_0_159.log exsits, skipt the computation!
Gauusian job(tmpdir/M2_conf_0_159.gjf) ends at: Thu Oct 24 16:49:33 2024
tmpdir/M2_conf_0_40.log exsits, skipt the computation!
Gauusian job(tmpdir/M2_conf_0_40.gjf) ends at: Thu Oct 24 16:49:33 2024
tmpdir/M2_conf_0_41.log exsits, skipt the computation!
Gauusian job(tmpdir/M2_conf_0_41.gjf) ends at: Thu Oct 24 16:49:33 2024
tmpdir/M2_conf_0_42.log exsits, skipt the computation!
Gauusian job(tmpdir/M2_conf_0_42.gjf) ends at: Thu Oct 24 16:49:33 2024
tmpdir/M2_conf_0_43.log exsits, skipt the computation!
Gauusian job(tmpdir/M2_conf_0_43.gjf) ends at: Thu Oct 24 16:49:33 2024
tmpdir/M2_conf_0_44.log exsits, skipt the computation!
Gauusian job(tmpdir/M2_conf_0_44.gjf) ends at: Thu Oct 24 16:49:33 2024
tmpdir/M2_conf_0_90.log exsits, skipt the computation!
Gauusian job(tmpdir/M2_conf_0_90.gjf) ends at: Thu Oct 24 16:49:33 2024
tmpdir/M2_conf_0_91.log exsits, skipt the computation!
Gauusian job(tmpdir/M2_conf_0_91.gjf) ends at: Thu Oct 24 16:49:33 2024
tmpdir/M2_conf_0_92.log exsits, skipt the computation!
Gauusian job(tmpdir/M2_conf_0_92.gjf) ends at: Thu Oct 24 16:49:33 2024
tmpdir/M2_conf_0_93.log exsits, skipt the computation!
Gauusian job(tmpdir/M2_conf_0_93.gjf) ends at: Thu Oct 24 16:49:33 2024
tmpdir/M2_conf_0_94.log exsits, skipt the computation!
Gauusian job(tmpdir/M2_conf_0_94.gjf) ends at: Thu Oct 24 16:49:33 2024
tmpdir/M2_conf_0_140.log exsits, skipt the computation!
Gauusian job(tmpdir/M2_conf_0_140.gjf) ends at: Thu Oct 24 16:49:33 2024
tmpdir/M2_conf_0_141.log exsits, skipt the computation!
Gauusian job(tmpdir/M2_conf_0_141.gjf) ends at: Thu Oct 24 16:49:33 2024
tmpdir/M2_conf_0_142.log exsits, skipt the computation!
Gauusian job(tmpdir/M2_conf_0_142.gjf) ends at: Thu Oct 24 16:49:33 2024
tmpdir/M2_conf_0_143.log exsits, skipt the computation!
Gauusian job(tmpdir/M2_conf_0_143.gjf) ends at: Thu Oct 24 16:49:33 2024
tmpdir/M2_conf_0_144.log exsits, skipt the computation!
Gauusian job(tmpdir/M2_conf_0_144.gjf) ends at: Thu Oct 24 16:49:33 2024
tmpdir/M2_conf_0_190.log exsits, skipt the computation!
Gauusian job(tmpdir/M2_conf_0_190.gjf) ends at: Thu Oct 24 16:49:33 2024
tmpdir/M2_conf_0_191.log exsits, skipt the computation!
Gauusian job(tmpdir/M2_conf_0_191.gjf) ends at: Thu Oct 24 16:49:33 2024
tmpdir/M2_conf_0_192.log exsits, skipt the computation!
Gauusian job(tmpdir/M2_conf_0_192.gjf) ends at: Thu Oct 24 16:49:33 2024
tmpdir/M2_conf_0_193.log exsits, skipt the computation!
Gauusian job(tmpdir/M2_conf_0_193.gjf) ends at: Thu Oct 24 16:49:33 2024
tmpdir/M2_conf_0_194.log exsits, skipt the computation!
Gauusian job(tmpdir/M2_conf_0_194.gjf) ends at: Thu Oct 24 16:49:33 2024
tmpdir/M2_conf_0_55.log exsits, skipt the computation!
Gauusian job(tmpdir/M2_conf_0_55.gjf) ends at: Thu Oct 24 16:49:33 2024
tmpdir/M2_conf_0_56.log exsits, skipt the computation!
Gauusian job(tmpdir/M2_conf_0_56.gjf) ends at: Thu Oct 24 16:49:33 2024
tmpdir/M2_conf_0_57.log exsits, skipt the computation!
Gauusian job(tmpdir/M2_conf_0_57.gjf) ends at: Thu Oct 24 16:49:33 2024
tmpdir/M2_conf_0_58.log exsits, skipt the computation!
Gauusian job(tmpdir/M2_conf_0_58.gjf) ends at: Thu Oct 24 16:49:33 2024
tmpdir/M2_conf_0_59.log exsits, skipt the computation!
Gauusian job(tmpdir/M2_conf_0_59.gjf) ends at: Thu Oct 24 16:49:33 2024
tmpdir/M2_conf_0_160.log exsits, skipt the computation!
Gauusian job(tmpdir/M2_conf_0_160.gjf) ends at: Thu Oct 24 16:49:33 2024
tmpdir/M2_conf_0_161.log exsits, skipt the computation!
Gauusian job(tmpdir/M2_conf_0_161.gjf) ends at: Thu Oct 24 16:49:33 2024
tmpdir/M2_conf_0_162.log exsits, skipt the computation!
Gauusian job(tmpdir/M2_conf_0_162.gjf) ends at: Thu Oct 24 16:49:33 2024
tmpdir/M2_conf_0_163.log exsits, skipt the computation!
Gauusian job(tmpdir/M2_conf_0_163.gjf) ends at: Thu Oct 24 16:49:33 2024
tmpdir/M2_conf_0_164.log exsits, skipt the computation!
Gauusian job(tmpdir/M2_conf_0_164.gjf) ends at: Thu Oct 24 16:49:33 2024
tmpdir/M2_conf_0_45.log exsits, skipt the computation!
Gauusian job(tmpdir/M2_conf_0_45.gjf) ends at: Thu Oct 24 16:49:33 2024
tmpdir/M2_conf_0_46.log exsits, skipt the computation!
Gauusian job(tmpdir/M2_conf_0_46.gjf) ends at: Thu Oct 24 16:49:33 2024
tmpdir/M2_conf_0_47.log exsits, skipt the computation!
Gauusian job(tmpdir/M2_conf_0_47.gjf) ends at: Thu Oct 24 16:49:33 2024
tmpdir/M2_conf_0_48.log exsits, skipt the computation!
Gauusian job(tmpdir/M2_conf_0_48.gjf) ends at: Thu Oct 24 16:49:33 2024
tmpdir/M2_conf_0_49.log exsits, skipt the computation!
Gauusian job(tmpdir/M2_conf_0_49.gjf) ends at: Thu Oct 24 16:49:33 2024
tmpdir/M2_conf_0_115.log exsits, skipt the computation!
Gauusian job(tmpdir/M2_conf_0_115.gjf) ends at: Thu Oct 24 16:49:33 2024
tmpdir/M2_conf_0_116.log exsits, skipt the computation!
Gauusian job(tmpdir/M2_conf_0_116.gjf) ends at: Thu Oct 24 16:49:33 2024
tmpdir/M2_conf_0_117.log exsits, skipt the computation!
Gauusian job(tmpdir/M2_conf_0_117.gjf) ends at: Thu Oct 24 16:49:33 2024
tmpdir/M2_conf_0_118.log exsits, skipt the computation!
Gauusian job(tmpdir/M2_conf_0_118.gjf) ends at: Thu Oct 24 16:49:33 2024
tmpdir/M2_conf_0_119.log exsits, skipt the computation!
Gauusian job(tmpdir/M2_conf_0_119.gjf) ends at: Thu Oct 24 16:49:33 2024
tmpdir/M2_conf_0_170.log exsits, skipt the computation!
Gauusian job(tmpdir/M2_conf_0_170.gjf) ends at: Thu Oct 24 16:49:33 2024
tmpdir/M2_conf_0_171.log exsits, skipt the computation!
Gauusian job(tmpdir/M2_conf_0_171.gjf) ends at: Thu Oct 24 16:49:33 2024
tmpdir/M2_conf_0_172.log exsits, skipt the computation!
Gauusian job(tmpdir/M2_conf_0_172.gjf) ends at: Thu Oct 24 16:49:33 2024
tmpdir/M2_conf_0_173.log exsits, skipt the computation!
Gauusian job(tmpdir/M2_conf_0_173.gjf) ends at: Thu Oct 24 16:49:33 2024
tmpdir/M2_conf_0_174.log exsits, skipt the computation!
Gauusian job(tmpdir/M2_conf_0_174.gjf) ends at: Thu Oct 24 16:49:33 2024
tmpdir/M2_conf_0_15.log exsits, skipt the computation!
Gauusian job(tmpdir/M2_conf_0_15.gjf) ends at: Thu Oct 24 16:49:33 2024
tmpdir/M2_conf_0_16.log exsits, skipt the computation!
Gauusian job(tmpdir/M2_conf_0_16.gjf) ends at: Thu Oct 24 16:49:33 2024
tmpdir/M2_conf_0_17.log exsits, skipt the computation!
Gauusian job(tmpdir/M2_conf_0_17.gjf) ends at: Thu Oct 24 16:49:33 2024
tmpdir/M2_conf_0_18.log exsits, skipt the computation!
Gauusian job(tmpdir/M2_conf_0_18.gjf) ends at: Thu Oct 24 16:49:33 2024
tmpdir/M2_conf_0_19.log exsits, skipt the computation!
Gauusian job(tmpdir/M2_conf_0_19.gjf) ends at: Thu Oct 24 16:49:33 2024
tmpdir/M2_conf_0_75.log exsits, skipt the computation!
Gauusian job(tmpdir/M2_conf_0_75.gjf) ends at: Thu Oct 24 16:49:33 2024
tmpdir/M2_conf_0_76.log exsits, skipt the computation!
Gauusian job(tmpdir/M2_conf_0_76.gjf) ends at: Thu Oct 24 16:49:33 2024
tmpdir/M2_conf_0_77.log exsits, skipt the computation!
Gauusian job(tmpdir/M2_conf_0_77.gjf) ends at: Thu Oct 24 16:49:33 2024
tmpdir/M2_conf_0_78.log exsits, skipt the computation!
Gauusian job(tmpdir/M2_conf_0_78.gjf) ends at: Thu Oct 24 16:49:33 2024
tmpdir/M2_conf_0_79.log exsits, skipt the computation!
Gauusian job(tmpdir/M2_conf_0_79.gjf) ends at: Thu Oct 24 16:49:33 2024
tmpdir/M2_conf_0_120.log exsits, skipt the computation!
Gauusian job(tmpdir/M2_conf_0_120.gjf) ends at: Thu Oct 24 16:49:33 2024
tmpdir/M2_conf_0_121.log exsits, skipt the computation!
Gauusian job(tmpdir/M2_conf_0_121.gjf) ends at: Thu Oct 24 16:49:33 2024
tmpdir/M2_conf_0_122.log exsits, skipt the computation!
Gauusian job(tmpdir/M2_conf_0_122.gjf) ends at: Thu Oct 24 16:49:33 2024
tmpdir/M2_conf_0_123.log exsits, skipt the computation!
Gauusian job(tmpdir/M2_conf_0_123.gjf) ends at: Thu Oct 24 16:49:33 2024
tmpdir/M2_conf_0_124.log exsits, skipt the computation!
Gauusian job(tmpdir/M2_conf_0_124.gjf) ends at: Thu Oct 24 16:49:33 2024
tmpdir/M2_conf_0_175.log exsits, skipt the computation!
Gauusian job(tmpdir/M2_conf_0_175.gjf) ends at: Thu Oct 24 16:49:33 2024
tmpdir/M2_conf_0_176.log exsits, skipt the computation!
Gauusian job(tmpdir/M2_conf_0_176.gjf) ends at: Thu Oct 24 16:49:33 2024
tmpdir/M2_conf_0_177.log exsits, skipt the computation!
Gauusian job(tmpdir/M2_conf_0_177.gjf) ends at: Thu Oct 24 16:49:33 2024
tmpdir/M2_conf_0_178.log exsits, skipt the computation!
Gauusian job(tmpdir/M2_conf_0_178.gjf) ends at: Thu Oct 24 16:49:33 2024
tmpdir/M2_conf_0_179.log exsits, skipt the computation!
Gauusian job(tmpdir/M2_conf_0_179.gjf) ends at: Thu Oct 24 16:49:33 2024
tmpdir/M2_conf_0_30.log exsits, skipt the computation!
Gauusian job(tmpdir/M2_conf_0_30.gjf) ends at: Thu Oct 24 16:49:33 2024
tmpdir/M2_conf_0_31.log exsits, skipt the computation!
Gauusian job(tmpdir/M2_conf_0_31.gjf) ends at: Thu Oct 24 16:49:33 2024
tmpdir/M2_conf_0_32.log exsits, skipt the computation!
Gauusian job(tmpdir/M2_conf_0_32.gjf) ends at: Thu Oct 24 16:49:33 2024
tmpdir/M2_conf_0_33.log exsits, skipt the computation!
Gauusian job(tmpdir/M2_conf_0_33.gjf) ends at: Thu Oct 24 16:49:33 2024
tmpdir/M2_conf_0_34.log exsits, skipt the computation!
Gauusian job(tmpdir/M2_conf_0_34.gjf) ends at: Thu Oct 24 16:49:33 2024
tmpdir/M2_conf_0_105.log exsits, skipt the computation!
Gauusian job(tmpdir/M2_conf_0_105.gjf) ends at: Thu Oct 24 16:49:33 2024
tmpdir/M2_conf_0_106.log exsits, skipt the computation!
Gauusian job(tmpdir/M2_conf_0_106.gjf) ends at: Thu Oct 24 16:49:33 2024
tmpdir/M2_conf_0_107.log exsits, skipt the computation!
Gauusian job(tmpdir/M2_conf_0_107.gjf) ends at: Thu Oct 24 16:49:33 2024
tmpdir/M2_conf_0_108.log exsits, skipt the computation!
Gauusian job(tmpdir/M2_conf_0_108.gjf) ends at: Thu Oct 24 16:49:33 2024
tmpdir/M2_conf_0_109.log exsits, skipt the computation!
Gauusian job(tmpdir/M2_conf_0_109.gjf) ends at: Thu Oct 24 16:49:33 2024
tmpdir/M2_conf_0_185.log exsits, skipt the computation!
Gauusian job(tmpdir/M2_conf_0_185.gjf) ends at: Thu Oct 24 16:49:33 2024
tmpdir/M2_conf_0_186.log exsits, skipt the computation!
Gauusian job(tmpdir/M2_conf_0_186.gjf) ends at: Thu Oct 24 16:49:33 2024
tmpdir/M2_conf_0_187.log exsits, skipt the computation!
Gauusian job(tmpdir/M2_conf_0_187.gjf) ends at: Thu Oct 24 16:49:33 2024
tmpdir/M2_conf_0_188.log exsits, skipt the computation!
Gauusian job(tmpdir/M2_conf_0_188.gjf) ends at: Thu Oct 24 16:49:33 2024
tmpdir/M2_conf_0_189.log exsits, skipt the computation!
Gauusian job(tmpdir/M2_conf_0_189.gjf) ends at: Thu Oct 24 16:49:33 2024
Gaussian computations finish at: Thu Oct 24 16:49:33 2024

***************conf 1***************
196 Gaussian  gjfs have been created!
Gaussian computations begin at: Thu Oct 24 16:49:33 2024

tmpdir/M2_conf_1_50.log exsits, skipt the computation!
Gauusian job(tmpdir/M2_conf_1_50.gjf) ends at: Thu Oct 24 16:49:33 2024
tmpdir/M2_conf_1_51.log exsits, skipt the computation!
Gauusian job(tmpdir/M2_conf_1_51.gjf) ends at: Thu Oct 24 16:49:33 2024
tmpdir/M2_conf_1_52.log exsits, skipt the computation!
Gauusian job(tmpdir/M2_conf_1_52.gjf) ends at: Thu Oct 24 16:49:33 2024
tmpdir/M2_conf_1_53.log exsits, skipt the computation!
Gauusian job(tmpdir/M2_conf_1_53.gjf) ends at: Thu Oct 24 16:49:33 2024
tmpdir/M2_conf_1_54.log exsits, skipt the computation!
Gauusian job(tmpdir/M2_conf_1_54.gjf) ends at: Thu Oct 24 16:49:33 2024
tmpdir/M2_conf_1_140.log exsits, skipt the computation!
Gauusian job(tmpdir/M2_conf_1_140.gjf) ends at: Thu Oct 24 16:49:33 2024
tmpdir/M2_conf_1_141.log exsits, skipt the computation!
Gauusian job(tmpdir/M2_conf_1_141.gjf) ends at: Thu Oct 24 16:49:33 2024
tmpdir/M2_conf_1_142.log exsits, skipt the computation!
Gauusian job(tmpdir/M2_conf_1_142.gjf) ends at: Thu Oct 24 16:49:33 2024
tmpdir/M2_conf_1_143.log exsits, skipt the computation!
Gauusian job(tmpdir/M2_conf_1_143.gjf) ends at: Thu Oct 24 16:49:33 2024
tmpdir/M2_conf_1_144.log exsits, skipt the computation!
Gauusian job(tmpdir/M2_conf_1_144.gjf) ends at: Thu Oct 24 16:49:33 2024
tmpdir/M2_conf_1_5.log exsits, skipt the computation!
Gauusian job(tmpdir/M2_conf_1_5.gjf) ends at: Thu Oct 24 16:49:33 2024
tmpdir/M2_conf_1_6.log exsits, skipt the computation!
Gauusian job(tmpdir/M2_conf_1_6.gjf) ends at: Thu Oct 24 16:49:33 2024
tmpdir/M2_conf_1_7.log exsits, skipt the computation!
Gauusian job(tmpdir/M2_conf_1_7.gjf) ends at: Thu Oct 24 16:49:33 2024
tmpdir/M2_conf_1_8.log exsits, skipt the computation!
Gauusian job(tmpdir/M2_conf_1_8.gjf) ends at: Thu Oct 24 16:49:33 2024
tmpdir/M2_conf_1_9.log exsits, skipt the computation!
Gauusian job(tmpdir/M2_conf_1_9.gjf) ends at: Thu Oct 24 16:49:33 2024
tmpdir/M2_conf_1_60.log exsits, skipt the computation!
Gauusian job(tmpdir/M2_conf_1_60.gjf) ends at: Thu Oct 24 16:49:33 2024
tmpdir/M2_conf_1_61.log exsits, skipt the computation!
Gauusian job(tmpdir/M2_conf_1_61.gjf) ends at: Thu Oct 24 16:49:33 2024
tmpdir/M2_conf_1_62.log exsits, skipt the computation!
Gauusian job(tmpdir/M2_conf_1_62.gjf) ends at: Thu Oct 24 16:49:33 2024
tmpdir/M2_conf_1_63.log exsits, skipt the computation!
Gauusian job(tmpdir/M2_conf_1_63.gjf) ends at: Thu Oct 24 16:49:33 2024
tmpdir/M2_conf_1_64.log exsits, skipt the computation!
Gauusian job(tmpdir/M2_conf_1_64.gjf) ends at: Thu Oct 24 16:49:33 2024
tmpdir/M2_conf_1_85.log exsits, skipt the computation!
Gauusian job(tmpdir/M2_conf_1_85.gjf) ends at: Thu Oct 24 16:49:33 2024
tmpdir/M2_conf_1_86.log exsits, skipt the computation!
Gauusian job(tmpdir/M2_conf_1_86.gjf) ends at: Thu Oct 24 16:49:33 2024
tmpdir/M2_conf_1_87.log exsits, skipt the computation!
Gauusian job(tmpdir/M2_conf_1_87.gjf) ends at: Thu Oct 24 16:49:33 2024
tmpdir/M2_conf_1_88.log exsits, skipt the computation!
Gauusian job(tmpdir/M2_conf_1_88.gjf) ends at: Thu Oct 24 16:49:33 2024
tmpdir/M2_conf_1_89.log exsits, skipt the computation!
Gauusian job(tmpdir/M2_conf_1_89.gjf) ends at: Thu Oct 24 16:49:33 2024
tmpdir/M2_conf_1_125.log exsits, skipt the computation!
Gauusian job(tmpdir/M2_conf_1_125.gjf) ends at: Thu Oct 24 16:49:33 2024
tmpdir/M2_conf_1_126.log exsits, skipt the computation!
Gauusian job(tmpdir/M2_conf_1_126.gjf) ends at: Thu Oct 24 16:49:33 2024
tmpdir/M2_conf_1_127.log exsits, skipt the computation!
Gauusian job(tmpdir/M2_conf_1_127.gjf) ends at: Thu Oct 24 16:49:33 2024
tmpdir/M2_conf_1_128.log exsits, skipt the computation!
Gauusian job(tmpdir/M2_conf_1_128.gjf) ends at: Thu Oct 24 16:49:33 2024
tmpdir/M2_conf_1_129.log exsits, skipt the computation!
Gauusian job(tmpdir/M2_conf_1_129.gjf) ends at: Thu Oct 24 16:49:33 2024
tmpdir/M2_conf_1_170.log exsits, skipt the computation!
Gauusian job(tmpdir/M2_conf_1_170.gjf) ends at: Thu Oct 24 16:49:33 2024
tmpdir/M2_conf_1_171.log exsits, skipt the computation!
Gauusian job(tmpdir/M2_conf_1_171.gjf) ends at: Thu Oct 24 16:49:33 2024
tmpdir/M2_conf_1_172.log exsits, skipt the computation!
Gauusian job(tmpdir/M2_conf_1_172.gjf) ends at: Thu Oct 24 16:49:33 2024
tmpdir/M2_conf_1_173.log exsits, skipt the computation!
Gauusian job(tmpdir/M2_conf_1_173.gjf) ends at: Thu Oct 24 16:49:33 2024
tmpdir/M2_conf_1_174.log exsits, skipt the computation!
Gauusian job(tmpdir/M2_conf_1_174.gjf) ends at: Thu Oct 24 16:49:33 2024
tmpdir/M2_conf_1_15.log exsits, skipt the computation!
Gauusian job(tmpdir/M2_conf_1_15.gjf) ends at: Thu Oct 24 16:49:33 2024
tmpdir/M2_conf_1_16.log exsits, skipt the computation!
Gauusian job(tmpdir/M2_conf_1_16.gjf) ends at: Thu Oct 24 16:49:33 2024
tmpdir/M2_conf_1_17.log exsits, skipt the computation!
Gauusian job(tmpdir/M2_conf_1_17.gjf) ends at: Thu Oct 24 16:49:33 2024
tmpdir/M2_conf_1_18.log exsits, skipt the computation!
Gauusian job(tmpdir/M2_conf_1_18.gjf) ends at: Thu Oct 24 16:49:33 2024
tmpdir/M2_conf_1_19.log exsits, skipt the computation!
Gauusian job(tmpdir/M2_conf_1_19.gjf) ends at: Thu Oct 24 16:49:33 2024
tmpdir/M2_conf_1_80.log exsits, skipt the computation!
Gauusian job(tmpdir/M2_conf_1_80.gjf) ends at: Thu Oct 24 16:49:33 2024
tmpdir/M2_conf_1_81.log exsits, skipt the computation!
Gauusian job(tmpdir/M2_conf_1_81.gjf) ends at: Thu Oct 24 16:49:33 2024
tmpdir/M2_conf_1_82.log exsits, skipt the computation!
Gauusian job(tmpdir/M2_conf_1_82.gjf) ends at: Thu Oct 24 16:49:33 2024
tmpdir/M2_conf_1_83.log exsits, skipt the computation!
Gauusian job(tmpdir/M2_conf_1_83.gjf) ends at: Thu Oct 24 16:49:33 2024
tmpdir/M2_conf_1_84.log exsits, skipt the computation!
Gauusian job(tmpdir/M2_conf_1_84.gjf) ends at: Thu Oct 24 16:49:33 2024
tmpdir/M2_conf_1_145.log exsits, skipt the computation!
Gauusian job(tmpdir/M2_conf_1_145.gjf) ends at: Thu Oct 24 16:49:33 2024
tmpdir/M2_conf_1_146.log exsits, skipt the computation!
Gauusian job(tmpdir/M2_conf_1_146.gjf) ends at: Thu Oct 24 16:49:33 2024
tmpdir/M2_conf_1_147.log exsits, skipt the computation!
Gauusian job(tmpdir/M2_conf_1_147.gjf) ends at: Thu Oct 24 16:49:33 2024
tmpdir/M2_conf_1_148.log exsits, skipt the computation!
Gauusian job(tmpdir/M2_conf_1_148.gjf) ends at: Thu Oct 24 16:49:33 2024
tmpdir/M2_conf_1_149.log exsits, skipt the computation!
Gauusian job(tmpdir/M2_conf_1_149.gjf) ends at: Thu Oct 24 16:49:33 2024
tmpdir/M2_conf_1_40.log exsits, skipt the computation!
Gauusian job(tmpdir/M2_conf_1_40.gjf) ends at: Thu Oct 24 16:49:33 2024
tmpdir/M2_conf_1_41.log exsits, skipt the computation!
Gauusian job(tmpdir/M2_conf_1_41.gjf) ends at: Thu Oct 24 16:49:33 2024
tmpdir/M2_conf_1_42.log exsits, skipt the computation!
Gauusian job(tmpdir/M2_conf_1_42.gjf) ends at: Thu Oct 24 16:49:33 2024
tmpdir/M2_conf_1_43.log exsits, skipt the computation!
Gauusian job(tmpdir/M2_conf_1_43.gjf) ends at: Thu Oct 24 16:49:33 2024
tmpdir/M2_conf_1_44.log exsits, skipt the computation!
Gauusian job(tmpdir/M2_conf_1_44.gjf) ends at: Thu Oct 24 16:49:33 2024
tmpdir/M2_conf_1_105.log exsits, skipt the computation!
Gauusian job(tmpdir/M2_conf_1_105.gjf) ends at: Thu Oct 24 16:49:33 2024
tmpdir/M2_conf_1_106.log exsits, skipt the computation!
Gauusian job(tmpdir/M2_conf_1_106.gjf) ends at: Thu Oct 24 16:49:33 2024
tmpdir/M2_conf_1_107.log exsits, skipt the computation!
Gauusian job(tmpdir/M2_conf_1_107.gjf) ends at: Thu Oct 24 16:49:33 2024
tmpdir/M2_conf_1_108.log exsits, skipt the computation!
Gauusian job(tmpdir/M2_conf_1_108.gjf) ends at: Thu Oct 24 16:49:33 2024
tmpdir/M2_conf_1_109.log exsits, skipt the computation!
Gauusian job(tmpdir/M2_conf_1_109.gjf) ends at: Thu Oct 24 16:49:33 2024
tmpdir/M2_conf_1_155.log exsits, skipt the computation!
Gauusian job(tmpdir/M2_conf_1_155.gjf) ends at: Thu Oct 24 16:49:33 2024
tmpdir/M2_conf_1_156.log exsits, skipt the computation!
Gauusian job(tmpdir/M2_conf_1_156.gjf) ends at: Thu Oct 24 16:49:33 2024
tmpdir/M2_conf_1_157.log exsits, skipt the computation!
Gauusian job(tmpdir/M2_conf_1_157.gjf) ends at: Thu Oct 24 16:49:33 2024
tmpdir/M2_conf_1_158.log exsits, skipt the computation!
Gauusian job(tmpdir/M2_conf_1_158.gjf) ends at: Thu Oct 24 16:49:33 2024
tmpdir/M2_conf_1_159.log exsits, skipt the computation!
Gauusian job(tmpdir/M2_conf_1_159.gjf) ends at: Thu Oct 24 16:49:33 2024
tmpdir/M2_conf_1_20.log exsits, skipt the computation!
Gauusian job(tmpdir/M2_conf_1_20.gjf) ends at: Thu Oct 24 16:49:33 2024
tmpdir/M2_conf_1_21.log exsits, skipt the computation!
Gauusian job(tmpdir/M2_conf_1_21.gjf) ends at: Thu Oct 24 16:49:33 2024
tmpdir/M2_conf_1_22.log exsits, skipt the computation!
Gauusian job(tmpdir/M2_conf_1_22.gjf) ends at: Thu Oct 24 16:49:33 2024
tmpdir/M2_conf_1_23.log exsits, skipt the computation!
Gauusian job(tmpdir/M2_conf_1_23.gjf) ends at: Thu Oct 24 16:49:33 2024
tmpdir/M2_conf_1_24.log exsits, skipt the computation!
Gauusian job(tmpdir/M2_conf_1_24.gjf) ends at: Thu Oct 24 16:49:33 2024
tmpdir/M2_conf_1_90.log exsits, skipt the computation!
Gauusian job(tmpdir/M2_conf_1_90.gjf) ends at: Thu Oct 24 16:49:33 2024
tmpdir/M2_conf_1_91.log exsits, skipt the computation!
Gauusian job(tmpdir/M2_conf_1_91.gjf) ends at: Thu Oct 24 16:49:33 2024
tmpdir/M2_conf_1_92.log exsits, skipt the computation!
Gauusian job(tmpdir/M2_conf_1_92.gjf) ends at: Thu Oct 24 16:49:33 2024
tmpdir/M2_conf_1_93.log exsits, skipt the computation!
Gauusian job(tmpdir/M2_conf_1_93.gjf) ends at: Thu Oct 24 16:49:33 2024
tmpdir/M2_conf_1_94.log exsits, skipt the computation!
Gauusian job(tmpdir/M2_conf_1_94.gjf) ends at: Thu Oct 24 16:49:33 2024
tmpdir/M2_conf_1_150.log exsits, skipt the computation!
Gauusian job(tmpdir/M2_conf_1_150.gjf) ends at: Thu Oct 24 16:49:33 2024
tmpdir/M2_conf_1_151.log exsits, skipt the computation!
Gauusian job(tmpdir/M2_conf_1_151.gjf) ends at: Thu Oct 24 16:49:33 2024
tmpdir/M2_conf_1_152.log exsits, skipt the computation!
Gauusian job(tmpdir/M2_conf_1_152.gjf) ends at: Thu Oct 24 16:49:33 2024
tmpdir/M2_conf_1_153.log exsits, skipt the computation!
Gauusian job(tmpdir/M2_conf_1_153.gjf) ends at: Thu Oct 24 16:49:33 2024
tmpdir/M2_conf_1_154.log exsits, skipt the computation!
Gauusian job(tmpdir/M2_conf_1_154.gjf) ends at: Thu Oct 24 16:49:33 2024
tmpdir/M2_conf_1_0.log exsits, skipt the computation!
Gauusian job(tmpdir/M2_conf_1_0.gjf) ends at: Thu Oct 24 16:49:33 2024
tmpdir/M2_conf_1_1.log exsits, skipt the computation!
Gauusian job(tmpdir/M2_conf_1_1.gjf) ends at: Thu Oct 24 16:49:33 2024
tmpdir/M2_conf_1_2.log exsits, skipt the computation!
Gauusian job(tmpdir/M2_conf_1_2.gjf) ends at: Thu Oct 24 16:49:33 2024
tmpdir/M2_conf_1_3.log exsits, skipt the computation!
Gauusian job(tmpdir/M2_conf_1_3.gjf) ends at: Thu Oct 24 16:49:33 2024
tmpdir/M2_conf_1_4.log exsits, skipt the computation!
Gauusian job(tmpdir/M2_conf_1_4.gjf) ends at: Thu Oct 24 16:49:33 2024
tmpdir/M2_conf_1_65.log exsits, skipt the computation!
Gauusian job(tmpdir/M2_conf_1_65.gjf) ends at: Thu Oct 24 16:49:33 2024
tmpdir/M2_conf_1_66.log exsits, skipt the computation!
Gauusian job(tmpdir/M2_conf_1_66.gjf) ends at: Thu Oct 24 16:49:33 2024
tmpdir/M2_conf_1_67.log exsits, skipt the computation!
Gauusian job(tmpdir/M2_conf_1_67.gjf) ends at: Thu Oct 24 16:49:33 2024
tmpdir/M2_conf_1_68.log exsits, skipt the computation!
Gauusian job(tmpdir/M2_conf_1_68.gjf) ends at: Thu Oct 24 16:49:33 2024
tmpdir/M2_conf_1_69.log exsits, skipt the computation!
Gauusian job(tmpdir/M2_conf_1_69.gjf) ends at: Thu Oct 24 16:49:33 2024
tmpdir/M2_conf_1_100.log exsits, skipt the computation!
Gauusian job(tmpdir/M2_conf_1_100.gjf) ends at: Thu Oct 24 16:49:33 2024
tmpdir/M2_conf_1_101.log exsits, skipt the computation!
Gauusian job(tmpdir/M2_conf_1_101.gjf) ends at: Thu Oct 24 16:49:33 2024
tmpdir/M2_conf_1_102.log exsits, skipt the computation!
Gauusian job(tmpdir/M2_conf_1_102.gjf) ends at: Thu Oct 24 16:49:33 2024
tmpdir/M2_conf_1_103.log exsits, skipt the computation!
Gauusian job(tmpdir/M2_conf_1_103.gjf) ends at: Thu Oct 24 16:49:33 2024
tmpdir/M2_conf_1_104.log exsits, skipt the computation!
Gauusian job(tmpdir/M2_conf_1_104.gjf) ends at: Thu Oct 24 16:49:33 2024
tmpdir/M2_conf_1_160.log exsits, skipt the computation!
Gauusian job(tmpdir/M2_conf_1_160.gjf) ends at: Thu Oct 24 16:49:33 2024
tmpdir/M2_conf_1_161.log exsits, skipt the computation!
Gauusian job(tmpdir/M2_conf_1_161.gjf) ends at: Thu Oct 24 16:49:33 2024
tmpdir/M2_conf_1_162.log exsits, skipt the computation!
Gauusian job(tmpdir/M2_conf_1_162.gjf) ends at: Thu Oct 24 16:49:33 2024
tmpdir/M2_conf_1_163.log exsits, skipt the computation!
Gauusian job(tmpdir/M2_conf_1_163.gjf) ends at: Thu Oct 24 16:49:33 2024
tmpdir/M2_conf_1_164.log exsits, skipt the computation!
Gauusian job(tmpdir/M2_conf_1_164.gjf) ends at: Thu Oct 24 16:49:33 2024
tmpdir/M2_conf_1_55.log exsits, skipt the computation!
Gauusian job(tmpdir/M2_conf_1_55.gjf) ends at: Thu Oct 24 16:49:33 2024
tmpdir/M2_conf_1_56.log exsits, skipt the computation!
Gauusian job(tmpdir/M2_conf_1_56.gjf) ends at: Thu Oct 24 16:49:33 2024
tmpdir/M2_conf_1_57.log exsits, skipt the computation!
Gauusian job(tmpdir/M2_conf_1_57.gjf) ends at: Thu Oct 24 16:49:33 2024
tmpdir/M2_conf_1_58.log exsits, skipt the computation!
Gauusian job(tmpdir/M2_conf_1_58.gjf) ends at: Thu Oct 24 16:49:33 2024
tmpdir/M2_conf_1_59.log exsits, skipt the computation!
Gauusian job(tmpdir/M2_conf_1_59.gjf) ends at: Thu Oct 24 16:49:33 2024
tmpdir/M2_conf_1_135.log exsits, skipt the computation!
Gauusian job(tmpdir/M2_conf_1_135.gjf) ends at: Thu Oct 24 16:49:33 2024
tmpdir/M2_conf_1_136.log exsits, skipt the computation!
Gauusian job(tmpdir/M2_conf_1_136.gjf) ends at: Thu Oct 24 16:49:33 2024
tmpdir/M2_conf_1_137.log exsits, skipt the computation!
Gauusian job(tmpdir/M2_conf_1_137.gjf) ends at: Thu Oct 24 16:49:33 2024
tmpdir/M2_conf_1_138.log exsits, skipt the computation!
Gauusian job(tmpdir/M2_conf_1_138.gjf) ends at: Thu Oct 24 16:49:33 2024
tmpdir/M2_conf_1_139.log exsits, skipt the computation!
Gauusian job(tmpdir/M2_conf_1_139.gjf) ends at: Thu Oct 24 16:49:33 2024
tmpdir/M2_conf_1_195.log exsits, skipt the computation!
Gauusian job(tmpdir/M2_conf_1_195.gjf) ends at: Thu Oct 24 16:49:33 2024
tmpdir/M2_conf_1_30.log exsits, skipt the computation!
Gauusian job(tmpdir/M2_conf_1_30.gjf) ends at: Thu Oct 24 16:49:33 2024
tmpdir/M2_conf_1_31.log exsits, skipt the computation!
Gauusian job(tmpdir/M2_conf_1_31.gjf) ends at: Thu Oct 24 16:49:33 2024
tmpdir/M2_conf_1_32.log exsits, skipt the computation!
Gauusian job(tmpdir/M2_conf_1_32.gjf) ends at: Thu Oct 24 16:49:33 2024
tmpdir/M2_conf_1_33.log exsits, skipt the computation!
Gauusian job(tmpdir/M2_conf_1_33.gjf) ends at: Thu Oct 24 16:49:33 2024
tmpdir/M2_conf_1_34.log exsits, skipt the computation!
Gauusian job(tmpdir/M2_conf_1_34.gjf) ends at: Thu Oct 24 16:49:33 2024
tmpdir/M2_conf_1_95.log exsits, skipt the computation!
Gauusian job(tmpdir/M2_conf_1_95.gjf) ends at: Thu Oct 24 16:49:33 2024
tmpdir/M2_conf_1_96.log exsits, skipt the computation!
Gauusian job(tmpdir/M2_conf_1_96.gjf) ends at: Thu Oct 24 16:49:33 2024
tmpdir/M2_conf_1_97.log exsits, skipt the computation!
Gauusian job(tmpdir/M2_conf_1_97.gjf) ends at: Thu Oct 24 16:49:33 2024
tmpdir/M2_conf_1_98.log exsits, skipt the computation!
Gauusian job(tmpdir/M2_conf_1_98.gjf) ends at: Thu Oct 24 16:49:33 2024
tmpdir/M2_conf_1_99.log exsits, skipt the computation!
Gauusian job(tmpdir/M2_conf_1_99.gjf) ends at: Thu Oct 24 16:49:33 2024
tmpdir/M2_conf_1_165.log exsits, skipt the computation!
Gauusian job(tmpdir/M2_conf_1_165.gjf) ends at: Thu Oct 24 16:49:33 2024
tmpdir/M2_conf_1_166.log exsits, skipt the computation!
Gauusian job(tmpdir/M2_conf_1_166.gjf) ends at: Thu Oct 24 16:49:33 2024
tmpdir/M2_conf_1_167.log exsits, skipt the computation!
Gauusian job(tmpdir/M2_conf_1_167.gjf) ends at: Thu Oct 24 16:49:33 2024
tmpdir/M2_conf_1_168.log exsits, skipt the computation!
Gauusian job(tmpdir/M2_conf_1_168.gjf) ends at: Thu Oct 24 16:49:33 2024
tmpdir/M2_conf_1_169.log exsits, skipt the computation!
Gauusian job(tmpdir/M2_conf_1_169.gjf) ends at: Thu Oct 24 16:49:33 2024
tmpdir/M2_conf_1_35.log exsits, skipt the computation!
Gauusian job(tmpdir/M2_conf_1_35.gjf) ends at: Thu Oct 24 16:49:33 2024
tmpdir/M2_conf_1_36.log exsits, skipt the computation!
Gauusian job(tmpdir/M2_conf_1_36.gjf) ends at: Thu Oct 24 16:49:33 2024
tmpdir/M2_conf_1_37.log exsits, skipt the computation!
Gauusian job(tmpdir/M2_conf_1_37.gjf) ends at: Thu Oct 24 16:49:33 2024
tmpdir/M2_conf_1_38.log exsits, skipt the computation!
Gauusian job(tmpdir/M2_conf_1_38.gjf) ends at: Thu Oct 24 16:49:33 2024
tmpdir/M2_conf_1_39.log exsits, skipt the computation!
Gauusian job(tmpdir/M2_conf_1_39.gjf) ends at: Thu Oct 24 16:49:33 2024
tmpdir/M2_conf_1_110.log exsits, skipt the computation!
Gauusian job(tmpdir/M2_conf_1_110.gjf) ends at: Thu Oct 24 16:49:33 2024
tmpdir/M2_conf_1_111.log exsits, skipt the computation!
Gauusian job(tmpdir/M2_conf_1_111.gjf) ends at: Thu Oct 24 16:49:33 2024
tmpdir/M2_conf_1_112.log exsits, skipt the computation!
Gauusian job(tmpdir/M2_conf_1_112.gjf) ends at: Thu Oct 24 16:49:33 2024
tmpdir/M2_conf_1_113.log exsits, skipt the computation!
Gauusian job(tmpdir/M2_conf_1_113.gjf) ends at: Thu Oct 24 16:49:33 2024
tmpdir/M2_conf_1_114.log exsits, skipt the computation!
Gauusian job(tmpdir/M2_conf_1_114.gjf) ends at: Thu Oct 24 16:49:33 2024
tmpdir/M2_conf_1_175.log exsits, skipt the computation!
Gauusian job(tmpdir/M2_conf_1_175.gjf) ends at: Thu Oct 24 16:49:33 2024
tmpdir/M2_conf_1_176.log exsits, skipt the computation!
Gauusian job(tmpdir/M2_conf_1_176.gjf) ends at: Thu Oct 24 16:49:33 2024
tmpdir/M2_conf_1_177.log exsits, skipt the computation!
Gauusian job(tmpdir/M2_conf_1_177.gjf) ends at: Thu Oct 24 16:49:33 2024
tmpdir/M2_conf_1_178.log exsits, skipt the computation!
Gauusian job(tmpdir/M2_conf_1_178.gjf) ends at: Thu Oct 24 16:49:33 2024
tmpdir/M2_conf_1_179.log exsits, skipt the computation!
Gauusian job(tmpdir/M2_conf_1_179.gjf) ends at: Thu Oct 24 16:49:33 2024
tmpdir/M2_conf_1_25.log exsits, skipt the computation!
Gauusian job(tmpdir/M2_conf_1_25.gjf) ends at: Thu Oct 24 16:49:33 2024
tmpdir/M2_conf_1_26.log exsits, skipt the computation!
Gauusian job(tmpdir/M2_conf_1_26.gjf) ends at: Thu Oct 24 16:49:33 2024
tmpdir/M2_conf_1_27.log exsits, skipt the computation!
Gauusian job(tmpdir/M2_conf_1_27.gjf) ends at: Thu Oct 24 16:49:33 2024
tmpdir/M2_conf_1_28.log exsits, skipt the computation!
Gauusian job(tmpdir/M2_conf_1_28.gjf) ends at: Thu Oct 24 16:49:33 2024
tmpdir/M2_conf_1_29.log exsits, skipt the computation!
Gauusian job(tmpdir/M2_conf_1_29.gjf) ends at: Thu Oct 24 16:49:33 2024
tmpdir/M2_conf_1_70.log exsits, skipt the computation!
Gauusian job(tmpdir/M2_conf_1_70.gjf) ends at: Thu Oct 24 16:49:33 2024
tmpdir/M2_conf_1_71.log exsits, skipt the computation!
Gauusian job(tmpdir/M2_conf_1_71.gjf) ends at: Thu Oct 24 16:49:33 2024
tmpdir/M2_conf_1_72.log exsits, skipt the computation!
Gauusian job(tmpdir/M2_conf_1_72.gjf) ends at: Thu Oct 24 16:49:33 2024
tmpdir/M2_conf_1_73.log exsits, skipt the computation!
Gauusian job(tmpdir/M2_conf_1_73.gjf) ends at: Thu Oct 24 16:49:33 2024
tmpdir/M2_conf_1_74.log exsits, skipt the computation!
Gauusian job(tmpdir/M2_conf_1_74.gjf) ends at: Thu Oct 24 16:49:33 2024
tmpdir/M2_conf_1_115.log exsits, skipt the computation!
Gauusian job(tmpdir/M2_conf_1_115.gjf) ends at: Thu Oct 24 16:49:33 2024
tmpdir/M2_conf_1_116.log exsits, skipt the computation!
Gauusian job(tmpdir/M2_conf_1_116.gjf) ends at: Thu Oct 24 16:49:33 2024
tmpdir/M2_conf_1_117.log exsits, skipt the computation!
Gauusian job(tmpdir/M2_conf_1_117.gjf) ends at: Thu Oct 24 16:49:33 2024
tmpdir/M2_conf_1_118.log exsits, skipt the computation!
Gauusian job(tmpdir/M2_conf_1_118.gjf) ends at: Thu Oct 24 16:49:33 2024
tmpdir/M2_conf_1_119.log exsits, skipt the computation!
Gauusian job(tmpdir/M2_conf_1_119.gjf) ends at: Thu Oct 24 16:49:33 2024
tmpdir/M2_conf_1_180.log exsits, skipt the computation!
Gauusian job(tmpdir/M2_conf_1_180.gjf) ends at: Thu Oct 24 16:49:33 2024
tmpdir/M2_conf_1_181.log exsits, skipt the computation!
Gauusian job(tmpdir/M2_conf_1_181.gjf) ends at: Thu Oct 24 16:49:33 2024
tmpdir/M2_conf_1_182.log exsits, skipt the computation!
Gauusian job(tmpdir/M2_conf_1_182.gjf) ends at: Thu Oct 24 16:49:33 2024
tmpdir/M2_conf_1_183.log exsits, skipt the computation!
Gauusian job(tmpdir/M2_conf_1_183.gjf) ends at: Thu Oct 24 16:49:33 2024
tmpdir/M2_conf_1_184.log exsits, skipt the computation!
Gauusian job(tmpdir/M2_conf_1_184.gjf) ends at: Thu Oct 24 16:49:33 2024
tmpdir/M2_conf_1_45.log exsits, skipt the computation!
Gauusian job(tmpdir/M2_conf_1_45.gjf) ends at: Thu Oct 24 16:49:33 2024
tmpdir/M2_conf_1_46.log exsits, skipt the computation!
Gauusian job(tmpdir/M2_conf_1_46.gjf) ends at: Thu Oct 24 16:49:33 2024
tmpdir/M2_conf_1_47.log exsits, skipt the computation!
Gauusian job(tmpdir/M2_conf_1_47.gjf) ends at: Thu Oct 24 16:49:33 2024
tmpdir/M2_conf_1_48.log exsits, skipt the computation!
Gauusian job(tmpdir/M2_conf_1_48.gjf) ends at: Thu Oct 24 16:49:33 2024
tmpdir/M2_conf_1_49.log exsits, skipt the computation!
Gauusian job(tmpdir/M2_conf_1_49.gjf) ends at: Thu Oct 24 16:49:33 2024
tmpdir/M2_conf_1_120.log exsits, skipt the computation!
Gauusian job(tmpdir/M2_conf_1_120.gjf) ends at: Thu Oct 24 16:49:33 2024
tmpdir/M2_conf_1_121.log exsits, skipt the computation!
Gauusian job(tmpdir/M2_conf_1_121.gjf) ends at: Thu Oct 24 16:49:33 2024
tmpdir/M2_conf_1_122.log exsits, skipt the computation!
Gauusian job(tmpdir/M2_conf_1_122.gjf) ends at: Thu Oct 24 16:49:33 2024
tmpdir/M2_conf_1_123.log exsits, skipt the computation!
Gauusian job(tmpdir/M2_conf_1_123.gjf) ends at: Thu Oct 24 16:49:33 2024
tmpdir/M2_conf_1_124.log exsits, skipt the computation!
Gauusian job(tmpdir/M2_conf_1_124.gjf) ends at: Thu Oct 24 16:49:33 2024
tmpdir/M2_conf_1_185.log exsits, skipt the computation!
Gauusian job(tmpdir/M2_conf_1_185.gjf) ends at: Thu Oct 24 16:49:33 2024
tmpdir/M2_conf_1_186.log exsits, skipt the computation!
Gauusian job(tmpdir/M2_conf_1_186.gjf) ends at: Thu Oct 24 16:49:33 2024
tmpdir/M2_conf_1_187.log exsits, skipt the computation!
Gauusian job(tmpdir/M2_conf_1_187.gjf) ends at: Thu Oct 24 16:49:33 2024
tmpdir/M2_conf_1_188.log exsits, skipt the computation!
Gauusian job(tmpdir/M2_conf_1_188.gjf) ends at: Thu Oct 24 16:49:33 2024
tmpdir/M2_conf_1_189.log exsits, skipt the computation!
Gauusian job(tmpdir/M2_conf_1_189.gjf) ends at: Thu Oct 24 16:49:33 2024
tmpdir/M2_conf_1_10.log exsits, skipt the computation!
Gauusian job(tmpdir/M2_conf_1_10.gjf) ends at: Thu Oct 24 16:49:33 2024
tmpdir/M2_conf_1_11.log exsits, skipt the computation!
Gauusian job(tmpdir/M2_conf_1_11.gjf) ends at: Thu Oct 24 16:49:33 2024
tmpdir/M2_conf_1_12.log exsits, skipt the computation!
Gauusian job(tmpdir/M2_conf_1_12.gjf) ends at: Thu Oct 24 16:49:33 2024
tmpdir/M2_conf_1_13.log exsits, skipt the computation!
Gauusian job(tmpdir/M2_conf_1_13.gjf) ends at: Thu Oct 24 16:49:33 2024
tmpdir/M2_conf_1_14.log exsits, skipt the computation!
Gauusian job(tmpdir/M2_conf_1_14.gjf) ends at: Thu Oct 24 16:49:33 2024
tmpdir/M2_conf_1_75.log exsits, skipt the computation!
Gauusian job(tmpdir/M2_conf_1_75.gjf) ends at: Thu Oct 24 16:49:33 2024
tmpdir/M2_conf_1_76.log exsits, skipt the computation!
Gauusian job(tmpdir/M2_conf_1_76.gjf) ends at: Thu Oct 24 16:49:33 2024
tmpdir/M2_conf_1_77.log exsits, skipt the computation!
Gauusian job(tmpdir/M2_conf_1_77.gjf) ends at: Thu Oct 24 16:49:33 2024
tmpdir/M2_conf_1_78.log exsits, skipt the computation!
Gauusian job(tmpdir/M2_conf_1_78.gjf) ends at: Thu Oct 24 16:49:33 2024
tmpdir/M2_conf_1_79.log exsits, skipt the computation!
Gauusian job(tmpdir/M2_conf_1_79.gjf) ends at: Thu Oct 24 16:49:33 2024
tmpdir/M2_conf_1_130.log exsits, skipt the computation!
Gauusian job(tmpdir/M2_conf_1_130.gjf) ends at: Thu Oct 24 16:49:33 2024
tmpdir/M2_conf_1_131.log exsits, skipt the computation!
Gauusian job(tmpdir/M2_conf_1_131.gjf) ends at: Thu Oct 24 16:49:33 2024
tmpdir/M2_conf_1_132.log exsits, skipt the computation!
Gauusian job(tmpdir/M2_conf_1_132.gjf) ends at: Thu Oct 24 16:49:33 2024
tmpdir/M2_conf_1_133.log exsits, skipt the computation!
Gauusian job(tmpdir/M2_conf_1_133.gjf) ends at: Thu Oct 24 16:49:33 2024
tmpdir/M2_conf_1_134.log exsits, skipt the computation!
Gauusian job(tmpdir/M2_conf_1_134.gjf) ends at: Thu Oct 24 16:49:33 2024
tmpdir/M2_conf_1_190.log exsits, skipt the computation!
Gauusian job(tmpdir/M2_conf_1_190.gjf) ends at: Thu Oct 24 16:49:33 2024
tmpdir/M2_conf_1_191.log exsits, skipt the computation!
Gauusian job(tmpdir/M2_conf_1_191.gjf) ends at: Thu Oct 24 16:49:33 2024
tmpdir/M2_conf_1_192.log exsits, skipt the computation!
Gauusian job(tmpdir/M2_conf_1_192.gjf) ends at: Thu Oct 24 16:49:33 2024
tmpdir/M2_conf_1_193.log exsits, skipt the computation!
Gauusian job(tmpdir/M2_conf_1_193.gjf) ends at: Thu Oct 24 16:49:33 2024
tmpdir/M2_conf_1_194.log exsits, skipt the computation!
Gauusian job(tmpdir/M2_conf_1_194.gjf) ends at: Thu Oct 24 16:49:33 2024
Gaussian computations finish at: Thu Oct 24 16:49:33 2024

Resutls (2 sheets) are saved in 1XBB_M2_M2_all.xlsx

Delta torsion was not showed 
Delta torsion was not showed 
Job ends at: Thu Oct 24 16:49:34 2024
Thu Oct 24 16:49:34 CST 2024
