This job is running on host node61
Current directory: /tmp/55652.mgr/run
Fri Sep 22 17:05:08 CST 2023
/tmp/55652.mgr
Job starts at: Fri Sep 22 17:05:14 2023
ref file: Sulf_II_react.gjf
conf file: Sulf_TSII.gjf
method: 1
fragmentation
11 fragments was given!
All atomic charge are 0!
1 atomic spin are defined!
number cpu set to 4
number pal set to 6
*************** 52 atoms in input structure !***************
*************** 1 structure in conformer input!***************
***************  fragmentation list  OK ***************

***************  Charge and Spin  ***************
***************  Charge and Spin  finished!  ***************

***************  Get ref & conf fragments structure  ***************
***************  Get ref & conf fragments structure  finished!  ***************

Structures of subsystems are saved as Ref_M1.xyz and Conf_M1.xyz!
/share/home/yanz/miniconda3/envs/Strain_VIZ/lib/python3.9/site-packages/torchani/resources/
ani-2x computations of begin at: Fri Sep 22 17:05:21 2023
ani-2x computations of finish at: Fri Sep 22 17:05:21 2023

***************conf ***************
/share/home/yanz/miniconda3/envs/Strain_VIZ/lib/python3.9/site-packages/torchani/resources/
ani-2x computations of begin at: Fri Sep 22 17:05:29 2023
ani-2x computations of finish at: Fri Sep 22 17:05:30 2023

Resutls are saved in Sulf_II_M1_M1.xlsx

pymol has been created.
Job ends at: Fri Sep 22 17:05:30 2023
Fri Sep 22 17:05:30 CST 2023
