This job is running on host node66
Current directory: /tmp/55563.mgr/run
Fri Sep 22 16:28:38 CST 2023
/tmp/55563.mgr
Job starts at: Fri Sep 22 16:28:47 2023
ref file: 1a-HCl-2e-MajorPre_cpcm.gjf
conf file: 1a-HCl-2e-MajorTS_cpcm.gjf
method: 3
internal coordinates & fragmentation
4 fragments was given!
4 bonds/angles added
No bonds/angles removed
No coordination list
2 atomic charge are defined!
All atomic spin are 0!
number cpu set to 4
number pal set to 6
*************** 138 atoms in input structure !***************
*************** 1 structure in conformer input!***************
***************  bond & angle part  ***************
***************  Read include/exclude list  ***************
***************  update bond & angle list based on fraglist  ***************
Bonds/angles data are saved in HCl2e_M3_bond_angle.dat
***************  Get internal coodinate values ***************
***************  Charge and Spin  ***************
***************  Charge and Spin  finished!  ***************

***************  Get ref fragments structure  ***************
***************  Get conf fragments structure  ***************
***************  Get ref & conf fragments structure  finished!  ***************

***************  fragmentation part ***************
***************  Charge and Spin  ***************
***************  Charge and Spin  finished!  ***************

***************  Get ref & conf fragments structure  ***************
***************  Get ref & conf fragments structure  finished!  ***************

Structures of subsystems are saved as Ref_M3.xyz and Conf_M3.xyz!
/share/home/yanz/miniconda3/envs/Strain_VIZ/lib/python3.9/site-packages/torchani/resources/
ani-2x computations of begin at: Fri Sep 22 16:28:57 2023
ani-2x computations of finish at: Fri Sep 22 16:29:09 2023

/share/home/yanz/miniconda3/envs/Strain_VIZ/lib/python3.9/site-packages/torchani/resources/
ani-2x computations of begin at: Fri Sep 22 16:29:17 2023
ani-2x computations of finish at: Fri Sep 22 16:29:17 2023

/share/home/yanz/miniconda3/envs/Strain_VIZ/lib/python3.9/site-packages/torchani/resources/
ani-2x computations of begin at: Fri Sep 22 16:29:25 2023
ani-2x computations of finish at: Fri Sep 22 16:29:37 2023

/share/home/yanz/miniconda3/envs/Strain_VIZ/lib/python3.9/site-packages/torchani/resources/
ani-2x computations of begin at: Fri Sep 22 16:29:45 2023
ani-2x computations of finish at: Fri Sep 22 16:29:45 2023

Resutls are saved in HCl2e_M3_M3.xlsx

pymol has been created.
Job ends at: Fri Sep 22 16:29:45 2023
Fri Sep 22 16:29:46 CST 2023
