This job is running on host node109
Current directory: /tmp/97548.mgr/run
Thu Sep 19 15:22:49 CST 2024
/tmp/97548.mgr
Job starts at: Thu Sep 19 15:23:44 2024
ref file: N5-react.gjf
conf file: N5-connect.gjf
Using log (10) scale for visualization
Dihedral threshold set to 30
COVALENT_RADII scale set to 1.0
method: 1
fragmentation
7 fragments was given!
All atomic charge are 0!
All atomic spin are 0!
number cpu set to 4
number pal set to 6
*************** 23 atoms in input structure !***************
*************** 1 structure in conformer input!***************
***************  fragmentation list  OK ***************

***************  Charge and Spin  ***************
***************  Charge and Spin  finished!  ***************

***************  Get ref & conf fragments structure  ***************
***************  Get ref & conf fragments structure  finished!  ***************

Structures of subsystems are saved as Ref_M1.xyz and Conf_M1.xyz!
7 Gaussian  gjfs have been created!
Gaussian computations begin at: Thu Sep 19 15:23:44 2024

Gauusian job(tmpdir/M1_ref_0.gjf) starts at: Thu Sep 19 15:23:44 2024
Gauusian job(tmpdir/M1_ref_0.gjf) ends at: Thu Sep 19 15:23:48 2024
Gauusian job(tmpdir/M1_ref_2.gjf) starts at: Thu Sep 19 15:23:44 2024
Gauusian job(tmpdir/M1_ref_2.gjf) ends at: Thu Sep 19 15:23:48 2024
Gauusian job(tmpdir/M1_ref_4.gjf) starts at: Thu Sep 19 15:23:44 2024
Gauusian job(tmpdir/M1_ref_4.gjf) ends at: Thu Sep 19 15:23:48 2024
Gauusian job(tmpdir/M1_ref_1.gjf) starts at: Thu Sep 19 15:23:44 2024
Gauusian job(tmpdir/M1_ref_1.gjf) ends at: Thu Sep 19 15:23:49 2024
Gauusian job(tmpdir/M1_ref_3.gjf) starts at: Thu Sep 19 15:23:44 2024
Gauusian job(tmpdir/M1_ref_3.gjf) ends at: Thu Sep 19 15:23:48 2024
Gauusian job(tmpdir/M1_ref_6.gjf) starts at: Thu Sep 19 15:23:48 2024
Gauusian job(tmpdir/M1_ref_6.gjf) ends at: Thu Sep 19 15:23:51 2024
Gauusian job(tmpdir/M1_ref_5.gjf) starts at: Thu Sep 19 15:23:44 2024
Gauusian job(tmpdir/M1_ref_5.gjf) ends at: Thu Sep 19 15:23:49 2024
Gaussian computations finish at: Thu Sep 19 15:23:51 2024

***************conf ***************
7 Gaussian  gjfs have been created!
Gaussian computations begin at: Thu Sep 19 15:23:51 2024

Gauusian job(tmpdir/M1_conf_0_4.gjf) starts at: Thu Sep 19 15:23:51 2024
Gauusian job(tmpdir/M1_conf_0_4.gjf) ends at: Thu Sep 19 15:23:53 2024
Gauusian job(tmpdir/M1_conf_0_2.gjf) starts at: Thu Sep 19 15:23:51 2024
Gauusian job(tmpdir/M1_conf_0_2.gjf) ends at: Thu Sep 19 15:23:53 2024
Gauusian job(tmpdir/M1_conf_0_0.gjf) starts at: Thu Sep 19 15:23:51 2024
Gauusian job(tmpdir/M1_conf_0_0.gjf) ends at: Thu Sep 19 15:23:53 2024
Gauusian job(tmpdir/M1_conf_0_5.gjf) starts at: Thu Sep 19 15:23:51 2024
Gauusian job(tmpdir/M1_conf_0_5.gjf) ends at: Thu Sep 19 15:23:54 2024
Gauusian job(tmpdir/M1_conf_0_3.gjf) starts at: Thu Sep 19 15:23:51 2024
Gauusian job(tmpdir/M1_conf_0_3.gjf) ends at: Thu Sep 19 15:23:53 2024
Gauusian job(tmpdir/M1_conf_0_6.gjf) starts at: Thu Sep 19 15:23:53 2024
Gauusian job(tmpdir/M1_conf_0_6.gjf) ends at: Thu Sep 19 15:23:56 2024
Gauusian job(tmpdir/M1_conf_0_1.gjf) starts at: Thu Sep 19 15:23:51 2024
Gauusian job(tmpdir/M1_conf_0_1.gjf) ends at: Thu Sep 19 15:23:54 2024
Gaussian computations finish at: Thu Sep 19 15:23:56 2024

Resutls are saved in N5_M1_M1.xlsx

Job ends at: Thu Sep 19 15:23:58 2024
Thu Sep 19 15:23:59 CST 2024
