


 PROGRAM MNDO2019.
 VERSION 8.0 OF 15 AUGUST 2019.

 COPYRIGHT BY WALTER THIEL,
 MAX-PLANCK-INSTITUT FUER KOHLENFORSCHUNG,
 D-45470 MUELHEIM, GERMANY.


 ***** STANDARD INPUT USING KEYWORDS *****

 IOP    =  -22     JOP    =   -1     IGEOM  =    1     IFORM  =    1     NSAV15 =    3
 ICUTS  =   -1     ICUTG  =   -1     IMMDP  =   -1     ISCF   =    9     IPLSCF =    9
 IPRINT =   -1     KPRINT =   -5     LPRINT =   -2     MPRINT =    0     JPRINT =   -1
 KHARGE =    0     IMULT  =    0     KITSCF = 9999     NPRINT =   -1


 ***********************************************************************
 * INPUT OF OPTIONS VIA KEYWORDS
 * NUMBER OF MNDO97 KEYWORDS FOUND: 19
 * MOPAC KEYWORDS NOT FOUND: IMOPAC=-1
 ***********************************************************************



 *** OPTIONS FROM THE FIRST LINE OF INPUT    ***
 *** DEFINED EITHER EXPLICITLY OR BY DEFAULT ***

 LIMIT  =    0     IOP    =  -22     JOP    =   -1     IGEOM  =    1     IFORM  =    1
 NEXMOL =    1     MPLIB  =    0     IEF    =    0     IDIIS  =    0     INREFD =    0
 IPAROK =    0     MMINP  =    0     NMR    =    0     NSAV7  =    0     NSAV8  =    0
 NSAV9  =    0     NSAV13 =    0     NSAV15 =    3     NSAV16 =    0     IMMOK  =    0
 IHBOND =    0     IFLD1  =    0     IFLD2  =    0     IFLD3  =    0     ICUTS  =   -1
 ICUTG  =   -1     IEXBAS =    0     ICOSMO =    0     IPSANA =    0     IMMDP  =   -1
 INAC   =    0



 ODM2   

 STANDARD CALCULATION FOR INPUT GEOMETRY

 INPUT IN CARTESIAN COORDINATES

 INPUT OF MOLECULAR DATA IN FREE FORMAT



                                                                                     
                                                                                     


     POINT GROUP Cs  ASSIGNED.



     EIGENVALUES (EV).


             1           2           3           4           5
    0   -23.32714   -13.87981   -13.55122   -13.40487     4.13064
            A'          A'          A'          A''         A'  
    5     5.64753     5.70892     5.91785
            A''         A'          A'  



     TOTAL ENERGY             -4309.70056 KCAL/MOL
     SCF BINDING ENERGY         -18.25050 EV
     SCF TOTAL ENERGY          -186.88264 EV
     ELECTRONIC ENERGY         -380.71734 EV
     NUCLEAR ENERGY             193.83470 EV
     IONIZATION ENERGY           13.40487 EV
     SCF CYCLES                  18



     NET ATOMIC CHARGES AND ORBITAL POPULATIONS.

     ATOM    I        CHARGE      DENSITY        S          PX          PY          PZ

      H      1        0.18579     0.81421     0.81421
      C      2       -0.73290     4.73290     1.44539     1.09356     1.10239     1.09156
      H      3        0.18200     0.81800     0.81800
      H      4        0.18256     0.81744     0.81744
      H      5        0.18256     0.81744     0.81744



     DIPOLE              X           Y           Z         TOTAL

     POINT-CHARGE     0.03407     0.00000    -0.03713     0.05039
     HYBRID           0.00666     0.00000    -0.00203     0.00696
     SUM              0.04073     0.00000    -0.03916     0.05650



     TIME FOR ENERGY EVALUATION       0.000 SECONDS



 COMPUTATION TIME                 0.003 SECONDS


