This job is running on host node97
Current directory: /tmp/55619.mgr/run
Wed Jun  5 22:40:17 CST 2019
/tmp/55619.mgr
Job starts at: Wed Jun  5 22:40:25 2019
ref file: N5-react.gjf
conf file: N5-connect.gjf
method: 2
internal coordinates
No extral bonds/angles added
No bonds/angles removed
All atomic charge are 0!
All atomic spin are 0!
number cpu set to 4
number pal set to 6
*************** 23 atoms in input structure !***************
*************** 1 structure in conformer input!***************
***************  Read include/exclude list  ***************
Bonds/angles data are saved in N5_M2_bond_angle.dat
***************  Get internal coodinate values  ***************
***************  Charge and Spin  ***************
***************  Charge and Spin  finished!  ***************

***************  Get ref fragments structure  ***************
Warning: please check the following frag, where =C-C= structure exist!
[0, 36]
***************  Get conf fragments structure  ***************
***************  Get ref & conf fragments structure  finished!  ***************

Structures of subsystems are saved as Ref_M2.xyz and Conf_M2.xyz!
aiqm1 computations of begin at: Wed Jun  5 22:40:25 2019
aiqm1 computations of finish at: Wed Jun  5 22:41:04 2019

aiqm1 computations of begin at: Wed Jun  5 22:41:04 2019
aiqm1 computations of finish at: Wed Jun  5 22:41:38 2019

Resutls are saved in N5_M2_M2.xlsx

pymol has been created.
Job ends at: Wed Jun  5 22:41:39 2019
Wed Jun  5 22:41:39 CST 2019
