This job is running on host node60
Current directory: /tmp/55661.mgr/run
Fri Sep 22 17:07:44 CST 2023
/tmp/55661.mgr
Job starts at: Fri Sep 22 17:07:49 2023
ref file: Reacts.gjf
conf file: SN2-RP.xyz
method: 2
internal coordinates
No extral bonds/angles added
No bonds/angles removed
1 atomic charge are defined!
All atomic spin are 0!
number cpu set to 2
number pal set to 12
*************** 7 atoms in input structure !***************
*************** 125 structure in conformer input!***************
***************  Read include/exclude list  ***************
Bonds/angles data are saved in SN2_Tunnel_IRC_M2_bond_angle.dat
***************  Get internal coodinate values  ***************
***************  Charge and Spin  ***************
***************  Charge and Spin  finished!  ***************

***************  Get ref fragments structure  ***************
***************  Get conf fragments structure  ***************
***************  Get ref & conf fragments structure  finished!  ***************

Structures of subsystems are saved as Ref_M2.xyz and Conf_M2.xyz!
tmpdir has been created.
11 Gaussian  gjfs have been created!
Gaussian computations begin at: Fri Sep 22 17:07:50 2023

Gaussian computations finish at: Fri Sep 22 17:08:00 2023

***************conf 0***************
11 Gaussian  gjfs have been created!
Gaussian computations begin at: Fri Sep 22 17:08:00 2023

Gaussian computations finish at: Fri Sep 22 17:08:06 2023

***************conf 1***************
11 Gaussian  gjfs have been created!
Gaussian computations begin at: Fri Sep 22 17:08:06 2023

Gaussian computations finish at: Fri Sep 22 17:08:13 2023

***************conf 2***************
11 Gaussian  gjfs have been created!
Gaussian computations begin at: Fri Sep 22 17:08:13 2023

Gaussian computations finish at: Fri Sep 22 17:08:20 2023

***************conf 3***************
11 Gaussian  gjfs have been created!
Gaussian computations begin at: Fri Sep 22 17:08:20 2023

Gaussian computations finish at: Fri Sep 22 17:08:26 2023

***************conf 4***************
11 Gaussian  gjfs have been created!
Gaussian computations begin at: Fri Sep 22 17:08:26 2023

Gaussian computations finish at: Fri Sep 22 17:08:33 2023

***************conf 5***************
11 Gaussian  gjfs have been created!
Gaussian computations begin at: Fri Sep 22 17:08:33 2023

Gaussian computations finish at: Fri Sep 22 17:08:39 2023

***************conf 6***************
11 Gaussian  gjfs have been created!
Gaussian computations begin at: Fri Sep 22 17:08:39 2023

Gaussian computations finish at: Fri Sep 22 17:08:46 2023

***************conf 7***************
11 Gaussian  gjfs have been created!
Gaussian computations begin at: Fri Sep 22 17:08:46 2023

Gaussian computations finish at: Fri Sep 22 17:08:53 2023

***************conf 8***************
11 Gaussian  gjfs have been created!
Gaussian computations begin at: Fri Sep 22 17:08:53 2023

Gaussian computations finish at: Fri Sep 22 17:08:59 2023

***************conf 9***************
11 Gaussian  gjfs have been created!
Gaussian computations begin at: Fri Sep 22 17:08:59 2023

Gaussian computations finish at: Fri Sep 22 17:09:06 2023

***************conf 10***************
11 Gaussian  gjfs have been created!
Gaussian computations begin at: Fri Sep 22 17:09:06 2023

Gaussian computations finish at: Fri Sep 22 17:09:13 2023

***************conf 11***************
11 Gaussian  gjfs have been created!
Gaussian computations begin at: Fri Sep 22 17:09:13 2023

Gaussian computations finish at: Fri Sep 22 17:09:19 2023

***************conf 12***************
11 Gaussian  gjfs have been created!
Gaussian computations begin at: Fri Sep 22 17:09:19 2023

Gaussian computations finish at: Fri Sep 22 17:09:26 2023

***************conf 13***************
11 Gaussian  gjfs have been created!
Gaussian computations begin at: Fri Sep 22 17:09:26 2023

Gaussian computations finish at: Fri Sep 22 17:09:33 2023

***************conf 14***************
11 Gaussian  gjfs have been created!
Gaussian computations begin at: Fri Sep 22 17:09:33 2023

Gaussian computations finish at: Fri Sep 22 17:09:39 2023

***************conf 15***************
11 Gaussian  gjfs have been created!
Gaussian computations begin at: Fri Sep 22 17:09:39 2023

Gaussian computations finish at: Fri Sep 22 17:09:46 2023

***************conf 16***************
11 Gaussian  gjfs have been created!
Gaussian computations begin at: Fri Sep 22 17:09:46 2023

Gaussian computations finish at: Fri Sep 22 17:09:53 2023

***************conf 17***************
11 Gaussian  gjfs have been created!
Gaussian computations begin at: Fri Sep 22 17:09:53 2023

Gaussian computations finish at: Fri Sep 22 17:09:59 2023

***************conf 18***************
11 Gaussian  gjfs have been created!
Gaussian computations begin at: Fri Sep 22 17:09:59 2023

Gaussian computations finish at: Fri Sep 22 17:10:06 2023

***************conf 19***************
11 Gaussian  gjfs have been created!
Gaussian computations begin at: Fri Sep 22 17:10:06 2023

Gaussian computations finish at: Fri Sep 22 17:10:13 2023

***************conf 20***************
11 Gaussian  gjfs have been created!
Gaussian computations begin at: Fri Sep 22 17:10:13 2023

Gaussian computations finish at: Fri Sep 22 17:10:19 2023

***************conf 21***************
11 Gaussian  gjfs have been created!
Gaussian computations begin at: Fri Sep 22 17:10:19 2023

Gaussian computations finish at: Fri Sep 22 17:10:26 2023

***************conf 22***************
11 Gaussian  gjfs have been created!
Gaussian computations begin at: Fri Sep 22 17:10:26 2023

Gaussian computations finish at: Fri Sep 22 17:10:33 2023

***************conf 23***************
11 Gaussian  gjfs have been created!
Gaussian computations begin at: Fri Sep 22 17:10:33 2023

Gaussian computations finish at: Fri Sep 22 17:10:39 2023

***************conf 24***************
11 Gaussian  gjfs have been created!
Gaussian computations begin at: Fri Sep 22 17:10:39 2023

Gaussian computations finish at: Fri Sep 22 17:10:46 2023

***************conf 25***************
11 Gaussian  gjfs have been created!
Gaussian computations begin at: Fri Sep 22 17:10:46 2023

Gaussian computations finish at: Fri Sep 22 17:10:53 2023

***************conf 26***************
11 Gaussian  gjfs have been created!
Gaussian computations begin at: Fri Sep 22 17:10:53 2023

Gaussian computations finish at: Fri Sep 22 17:10:59 2023

***************conf 27***************
11 Gaussian  gjfs have been created!
Gaussian computations begin at: Fri Sep 22 17:10:59 2023

Gaussian computations finish at: Fri Sep 22 17:11:06 2023

***************conf 28***************
11 Gaussian  gjfs have been created!
Gaussian computations begin at: Fri Sep 22 17:11:06 2023

Gaussian computations finish at: Fri Sep 22 17:11:12 2023

***************conf 29***************
11 Gaussian  gjfs have been created!
Gaussian computations begin at: Fri Sep 22 17:11:12 2023

Gaussian computations finish at: Fri Sep 22 17:11:19 2023

***************conf 30***************
11 Gaussian  gjfs have been created!
Gaussian computations begin at: Fri Sep 22 17:11:19 2023

Gaussian computations finish at: Fri Sep 22 17:11:26 2023

***************conf 31***************
11 Gaussian  gjfs have been created!
Gaussian computations begin at: Fri Sep 22 17:11:26 2023

Gaussian computations finish at: Fri Sep 22 17:11:32 2023

***************conf 32***************
11 Gaussian  gjfs have been created!
Gaussian computations begin at: Fri Sep 22 17:11:32 2023

Gaussian computations finish at: Fri Sep 22 17:11:39 2023

***************conf 33***************
11 Gaussian  gjfs have been created!
Gaussian computations begin at: Fri Sep 22 17:11:39 2023

Gaussian computations finish at: Fri Sep 22 17:11:46 2023

***************conf 34***************
11 Gaussian  gjfs have been created!
Gaussian computations begin at: Fri Sep 22 17:11:46 2023

Gaussian computations finish at: Fri Sep 22 17:11:52 2023

***************conf 35***************
11 Gaussian  gjfs have been created!
Gaussian computations begin at: Fri Sep 22 17:11:52 2023

Gaussian computations finish at: Fri Sep 22 17:11:59 2023

***************conf 36***************
11 Gaussian  gjfs have been created!
Gaussian computations begin at: Fri Sep 22 17:11:59 2023

Gaussian computations finish at: Fri Sep 22 17:12:05 2023

***************conf 37***************
11 Gaussian  gjfs have been created!
Gaussian computations begin at: Fri Sep 22 17:12:05 2023

Gaussian computations finish at: Fri Sep 22 17:12:12 2023

***************conf 38***************
11 Gaussian  gjfs have been created!
Gaussian computations begin at: Fri Sep 22 17:12:12 2023

Gaussian computations finish at: Fri Sep 22 17:12:19 2023

***************conf 39***************
11 Gaussian  gjfs have been created!
Gaussian computations begin at: Fri Sep 22 17:12:19 2023

Gaussian computations finish at: Fri Sep 22 17:12:25 2023

***************conf 40***************
11 Gaussian  gjfs have been created!
Gaussian computations begin at: Fri Sep 22 17:12:25 2023

Gaussian computations finish at: Fri Sep 22 17:12:32 2023

***************conf 41***************
11 Gaussian  gjfs have been created!
Gaussian computations begin at: Fri Sep 22 17:12:32 2023

Gaussian computations finish at: Fri Sep 22 17:12:39 2023

***************conf 42***************
11 Gaussian  gjfs have been created!
Gaussian computations begin at: Fri Sep 22 17:12:39 2023

Gaussian computations finish at: Fri Sep 22 17:12:46 2023

***************conf 43***************
11 Gaussian  gjfs have been created!
Gaussian computations begin at: Fri Sep 22 17:12:46 2023

Gaussian computations finish at: Fri Sep 22 17:12:52 2023

***************conf 44***************
11 Gaussian  gjfs have been created!
Gaussian computations begin at: Fri Sep 22 17:12:52 2023

Gaussian computations finish at: Fri Sep 22 17:12:59 2023

***************conf 45***************
11 Gaussian  gjfs have been created!
Gaussian computations begin at: Fri Sep 22 17:12:59 2023

Gaussian computations finish at: Fri Sep 22 17:13:06 2023

***************conf 46***************
11 Gaussian  gjfs have been created!
Gaussian computations begin at: Fri Sep 22 17:13:06 2023

Gaussian computations finish at: Fri Sep 22 17:13:12 2023

***************conf 47***************
11 Gaussian  gjfs have been created!
Gaussian computations begin at: Fri Sep 22 17:13:12 2023

Gaussian computations finish at: Fri Sep 22 17:13:19 2023

***************conf 48***************
11 Gaussian  gjfs have been created!
Gaussian computations begin at: Fri Sep 22 17:13:19 2023

Gaussian computations finish at: Fri Sep 22 17:13:25 2023

***************conf 49***************
11 Gaussian  gjfs have been created!
Gaussian computations begin at: Fri Sep 22 17:13:25 2023

Gaussian computations finish at: Fri Sep 22 17:13:32 2023

***************conf 50***************
11 Gaussian  gjfs have been created!
Gaussian computations begin at: Fri Sep 22 17:13:32 2023

Gaussian computations finish at: Fri Sep 22 17:13:39 2023

***************conf 51***************
11 Gaussian  gjfs have been created!
Gaussian computations begin at: Fri Sep 22 17:13:39 2023

Gaussian computations finish at: Fri Sep 22 17:13:46 2023

***************conf 52***************
11 Gaussian  gjfs have been created!
Gaussian computations begin at: Fri Sep 22 17:13:46 2023

Gaussian computations finish at: Fri Sep 22 17:13:52 2023

***************conf 53***************
11 Gaussian  gjfs have been created!
Gaussian computations begin at: Fri Sep 22 17:13:52 2023

Gaussian computations finish at: Fri Sep 22 17:13:59 2023

***************conf 54***************
11 Gaussian  gjfs have been created!
Gaussian computations begin at: Fri Sep 22 17:13:59 2023

Gaussian computations finish at: Fri Sep 22 17:14:06 2023

***************conf 55***************
11 Gaussian  gjfs have been created!
Gaussian computations begin at: Fri Sep 22 17:14:06 2023

Gaussian computations finish at: Fri Sep 22 17:14:12 2023

***************conf 56***************
11 Gaussian  gjfs have been created!
Gaussian computations begin at: Fri Sep 22 17:14:12 2023

Gaussian computations finish at: Fri Sep 22 17:14:19 2023

***************conf 57***************
11 Gaussian  gjfs have been created!
Gaussian computations begin at: Fri Sep 22 17:14:19 2023

Gaussian computations finish at: Fri Sep 22 17:14:26 2023

***************conf 58***************
11 Gaussian  gjfs have been created!
Gaussian computations begin at: Fri Sep 22 17:14:26 2023

Gaussian computations finish at: Fri Sep 22 17:14:32 2023

***************conf 59***************
11 Gaussian  gjfs have been created!
Gaussian computations begin at: Fri Sep 22 17:14:32 2023

Gaussian computations finish at: Fri Sep 22 17:14:39 2023

***************conf 60***************
11 Gaussian  gjfs have been created!
Gaussian computations begin at: Fri Sep 22 17:14:39 2023

Gaussian computations finish at: Fri Sep 22 17:14:46 2023

***************conf 61***************
11 Gaussian  gjfs have been created!
Gaussian computations begin at: Fri Sep 22 17:14:46 2023

Gaussian computations finish at: Fri Sep 22 17:14:52 2023

***************conf 62***************
11 Gaussian  gjfs have been created!
Gaussian computations begin at: Fri Sep 22 17:14:52 2023

Gaussian computations finish at: Fri Sep 22 17:14:59 2023

***************conf 63***************
11 Gaussian  gjfs have been created!
Gaussian computations begin at: Fri Sep 22 17:14:59 2023

Gaussian computations finish at: Fri Sep 22 17:15:06 2023

***************conf 64***************
11 Gaussian  gjfs have been created!
Gaussian computations begin at: Fri Sep 22 17:15:06 2023

Gaussian computations finish at: Fri Sep 22 17:15:12 2023

***************conf 65***************
11 Gaussian  gjfs have been created!
Gaussian computations begin at: Fri Sep 22 17:15:12 2023

Gaussian computations finish at: Fri Sep 22 17:15:19 2023

***************conf 66***************
11 Gaussian  gjfs have been created!
Gaussian computations begin at: Fri Sep 22 17:15:19 2023

Gaussian computations finish at: Fri Sep 22 17:15:25 2023

***************conf 67***************
11 Gaussian  gjfs have been created!
Gaussian computations begin at: Fri Sep 22 17:15:25 2023

Gaussian computations finish at: Fri Sep 22 17:15:32 2023

***************conf 68***************
11 Gaussian  gjfs have been created!
Gaussian computations begin at: Fri Sep 22 17:15:32 2023

Gaussian computations finish at: Fri Sep 22 17:15:39 2023

***************conf 69***************
11 Gaussian  gjfs have been created!
Gaussian computations begin at: Fri Sep 22 17:15:39 2023

Gaussian computations finish at: Fri Sep 22 17:15:45 2023

***************conf 70***************
11 Gaussian  gjfs have been created!
Gaussian computations begin at: Fri Sep 22 17:15:45 2023

Gaussian computations finish at: Fri Sep 22 17:15:52 2023

***************conf 71***************
11 Gaussian  gjfs have been created!
Gaussian computations begin at: Fri Sep 22 17:15:52 2023

Gaussian computations finish at: Fri Sep 22 17:15:58 2023

***************conf 72***************
11 Gaussian  gjfs have been created!
Gaussian computations begin at: Fri Sep 22 17:15:58 2023

Gaussian computations finish at: Fri Sep 22 17:16:05 2023

***************conf 73***************
11 Gaussian  gjfs have been created!
Gaussian computations begin at: Fri Sep 22 17:16:05 2023

Gaussian computations finish at: Fri Sep 22 17:16:12 2023

***************conf 74***************
11 Gaussian  gjfs have been created!
Gaussian computations begin at: Fri Sep 22 17:16:12 2023

Gaussian computations finish at: Fri Sep 22 17:16:18 2023

***************conf 75***************
11 Gaussian  gjfs have been created!
Gaussian computations begin at: Fri Sep 22 17:16:18 2023

Gaussian computations finish at: Fri Sep 22 17:16:25 2023

***************conf 76***************
11 Gaussian  gjfs have been created!
Gaussian computations begin at: Fri Sep 22 17:16:25 2023

Gaussian computations finish at: Fri Sep 22 17:16:32 2023

***************conf 77***************
11 Gaussian  gjfs have been created!
Gaussian computations begin at: Fri Sep 22 17:16:32 2023

Gaussian computations finish at: Fri Sep 22 17:16:39 2023

***************conf 78***************
11 Gaussian  gjfs have been created!
Gaussian computations begin at: Fri Sep 22 17:16:39 2023

Gaussian computations finish at: Fri Sep 22 17:16:46 2023

***************conf 79***************
11 Gaussian  gjfs have been created!
Gaussian computations begin at: Fri Sep 22 17:16:46 2023

Gaussian computations finish at: Fri Sep 22 17:16:54 2023

***************conf 80***************
11 Gaussian  gjfs have been created!
Gaussian computations begin at: Fri Sep 22 17:16:54 2023

Gaussian computations finish at: Fri Sep 22 17:17:01 2023

***************conf 81***************
11 Gaussian  gjfs have been created!
Gaussian computations begin at: Fri Sep 22 17:17:01 2023

Gaussian computations finish at: Fri Sep 22 17:17:08 2023

***************conf 82***************
11 Gaussian  gjfs have been created!
Gaussian computations begin at: Fri Sep 22 17:17:08 2023

Gaussian computations finish at: Fri Sep 22 17:17:15 2023

***************conf 83***************
11 Gaussian  gjfs have been created!
Gaussian computations begin at: Fri Sep 22 17:17:15 2023

Gaussian computations finish at: Fri Sep 22 17:17:22 2023

***************conf 84***************
11 Gaussian  gjfs have been created!
Gaussian computations begin at: Fri Sep 22 17:17:22 2023

Gaussian computations finish at: Fri Sep 22 17:17:29 2023

***************conf 85***************
11 Gaussian  gjfs have been created!
Gaussian computations begin at: Fri Sep 22 17:17:29 2023

Gaussian computations finish at: Fri Sep 22 17:17:36 2023

***************conf 86***************
11 Gaussian  gjfs have been created!
Gaussian computations begin at: Fri Sep 22 17:17:36 2023

Gaussian computations finish at: Fri Sep 22 17:17:43 2023

***************conf 87***************
11 Gaussian  gjfs have been created!
Gaussian computations begin at: Fri Sep 22 17:17:43 2023

Gaussian computations finish at: Fri Sep 22 17:17:50 2023

***************conf 88***************
11 Gaussian  gjfs have been created!
Gaussian computations begin at: Fri Sep 22 17:17:50 2023

Gaussian computations finish at: Fri Sep 22 17:17:57 2023

***************conf 89***************
11 Gaussian  gjfs have been created!
Gaussian computations begin at: Fri Sep 22 17:17:57 2023

Gaussian computations finish at: Fri Sep 22 17:18:04 2023

***************conf 90***************
11 Gaussian  gjfs have been created!
Gaussian computations begin at: Fri Sep 22 17:18:04 2023

Gaussian computations finish at: Fri Sep 22 17:18:11 2023

***************conf 91***************
11 Gaussian  gjfs have been created!
Gaussian computations begin at: Fri Sep 22 17:18:11 2023

Gaussian computations finish at: Fri Sep 22 17:18:18 2023

***************conf 92***************
11 Gaussian  gjfs have been created!
Gaussian computations begin at: Fri Sep 22 17:18:18 2023

Gaussian computations finish at: Fri Sep 22 17:18:25 2023

***************conf 93***************
11 Gaussian  gjfs have been created!
Gaussian computations begin at: Fri Sep 22 17:18:25 2023

Gaussian computations finish at: Fri Sep 22 17:18:32 2023

***************conf 94***************
11 Gaussian  gjfs have been created!
Gaussian computations begin at: Fri Sep 22 17:18:32 2023

Gaussian computations finish at: Fri Sep 22 17:18:39 2023

***************conf 95***************
11 Gaussian  gjfs have been created!
Gaussian computations begin at: Fri Sep 22 17:18:39 2023

Gaussian computations finish at: Fri Sep 22 17:18:46 2023

***************conf 96***************
11 Gaussian  gjfs have been created!
Gaussian computations begin at: Fri Sep 22 17:18:46 2023

Gaussian computations finish at: Fri Sep 22 17:18:53 2023

***************conf 97***************
11 Gaussian  gjfs have been created!
Gaussian computations begin at: Fri Sep 22 17:18:53 2023

Gaussian computations finish at: Fri Sep 22 17:19:00 2023

***************conf 98***************
11 Gaussian  gjfs have been created!
Gaussian computations begin at: Fri Sep 22 17:19:00 2023

Gaussian computations finish at: Fri Sep 22 17:19:08 2023

***************conf 99***************
11 Gaussian  gjfs have been created!
Gaussian computations begin at: Fri Sep 22 17:19:08 2023

Gaussian computations finish at: Fri Sep 22 17:19:15 2023

***************conf 100***************
11 Gaussian  gjfs have been created!
Gaussian computations begin at: Fri Sep 22 17:19:15 2023

Gaussian computations finish at: Fri Sep 22 17:19:22 2023

***************conf 101***************
11 Gaussian  gjfs have been created!
Gaussian computations begin at: Fri Sep 22 17:19:22 2023

Gaussian computations finish at: Fri Sep 22 17:19:29 2023

***************conf 102***************
11 Gaussian  gjfs have been created!
Gaussian computations begin at: Fri Sep 22 17:19:29 2023

Gaussian computations finish at: Fri Sep 22 17:19:36 2023

***************conf 103***************
11 Gaussian  gjfs have been created!
Gaussian computations begin at: Fri Sep 22 17:19:36 2023

Gaussian computations finish at: Fri Sep 22 17:19:43 2023

***************conf 104***************
11 Gaussian  gjfs have been created!
Gaussian computations begin at: Fri Sep 22 17:19:43 2023

Gaussian computations finish at: Fri Sep 22 17:19:50 2023

***************conf 105***************
11 Gaussian  gjfs have been created!
Gaussian computations begin at: Fri Sep 22 17:19:50 2023

Gaussian computations finish at: Fri Sep 22 17:19:57 2023

***************conf 106***************
11 Gaussian  gjfs have been created!
Gaussian computations begin at: Fri Sep 22 17:19:57 2023

Gaussian computations finish at: Fri Sep 22 17:20:04 2023

***************conf 107***************
11 Gaussian  gjfs have been created!
Gaussian computations begin at: Fri Sep 22 17:20:04 2023

Gaussian computations finish at: Fri Sep 22 17:20:11 2023

***************conf 108***************
11 Gaussian  gjfs have been created!
Gaussian computations begin at: Fri Sep 22 17:20:11 2023

Gaussian computations finish at: Fri Sep 22 17:20:18 2023

***************conf 109***************
11 Gaussian  gjfs have been created!
Gaussian computations begin at: Fri Sep 22 17:20:18 2023

Gaussian computations finish at: Fri Sep 22 17:20:25 2023

***************conf 110***************
11 Gaussian  gjfs have been created!
Gaussian computations begin at: Fri Sep 22 17:20:25 2023

Gaussian computations finish at: Fri Sep 22 17:20:32 2023

***************conf 111***************
11 Gaussian  gjfs have been created!
Gaussian computations begin at: Fri Sep 22 17:20:32 2023

Gaussian computations finish at: Fri Sep 22 17:20:40 2023

***************conf 112***************
11 Gaussian  gjfs have been created!
Gaussian computations begin at: Fri Sep 22 17:20:40 2023

Gaussian computations finish at: Fri Sep 22 17:20:47 2023

***************conf 113***************
11 Gaussian  gjfs have been created!
Gaussian computations begin at: Fri Sep 22 17:20:47 2023

Gaussian computations finish at: Fri Sep 22 17:20:54 2023

***************conf 114***************
11 Gaussian  gjfs have been created!
Gaussian computations begin at: Fri Sep 22 17:20:54 2023

Gaussian computations finish at: Fri Sep 22 17:21:01 2023

***************conf 115***************
11 Gaussian  gjfs have been created!
Gaussian computations begin at: Fri Sep 22 17:21:01 2023

Gaussian computations finish at: Fri Sep 22 17:21:08 2023

***************conf 116***************
11 Gaussian  gjfs have been created!
Gaussian computations begin at: Fri Sep 22 17:21:08 2023

Gaussian computations finish at: Fri Sep 22 17:21:15 2023

***************conf 117***************
11 Gaussian  gjfs have been created!
Gaussian computations begin at: Fri Sep 22 17:21:15 2023

Gaussian computations finish at: Fri Sep 22 17:21:22 2023

***************conf 118***************
11 Gaussian  gjfs have been created!
Gaussian computations begin at: Fri Sep 22 17:21:22 2023

Gaussian computations finish at: Fri Sep 22 17:21:29 2023

***************conf 119***************
11 Gaussian  gjfs have been created!
Gaussian computations begin at: Fri Sep 22 17:21:29 2023

Gaussian computations finish at: Fri Sep 22 17:21:36 2023

***************conf 120***************
11 Gaussian  gjfs have been created!
Gaussian computations begin at: Fri Sep 22 17:21:36 2023

Gaussian computations finish at: Fri Sep 22 17:21:43 2023

***************conf 121***************
11 Gaussian  gjfs have been created!
Gaussian computations begin at: Fri Sep 22 17:21:43 2023

Gaussian computations finish at: Fri Sep 22 17:21:50 2023

***************conf 122***************
11 Gaussian  gjfs have been created!
Gaussian computations begin at: Fri Sep 22 17:21:50 2023

Gaussian computations finish at: Fri Sep 22 17:21:57 2023

***************conf 123***************
11 Gaussian  gjfs have been created!
Gaussian computations begin at: Fri Sep 22 17:21:57 2023

Gaussian computations finish at: Fri Sep 22 17:22:04 2023

***************conf 124***************
11 Gaussian  gjfs have been created!
Gaussian computations begin at: Fri Sep 22 17:22:04 2023

Gaussian computations finish at: Fri Sep 22 17:22:11 2023

Resutls (125 sheets) are saved in SN2_Tunnel_IRC_M2_M2_all.xlsx

pymol has been created.
Job ends at: Fri Sep 22 17:22:13 2023
Fri Sep 22 17:22:13 CST 2023
