This job is running on host node104
Current directory: /tmp/97412.mgr/run
Wed Sep 18 17:06:15 CST 2024
/tmp/97412.mgr
Job starts at: Wed Sep 18 17:07:09 2024
ref file: 12-Pre_new.gjf
conf file: 12-Ts1.gjf
Using Normal scale for visualization
Dihedral threshold set to 30
COVALENT_RADII scale set to 1.0
method: 1
fragmentation
18 fragments was given!
All atomic charge are 0!
All atomic spin are 0!
number cpu set to 8
number pal set to 4
*************** 73 atoms in input structure !***************
*************** 1 structure in conformer input!***************
***************Warning !!!  fraglist has repeat element!!! ***************
***************  fragmentation list  OK ***************

***************  Charge and Spin  ***************
***************  Charge and Spin  finished!  ***************

***************  Get ref & conf fragments structure  ***************
***************  Get ref & conf fragments structure  finished!  ***************

Structures of subsystems are saved as Ref_M1.xyz and Conf_M1.xyz!
tmpdir has been created.
18 Gaussian  gjfs have been created!
Gaussian computations begin at: Wed Sep 18 17:07:09 2024

Energy not found in tmpdir/M1_ref_4.log file!
[]

Energy not found in tmpdir/M1_ref_5.log file!
[]

Energy not found in tmpdir/M1_ref_10.log file!
[]

Energy not found in tmpdir/M1_ref_11.log file!
[]

Energy not found in tmpdir/M1_ref_6.log file!
[]

Energy not found in tmpdir/M1_ref_7.log file!
[]

Energy not found in tmpdir/M1_ref_8.log file!
[]

Energy not found in tmpdir/M1_ref_9.log file!
[]

Energy not found in tmpdir/M1_ref_14.log file!
[]

Energy not found in tmpdir/M1_ref_15.log file!
[]

Energy not found in tmpdir/M1_ref_0.log file!
[]

Energy not found in tmpdir/M1_ref_1.log file!
[]

Energy not found in tmpdir/M1_ref_2.log file!
[]

Energy not found in tmpdir/M1_ref_3.log file!
[]

Energy not found in tmpdir/M1_ref_12.log file!
[]

Energy not found in tmpdir/M1_ref_13.log file!
[]

Energy not found in tmpdir/M1_ref_16.log file!
[]

Energy not found in tmpdir/M1_ref_17.log file!
[]

Gaussian computations finish at: Wed Sep 18 17:07:10 2024

***************conf ***************
18 Gaussian  gjfs have been created!
Gaussian computations begin at: Wed Sep 18 17:07:10 2024

Energy not found in tmpdir/M1_conf_0_2.log file!
[]

Energy not found in tmpdir/M1_conf_0_3.log file!
[]

Energy not found in tmpdir/M1_conf_0_12.log file!
[]

Energy not found in tmpdir/M1_conf_0_13.log file!
[]

Energy not found in tmpdir/M1_conf_0_6.log file!
[]

Energy not found in tmpdir/M1_conf_0_7.log file!
[]

Energy not found in tmpdir/M1_conf_0_14.log file!
[]

Energy not found in tmpdir/M1_conf_0_15.log file!
[]

Energy not found in tmpdir/M1_conf_0_4.log file!
[]

Energy not found in tmpdir/M1_conf_0_5.log file!
[]

Energy not found in tmpdir/M1_conf_0_10.log file!
[]

Energy not found in tmpdir/M1_conf_0_11.log file!
[]

Energy not found in tmpdir/M1_conf_0_0.log file!
[]

Energy not found in tmpdir/M1_conf_0_1.log file!
[]

Energy not found in tmpdir/M1_conf_0_8.log file!
[]

Energy not found in tmpdir/M1_conf_0_9.log file!
[]

Energy not found in tmpdir/M1_conf_0_16.log file!
[]

Energy not found in tmpdir/M1_conf_0_17.log file!
[]

Gaussian computations finish at: Wed Sep 18 17:07:11 2024

Wed Sep 18 17:07:11 CST 2024
