This job is running on host node72
Current directory: /tmp/55484.mgr/run
Fri Sep 22 11:12:55 CST 2023
/tmp/55484.mgr
Job starts at: Fri Sep 22 11:21:54 2023
ref file: PDB_1XBB_ref.gjf
conf file: QR_1XBB.xyz
method: 3
internal coordinates & fragmentation
4 fragments was given!
No extral bonds/angles added
No bonds/angles removed
No coordination list
All atomic charge are 0!
All atomic spin are 0!
number cpu set to 4
number pal set to 6
*************** 68 atoms in input structure !***************
*************** 3 structure in conformer input!***************
***************  bond & angle part  ***************
***************  Read include/exclude list  ***************
***************  update bond & angle list based on fraglist  ***************
Bonds/angles data are saved in 1XBB_M3_bond_angle.dat
***************  Get internal coodinate values ***************
***************  Charge and Spin  ***************
***************  Charge and Spin  finished!  ***************

***************  Get ref fragments structure  ***************
***************  Get conf fragments structure  ***************
***************  Get ref & conf fragments structure  finished!  ***************

***************  fragmentation part ***************
***************  Charge and Spin  ***************
***************  Charge and Spin  finished!  ***************

***************  Get ref & conf fragments structure  ***************
***************  Get ref & conf fragments structure  finished!  ***************

Structures of subsystems are saved as Ref_M3.xyz and Conf_M3.xyz!
/share/home/yanz/miniconda3/envs/Strain_VIZ/lib/python3.9/site-packages/torchani/resources/
ani-2x computations of begin at: Fri Sep 22 11:23:35 2023
ani-2x computations of finish at: Fri Sep 22 11:23:41 2023

/share/home/yanz/miniconda3/envs/Strain_VIZ/lib/python3.9/site-packages/torchani/resources/
ani-2x computations of begin at: Fri Sep 22 11:25:21 2023
ani-2x computations of finish at: Fri Sep 22 11:25:21 2023

***************conf 0***************
/share/home/yanz/miniconda3/envs/Strain_VIZ/lib/python3.9/site-packages/torchani/resources/
ani-2x computations of begin at: Fri Sep 22 11:26:18 2023
ani-2x computations of finish at: Fri Sep 22 11:26:23 2023

/share/home/yanz/miniconda3/envs/Strain_VIZ/lib/python3.9/site-packages/torchani/resources/
ani-2x computations of begin at: Fri Sep 22 11:26:53 2023
ani-2x computations of finish at: Fri Sep 22 11:26:53 2023

***************conf 1***************
/share/home/yanz/miniconda3/envs/Strain_VIZ/lib/python3.9/site-packages/torchani/resources/
ani-2x computations of begin at: Fri Sep 22 11:27:23 2023
ani-2x computations of finish at: Fri Sep 22 11:27:28 2023

/share/home/yanz/miniconda3/envs/Strain_VIZ/lib/python3.9/site-packages/torchani/resources/
ani-2x computations of begin at: Fri Sep 22 11:27:56 2023
ani-2x computations of finish at: Fri Sep 22 11:27:56 2023

***************conf 2***************
/share/home/yanz/miniconda3/envs/Strain_VIZ/lib/python3.9/site-packages/torchani/resources/
ani-2x computations of begin at: Fri Sep 22 11:28:32 2023
ani-2x computations of finish at: Fri Sep 22 11:28:37 2023

/share/home/yanz/miniconda3/envs/Strain_VIZ/lib/python3.9/site-packages/torchani/resources/
ani-2x computations of begin at: Fri Sep 22 11:29:13 2023
ani-2x computations of finish at: Fri Sep 22 11:29:13 2023

Resutls (3 sheets) are saved in Resutls (3 sheets) are saved in 1XBB_M3_M3all.xlsx

pymol has been created.
Job ends at: Fri Sep 22 11:29:53 2023
Fri Sep 22 11:29:53 CST 2023
