This job is running on host node76
Current directory: /tmp/55482.mgr/run
Fri Sep 22 11:10:34 CST 2023
/tmp/55482.mgr
Job starts at: Fri Sep 22 11:19:45 2023
ref file: PDB_1XBB_ref.gjf
conf file: QR_1XBB.xyz
method: 1
fragmentation
15 fragments was given!
All atomic charge are 0!
All atomic spin are 0!
number cpu set to 4
number pal set to 6
*************** 68 atoms in input structure !***************
*************** 3 structure in conformer input!***************
***************  fragmentation list  OK ***************

***************  Charge and Spin  ***************
***************  Charge and Spin  finished!  ***************

***************  Get ref & conf fragments structure  ***************
***************  Get ref & conf fragments structure  finished!  ***************

Structures of subsystems are saved as Ref_M1.xyz and Conf_M1.xyz!
/share/home/yanz/miniconda3/envs/Strain_VIZ/lib/python3.9/site-packages/torchani/resources/
ani-2x computations of begin at: Fri Sep 22 11:21:26 2023
ani-2x computations of finish at: Fri Sep 22 11:21:26 2023

***************conf 0***************
/share/home/yanz/miniconda3/envs/Strain_VIZ/lib/python3.9/site-packages/torchani/resources/
ani-2x computations of begin at: Fri Sep 22 11:23:07 2023
ani-2x computations of finish at: Fri Sep 22 11:23:08 2023

***************conf 1***************
/share/home/yanz/miniconda3/envs/Strain_VIZ/lib/python3.9/site-packages/torchani/resources/
ani-2x computations of begin at: Fri Sep 22 11:23:47 2023
ani-2x computations of finish at: Fri Sep 22 11:23:48 2023

***************conf 2***************
/share/home/yanz/miniconda3/envs/Strain_VIZ/lib/python3.9/site-packages/torchani/resources/
ani-2x computations of begin at: Fri Sep 22 11:24:20 2023
ani-2x computations of finish at: Fri Sep 22 11:24:21 2023

Resutls (3 sheets) are saved in 1XBB_M1_M1__all.xlsx

pymol has been created.
Job ends at: Fri Sep 22 11:24:57 2023
Fri Sep 22 11:24:58 CST 2023
