This job is running on host node61
Current directory: /tmp/55654.mgr/run
Fri Sep 22 17:05:38 CST 2023
/tmp/55654.mgr
Job starts at: Fri Sep 22 17:05:43 2023
ref file: Sulf_II_react.gjf
conf file: Sulf_TSII.gjf
method: 3
internal coordinates & fragmentation
3 fragments was given!
No extral bonds/angles added
No bonds/angles removed
No coordination list
All atomic charge are 0!
1 atomic spin are defined!
number cpu set to 4
number pal set to 6
*************** 52 atoms in input structure !***************
*************** 1 structure in conformer input!***************
***************  bond & angle part  ***************
***************  Read include/exclude list  ***************
***************  update bond & angle list based on fraglist  ***************
Bonds/angles data are saved in Sulf_II_M3_bond_angle.dat
***************  Get internal coodinate values ***************
***************  Charge and Spin  ***************
***************  Charge and Spin  finished!  ***************

***************  Get ref fragments structure  ***************
***************  Get conf fragments structure  ***************
***************  Get ref & conf fragments structure  finished!  ***************

***************  fragmentation part ***************
***************  Charge and Spin  ***************
***************  Charge and Spin  finished!  ***************

***************  Get ref & conf fragments structure  ***************
***************  Get ref & conf fragments structure  finished!  ***************

Structures of subsystems are saved as Ref_M3.xyz and Conf_M3.xyz!
/share/home/yanz/miniconda3/envs/Strain_VIZ/lib/python3.9/site-packages/torchani/resources/
ani-2x computations of begin at: Fri Sep 22 17:05:51 2023
ani-2x computations of finish at: Fri Sep 22 17:05:53 2023

/share/home/yanz/miniconda3/envs/Strain_VIZ/lib/python3.9/site-packages/torchani/resources/
ani-2x computations of begin at: Fri Sep 22 17:06:01 2023
ani-2x computations of finish at: Fri Sep 22 17:06:01 2023

/share/home/yanz/miniconda3/envs/Strain_VIZ/lib/python3.9/site-packages/torchani/resources/
ani-2x computations of begin at: Fri Sep 22 17:06:09 2023
ani-2x computations of finish at: Fri Sep 22 17:06:12 2023

/share/home/yanz/miniconda3/envs/Strain_VIZ/lib/python3.9/site-packages/torchani/resources/
ani-2x computations of begin at: Fri Sep 22 17:06:20 2023
ani-2x computations of finish at: Fri Sep 22 17:06:20 2023

Resutls are saved in Sulf_II_M3_M3.xlsx

Job ends at: Fri Sep 22 17:06:20 2023
Fri Sep 22 17:06:21 CST 2023
