This job is running on host node61
Current directory: /tmp/55628.mgr/run
Fri Sep 22 17:00:36 CST 2023
/tmp/55628.mgr
Job starts at: Fri Sep 22 17:00:42 2023
ref file: Bnts-OMe_react.gjf
conf file: Bnts-OMe_TS.gjf
method: 3
internal coordinates & fragmentation
1 fragments was given!
No extral bonds/angles added
No bonds/angles removed
No coordination list
2 atomic charge are defined!
All atomic spin are 0!
number cpu set to 4
number pal set to 6
*************** 41 atoms in input structure !***************
*************** 1 structure in conformer input!***************
***************  bond & angle part  ***************
***************  Read include/exclude list  ***************
***************  update bond & angle list based on fraglist  ***************
Bonds/angles data are saved in Bnts-OMe_M3_bond_angle.dat
***************  Get internal coodinate values ***************
***************  Charge and Spin  ***************
***************  Charge and Spin  finished!  ***************

***************  Get ref fragments structure  ***************
***************  Get conf fragments structure  ***************
***************  Get ref & conf fragments structure  finished!  ***************

***************  fragmentation part ***************
***************  Charge and Spin  ***************
***************  Charge and Spin  finished!  ***************

***************  Get ref & conf fragments structure  ***************
***************  Get ref & conf fragments structure  finished!  ***************

Structures of subsystems are saved as Ref_M3.xyz and Conf_M3.xyz!
/share/home/yanz/miniconda3/envs/Strain_VIZ/lib/python3.9/site-packages/torchani/resources/
ani-2x computations of begin at: Fri Sep 22 17:00:49 2023
ani-2x computations of finish at: Fri Sep 22 17:00:51 2023

/share/home/yanz/miniconda3/envs/Strain_VIZ/lib/python3.9/site-packages/torchani/resources/
ani-2x computations of begin at: Fri Sep 22 17:00:59 2023
ani-2x computations of finish at: Fri Sep 22 17:00:59 2023

/share/home/yanz/miniconda3/envs/Strain_VIZ/lib/python3.9/site-packages/torchani/resources/
ani-2x computations of begin at: Fri Sep 22 17:01:07 2023
ani-2x computations of finish at: Fri Sep 22 17:01:09 2023

/share/home/yanz/miniconda3/envs/Strain_VIZ/lib/python3.9/site-packages/torchani/resources/
ani-2x computations of begin at: Fri Sep 22 17:01:16 2023
ani-2x computations of finish at: Fri Sep 22 17:01:16 2023

Resutls are saved in Bnts-OMe_M3_M3.xlsx

pymol has been created.
Job ends at: Fri Sep 22 17:01:17 2023
Fri Sep 22 17:01:17 CST 2023
