This job is running on host node107
Current directory: /tmp/95786.mgr/run
Fri Aug 30 10:29:36 CST 2024
/tmp/95786.mgr
Job starts at: Fri Aug 30 10:29:47 2024
ref file: Bnts-OMe_react.gjf
conf file: Bnts-OMe_TS.gjf
Using log (10) scale for visualization
COVALENT_RADII scale set to 1.0
method: 1
fragmentation
12 fragments was given!
2 atomic charge are defined!
All atomic spin are 0!
number cpu set to 4
number pal set to 6
*************** 41 atoms in input structure !***************
*************** 1 structure in conformer input!***************
***************  fragmentation list  OK ***************

***************  Charge and Spin  ***************
***************  Charge and Spin  finished!  ***************

***************  Get ref & conf fragments structure  ***************
***************  Get ref & conf fragments structure  finished!  ***************

Structures of subsystems are saved as Ref_M1.xyz and Conf_M1.xyz!
12 Gaussian  gjfs have been created!
Gaussian computations begin at: Fri Aug 30 10:29:47 2024

Gaussian computations finish at: Fri Aug 30 10:29:51 2024

***************conf ***************
12 Gaussian  gjfs have been created!
Gaussian computations begin at: Fri Aug 30 10:29:51 2024

Gaussian computations finish at: Fri Aug 30 10:29:54 2024

Resutls are saved in Bnts-OMe_M1_M1.xlsx

Job ends at: Fri Aug 30 10:29:55 2024
Fri Aug 30 10:29:55 CST 2024
