This job is running on host node108
Current directory: /tmp/95797.mgr/run
Fri Aug 30 11:54:32 CST 2024
/tmp/95797.mgr
Warning: no mlatom module
Warning: no xtb module
Job starts at: Fri Aug 30 11:55:18 2024
ref file: Bnts-OMe_react.gjf
conf file: Bnts-OMe_TS.gjf
Using log (10) scale for visualization
COVALENT_RADII scale set to 1.0
method: 2
internal coordinates
No extral bonds/angles added
No bonds/angles removed
2 atomic charge are defined!
All atomic spin are 0!
number cpu set to 2
number pal set to 12
*************** 41 atoms in input structure !***************
*************** 1 structure in conformer input!***************
***************  Read include/exclude list  ***************
Bonds/angles data are saved in Bnts-OMe_M2_bond_angle.dat
***************  Get internal coodinate values  ***************
***************  Charge and Spin  ***************
***************  Charge and Spin  finished!  ***************

***************  Get ref fragments structure  ***************
Warning: please check the following frag, where =C-C= structure exist!
[72, 82, 87]
Distance between link atom warning:  (19, 27) in Mol 65
Distance between link atom warning:  (20, 27) in Mol 68
Distance between link atom warning:  (19, 27) in Mol 70
Distance between link atom warning:  (19, 27) in Mol 71
Distance between link atom warning:  (28, 31) in Mol 76
Distance between link atom warning:  (25, 35) in Mol 94
Distance between link atom warning:  (26, 34) in Mol 98
***************  Get conf fragments structure  ***************
Distance between link atom warning:  (19, 27) in Mol 65
Distance between link atom warning:  (20, 27) in Mol 68
Distance between link atom warning:  (19, 27) in Mol 70
Distance between link atom warning:  (19, 27) in Mol 71
Distance between link atom warning:  (28, 31) in Mol 76
Distance between link atom warning:  (25, 35) in Mol 94
Distance between link atom warning:  (26, 34) in Mol 98
***************  Get ref & conf fragments structure  finished!  ***************

Structures of subsystems are saved as Ref_M2.xyz and Conf_M2.xyz!
112 Gaussian  gjfs have been created!
Gaussian computations begin at: Fri Aug 30 11:55:18 2024

Gaussian computations finish at: Fri Aug 30 11:55:35 2024

112 Gaussian  gjfs have been created!
Gaussian computations begin at: Fri Aug 30 11:55:35 2024

Gaussian computations finish at: Fri Aug 30 11:55:51 2024

Resutls are saved in Bnts-OMe_M2_M2.xlsx

Job ends at: Fri Aug 30 11:55:53 2024
Fri Aug 30 11:55:54 CST 2024
