This job is running on host node107
Current directory: /tmp/95782.mgr/run
Fri Aug 30 10:25:44 CST 2024
/tmp/95782.mgr
Job starts at: Fri Aug 30 10:26:02 2024
ref file: Bnts-OMe_react.gjf
conf file: Bnts-OMe_TS.gjf
Using log (10) scale for visualization
COVALENT_RADII scale set to 1.0
method: 3
internal coordinates & fragmentation
1 fragments was given!
1 coordination was given
1 coordination was given
No extral bonds/angles added
No bonds/angles removed
2 atomic charge are defined!
All atomic spin are 0!
number cpu set to 4
number pal set to 6
*************** 41 atoms in input structure !***************
*************** 1 structure in conformer input!***************
***************  fragmentation list  OK ***************

***************  fragmentation list  OK ***************

***************  bond & angle part  ***************
***************  Read include/exclude list  ***************
***************  update bond & angle list based on fraglist  ***************
***************  update bond & angle list based on coordination list  ***************
Bonds/angles data are saved in Bnts-OMe_M3_bond_angle.dat
***************  Get internal coodinate values ***************
***************  Charge and Spin  ***************
***************  Charge and Spin  finished!  ***************

***************  Get ref fragments structure  ***************
***************  Get conf fragments structure  ***************
***************  Get ref & conf fragments structure  finished!  ***************

***************  fragmentation part ***************
***************  Charge and Spin  ***************
***************  Charge and Spin  finished!  ***************

***************  Get ref & conf fragments structure  ***************
***************  Get ref & conf fragments structure  finished!  ***************

Structures of subsystems are saved as Ref_M3.xyz and Conf_M3.xyz!
tmpdir has been created.
81 Gaussian  gjfs have been created!
Gaussian computations begin at: Fri Aug 30 10:26:02 2024

Gaussian computations finish at: Fri Aug 30 10:26:23 2024

1 Gaussian  gjfs have been created!
Gaussian computations begin at: Fri Aug 30 10:26:23 2024

Gaussian computations finish at: Fri Aug 30 10:26:25 2024

81 Gaussian  gjfs have been created!
Gaussian computations begin at: Fri Aug 30 10:26:25 2024

Gaussian computations finish at: Fri Aug 30 10:26:45 2024

1 Gaussian  gjfs have been created!
Gaussian computations begin at: Fri Aug 30 10:26:45 2024

Gaussian computations finish at: Fri Aug 30 10:26:47 2024

Resutls are saved in Bnts-OMe_M3_M3.xlsx

Job ends at: Fri Aug 30 10:26:48 2024
Fri Aug 30 10:26:49 CST 2024
