


 PROGRAM MNDO2019.
 VERSION 8.0 OF 15 AUGUST 2019.

 COPYRIGHT BY WALTER THIEL,
 MAX-PLANCK-INSTITUT FUER KOHLENFORSCHUNG,
 D-45470 MUELHEIM, GERMANY.


 ***** STANDARD INPUT USING KEYWORDS *****

 IOP    =  -22     JOP    =   -1     IGEOM  =    1     IFORM  =    1     NSAV15 =    3
 ICUTS  =   -1     ICUTG  =   -1     IMMDP  =   -1     ISCF   =    9     IPLSCF =    9
 IPRINT =   -1     KPRINT =   -5     LPRINT =   -2     MPRINT =    0     JPRINT =   -1
 KHARGE =    0     IMULT  =    0     KITSCF = 9999     NPRINT =   -1


 ***********************************************************************
 * INPUT OF OPTIONS VIA KEYWORDS
 * NUMBER OF MNDO97 KEYWORDS FOUND: 19
 * MOPAC KEYWORDS NOT FOUND: IMOPAC=-1
 ***********************************************************************



 *** OPTIONS FROM THE FIRST LINE OF INPUT    ***
 *** DEFINED EITHER EXPLICITLY OR BY DEFAULT ***

 LIMIT  =    0     IOP    =  -22     JOP    =   -1     IGEOM  =    1     IFORM  =    1
 NEXMOL =    1     MPLIB  =    0     IEF    =    0     IDIIS  =    0     INREFD =    0
 IPAROK =    0     MMINP  =    0     NMR    =    0     NSAV7  =    0     NSAV8  =    0
 NSAV9  =    0     NSAV13 =    0     NSAV15 =    3     NSAV16 =    0     IMMOK  =    0
 IHBOND =    0     IFLD1  =    0     IFLD2  =    0     IFLD3  =    0     ICUTS  =   -1
 ICUTG  =   -1     IEXBAS =    0     ICOSMO =    0     IPSANA =    0     IMMDP  =   -1
 INAC   =    0



 ODM2   

 STANDARD CALCULATION FOR INPUT GEOMETRY

 INPUT IN CARTESIAN COORDINATES

 INPUT OF MOLECULAR DATA IN FREE FORMAT



                                                                                     
                                                                                     



     EIGENVALUES (EV).


             1           2           3           4           5
    0   -37.32260   -26.96007   -22.86210   -19.70147   -16.59005
    5   -16.02705   -14.72317   -13.56461   -12.94854   -10.79884
   10   -10.48402     0.95740     2.18088     3.03157     3.70554
   15     4.32210     5.46362     7.36954     8.89993     9.16405



     TOTAL ENERGY            -17742.18840 KCAL/MOL
     SCF BINDING ENERGY         -35.59839 EV
     SCF TOTAL ENERGY          -769.35902 EV
     ELECTRONIC ENERGY        -2020.74898 EV
     NUCLEAR ENERGY            1251.38995 EV
     IONIZATION ENERGY           10.48402 EV
     SCF CYCLES                  24



     NET ATOMIC CHARGES AND ORBITAL POPULATIONS.

     ATOM    I        CHARGE      DENSITY        S          PX          PY          PZ

      O      1       -0.42208     6.42208     1.95156     1.24416     1.79389     1.43248
      C      2        0.29863     3.70137     1.33883     0.79970     0.83407     0.72877
      C      3       -0.25818     4.25818     1.37702     0.99033     0.91606     0.97477
      C      4       -0.45643     4.45643     1.41878     0.98824     1.06159     0.98782
      H      5        0.14705     0.85295     0.85295
      H      6        0.23336     0.76664     0.76664
      H      7        0.21261     0.78739     0.78739
      H      8        0.24504     0.75496     0.75496



     DIPOLE              X           Y           Z         TOTAL

     POINT-CHARGE    -3.04905     1.42712    -1.18546     3.56913
     HYBRID           0.14501     0.06705     0.01453     0.16042
     SUM             -2.90404     1.49417    -1.17094     3.46945



     TIME FOR ENERGY EVALUATION       0.001 SECONDS



 COMPUTATION TIME                 0.001 SECONDS


