This job is running on host node54
Current directory: /tmp/60582.mgr/run
Wed Oct 25 19:27:05 CST 2023
/tmp/60582.mgr
Job starts at: Wed Oct 25 19:27:14 2023
ref file: N-IN3-t_g.gjf
conf file: N-IN3-C_g.gjf
Using log (10) scale for visualization
method: 2
internal coordinates
2 bonds/angles added
No bonds/angles removed
1 atomic charge are defined!
All atomic spin are 0!
number cpu set to 4
number pal set to 6
*************** 65 atoms in input structure !***************
*************** 1 structure in conformer input!***************
***************  Read include/exclude list  ***************
Bonds/angles data are saved in NIN3_M2_bond_angle.dat
***************  Get internal coodinate values  ***************
***************  Charge and Spin  ***************
***************  Charge and Spin  finished!  ***************

***************  Get ref fragments structure  ***************
Warning: please check the following frag, where =C-C= structure exist!
[24, 29, 39, 52, 64, 74, 88, 93, 103, 126, 131, 141, 163, 172]
***************  Get conf fragments structure  ***************
***************  Get ref & conf fragments structure  finished!  ***************

Structures of subsystems are saved as Ref_M2.xyz and Conf_M2.xyz!
aiqm1 computations of begin at: Wed Oct 25 19:27:14 2023
aiqm1 computations of finish at: Wed Oct 25 19:28:53 2023

aiqm1 computations of begin at: Wed Oct 25 19:28:53 2023
aiqm1 computations of finish at: Wed Oct 25 19:30:30 2023

Resutls are saved in NIN3_M2_M2.xlsx

pymol has been created.
Delta torsion was not showed 
Delta torsion was not showed 
Job ends at: Wed Oct 25 19:30:31 2023
Wed Oct 25 19:30:31 CST 2023
