This job is running on host node72
Current directory: /tmp/55558.mgr/run
Fri Sep 22 16:29:44 CST 2023
/tmp/55558.mgr
Job starts at: Fri Sep 22 16:38:54 2023
ref file: 1a-HCl-2e-MajorPre_cpcm.gjf
conf file: 1a-HCl-2e-MajorTS_cpcm.gjf
method: 1
fragmentation
27 fragments was given!
2 atomic charge are defined!
All atomic spin are 0!
number cpu set to 8
number pal set to 3
*************** 138 atoms in input structure !***************
*************** 1 structure in conformer input!***************
***************  fragmentation list  OK ***************

***************  Charge and Spin  ***************
***************  Charge and Spin  finished!  ***************

***************  Get ref & conf fragments structure  ***************
***************  Get ref & conf fragments structure  finished!  ***************

Structures of subsystems are saved as Ref_M1.xyz and Conf_M1.xyz!
xTB computations begin at: Fri Sep 22 16:38:54 2023
xTB computations finish at: Fri Sep 22 16:39:12 2023

***************conf ***************
xTB computations begin at: Fri Sep 22 16:39:12 2023
xTB computations finish at: Fri Sep 22 16:39:29 2023

Resutls are saved in HCl2e_M1_M1.xlsx

pymol has been created.
Job ends at: Fri Sep 22 16:40:04 2023
Fri Sep 22 16:40:04 CST 2023
