This job is running on host node75
Current directory: /tmp/60574.mgr/run
Wed Oct 25 19:13:05 CST 2023
/tmp/60574.mgr
Job starts at: Wed Oct 25 19:26:28 2023
ref file: N-IN3-t_g.gjf
conf file: N-IN3-C_g.gjf
Using log (10) scale for visualization
method: 3
internal coordinates & fragmentation
4 fragments was given!
No coordination list
0 coordination was given
2 bonds/angles added
No bonds/angles removed
1 atomic charge are defined!
All atomic spin are 0!
number cpu set to 4
number pal set to 6
*************** 65 atoms in input structure !***************
*************** 1 structure in conformer input!***************
***************  bond & angle part  ***************
***************  Read include/exclude list  ***************
***************  update bond & angle list based on fraglist  ***************
Bonds/angles data are saved in NIN3-M3_bond_angle.dat
***************  Get internal coodinate values ***************
***************  Charge and Spin  ***************
***************  Charge and Spin  finished!  ***************

***************  Get ref fragments structure  ***************
Warning: please check the following frag, where =C-C= structure exist!
[47, 56]
***************  Get conf fragments structure  ***************
***************  Get ref & conf fragments structure  finished!  ***************

***************  fragmentation part ***************
***************  Charge and Spin  ***************
***************  Charge and Spin  finished!  ***************

***************  Get ref & conf fragments structure  ***************
***************  Get ref & conf fragments structure  finished!  ***************

Structures of subsystems are saved as Ref_M3.xyz and Conf_M3.xyz!
tmpdir has been created.
65 Gaussian  gjfs have been created!
Gaussian computations begin at: Wed Oct 25 19:26:28 2023

Gaussian computations finish at: Wed Oct 25 19:29:49 2023

4 Gaussian  gjfs have been created!
Gaussian computations begin at: Wed Oct 25 19:29:49 2023

Gaussian computations finish at: Wed Oct 25 19:30:12 2023

65 Gaussian  gjfs have been created!
Gaussian computations begin at: Wed Oct 25 19:30:12 2023

Gaussian computations finish at: Wed Oct 25 19:33:28 2023

4 Gaussian  gjfs have been created!
Gaussian computations begin at: Wed Oct 25 19:33:28 2023

Gaussian computations finish at: Wed Oct 25 19:33:50 2023

Resutls are saved in NIN3-M3_M3.xlsx

pymol has been created.
Delta torsion was not showed 
Delta torsion was not showed 
Job ends at: Wed Oct 25 19:34:42 2023
Wed Oct 25 19:34:43 CST 2023
