This job is running on host node81
Current directory: /tmp/60572.mgr/run
Thu Oct 26 03:11:36 CST 2023
/tmp/60572.mgr
Job starts at: Thu Oct 26 03:11:59 2023
ref file: N-IN3-t_g.gjf
conf file: N-IN3-C_g.gjf
Using log (10) scale for visualization
method: 1
fragmentation
10 fragments was given!
1 atomic charge are defined!
All atomic spin are 0!
number cpu set to 6
number pal set to 4
*************** 65 atoms in input structure !***************
*************** 1 structure in conformer input!***************
***************  fragmentation list  OK ***************

***************  Charge and Spin  ***************
***************  Charge and Spin  finished!  ***************

***************  Get ref & conf fragments structure  ***************
***************  Get ref & conf fragments structure  finished!  ***************

Structures of subsystems are saved as Ref_M1.xyz and Conf_M1.xyz!
tmpdir has been created.
10 Gaussian  gjfs have been created!
Gaussian computations begin at: Thu Oct 26 03:11:59 2023

