This job is running on host node61
Current directory: /tmp/55610.mgr/run
Fri Sep 22 16:56:31 CST 2023
/tmp/55610.mgr
Job starts at: Fri Sep 22 16:56:40 2023
ref file: Mg-2R1-react.gjf
conf file: Mg-2cTS.gjf
method: 2
internal coordinates
No extral bonds/angles added
No bonds/angles removed
2 atomic charge are defined!
All atomic spin are 0!
number cpu set to 4
number pal set to 6
*************** 26 atoms in input structure !***************
*************** 1 structure in conformer input!***************
***************  Read include/exclude list  ***************
Bonds/angles data are saved in Mg_M2_bond_angle.dat
***************  Get internal coodinate values  ***************
***************  Charge and Spin  ***************
***************  Charge and Spin  finished!  ***************

***************  Get ref fragments structure  ***************
***************  Get conf fragments structure  ***************
***************  Get ref & conf fragments structure  finished!  ***************

Structures of subsystems are saved as Ref_M2.xyz and Conf_M2.xyz!
xTB computations begin at: Fri Sep 22 16:56:40 2023
xTB computations finish at: Fri Sep 22 16:56:52 2023

xTB computations begin at: Fri Sep 22 16:56:52 2023
xTB computations finish at: Fri Sep 22 16:57:04 2023

Resutls are saved in Mg_M2_M2.xlsx

pymol has been created.
Job ends at: Fri Sep 22 16:57:04 2023
Fri Sep 22 16:57:05 CST 2023
