This job is running on host node97
Current directory: /tmp/55665.mgr/run
Wed Jun  5 22:50:05 CST 2019
/tmp/55665.mgr
Job starts at: Wed Jun  5 22:50:15 2019
ref file: Reacts.gjf
conf file: SN2-RP.xyz
method: 2
internal coordinates
No extral bonds/angles added
No bonds/angles removed
1 atomic charge are defined!
All atomic spin are 0!
number cpu set to 2
number pal set to 12
*************** 7 atoms in input structure !***************
*************** 125 structure in conformer input!***************
***************  Read include/exclude list  ***************
Bonds/angles data are saved in SN2_Tunnel_IRC_M2_bond_angle.dat
***************  Get internal coodinate values  ***************
***************  Charge and Spin  ***************
***************  Charge and Spin  finished!  ***************

***************  Get ref fragments structure  ***************
***************  Get conf fragments structure  ***************
***************  Get ref & conf fragments structure  finished!  ***************

Structures of subsystems are saved as Ref_M2.xyz and Conf_M2.xyz!
/share/home/yanz/miniconda3/envs/Strain_VIZ/lib/python3.9/site-packages/torchani/resources/
ani-2x computations of begin at: Wed Jun  5 22:50:23 2019
ani-2x computations of finish at: Wed Jun  5 22:50:24 2019

***************conf 0***************
/share/home/yanz/miniconda3/envs/Strain_VIZ/lib/python3.9/site-packages/torchani/resources/
ani-2x computations of begin at: Wed Jun  5 22:50:31 2019
ani-2x computations of finish at: Wed Jun  5 22:50:32 2019

***************conf 1***************
/share/home/yanz/miniconda3/envs/Strain_VIZ/lib/python3.9/site-packages/torchani/resources/
ani-2x computations of begin at: Wed Jun  5 22:50:39 2019
ani-2x computations of finish at: Wed Jun  5 22:50:40 2019

***************conf 2***************
/share/home/yanz/miniconda3/envs/Strain_VIZ/lib/python3.9/site-packages/torchani/resources/
ani-2x computations of begin at: Wed Jun  5 22:50:47 2019
ani-2x computations of finish at: Wed Jun  5 22:50:48 2019

***************conf 3***************
/share/home/yanz/miniconda3/envs/Strain_VIZ/lib/python3.9/site-packages/torchani/resources/
ani-2x computations of begin at: Wed Jun  5 22:50:56 2019
ani-2x computations of finish at: Wed Jun  5 22:50:56 2019

***************conf 4***************
/share/home/yanz/miniconda3/envs/Strain_VIZ/lib/python3.9/site-packages/torchani/resources/
ani-2x computations of begin at: Wed Jun  5 22:51:03 2019
ani-2x computations of finish at: Wed Jun  5 22:51:04 2019

***************conf 5***************
/share/home/yanz/miniconda3/envs/Strain_VIZ/lib/python3.9/site-packages/torchani/resources/
ani-2x computations of begin at: Wed Jun  5 22:51:12 2019
ani-2x computations of finish at: Wed Jun  5 22:51:12 2019

***************conf 6***************
/share/home/yanz/miniconda3/envs/Strain_VIZ/lib/python3.9/site-packages/torchani/resources/
ani-2x computations of begin at: Wed Jun  5 22:51:19 2019
ani-2x computations of finish at: Wed Jun  5 22:51:20 2019

***************conf 7***************
/share/home/yanz/miniconda3/envs/Strain_VIZ/lib/python3.9/site-packages/torchani/resources/
ani-2x computations of begin at: Wed Jun  5 22:51:27 2019
ani-2x computations of finish at: Wed Jun  5 22:51:28 2019

***************conf 8***************
/share/home/yanz/miniconda3/envs/Strain_VIZ/lib/python3.9/site-packages/torchani/resources/
ani-2x computations of begin at: Wed Jun  5 22:51:35 2019
ani-2x computations of finish at: Wed Jun  5 22:51:36 2019

***************conf 9***************
/share/home/yanz/miniconda3/envs/Strain_VIZ/lib/python3.9/site-packages/torchani/resources/
ani-2x computations of begin at: Wed Jun  5 22:51:42 2019
ani-2x computations of finish at: Wed Jun  5 22:51:43 2019

***************conf 10***************
/share/home/yanz/miniconda3/envs/Strain_VIZ/lib/python3.9/site-packages/torchani/resources/
ani-2x computations of begin at: Wed Jun  5 22:51:50 2019
ani-2x computations of finish at: Wed Jun  5 22:51:50 2019

***************conf 11***************
/share/home/yanz/miniconda3/envs/Strain_VIZ/lib/python3.9/site-packages/torchani/resources/
ani-2x computations of begin at: Wed Jun  5 22:51:58 2019
ani-2x computations of finish at: Wed Jun  5 22:51:58 2019

***************conf 12***************
/share/home/yanz/miniconda3/envs/Strain_VIZ/lib/python3.9/site-packages/torchani/resources/
ani-2x computations of begin at: Wed Jun  5 22:52:05 2019
ani-2x computations of finish at: Wed Jun  5 22:52:06 2019

***************conf 13***************
/share/home/yanz/miniconda3/envs/Strain_VIZ/lib/python3.9/site-packages/torchani/resources/
ani-2x computations of begin at: Wed Jun  5 22:52:13 2019
ani-2x computations of finish at: Wed Jun  5 22:52:13 2019

***************conf 14***************
/share/home/yanz/miniconda3/envs/Strain_VIZ/lib/python3.9/site-packages/torchani/resources/
ani-2x computations of begin at: Wed Jun  5 22:52:21 2019
ani-2x computations of finish at: Wed Jun  5 22:52:21 2019

***************conf 15***************
/share/home/yanz/miniconda3/envs/Strain_VIZ/lib/python3.9/site-packages/torchani/resources/
ani-2x computations of begin at: Wed Jun  5 22:52:29 2019
ani-2x computations of finish at: Wed Jun  5 22:52:29 2019

***************conf 16***************
/share/home/yanz/miniconda3/envs/Strain_VIZ/lib/python3.9/site-packages/torchani/resources/
ani-2x computations of begin at: Wed Jun  5 22:52:37 2019
ani-2x computations of finish at: Wed Jun  5 22:52:37 2019

***************conf 17***************
/share/home/yanz/miniconda3/envs/Strain_VIZ/lib/python3.9/site-packages/torchani/resources/
ani-2x computations of begin at: Wed Jun  5 22:52:44 2019
ani-2x computations of finish at: Wed Jun  5 22:52:45 2019

***************conf 18***************
/share/home/yanz/miniconda3/envs/Strain_VIZ/lib/python3.9/site-packages/torchani/resources/
ani-2x computations of begin at: Wed Jun  5 22:52:52 2019
ani-2x computations of finish at: Wed Jun  5 22:52:52 2019

***************conf 19***************
/share/home/yanz/miniconda3/envs/Strain_VIZ/lib/python3.9/site-packages/torchani/resources/
ani-2x computations of begin at: Wed Jun  5 22:52:59 2019
ani-2x computations of finish at: Wed Jun  5 22:53:00 2019

***************conf 20***************
/share/home/yanz/miniconda3/envs/Strain_VIZ/lib/python3.9/site-packages/torchani/resources/
ani-2x computations of begin at: Wed Jun  5 22:53:07 2019
ani-2x computations of finish at: Wed Jun  5 22:53:08 2019

***************conf 21***************
/share/home/yanz/miniconda3/envs/Strain_VIZ/lib/python3.9/site-packages/torchani/resources/
ani-2x computations of begin at: Wed Jun  5 22:53:15 2019
ani-2x computations of finish at: Wed Jun  5 22:53:15 2019

***************conf 22***************
/share/home/yanz/miniconda3/envs/Strain_VIZ/lib/python3.9/site-packages/torchani/resources/
ani-2x computations of begin at: Wed Jun  5 22:53:23 2019
ani-2x computations of finish at: Wed Jun  5 22:53:23 2019

***************conf 23***************
/share/home/yanz/miniconda3/envs/Strain_VIZ/lib/python3.9/site-packages/torchani/resources/
ani-2x computations of begin at: Wed Jun  5 22:53:31 2019
ani-2x computations of finish at: Wed Jun  5 22:53:31 2019

***************conf 24***************
/share/home/yanz/miniconda3/envs/Strain_VIZ/lib/python3.9/site-packages/torchani/resources/
ani-2x computations of begin at: Wed Jun  5 22:53:38 2019
ani-2x computations of finish at: Wed Jun  5 22:53:39 2019

***************conf 25***************
/share/home/yanz/miniconda3/envs/Strain_VIZ/lib/python3.9/site-packages/torchani/resources/
ani-2x computations of begin at: Wed Jun  5 22:53:46 2019
ani-2x computations of finish at: Wed Jun  5 22:53:46 2019

***************conf 26***************
/share/home/yanz/miniconda3/envs/Strain_VIZ/lib/python3.9/site-packages/torchani/resources/
ani-2x computations of begin at: Wed Jun  5 22:53:54 2019
ani-2x computations of finish at: Wed Jun  5 22:53:54 2019

***************conf 27***************
/share/home/yanz/miniconda3/envs/Strain_VIZ/lib/python3.9/site-packages/torchani/resources/
ani-2x computations of begin at: Wed Jun  5 22:54:01 2019
ani-2x computations of finish at: Wed Jun  5 22:54:01 2019

***************conf 28***************
/share/home/yanz/miniconda3/envs/Strain_VIZ/lib/python3.9/site-packages/torchani/resources/
ani-2x computations of begin at: Wed Jun  5 22:54:09 2019
ani-2x computations of finish at: Wed Jun  5 22:54:10 2019

***************conf 29***************
/share/home/yanz/miniconda3/envs/Strain_VIZ/lib/python3.9/site-packages/torchani/resources/
ani-2x computations of begin at: Wed Jun  5 22:54:17 2019
ani-2x computations of finish at: Wed Jun  5 22:54:17 2019

***************conf 30***************
/share/home/yanz/miniconda3/envs/Strain_VIZ/lib/python3.9/site-packages/torchani/resources/
ani-2x computations of begin at: Wed Jun  5 22:54:24 2019
ani-2x computations of finish at: Wed Jun  5 22:54:24 2019

***************conf 31***************
/share/home/yanz/miniconda3/envs/Strain_VIZ/lib/python3.9/site-packages/torchani/resources/
ani-2x computations of begin at: Wed Jun  5 22:54:32 2019
ani-2x computations of finish at: Wed Jun  5 22:54:32 2019

***************conf 32***************
/share/home/yanz/miniconda3/envs/Strain_VIZ/lib/python3.9/site-packages/torchani/resources/
ani-2x computations of begin at: Wed Jun  5 22:54:39 2019
ani-2x computations of finish at: Wed Jun  5 22:54:40 2019

***************conf 33***************
/share/home/yanz/miniconda3/envs/Strain_VIZ/lib/python3.9/site-packages/torchani/resources/
ani-2x computations of begin at: Wed Jun  5 22:54:47 2019
ani-2x computations of finish at: Wed Jun  5 22:54:47 2019

***************conf 34***************
/share/home/yanz/miniconda3/envs/Strain_VIZ/lib/python3.9/site-packages/torchani/resources/
ani-2x computations of begin at: Wed Jun  5 22:54:54 2019
ani-2x computations of finish at: Wed Jun  5 22:54:54 2019

***************conf 35***************
/share/home/yanz/miniconda3/envs/Strain_VIZ/lib/python3.9/site-packages/torchani/resources/
ani-2x computations of begin at: Wed Jun  5 22:55:02 2019
ani-2x computations of finish at: Wed Jun  5 22:55:02 2019

***************conf 36***************
/share/home/yanz/miniconda3/envs/Strain_VIZ/lib/python3.9/site-packages/torchani/resources/
ani-2x computations of begin at: Wed Jun  5 22:55:09 2019
ani-2x computations of finish at: Wed Jun  5 22:55:09 2019

***************conf 37***************
/share/home/yanz/miniconda3/envs/Strain_VIZ/lib/python3.9/site-packages/torchani/resources/
ani-2x computations of begin at: Wed Jun  5 22:55:17 2019
ani-2x computations of finish at: Wed Jun  5 22:55:17 2019

***************conf 38***************
/share/home/yanz/miniconda3/envs/Strain_VIZ/lib/python3.9/site-packages/torchani/resources/
ani-2x computations of begin at: Wed Jun  5 22:55:24 2019
ani-2x computations of finish at: Wed Jun  5 22:55:25 2019

***************conf 39***************
/share/home/yanz/miniconda3/envs/Strain_VIZ/lib/python3.9/site-packages/torchani/resources/
ani-2x computations of begin at: Wed Jun  5 22:55:32 2019
ani-2x computations of finish at: Wed Jun  5 22:55:33 2019

***************conf 40***************
/share/home/yanz/miniconda3/envs/Strain_VIZ/lib/python3.9/site-packages/torchani/resources/
ani-2x computations of begin at: Wed Jun  5 22:55:40 2019
ani-2x computations of finish at: Wed Jun  5 22:55:41 2019

***************conf 41***************
/share/home/yanz/miniconda3/envs/Strain_VIZ/lib/python3.9/site-packages/torchani/resources/
ani-2x computations of begin at: Wed Jun  5 22:55:48 2019
ani-2x computations of finish at: Wed Jun  5 22:55:48 2019

***************conf 42***************
/share/home/yanz/miniconda3/envs/Strain_VIZ/lib/python3.9/site-packages/torchani/resources/
ani-2x computations of begin at: Wed Jun  5 22:55:55 2019
ani-2x computations of finish at: Wed Jun  5 22:55:56 2019

***************conf 43***************
/share/home/yanz/miniconda3/envs/Strain_VIZ/lib/python3.9/site-packages/torchani/resources/
ani-2x computations of begin at: Wed Jun  5 22:56:03 2019
ani-2x computations of finish at: Wed Jun  5 22:56:03 2019

***************conf 44***************
/share/home/yanz/miniconda3/envs/Strain_VIZ/lib/python3.9/site-packages/torchani/resources/
ani-2x computations of begin at: Wed Jun  5 22:56:11 2019
ani-2x computations of finish at: Wed Jun  5 22:56:11 2019

***************conf 45***************
/share/home/yanz/miniconda3/envs/Strain_VIZ/lib/python3.9/site-packages/torchani/resources/
ani-2x computations of begin at: Wed Jun  5 22:56:18 2019
ani-2x computations of finish at: Wed Jun  5 22:56:19 2019

***************conf 46***************
/share/home/yanz/miniconda3/envs/Strain_VIZ/lib/python3.9/site-packages/torchani/resources/
ani-2x computations of begin at: Wed Jun  5 22:56:26 2019
ani-2x computations of finish at: Wed Jun  5 22:56:26 2019

***************conf 47***************
/share/home/yanz/miniconda3/envs/Strain_VIZ/lib/python3.9/site-packages/torchani/resources/
ani-2x computations of begin at: Wed Jun  5 22:56:34 2019
ani-2x computations of finish at: Wed Jun  5 22:56:34 2019

***************conf 48***************
/share/home/yanz/miniconda3/envs/Strain_VIZ/lib/python3.9/site-packages/torchani/resources/
ani-2x computations of begin at: Wed Jun  5 22:56:41 2019
ani-2x computations of finish at: Wed Jun  5 22:56:42 2019

***************conf 49***************
/share/home/yanz/miniconda3/envs/Strain_VIZ/lib/python3.9/site-packages/torchani/resources/
ani-2x computations of begin at: Wed Jun  5 22:56:49 2019
ani-2x computations of finish at: Wed Jun  5 22:56:49 2019

***************conf 50***************
/share/home/yanz/miniconda3/envs/Strain_VIZ/lib/python3.9/site-packages/torchani/resources/
ani-2x computations of begin at: Wed Jun  5 22:56:56 2019
ani-2x computations of finish at: Wed Jun  5 22:56:57 2019

***************conf 51***************
/share/home/yanz/miniconda3/envs/Strain_VIZ/lib/python3.9/site-packages/torchani/resources/
ani-2x computations of begin at: Wed Jun  5 22:57:04 2019
ani-2x computations of finish at: Wed Jun  5 22:57:05 2019

***************conf 52***************
/share/home/yanz/miniconda3/envs/Strain_VIZ/lib/python3.9/site-packages/torchani/resources/
ani-2x computations of begin at: Wed Jun  5 22:57:12 2019
ani-2x computations of finish at: Wed Jun  5 22:57:12 2019

***************conf 53***************
/share/home/yanz/miniconda3/envs/Strain_VIZ/lib/python3.9/site-packages/torchani/resources/
ani-2x computations of begin at: Wed Jun  5 22:57:19 2019
ani-2x computations of finish at: Wed Jun  5 22:57:20 2019

***************conf 54***************
/share/home/yanz/miniconda3/envs/Strain_VIZ/lib/python3.9/site-packages/torchani/resources/
ani-2x computations of begin at: Wed Jun  5 22:57:27 2019
ani-2x computations of finish at: Wed Jun  5 22:57:28 2019

***************conf 55***************
/share/home/yanz/miniconda3/envs/Strain_VIZ/lib/python3.9/site-packages/torchani/resources/
ani-2x computations of begin at: Wed Jun  5 22:57:35 2019
ani-2x computations of finish at: Wed Jun  5 22:57:36 2019

***************conf 56***************
/share/home/yanz/miniconda3/envs/Strain_VIZ/lib/python3.9/site-packages/torchani/resources/
ani-2x computations of begin at: Wed Jun  5 22:57:43 2019
ani-2x computations of finish at: Wed Jun  5 22:57:43 2019

***************conf 57***************
/share/home/yanz/miniconda3/envs/Strain_VIZ/lib/python3.9/site-packages/torchani/resources/
ani-2x computations of begin at: Wed Jun  5 22:57:51 2019
ani-2x computations of finish at: Wed Jun  5 22:57:51 2019

***************conf 58***************
/share/home/yanz/miniconda3/envs/Strain_VIZ/lib/python3.9/site-packages/torchani/resources/
ani-2x computations of begin at: Wed Jun  5 22:57:58 2019
ani-2x computations of finish at: Wed Jun  5 22:57:58 2019

***************conf 59***************
/share/home/yanz/miniconda3/envs/Strain_VIZ/lib/python3.9/site-packages/torchani/resources/
ani-2x computations of begin at: Wed Jun  5 22:58:05 2019
ani-2x computations of finish at: Wed Jun  5 22:58:06 2019

***************conf 60***************
/share/home/yanz/miniconda3/envs/Strain_VIZ/lib/python3.9/site-packages/torchani/resources/
ani-2x computations of begin at: Wed Jun  5 22:58:13 2019
ani-2x computations of finish at: Wed Jun  5 22:58:14 2019

***************conf 61***************
/share/home/yanz/miniconda3/envs/Strain_VIZ/lib/python3.9/site-packages/torchani/resources/
ani-2x computations of begin at: Wed Jun  5 22:58:21 2019
ani-2x computations of finish at: Wed Jun  5 22:58:22 2019

***************conf 62***************
/share/home/yanz/miniconda3/envs/Strain_VIZ/lib/python3.9/site-packages/torchani/resources/
ani-2x computations of begin at: Wed Jun  5 22:58:29 2019
ani-2x computations of finish at: Wed Jun  5 22:58:29 2019

***************conf 63***************
/share/home/yanz/miniconda3/envs/Strain_VIZ/lib/python3.9/site-packages/torchani/resources/
ani-2x computations of begin at: Wed Jun  5 22:58:36 2019
ani-2x computations of finish at: Wed Jun  5 22:58:37 2019

***************conf 64***************
/share/home/yanz/miniconda3/envs/Strain_VIZ/lib/python3.9/site-packages/torchani/resources/
ani-2x computations of begin at: Wed Jun  5 22:58:43 2019
ani-2x computations of finish at: Wed Jun  5 22:58:44 2019

***************conf 65***************
/share/home/yanz/miniconda3/envs/Strain_VIZ/lib/python3.9/site-packages/torchani/resources/
ani-2x computations of begin at: Wed Jun  5 22:58:51 2019
ani-2x computations of finish at: Wed Jun  5 22:58:51 2019

***************conf 66***************
/share/home/yanz/miniconda3/envs/Strain_VIZ/lib/python3.9/site-packages/torchani/resources/
ani-2x computations of begin at: Wed Jun  5 22:58:58 2019
ani-2x computations of finish at: Wed Jun  5 22:58:59 2019

***************conf 67***************
/share/home/yanz/miniconda3/envs/Strain_VIZ/lib/python3.9/site-packages/torchani/resources/
ani-2x computations of begin at: Wed Jun  5 22:59:06 2019
ani-2x computations of finish at: Wed Jun  5 22:59:06 2019

***************conf 68***************
/share/home/yanz/miniconda3/envs/Strain_VIZ/lib/python3.9/site-packages/torchani/resources/
ani-2x computations of begin at: Wed Jun  5 22:59:13 2019
ani-2x computations of finish at: Wed Jun  5 22:59:14 2019

***************conf 69***************
/share/home/yanz/miniconda3/envs/Strain_VIZ/lib/python3.9/site-packages/torchani/resources/
ani-2x computations of begin at: Wed Jun  5 22:59:21 2019
ani-2x computations of finish at: Wed Jun  5 22:59:21 2019

***************conf 70***************
/share/home/yanz/miniconda3/envs/Strain_VIZ/lib/python3.9/site-packages/torchani/resources/
ani-2x computations of begin at: Wed Jun  5 22:59:28 2019
ani-2x computations of finish at: Wed Jun  5 22:59:29 2019

***************conf 71***************
/share/home/yanz/miniconda3/envs/Strain_VIZ/lib/python3.9/site-packages/torchani/resources/
ani-2x computations of begin at: Wed Jun  5 22:59:36 2019
ani-2x computations of finish at: Wed Jun  5 22:59:36 2019

***************conf 72***************
/share/home/yanz/miniconda3/envs/Strain_VIZ/lib/python3.9/site-packages/torchani/resources/
ani-2x computations of begin at: Wed Jun  5 22:59:43 2019
ani-2x computations of finish at: Wed Jun  5 22:59:44 2019

***************conf 73***************
/share/home/yanz/miniconda3/envs/Strain_VIZ/lib/python3.9/site-packages/torchani/resources/
ani-2x computations of begin at: Wed Jun  5 22:59:51 2019
ani-2x computations of finish at: Wed Jun  5 22:59:51 2019

***************conf 74***************
/share/home/yanz/miniconda3/envs/Strain_VIZ/lib/python3.9/site-packages/torchani/resources/
ani-2x computations of begin at: Wed Jun  5 22:59:58 2019
ani-2x computations of finish at: Wed Jun  5 22:59:58 2019

***************conf 75***************
/share/home/yanz/miniconda3/envs/Strain_VIZ/lib/python3.9/site-packages/torchani/resources/
ani-2x computations of begin at: Wed Jun  5 23:00:05 2019
ani-2x computations of finish at: Wed Jun  5 23:00:06 2019

***************conf 76***************
/share/home/yanz/miniconda3/envs/Strain_VIZ/lib/python3.9/site-packages/torchani/resources/
ani-2x computations of begin at: Wed Jun  5 23:00:13 2019
ani-2x computations of finish at: Wed Jun  5 23:00:13 2019

***************conf 77***************
/share/home/yanz/miniconda3/envs/Strain_VIZ/lib/python3.9/site-packages/torchani/resources/
ani-2x computations of begin at: Wed Jun  5 23:00:20 2019
ani-2x computations of finish at: Wed Jun  5 23:00:20 2019

***************conf 78***************
/share/home/yanz/miniconda3/envs/Strain_VIZ/lib/python3.9/site-packages/torchani/resources/
ani-2x computations of begin at: Wed Jun  5 23:00:27 2019
ani-2x computations of finish at: Wed Jun  5 23:00:28 2019

***************conf 79***************
/share/home/yanz/miniconda3/envs/Strain_VIZ/lib/python3.9/site-packages/torchani/resources/
ani-2x computations of begin at: Wed Jun  5 23:00:34 2019
ani-2x computations of finish at: Wed Jun  5 23:00:35 2019

***************conf 80***************
/share/home/yanz/miniconda3/envs/Strain_VIZ/lib/python3.9/site-packages/torchani/resources/
ani-2x computations of begin at: Wed Jun  5 23:00:42 2019
ani-2x computations of finish at: Wed Jun  5 23:00:43 2019

***************conf 81***************
/share/home/yanz/miniconda3/envs/Strain_VIZ/lib/python3.9/site-packages/torchani/resources/
ani-2x computations of begin at: Wed Jun  5 23:00:50 2019
ani-2x computations of finish at: Wed Jun  5 23:00:51 2019

***************conf 82***************
/share/home/yanz/miniconda3/envs/Strain_VIZ/lib/python3.9/site-packages/torchani/resources/
ani-2x computations of begin at: Wed Jun  5 23:00:59 2019
ani-2x computations of finish at: Wed Jun  5 23:00:59 2019

***************conf 83***************
/share/home/yanz/miniconda3/envs/Strain_VIZ/lib/python3.9/site-packages/torchani/resources/
ani-2x computations of begin at: Wed Jun  5 23:01:07 2019
ani-2x computations of finish at: Wed Jun  5 23:01:07 2019

***************conf 84***************
/share/home/yanz/miniconda3/envs/Strain_VIZ/lib/python3.9/site-packages/torchani/resources/
ani-2x computations of begin at: Wed Jun  5 23:01:14 2019
ani-2x computations of finish at: Wed Jun  5 23:01:14 2019

***************conf 85***************
/share/home/yanz/miniconda3/envs/Strain_VIZ/lib/python3.9/site-packages/torchani/resources/
ani-2x computations of begin at: Wed Jun  5 23:01:22 2019
ani-2x computations of finish at: Wed Jun  5 23:01:22 2019

***************conf 86***************
/share/home/yanz/miniconda3/envs/Strain_VIZ/lib/python3.9/site-packages/torchani/resources/
ani-2x computations of begin at: Wed Jun  5 23:01:29 2019
ani-2x computations of finish at: Wed Jun  5 23:01:30 2019

***************conf 87***************
/share/home/yanz/miniconda3/envs/Strain_VIZ/lib/python3.9/site-packages/torchani/resources/
ani-2x computations of begin at: Wed Jun  5 23:01:37 2019
ani-2x computations of finish at: Wed Jun  5 23:01:37 2019

***************conf 88***************
/share/home/yanz/miniconda3/envs/Strain_VIZ/lib/python3.9/site-packages/torchani/resources/
ani-2x computations of begin at: Wed Jun  5 23:01:45 2019
ani-2x computations of finish at: Wed Jun  5 23:01:45 2019

***************conf 89***************
/share/home/yanz/miniconda3/envs/Strain_VIZ/lib/python3.9/site-packages/torchani/resources/
ani-2x computations of begin at: Wed Jun  5 23:01:52 2019
ani-2x computations of finish at: Wed Jun  5 23:01:53 2019

***************conf 90***************
/share/home/yanz/miniconda3/envs/Strain_VIZ/lib/python3.9/site-packages/torchani/resources/
ani-2x computations of begin at: Wed Jun  5 23:02:00 2019
ani-2x computations of finish at: Wed Jun  5 23:02:01 2019

***************conf 91***************
/share/home/yanz/miniconda3/envs/Strain_VIZ/lib/python3.9/site-packages/torchani/resources/
ani-2x computations of begin at: Wed Jun  5 23:02:09 2019
ani-2x computations of finish at: Wed Jun  5 23:02:09 2019

***************conf 92***************
/share/home/yanz/miniconda3/envs/Strain_VIZ/lib/python3.9/site-packages/torchani/resources/
ani-2x computations of begin at: Wed Jun  5 23:02:17 2019
ani-2x computations of finish at: Wed Jun  5 23:02:17 2019

***************conf 93***************
/share/home/yanz/miniconda3/envs/Strain_VIZ/lib/python3.9/site-packages/torchani/resources/
ani-2x computations of begin at: Wed Jun  5 23:02:24 2019
ani-2x computations of finish at: Wed Jun  5 23:02:25 2019

***************conf 94***************
/share/home/yanz/miniconda3/envs/Strain_VIZ/lib/python3.9/site-packages/torchani/resources/
ani-2x computations of begin at: Wed Jun  5 23:02:32 2019
ani-2x computations of finish at: Wed Jun  5 23:02:33 2019

***************conf 95***************
/share/home/yanz/miniconda3/envs/Strain_VIZ/lib/python3.9/site-packages/torchani/resources/
ani-2x computations of begin at: Wed Jun  5 23:02:39 2019
ani-2x computations of finish at: Wed Jun  5 23:02:40 2019

***************conf 96***************
/share/home/yanz/miniconda3/envs/Strain_VIZ/lib/python3.9/site-packages/torchani/resources/
ani-2x computations of begin at: Wed Jun  5 23:02:47 2019
ani-2x computations of finish at: Wed Jun  5 23:02:48 2019

***************conf 97***************
/share/home/yanz/miniconda3/envs/Strain_VIZ/lib/python3.9/site-packages/torchani/resources/
ani-2x computations of begin at: Wed Jun  5 23:02:55 2019
ani-2x computations of finish at: Wed Jun  5 23:02:55 2019

***************conf 98***************
/share/home/yanz/miniconda3/envs/Strain_VIZ/lib/python3.9/site-packages/torchani/resources/
ani-2x computations of begin at: Wed Jun  5 23:03:02 2019
ani-2x computations of finish at: Wed Jun  5 23:03:03 2019

***************conf 99***************
/share/home/yanz/miniconda3/envs/Strain_VIZ/lib/python3.9/site-packages/torchani/resources/
ani-2x computations of begin at: Wed Jun  5 23:03:10 2019
ani-2x computations of finish at: Wed Jun  5 23:03:11 2019

***************conf 100***************
/share/home/yanz/miniconda3/envs/Strain_VIZ/lib/python3.9/site-packages/torchani/resources/
ani-2x computations of begin at: Wed Jun  5 23:03:18 2019
ani-2x computations of finish at: Wed Jun  5 23:03:18 2019

***************conf 101***************
/share/home/yanz/miniconda3/envs/Strain_VIZ/lib/python3.9/site-packages/torchani/resources/
ani-2x computations of begin at: Wed Jun  5 23:03:25 2019
ani-2x computations of finish at: Wed Jun  5 23:03:26 2019

***************conf 102***************
/share/home/yanz/miniconda3/envs/Strain_VIZ/lib/python3.9/site-packages/torchani/resources/
ani-2x computations of begin at: Wed Jun  5 23:03:33 2019
ani-2x computations of finish at: Wed Jun  5 23:03:33 2019

***************conf 103***************
/share/home/yanz/miniconda3/envs/Strain_VIZ/lib/python3.9/site-packages/torchani/resources/
ani-2x computations of begin at: Wed Jun  5 23:03:40 2019
ani-2x computations of finish at: Wed Jun  5 23:03:41 2019

***************conf 104***************
/share/home/yanz/miniconda3/envs/Strain_VIZ/lib/python3.9/site-packages/torchani/resources/
ani-2x computations of begin at: Wed Jun  5 23:03:48 2019
ani-2x computations of finish at: Wed Jun  5 23:03:48 2019

***************conf 105***************
/share/home/yanz/miniconda3/envs/Strain_VIZ/lib/python3.9/site-packages/torchani/resources/
ani-2x computations of begin at: Wed Jun  5 23:03:55 2019
ani-2x computations of finish at: Wed Jun  5 23:03:56 2019

***************conf 106***************
/share/home/yanz/miniconda3/envs/Strain_VIZ/lib/python3.9/site-packages/torchani/resources/
ani-2x computations of begin at: Wed Jun  5 23:04:03 2019
ani-2x computations of finish at: Wed Jun  5 23:04:03 2019

***************conf 107***************
/share/home/yanz/miniconda3/envs/Strain_VIZ/lib/python3.9/site-packages/torchani/resources/
ani-2x computations of begin at: Wed Jun  5 23:04:10 2019
ani-2x computations of finish at: Wed Jun  5 23:04:11 2019

***************conf 108***************
/share/home/yanz/miniconda3/envs/Strain_VIZ/lib/python3.9/site-packages/torchani/resources/
ani-2x computations of begin at: Wed Jun  5 23:04:18 2019
ani-2x computations of finish at: Wed Jun  5 23:04:19 2019

***************conf 109***************
/share/home/yanz/miniconda3/envs/Strain_VIZ/lib/python3.9/site-packages/torchani/resources/
ani-2x computations of begin at: Wed Jun  5 23:04:26 2019
ani-2x computations of finish at: Wed Jun  5 23:04:27 2019

***************conf 110***************
/share/home/yanz/miniconda3/envs/Strain_VIZ/lib/python3.9/site-packages/torchani/resources/
ani-2x computations of begin at: Wed Jun  5 23:04:34 2019
ani-2x computations of finish at: Wed Jun  5 23:04:35 2019

***************conf 111***************
/share/home/yanz/miniconda3/envs/Strain_VIZ/lib/python3.9/site-packages/torchani/resources/
ani-2x computations of begin at: Wed Jun  5 23:04:42 2019
ani-2x computations of finish at: Wed Jun  5 23:04:42 2019

***************conf 112***************
/share/home/yanz/miniconda3/envs/Strain_VIZ/lib/python3.9/site-packages/torchani/resources/
ani-2x computations of begin at: Wed Jun  5 23:04:50 2019
ani-2x computations of finish at: Wed Jun  5 23:04:50 2019

***************conf 113***************
/share/home/yanz/miniconda3/envs/Strain_VIZ/lib/python3.9/site-packages/torchani/resources/
ani-2x computations of begin at: Wed Jun  5 23:04:57 2019
ani-2x computations of finish at: Wed Jun  5 23:04:58 2019

***************conf 114***************
/share/home/yanz/miniconda3/envs/Strain_VIZ/lib/python3.9/site-packages/torchani/resources/
ani-2x computations of begin at: Wed Jun  5 23:05:05 2019
ani-2x computations of finish at: Wed Jun  5 23:05:05 2019

***************conf 115***************
/share/home/yanz/miniconda3/envs/Strain_VIZ/lib/python3.9/site-packages/torchani/resources/
ani-2x computations of begin at: Wed Jun  5 23:05:12 2019
ani-2x computations of finish at: Wed Jun  5 23:05:13 2019

***************conf 116***************
/share/home/yanz/miniconda3/envs/Strain_VIZ/lib/python3.9/site-packages/torchani/resources/
ani-2x computations of begin at: Wed Jun  5 23:05:20 2019
ani-2x computations of finish at: Wed Jun  5 23:05:20 2019

***************conf 117***************
/share/home/yanz/miniconda3/envs/Strain_VIZ/lib/python3.9/site-packages/torchani/resources/
ani-2x computations of begin at: Wed Jun  5 23:05:27 2019
ani-2x computations of finish at: Wed Jun  5 23:05:28 2019

***************conf 118***************
/share/home/yanz/miniconda3/envs/Strain_VIZ/lib/python3.9/site-packages/torchani/resources/
ani-2x computations of begin at: Wed Jun  5 23:05:35 2019
ani-2x computations of finish at: Wed Jun  5 23:05:36 2019

***************conf 119***************
/share/home/yanz/miniconda3/envs/Strain_VIZ/lib/python3.9/site-packages/torchani/resources/
ani-2x computations of begin at: Wed Jun  5 23:05:42 2019
ani-2x computations of finish at: Wed Jun  5 23:05:43 2019

***************conf 120***************
/share/home/yanz/miniconda3/envs/Strain_VIZ/lib/python3.9/site-packages/torchani/resources/
ani-2x computations of begin at: Wed Jun  5 23:05:51 2019
ani-2x computations of finish at: Wed Jun  5 23:05:51 2019

***************conf 121***************
/share/home/yanz/miniconda3/envs/Strain_VIZ/lib/python3.9/site-packages/torchani/resources/
ani-2x computations of begin at: Wed Jun  5 23:05:58 2019
ani-2x computations of finish at: Wed Jun  5 23:05:58 2019

***************conf 122***************
/share/home/yanz/miniconda3/envs/Strain_VIZ/lib/python3.9/site-packages/torchani/resources/
ani-2x computations of begin at: Wed Jun  5 23:06:06 2019
ani-2x computations of finish at: Wed Jun  5 23:06:06 2019

***************conf 123***************
/share/home/yanz/miniconda3/envs/Strain_VIZ/lib/python3.9/site-packages/torchani/resources/
ani-2x computations of begin at: Wed Jun  5 23:06:13 2019
ani-2x computations of finish at: Wed Jun  5 23:06:14 2019

***************conf 124***************
/share/home/yanz/miniconda3/envs/Strain_VIZ/lib/python3.9/site-packages/torchani/resources/
ani-2x computations of begin at: Wed Jun  5 23:06:21 2019
ani-2x computations of finish at: Wed Jun  5 23:06:21 2019

Resutls (125 sheets) are saved in SN2_Tunnel_IRC_M2_M2_all.xlsx

pymol has been created.
Job ends at: Wed Jun  5 23:06:23 2019
Wed Jun  5 23:06:24 CST 2019
