This job is running on host node97
Current directory: /tmp/55603.mgr/run
Wed Jun  5 22:34:04 CST 2019
/tmp/55603.mgr
Job starts at: Wed Jun  5 22:34:12 2019
ref file: 4j.gjf
conf file: TSj.gjf
method: 1
fragmentation
8 fragments was given!
All atomic charge are 0!
All atomic spin are 0!
number cpu set to 8
number pal set to 3
*************** 19 atoms in input structure !***************
*************** 1 structure in conformer input!***************
***************  fragmentation list  OK ***************

***************  Charge and Spin  ***************
***************  Charge and Spin  finished!  ***************

***************  Get ref & conf fragments structure  ***************
***************  Get ref & conf fragments structure  finished!  ***************

Structures of subsystems are saved as Ref_M1.xyz and Conf_M1.xyz!
tmpdir has been created.
8 Gaussian  gjfs have been created!
Gaussian computations begin at: Wed Jun  5 22:34:12 2019

Gaussian computations finish at: Wed Jun  5 22:34:20 2019

***************conf ***************
8 Gaussian  gjfs have been created!
Gaussian computations begin at: Wed Jun  5 22:34:20 2019

Gaussian computations finish at: Wed Jun  5 22:34:28 2019

Resutls are saved in TSj_M1_M1.xlsx

pymol has been created.
Job ends at: Wed Jun  5 22:34:28 2019
Wed Jun  5 22:34:29 CST 2019
