This job is running on host node74
Current directory: /tmp/55490.mgr/run
Fri Sep 22 11:11:35 CST 2023
/tmp/55490.mgr
Job starts at: Fri Sep 22 11:11:46 2023
ref file: S-Se-react.gjf
conf file: S-Se-TS.gjf
Warning: calculator was not given!
Using g16 for this calculation!
method: 3
internal coordinates & fragmentation
4 fragments was given!
No extral bonds/angles added
No bonds/angles removed
No coordination list
1 atomic charge are defined!
All atomic spin are 0!
number cpu set to 4
number pal set to 6
*************** 96 atoms in input structure !***************
*************** 1 structure in conformer input!***************
***************  bond & angle part  ***************
***************  Read include/exclude list  ***************
***************  update bond & angle list based on fraglist  ***************
Bonds/angles data are saved in S-Se-M3_bond_angle.dat
***************  Get internal coodinate values ***************
***************  Charge and Spin  ***************
***************  Charge and Spin  finished!  ***************

***************  Get ref fragments structure  ***************
***************  Get conf fragments structure  ***************
***************  Get ref & conf fragments structure  finished!  ***************

***************  fragmentation part ***************
***************  Charge and Spin  ***************
***************  Charge and Spin  finished!  ***************

***************  Get ref & conf fragments structure  ***************
***************  Get ref & conf fragments structure  finished!  ***************

Structures of subsystems are saved as Ref_M3.xyz and Conf_M3.xyz!
tmpdir has been created.
121 Gaussian  gjfs have been created!
Gaussian computations begin at: Fri Sep 22 11:11:46 2023

Gaussian computations finish at: Fri Sep 22 11:14:44 2023

4 Gaussian  gjfs have been created!
Gaussian computations begin at: Fri Sep 22 11:14:44 2023

Gaussian computations finish at: Fri Sep 22 11:15:17 2023

121 Gaussian  gjfs have been created!
Gaussian computations begin at: Fri Sep 22 11:15:17 2023

Gaussian computations finish at: Fri Sep 22 11:18:08 2023

4 Gaussian  gjfs have been created!
Gaussian computations begin at: Fri Sep 22 11:18:08 2023

Gaussian computations finish at: Fri Sep 22 11:18:42 2023

Resutls are saved in S-Se-M3_M3.xlsx

pymol has been created.
Job ends at: Fri Sep 22 11:18:42 2023
Fri Sep 22 11:18:43 CST 2023
