This job is running on host node10
Current directory: /tmp/139968.mgr/run
Tue Mar 26 23:09:13 CST 2024
/tmp/139968.mgr
Warning: no mlatom module
Job starts at: Tue Mar 26 23:09:31 2024
ref file: 5-T.gjf
conf file: ts2-T.gjf
Using log (10) scale for visualization
COVALENT_RADII scale set to 1.0
method: 3
internal coordinates & fragmentation
8 fragments was given!
1 coordination was given
1 coordination was given
5 bonds/angles added
No bonds/angles removed
All atomic charge are 0!
All atomic spin are 0!
number cpu set to 32
number pal set to 3
*************** 82 atoms in input structure !***************
*************** 1 structure in conformer input!***************
***************  bond & angle part  ***************
***************  Read include/exclude list  ***************
***************  update bond & angle list based on fraglist  ***************
***************  update bond & angle list based on coordination list  ***************
Bonds/angles data are saved in Fe-M3_bond_angle.dat
***************  Get internal coodinate values ***************
***************  Charge and Spin  ***************
***************  Charge and Spin  finished!  ***************

***************  Get ref fragments structure  ***************
Error: atom 5 appears twice as link atom!
Error: atom 10 appears twice as link atom!
***************  Get conf fragments structure  ***************
Error: atom 5 appears twice as link atom!
Error: atom 10 appears twice as link atom!
***************  Get ref & conf fragments structure  finished!  ***************

***************  fragmentation part ***************
***************  Charge and Spin  ***************
***************  Charge and Spin  finished!  ***************

***************  Get ref & conf fragments structure  ***************
***************  Get ref & conf fragments structure  finished!  ***************

Structures of subsystems are saved as Ref_M3.xyz and Conf_M3.xyz!
tmpdir has been created.
107 Gaussian  gjfs have been created!
Gaussian computations begin at: Tue Mar 26 23:09:32 2024

Gaussian computations finish at: Wed Mar 27 00:36:21 2024

8 Gaussian  gjfs have been created!
Gaussian computations begin at: Wed Mar 27 00:36:21 2024

Gaussian computations finish at: Wed Mar 27 00:36:35 2024

107 Gaussian  gjfs have been created!
Gaussian computations begin at: Wed Mar 27 00:36:35 2024

Gaussian computations finish at: Wed Mar 27 02:04:42 2024

8 Gaussian  gjfs have been created!
Gaussian computations begin at: Wed Mar 27 02:04:42 2024

Gaussian computations finish at: Wed Mar 27 02:04:56 2024

Resutls are saved in Fe-M3_M3.xlsx

pymol has been created.
Job ends at: Wed Mar 27 02:04:59 2024
Wed Mar 27 02:05:00 CST 2024
