This job is running on host node06
Current directory: /tmp/140873.mgr/run
Wed Apr  3 03:37:19 CST 2024
/tmp/140873.mgr
Warning: no mlatom module
Job starts at: Wed Apr  3 03:37:25 2024
ref file: 5-T.gjf
conf file: ts2-T.gjf
Using log (10) scale for visualization
COVALENT_RADII scale set to 1.0
method: 1
fragmentation
18 fragments was given!
All atomic charge are 0!
All atomic spin are 0!
number cpu set to 16
number pal set to 2
*************** 82 atoms in input structure !***************
*************** 1 structure in conformer input!***************
***************  fragmentation list  OK ***************

***************  Charge and Spin  ***************
***************  Charge and Spin  finished!  ***************

***************  Get ref & conf fragments structure  ***************
***************  Get ref & conf fragments structure  finished!  ***************

Structures of subsystems are saved as Ref_M1.xyz and Conf_M1.xyz!
tmpdir has been created.
18 Gaussian  gjfs have been created!
Gaussian computations begin at: Wed Apr  3 03:37:25 2024

Gaussian computations finish at: Wed Apr  3 03:43:38 2024

***************conf ***************
18 Gaussian  gjfs have been created!
Gaussian computations begin at: Wed Apr  3 03:43:38 2024

Gaussian computations finish at: Wed Apr  3 03:50:47 2024

Resutls are saved in Fe-M1_M1.xlsx

pymol has been created.
Job ends at: Wed Apr  3 03:50:47 2024
Wed Apr  3 03:50:48 CST 2024
