This job is running on host node92
Current directory: /tmp/55437.mgr/run
Fri Sep 22 09:31:43 CST 2023
/tmp/55437.mgr
Job starts at: Fri Sep 22 09:32:32 2023
ref file: 4F-reactant.gjf
conf file: TS-4F.gjf
method: 2
internal coordinates
No extral bonds/angles added
No bonds/angles removed
All atomic charge are 0!
All atomic spin are 0!
number cpu set to 2
number pal set to 12
*************** 16 atoms in input structure !***************
*************** 1 structure in conformer input!***************
***************  Read include/exclude list  ***************
Bonds/angles data are saved in 4F_M2_bond_angle.dat
***************  Get internal coodinate values  ***************
***************  Charge and Spin  ***************
***************  Charge and Spin  finished!  ***************

***************  Get ref fragments structure  ***************
***************  Get conf fragments structure  ***************
***************  Get ref & conf fragments structure  finished!  ***************

Structures of subsystems are saved as Ref_M2.xyz and Conf_M2.xyz!
xTB computations begin at: Fri Sep 22 09:32:33 2023
xTB computations finish at: Fri Sep 22 09:32:48 2023

xTB computations begin at: Fri Sep 22 09:32:48 2023
xTB computations finish at: Fri Sep 22 09:33:03 2023

Resutls are saved in 4F_M2_M2.xlsx

pymol has been created.
Job ends at: Fri Sep 22 09:33:04 2023
Fri Sep 22 09:33:05 CST 2023
