This job is running on host node91
Current directory: /tmp/55438.mgr/run
Wed Jun  5 15:17:38 CST 2019
/tmp/55438.mgr
Job starts at: Wed Jun  5 15:18:24 2019
ref file: 4F-reactant.gjf
conf file: TS-4F.gjf
method: 1
fragmentation
6 fragments was given!
All atomic charge are 0!
All atomic spin are 0!
number cpu set to 4
number pal set to 6
*************** 16 atoms in input structure !***************
*************** 1 structure in conformer input!***************
***************  fragmentation list  OK ***************

***************  Charge and Spin  ***************
***************  Charge and Spin  finished!  ***************

***************  Get ref & conf fragments structure  ***************
***************  Get ref & conf fragments structure  finished!  ***************

Structures of subsystems are saved as Ref_M1.xyz and Conf_M1.xyz!
/share/home/yanz/miniconda3/envs/Strain_VIZ/lib/python3.9/site-packages/torchani/resources/
ani-2x computations of begin at: Wed Jun  5 15:18:39 2019
ani-2x computations of finish at: Wed Jun  5 15:18:39 2019

***************conf ***************
/share/home/yanz/miniconda3/envs/Strain_VIZ/lib/python3.9/site-packages/torchani/resources/
ani-2x computations of begin at: Wed Jun  5 15:18:47 2019
ani-2x computations of finish at: Wed Jun  5 15:18:47 2019

Resutls are saved in 4F_M1_M1.xlsx

pymol has been created.
Job ends at: Wed Jun  5 15:18:47 2019
Wed Jun  5 15:18:48 CST 2019
