This job is running on host node62
Current directory: /tmp/55572.mgr/run
Fri Sep 22 16:36:26 CST 2023
/tmp/55572.mgr
Job starts at: Fri Sep 22 16:36:35 2023
ref file: PDB_4HZZ_ref.gjf
conf file: QR_4HZZ.xyz
method: 2
internal coordinates
No extral bonds/angles added
No bonds/angles removed
2 atomic charge are defined!
All atomic spin are 0!
number cpu set to 2
number pal set to 12
*************** 44 atoms in input structure !***************
*************** 3 structure in conformer input!***************
***************  Read include/exclude list  ***************
Bonds/angles data are saved in 4HZZ_M2_bond_angle.dat
***************  Get internal coodinate values  ***************
***************  Charge and Spin  ***************
***************  Charge and Spin  finished!  ***************

***************  Get ref fragments structure  ***************
Warning: please check the following frag, where =C-C= structure exist!
[2]
***************  Get conf fragments structure  ***************
***************  Get ref & conf fragments structure  finished!  ***************

Structures of subsystems are saved as Ref_M2.xyz and Conf_M2.xyz!
/share/home/yanz/miniconda3/envs/Strain_VIZ/lib/python3.9/site-packages/torchani/resources/
ani-2x computations of begin at: Fri Sep 22 16:36:46 2023
ani-2x computations of finish at: Fri Sep 22 16:36:49 2023

***************conf 0***************
/share/home/yanz/miniconda3/envs/Strain_VIZ/lib/python3.9/site-packages/torchani/resources/
ani-2x computations of begin at: Fri Sep 22 16:36:58 2023
ani-2x computations of finish at: Fri Sep 22 16:37:00 2023

***************conf 1***************
/share/home/yanz/miniconda3/envs/Strain_VIZ/lib/python3.9/site-packages/torchani/resources/
ani-2x computations of begin at: Fri Sep 22 16:37:08 2023
ani-2x computations of finish at: Fri Sep 22 16:37:11 2023

***************conf 2***************
/share/home/yanz/miniconda3/envs/Strain_VIZ/lib/python3.9/site-packages/torchani/resources/
ani-2x computations of begin at: Fri Sep 22 16:37:19 2023
ani-2x computations of finish at: Fri Sep 22 16:37:23 2023

Resutls (3 sheets) are saved in 4HZZ_M2_M2_all.xlsx

pymol has been created.
Job ends at: Fri Sep 22 16:37:23 2023
Fri Sep 22 16:37:24 CST 2023
