This job is running on host node29
Current directory: /tmp/58289.mgr/run
Thu Oct 12 14:43:25 CST 2023
/tmp/58289.mgr
Job starts at: Thu Oct 12 14:44:16 2023
ref file: Rc.gjf
conf file: TS1c.gjf
Using log (10) scale for visualization
method: 2
internal coordinates
No extral bonds/angles added
No bonds/angles removed
All atomic charge are 0!
2 atomic spin are defined!
number cpu set to 2
number pal set to 8
*************** 22 atoms in input structure !***************
*************** 1 structure in conformer input!***************
***************  Read include/exclude list  ***************
Bonds/angles data are saved in TS1c_M2_bond_angle.dat
***************  Get internal coodinate values  ***************
***************  Charge and Spin  ***************
***************  Charge and Spin  finished!  ***************

***************  Get ref fragments structure  ***************
Warning: please check the following frag, where =C-C= structure exist!
[1, 6, 16]
***************  Get conf fragments structure  ***************
***************  Get ref & conf fragments structure  finished!  ***************

Structures of subsystems are saved as Ref_M2.xyz and Conf_M2.xyz!
xTB computations begin at: Thu Oct 12 14:44:16 2023
xTB computations finish at: Thu Oct 12 14:44:27 2023

xTB computations begin at: Thu Oct 12 14:44:27 2023
xTB computations finish at: Thu Oct 12 14:44:38 2023

Resutls are saved in TS1c_M2_M2.xlsx

pymol has been created.
Job ends at: Thu Oct 12 14:44:38 2023
Thu Oct 12 14:44:39 CST 2023
