This job is running on host node97
Current directory: /tmp/55612.mgr/run
Wed Jun  5 22:39:49 CST 2019
/tmp/55612.mgr
Job starts at: Wed Jun  5 22:39:58 2019
ref file: N5-react.gjf
conf file: N5-connect.gjf
method: 1
fragmentation
7 fragments was given!
All atomic charge are 0!
All atomic spin are 0!
number cpu set to 4
number pal set to 6
*************** 23 atoms in input structure !***************
*************** 1 structure in conformer input!***************
***************  fragmentation list  OK ***************

***************  Charge and Spin  ***************
***************  Charge and Spin  finished!  ***************

***************  Get ref & conf fragments structure  ***************
***************  Get ref & conf fragments structure  finished!  ***************

Structures of subsystems are saved as Ref_M1.xyz and Conf_M1.xyz!
tmpdir has been created.
7 Gaussian  gjfs have been created!
Gaussian computations begin at: Wed Jun  5 22:39:58 2019

Gaussian computations finish at: Wed Jun  5 22:40:03 2019

***************conf ***************
7 Gaussian  gjfs have been created!
Gaussian computations begin at: Wed Jun  5 22:40:03 2019

Gaussian computations finish at: Wed Jun  5 22:40:08 2019

Resutls are saved in N5_M1_M1.xlsx

pymol has been created.
Job ends at: Wed Jun  5 22:40:08 2019
Wed Jun  5 22:40:09 CST 2019
