This job is running on host node22
Current directory: /tmp/58294.mgr/run
Thu Oct 12 15:09:54 CST 2023
/tmp/58294.mgr
Job starts at: Thu Oct 12 15:20:03 2023
ref file: Rc.gjf
conf file: TS1c.gjf
Using log (10) scale for visualization
method: 1
fragmentation
6 fragments was given!
All atomic charge are 0!
2 atomic spin are defined!
number cpu set to 4
number pal set to 4
*************** 22 atoms in input structure !***************
*************** 1 structure in conformer input!***************
***************  fragmentation list  OK ***************

***************  Charge and Spin  ***************
***************  Charge and Spin  finished!  ***************

***************  Get ref & conf fragments structure  ***************
***************  Get ref & conf fragments structure  finished!  ***************

Structures of subsystems are saved as Ref_M1.xyz and Conf_M1.xyz!
aiqm1 computations of begin at: Thu Oct 12 15:20:03 2023
aiqm1 computations of finish at: Thu Oct 12 15:20:11 2023

***************conf ***************
aiqm1 computations of begin at: Thu Oct 12 15:20:11 2023
aiqm1 computations of finish at: Thu Oct 12 15:20:15 2023

Resutls are saved in TS1c_M1_M1.xlsx

pymol has been created.
Job ends at: Thu Oct 12 15:20:52 2023
Thu Oct 12 15:20:53 CST 2023
