This job is running on host node86
Current directory: /tmp/55478.mgr/run
Fri Sep 22 11:08:20 CST 2023
/tmp/55478.mgr
Job starts at: Fri Sep 22 11:08:28 2023
ref file: PDB_1XBB_ref.gjf
conf file: QR_1XBB.xyz
method: 3
internal coordinates & fragmentation
4 fragments was given!
No extral bonds/angles added
No bonds/angles removed
No coordination list
All atomic charge are 0!
All atomic spin are 0!
number cpu set to 4
number pal set to 6
*************** 68 atoms in input structure !***************
*************** 3 structure in conformer input!***************
***************  bond & angle part  ***************
***************  Read include/exclude list  ***************
***************  update bond & angle list based on fraglist  ***************
Bonds/angles data are saved in 1XBB_M3_bond_angle.dat
***************  Get internal coodinate values ***************
***************  Charge and Spin  ***************
***************  Charge and Spin  finished!  ***************

***************  Get ref fragments structure  ***************
***************  Get conf fragments structure  ***************
***************  Get ref & conf fragments structure  finished!  ***************

***************  fragmentation part ***************
***************  Charge and Spin  ***************
***************  Charge and Spin  finished!  ***************

***************  Get ref & conf fragments structure  ***************
***************  Get ref & conf fragments structure  finished!  ***************

Structures of subsystems are saved as Ref_M3.xyz and Conf_M3.xyz!
tmpdir has been created.
90 Gaussian  gjfs have been created!
Gaussian computations begin at: Fri Sep 22 11:08:28 2023

Gaussian computations finish at: Fri Sep 22 11:10:14 2023

4 Gaussian  gjfs have been created!
Gaussian computations begin at: Fri Sep 22 11:10:14 2023

Gaussian computations finish at: Fri Sep 22 11:10:25 2023

***************conf 0***************
90 Gaussian  gjfs have been created!
Gaussian computations begin at: Fri Sep 22 11:10:25 2023

Gaussian computations finish at: Fri Sep 22 11:12:07 2023

4 Gaussian  gjfs have been created!
Gaussian computations begin at: Fri Sep 22 11:12:07 2023

Gaussian computations finish at: Fri Sep 22 11:12:17 2023

***************conf 1***************
90 Gaussian  gjfs have been created!
Gaussian computations begin at: Fri Sep 22 11:12:17 2023

Gaussian computations finish at: Fri Sep 22 11:13:57 2023

4 Gaussian  gjfs have been created!
Gaussian computations begin at: Fri Sep 22 11:13:57 2023

Gaussian computations finish at: Fri Sep 22 11:14:08 2023

***************conf 2***************
90 Gaussian  gjfs have been created!
Gaussian computations begin at: Fri Sep 22 11:14:08 2023

Gaussian computations finish at: Fri Sep 22 11:15:47 2023

4 Gaussian  gjfs have been created!
Gaussian computations begin at: Fri Sep 22 11:15:47 2023

Gaussian computations finish at: Fri Sep 22 11:15:57 2023

Resutls (3 sheets) are saved in Resutls (3 sheets) are saved in 1XBB_M3_M3all.xlsx

pymol has been created.
Job ends at: Fri Sep 22 11:15:58 2023
Fri Sep 22 11:15:58 CST 2023
