This job is running on host node109
Current directory: /tmp/97555.mgr/run
Thu Sep 19 15:35:27 CST 2024
/tmp/97555.mgr
Job starts at: Thu Sep 19 15:35:45 2024
ref file: N5-react.gjf
conf file: N5-connect.gjf
Using log (10) scale for visualization
Dihedral threshold set to 30
COVALENT_RADII scale set to 1.0
method: 1
fragmentation
7 fragments was given!
All atomic charge are 0!
All atomic spin are 0!
number cpu set to 4
number pal set to 6
*************** 23 atoms in input structure !***************
*************** 1 structure in conformer input!***************
***************  fragmentation list  OK ***************

***************  Charge and Spin  ***************
***************  Charge and Spin  finished!  ***************

***************  Get ref & conf fragments structure  ***************
***************  Get ref & conf fragments structure  finished!  ***************

Structures of subsystems are saved as Ref_M1.xyz and Conf_M1.xyz!
/share/home/Liaoyt/miniconda3/envs/Strain_VIZ/lib/python3.9/site-packages/torchani/resources/
ani-2x computations of begin at: Thu Sep 19 15:36:02 2024
ani-2x computations of finish at: Thu Sep 19 15:36:02 2024

***************conf ***************
/share/home/Liaoyt/miniconda3/envs/Strain_VIZ/lib/python3.9/site-packages/torchani/resources/
ani-2x computations of begin at: Thu Sep 19 15:36:10 2024
ani-2x computations of finish at: Thu Sep 19 15:36:10 2024

Resutls are saved in N5_M1_M1.xlsx

pymol has been created.
Job ends at: Thu Sep 19 15:36:10 2024
Thu Sep 19 15:36:11 CST 2024
