This job is running on host node107
Current directory: /tmp/93159.mgr/run
Thu Jun 27 12:17:20 CST 2024
/tmp/93159.mgr
Job starts at: Thu Jun 27 12:17:25 2024
ref file: 8ring-react.gjf
conf file: Ori-cut-ts.gjf
Using log (10) scale for visualization
method: 3
internal coordinates & fragmentation
1 fragments was given!
1 coordination was given
1 coordination was given
No extral bonds/angles added
No bonds/angles removed
All atomic charge are 0!
All atomic spin are 0!
number cpu set to 6
number pal set to 4
*************** 27 atoms in input structure !***************
*************** 1 structure in conformer input!***************
***************  bond & angle part  ***************
***************  Read include/exclude list  ***************
[[0, 1, 2]]
***************  update bond & angle list based on fraglist  ***************
***************  update bond & angle list based on coordination list  ***************
Bonds/angles data are saved in M3_bond_angle.dat
***************  Get internal coodinate values ***************
***************  Charge and Spin  ***************
***************  Charge and Spin  finished!  ***************

***************  Get ref fragments structure  ***************
***************  Get conf fragments structure  ***************
***************  Get ref & conf fragments structure  finished!  ***************

***************  fragmentation part ***************
***************  Charge and Spin  ***************
***************  Charge and Spin  finished!  ***************

***************  Get ref & conf fragments structure  ***************
***************  Get ref & conf fragments structure  finished!  ***************

Structures of subsystems are saved as Ref_M3.xyz and Conf_M3.xyz!
tmpdir has been created.
35 Gaussian  gjfs have been created!
Gaussian computations begin at: Thu Jun 27 12:17:25 2024

Gaussian computations finish at: Thu Jun 27 12:17:47 2024

1 Gaussian  gjfs have been created!
Gaussian computations begin at: Thu Jun 27 12:17:47 2024

Gaussian computations finish at: Thu Jun 27 12:17:51 2024

35 Gaussian  gjfs have been created!
Gaussian computations begin at: Thu Jun 27 12:17:51 2024

Gaussian computations finish at: Thu Jun 27 12:18:13 2024

1 Gaussian  gjfs have been created!
Gaussian computations begin at: Thu Jun 27 12:18:13 2024

Gaussian computations finish at: Thu Jun 27 12:18:17 2024

Resutls are saved in M3_M3.xlsx

Job ends at: Thu Jun 27 12:18:17 2024
Thu Jun 27 12:18:18 CST 2024
