This job is running on host node62
Current directory: /tmp/55669.mgr/run
Fri Sep 22 17:13:57 CST 2023
/tmp/55669.mgr
Job starts at: Fri Sep 22 17:14:03 2023
ref file: Reacts.gjf
conf file: SN2-traj102.xyz
method: 2
internal coordinates
No extral bonds/angles added
No bonds/angles removed
1 atomic charge are defined!
All atomic spin are 0!
number cpu set to 2
number pal set to 12
*************** 6 atoms in input structure !***************
*************** 301 structure in conformer input!***************
***************  Read include/exclude list  ***************
Bonds/angles data are saved in SN2_dym_M2_bond_angle.dat
***************  Get internal coodinate values  ***************
***************  Charge and Spin  ***************
***************  Charge and Spin  finished!  ***************

***************  Get ref fragments structure  ***************
***************  Get conf fragments structure  ***************
***************  Get ref & conf fragments structure  finished!  ***************

Structures of subsystems are saved as Ref_M2.xyz and Conf_M2.xyz!
tmpdir has been created.
10 Gaussian  gjfs have been created!
Gaussian computations begin at: Fri Sep 22 17:14:04 2023

Gaussian computations finish at: Fri Sep 22 17:14:06 2023

***************conf 0***************
10 Gaussian  gjfs have been created!
Gaussian computations begin at: Fri Sep 22 17:14:06 2023

Gaussian computations finish at: Fri Sep 22 17:14:07 2023

***************conf 1***************
10 Gaussian  gjfs have been created!
Gaussian computations begin at: Fri Sep 22 17:14:07 2023

Gaussian computations finish at: Fri Sep 22 17:14:09 2023

***************conf 2***************
10 Gaussian  gjfs have been created!
Gaussian computations begin at: Fri Sep 22 17:14:09 2023

Gaussian computations finish at: Fri Sep 22 17:14:10 2023

***************conf 3***************
10 Gaussian  gjfs have been created!
Gaussian computations begin at: Fri Sep 22 17:14:10 2023

Gaussian computations finish at: Fri Sep 22 17:14:12 2023

***************conf 4***************
10 Gaussian  gjfs have been created!
Gaussian computations begin at: Fri Sep 22 17:14:12 2023

Gaussian computations finish at: Fri Sep 22 17:14:13 2023

***************conf 5***************
10 Gaussian  gjfs have been created!
Gaussian computations begin at: Fri Sep 22 17:14:13 2023

Gaussian computations finish at: Fri Sep 22 17:14:15 2023

***************conf 6***************
10 Gaussian  gjfs have been created!
Gaussian computations begin at: Fri Sep 22 17:14:15 2023

Gaussian computations finish at: Fri Sep 22 17:14:16 2023

***************conf 7***************
10 Gaussian  gjfs have been created!
Gaussian computations begin at: Fri Sep 22 17:14:16 2023

Gaussian computations finish at: Fri Sep 22 17:14:18 2023

***************conf 8***************
10 Gaussian  gjfs have been created!
Gaussian computations begin at: Fri Sep 22 17:14:18 2023

Gaussian computations finish at: Fri Sep 22 17:14:19 2023

***************conf 9***************
10 Gaussian  gjfs have been created!
Gaussian computations begin at: Fri Sep 22 17:14:19 2023

Gaussian computations finish at: Fri Sep 22 17:14:21 2023

***************conf 10***************
10 Gaussian  gjfs have been created!
Gaussian computations begin at: Fri Sep 22 17:14:21 2023

Gaussian computations finish at: Fri Sep 22 17:14:22 2023

***************conf 11***************
10 Gaussian  gjfs have been created!
Gaussian computations begin at: Fri Sep 22 17:14:22 2023

Gaussian computations finish at: Fri Sep 22 17:14:24 2023

***************conf 12***************
10 Gaussian  gjfs have been created!
Gaussian computations begin at: Fri Sep 22 17:14:24 2023

Gaussian computations finish at: Fri Sep 22 17:14:25 2023

***************conf 13***************
10 Gaussian  gjfs have been created!
Gaussian computations begin at: Fri Sep 22 17:14:25 2023

Gaussian computations finish at: Fri Sep 22 17:14:27 2023

***************conf 14***************
10 Gaussian  gjfs have been created!
Gaussian computations begin at: Fri Sep 22 17:14:27 2023

Gaussian computations finish at: Fri Sep 22 17:14:28 2023

***************conf 15***************
10 Gaussian  gjfs have been created!
Gaussian computations begin at: Fri Sep 22 17:14:28 2023

Gaussian computations finish at: Fri Sep 22 17:14:30 2023

***************conf 16***************
10 Gaussian  gjfs have been created!
Gaussian computations begin at: Fri Sep 22 17:14:30 2023

Gaussian computations finish at: Fri Sep 22 17:14:31 2023

***************conf 17***************
10 Gaussian  gjfs have been created!
Gaussian computations begin at: Fri Sep 22 17:14:31 2023

Gaussian computations finish at: Fri Sep 22 17:14:33 2023

***************conf 18***************
10 Gaussian  gjfs have been created!
Gaussian computations begin at: Fri Sep 22 17:14:33 2023

Gaussian computations finish at: Fri Sep 22 17:14:34 2023

***************conf 19***************
10 Gaussian  gjfs have been created!
Gaussian computations begin at: Fri Sep 22 17:14:34 2023

Gaussian computations finish at: Fri Sep 22 17:14:36 2023

***************conf 20***************
10 Gaussian  gjfs have been created!
Gaussian computations begin at: Fri Sep 22 17:14:36 2023

Gaussian computations finish at: Fri Sep 22 17:14:37 2023

***************conf 21***************
10 Gaussian  gjfs have been created!
Gaussian computations begin at: Fri Sep 22 17:14:37 2023

Gaussian computations finish at: Fri Sep 22 17:14:39 2023

***************conf 22***************
10 Gaussian  gjfs have been created!
Gaussian computations begin at: Fri Sep 22 17:14:39 2023

Gaussian computations finish at: Fri Sep 22 17:14:40 2023

***************conf 23***************
10 Gaussian  gjfs have been created!
Gaussian computations begin at: Fri Sep 22 17:14:40 2023

Gaussian computations finish at: Fri Sep 22 17:14:42 2023

***************conf 24***************
10 Gaussian  gjfs have been created!
Gaussian computations begin at: Fri Sep 22 17:14:42 2023

Gaussian computations finish at: Fri Sep 22 17:14:43 2023

***************conf 25***************
10 Gaussian  gjfs have been created!
Gaussian computations begin at: Fri Sep 22 17:14:43 2023

Gaussian computations finish at: Fri Sep 22 17:14:45 2023

***************conf 26***************
10 Gaussian  gjfs have been created!
Gaussian computations begin at: Fri Sep 22 17:14:45 2023

Gaussian computations finish at: Fri Sep 22 17:14:46 2023

***************conf 27***************
10 Gaussian  gjfs have been created!
Gaussian computations begin at: Fri Sep 22 17:14:46 2023

Gaussian computations finish at: Fri Sep 22 17:14:48 2023

***************conf 28***************
10 Gaussian  gjfs have been created!
Gaussian computations begin at: Fri Sep 22 17:14:48 2023

Gaussian computations finish at: Fri Sep 22 17:14:49 2023

***************conf 29***************
10 Gaussian  gjfs have been created!
Gaussian computations begin at: Fri Sep 22 17:14:49 2023

Gaussian computations finish at: Fri Sep 22 17:14:51 2023

***************conf 30***************
10 Gaussian  gjfs have been created!
Gaussian computations begin at: Fri Sep 22 17:14:51 2023

Gaussian computations finish at: Fri Sep 22 17:14:52 2023

***************conf 31***************
10 Gaussian  gjfs have been created!
Gaussian computations begin at: Fri Sep 22 17:14:52 2023

Gaussian computations finish at: Fri Sep 22 17:14:54 2023

***************conf 32***************
10 Gaussian  gjfs have been created!
Gaussian computations begin at: Fri Sep 22 17:14:54 2023

Gaussian computations finish at: Fri Sep 22 17:14:55 2023

***************conf 33***************
10 Gaussian  gjfs have been created!
Gaussian computations begin at: Fri Sep 22 17:14:55 2023

Gaussian computations finish at: Fri Sep 22 17:14:57 2023

***************conf 34***************
10 Gaussian  gjfs have been created!
Gaussian computations begin at: Fri Sep 22 17:14:57 2023

Gaussian computations finish at: Fri Sep 22 17:14:58 2023

***************conf 35***************
10 Gaussian  gjfs have been created!
Gaussian computations begin at: Fri Sep 22 17:14:58 2023

Gaussian computations finish at: Fri Sep 22 17:15:00 2023

***************conf 36***************
10 Gaussian  gjfs have been created!
Gaussian computations begin at: Fri Sep 22 17:15:00 2023

Gaussian computations finish at: Fri Sep 22 17:15:01 2023

***************conf 37***************
10 Gaussian  gjfs have been created!
Gaussian computations begin at: Fri Sep 22 17:15:01 2023

Gaussian computations finish at: Fri Sep 22 17:15:03 2023

***************conf 38***************
10 Gaussian  gjfs have been created!
Gaussian computations begin at: Fri Sep 22 17:15:03 2023

Gaussian computations finish at: Fri Sep 22 17:15:04 2023

***************conf 39***************
10 Gaussian  gjfs have been created!
Gaussian computations begin at: Fri Sep 22 17:15:04 2023

Gaussian computations finish at: Fri Sep 22 17:15:06 2023

***************conf 40***************
10 Gaussian  gjfs have been created!
Gaussian computations begin at: Fri Sep 22 17:15:06 2023

Gaussian computations finish at: Fri Sep 22 17:15:07 2023

***************conf 41***************
10 Gaussian  gjfs have been created!
Gaussian computations begin at: Fri Sep 22 17:15:07 2023

Gaussian computations finish at: Fri Sep 22 17:15:09 2023

***************conf 42***************
10 Gaussian  gjfs have been created!
Gaussian computations begin at: Fri Sep 22 17:15:09 2023

Gaussian computations finish at: Fri Sep 22 17:15:10 2023

***************conf 43***************
10 Gaussian  gjfs have been created!
Gaussian computations begin at: Fri Sep 22 17:15:10 2023

Gaussian computations finish at: Fri Sep 22 17:15:12 2023

***************conf 44***************
10 Gaussian  gjfs have been created!
Gaussian computations begin at: Fri Sep 22 17:15:12 2023

Gaussian computations finish at: Fri Sep 22 17:15:13 2023

***************conf 45***************
10 Gaussian  gjfs have been created!
Gaussian computations begin at: Fri Sep 22 17:15:13 2023

Gaussian computations finish at: Fri Sep 22 17:15:15 2023

***************conf 46***************
10 Gaussian  gjfs have been created!
Gaussian computations begin at: Fri Sep 22 17:15:15 2023

Gaussian computations finish at: Fri Sep 22 17:15:16 2023

***************conf 47***************
10 Gaussian  gjfs have been created!
Gaussian computations begin at: Fri Sep 22 17:15:16 2023

Gaussian computations finish at: Fri Sep 22 17:15:18 2023

***************conf 48***************
10 Gaussian  gjfs have been created!
Gaussian computations begin at: Fri Sep 22 17:15:18 2023

Gaussian computations finish at: Fri Sep 22 17:15:19 2023

***************conf 49***************
10 Gaussian  gjfs have been created!
Gaussian computations begin at: Fri Sep 22 17:15:19 2023

Gaussian computations finish at: Fri Sep 22 17:15:21 2023

***************conf 50***************
10 Gaussian  gjfs have been created!
Gaussian computations begin at: Fri Sep 22 17:15:21 2023

Gaussian computations finish at: Fri Sep 22 17:15:22 2023

***************conf 51***************
10 Gaussian  gjfs have been created!
Gaussian computations begin at: Fri Sep 22 17:15:22 2023

Gaussian computations finish at: Fri Sep 22 17:15:24 2023

***************conf 52***************
10 Gaussian  gjfs have been created!
Gaussian computations begin at: Fri Sep 22 17:15:24 2023

Gaussian computations finish at: Fri Sep 22 17:15:25 2023

***************conf 53***************
10 Gaussian  gjfs have been created!
Gaussian computations begin at: Fri Sep 22 17:15:25 2023

Gaussian computations finish at: Fri Sep 22 17:15:27 2023

***************conf 54***************
10 Gaussian  gjfs have been created!
Gaussian computations begin at: Fri Sep 22 17:15:27 2023

Gaussian computations finish at: Fri Sep 22 17:15:28 2023

***************conf 55***************
10 Gaussian  gjfs have been created!
Gaussian computations begin at: Fri Sep 22 17:15:28 2023

Gaussian computations finish at: Fri Sep 22 17:15:30 2023

***************conf 56***************
10 Gaussian  gjfs have been created!
Gaussian computations begin at: Fri Sep 22 17:15:30 2023

Gaussian computations finish at: Fri Sep 22 17:15:31 2023

***************conf 57***************
10 Gaussian  gjfs have been created!
Gaussian computations begin at: Fri Sep 22 17:15:31 2023

Gaussian computations finish at: Fri Sep 22 17:15:32 2023

***************conf 58***************
10 Gaussian  gjfs have been created!
Gaussian computations begin at: Fri Sep 22 17:15:32 2023

Gaussian computations finish at: Fri Sep 22 17:15:34 2023

***************conf 59***************
10 Gaussian  gjfs have been created!
Gaussian computations begin at: Fri Sep 22 17:15:34 2023

Gaussian computations finish at: Fri Sep 22 17:15:36 2023

***************conf 60***************
10 Gaussian  gjfs have been created!
Gaussian computations begin at: Fri Sep 22 17:15:36 2023

Gaussian computations finish at: Fri Sep 22 17:15:37 2023

***************conf 61***************
10 Gaussian  gjfs have been created!
Gaussian computations begin at: Fri Sep 22 17:15:37 2023

Gaussian computations finish at: Fri Sep 22 17:15:39 2023

***************conf 62***************
10 Gaussian  gjfs have been created!
Gaussian computations begin at: Fri Sep 22 17:15:39 2023

Gaussian computations finish at: Fri Sep 22 17:15:40 2023

***************conf 63***************
10 Gaussian  gjfs have been created!
Gaussian computations begin at: Fri Sep 22 17:15:40 2023

Gaussian computations finish at: Fri Sep 22 17:15:42 2023

***************conf 64***************
10 Gaussian  gjfs have been created!
Gaussian computations begin at: Fri Sep 22 17:15:42 2023

Gaussian computations finish at: Fri Sep 22 17:15:43 2023

***************conf 65***************
10 Gaussian  gjfs have been created!
Gaussian computations begin at: Fri Sep 22 17:15:43 2023

Gaussian computations finish at: Fri Sep 22 17:15:45 2023

***************conf 66***************
10 Gaussian  gjfs have been created!
Gaussian computations begin at: Fri Sep 22 17:15:45 2023

Gaussian computations finish at: Fri Sep 22 17:15:46 2023

***************conf 67***************
10 Gaussian  gjfs have been created!
Gaussian computations begin at: Fri Sep 22 17:15:46 2023

Gaussian computations finish at: Fri Sep 22 17:15:48 2023

***************conf 68***************
10 Gaussian  gjfs have been created!
Gaussian computations begin at: Fri Sep 22 17:15:48 2023

Gaussian computations finish at: Fri Sep 22 17:15:49 2023

***************conf 69***************
10 Gaussian  gjfs have been created!
Gaussian computations begin at: Fri Sep 22 17:15:49 2023

Gaussian computations finish at: Fri Sep 22 17:15:51 2023

***************conf 70***************
10 Gaussian  gjfs have been created!
Gaussian computations begin at: Fri Sep 22 17:15:51 2023

Gaussian computations finish at: Fri Sep 22 17:15:52 2023

***************conf 71***************
10 Gaussian  gjfs have been created!
Gaussian computations begin at: Fri Sep 22 17:15:52 2023

Gaussian computations finish at: Fri Sep 22 17:15:54 2023

***************conf 72***************
10 Gaussian  gjfs have been created!
Gaussian computations begin at: Fri Sep 22 17:15:54 2023

Gaussian computations finish at: Fri Sep 22 17:15:55 2023

***************conf 73***************
10 Gaussian  gjfs have been created!
Gaussian computations begin at: Fri Sep 22 17:15:55 2023

Gaussian computations finish at: Fri Sep 22 17:15:57 2023

***************conf 74***************
10 Gaussian  gjfs have been created!
Gaussian computations begin at: Fri Sep 22 17:15:57 2023

Gaussian computations finish at: Fri Sep 22 17:15:58 2023

***************conf 75***************
10 Gaussian  gjfs have been created!
Gaussian computations begin at: Fri Sep 22 17:15:58 2023

Gaussian computations finish at: Fri Sep 22 17:16:00 2023

***************conf 76***************
10 Gaussian  gjfs have been created!
Gaussian computations begin at: Fri Sep 22 17:16:00 2023

Gaussian computations finish at: Fri Sep 22 17:16:01 2023

***************conf 77***************
10 Gaussian  gjfs have been created!
Gaussian computations begin at: Fri Sep 22 17:16:01 2023

Gaussian computations finish at: Fri Sep 22 17:16:03 2023

***************conf 78***************
10 Gaussian  gjfs have been created!
Gaussian computations begin at: Fri Sep 22 17:16:03 2023

Gaussian computations finish at: Fri Sep 22 17:16:04 2023

***************conf 79***************
10 Gaussian  gjfs have been created!
Gaussian computations begin at: Fri Sep 22 17:16:04 2023

Gaussian computations finish at: Fri Sep 22 17:16:06 2023

***************conf 80***************
10 Gaussian  gjfs have been created!
Gaussian computations begin at: Fri Sep 22 17:16:06 2023

Gaussian computations finish at: Fri Sep 22 17:16:07 2023

***************conf 81***************
10 Gaussian  gjfs have been created!
Gaussian computations begin at: Fri Sep 22 17:16:07 2023

Gaussian computations finish at: Fri Sep 22 17:16:08 2023

***************conf 82***************
10 Gaussian  gjfs have been created!
Gaussian computations begin at: Fri Sep 22 17:16:08 2023

Gaussian computations finish at: Fri Sep 22 17:16:10 2023

***************conf 83***************
10 Gaussian  gjfs have been created!
Gaussian computations begin at: Fri Sep 22 17:16:10 2023

Gaussian computations finish at: Fri Sep 22 17:16:12 2023

***************conf 84***************
10 Gaussian  gjfs have been created!
Gaussian computations begin at: Fri Sep 22 17:16:12 2023

Gaussian computations finish at: Fri Sep 22 17:16:13 2023

***************conf 85***************
10 Gaussian  gjfs have been created!
Gaussian computations begin at: Fri Sep 22 17:16:13 2023

Gaussian computations finish at: Fri Sep 22 17:16:15 2023

***************conf 86***************
10 Gaussian  gjfs have been created!
Gaussian computations begin at: Fri Sep 22 17:16:15 2023

Gaussian computations finish at: Fri Sep 22 17:16:16 2023

***************conf 87***************
10 Gaussian  gjfs have been created!
Gaussian computations begin at: Fri Sep 22 17:16:16 2023

Gaussian computations finish at: Fri Sep 22 17:16:17 2023

***************conf 88***************
10 Gaussian  gjfs have been created!
Gaussian computations begin at: Fri Sep 22 17:16:17 2023

Gaussian computations finish at: Fri Sep 22 17:16:19 2023

***************conf 89***************
10 Gaussian  gjfs have been created!
Gaussian computations begin at: Fri Sep 22 17:16:19 2023

Gaussian computations finish at: Fri Sep 22 17:16:20 2023

***************conf 90***************
10 Gaussian  gjfs have been created!
Gaussian computations begin at: Fri Sep 22 17:16:20 2023

Gaussian computations finish at: Fri Sep 22 17:16:22 2023

***************conf 91***************
10 Gaussian  gjfs have been created!
Gaussian computations begin at: Fri Sep 22 17:16:22 2023

Gaussian computations finish at: Fri Sep 22 17:16:23 2023

***************conf 92***************
10 Gaussian  gjfs have been created!
Gaussian computations begin at: Fri Sep 22 17:16:23 2023

Gaussian computations finish at: Fri Sep 22 17:16:25 2023

***************conf 93***************
10 Gaussian  gjfs have been created!
Gaussian computations begin at: Fri Sep 22 17:16:25 2023

Gaussian computations finish at: Fri Sep 22 17:16:27 2023

***************conf 94***************
10 Gaussian  gjfs have been created!
Gaussian computations begin at: Fri Sep 22 17:16:27 2023

Gaussian computations finish at: Fri Sep 22 17:16:28 2023

***************conf 95***************
10 Gaussian  gjfs have been created!
Gaussian computations begin at: Fri Sep 22 17:16:28 2023

Gaussian computations finish at: Fri Sep 22 17:16:30 2023

***************conf 96***************
10 Gaussian  gjfs have been created!
Gaussian computations begin at: Fri Sep 22 17:16:30 2023

Gaussian computations finish at: Fri Sep 22 17:16:31 2023

***************conf 97***************
10 Gaussian  gjfs have been created!
Gaussian computations begin at: Fri Sep 22 17:16:31 2023

Gaussian computations finish at: Fri Sep 22 17:16:33 2023

***************conf 98***************
10 Gaussian  gjfs have been created!
Gaussian computations begin at: Fri Sep 22 17:16:33 2023

Gaussian computations finish at: Fri Sep 22 17:16:34 2023

***************conf 99***************
10 Gaussian  gjfs have been created!
Gaussian computations begin at: Fri Sep 22 17:16:34 2023

Gaussian computations finish at: Fri Sep 22 17:16:35 2023

***************conf 100***************
10 Gaussian  gjfs have been created!
Gaussian computations begin at: Fri Sep 22 17:16:35 2023

Gaussian computations finish at: Fri Sep 22 17:16:37 2023

***************conf 101***************
10 Gaussian  gjfs have been created!
Gaussian computations begin at: Fri Sep 22 17:16:37 2023

Gaussian computations finish at: Fri Sep 22 17:16:38 2023

***************conf 102***************
10 Gaussian  gjfs have been created!
Gaussian computations begin at: Fri Sep 22 17:16:38 2023

Gaussian computations finish at: Fri Sep 22 17:16:40 2023

***************conf 103***************
10 Gaussian  gjfs have been created!
Gaussian computations begin at: Fri Sep 22 17:16:40 2023

Gaussian computations finish at: Fri Sep 22 17:16:41 2023

***************conf 104***************
10 Gaussian  gjfs have been created!
Gaussian computations begin at: Fri Sep 22 17:16:41 2023

Gaussian computations finish at: Fri Sep 22 17:16:43 2023

***************conf 105***************
10 Gaussian  gjfs have been created!
Gaussian computations begin at: Fri Sep 22 17:16:43 2023

Gaussian computations finish at: Fri Sep 22 17:16:44 2023

***************conf 106***************
10 Gaussian  gjfs have been created!
Gaussian computations begin at: Fri Sep 22 17:16:44 2023

Gaussian computations finish at: Fri Sep 22 17:16:46 2023

***************conf 107***************
10 Gaussian  gjfs have been created!
Gaussian computations begin at: Fri Sep 22 17:16:46 2023

Gaussian computations finish at: Fri Sep 22 17:16:47 2023

***************conf 108***************
10 Gaussian  gjfs have been created!
Gaussian computations begin at: Fri Sep 22 17:16:47 2023

Gaussian computations finish at: Fri Sep 22 17:16:49 2023

***************conf 109***************
10 Gaussian  gjfs have been created!
Gaussian computations begin at: Fri Sep 22 17:16:49 2023

Gaussian computations finish at: Fri Sep 22 17:16:50 2023

***************conf 110***************
10 Gaussian  gjfs have been created!
Gaussian computations begin at: Fri Sep 22 17:16:50 2023

Gaussian computations finish at: Fri Sep 22 17:16:52 2023

***************conf 111***************
10 Gaussian  gjfs have been created!
Gaussian computations begin at: Fri Sep 22 17:16:52 2023

Gaussian computations finish at: Fri Sep 22 17:16:53 2023

***************conf 112***************
10 Gaussian  gjfs have been created!
Gaussian computations begin at: Fri Sep 22 17:16:53 2023

Gaussian computations finish at: Fri Sep 22 17:16:55 2023

***************conf 113***************
10 Gaussian  gjfs have been created!
Gaussian computations begin at: Fri Sep 22 17:16:55 2023

Gaussian computations finish at: Fri Sep 22 17:16:56 2023

***************conf 114***************
10 Gaussian  gjfs have been created!
Gaussian computations begin at: Fri Sep 22 17:16:56 2023

Gaussian computations finish at: Fri Sep 22 17:16:58 2023

***************conf 115***************
10 Gaussian  gjfs have been created!
Gaussian computations begin at: Fri Sep 22 17:16:58 2023

Gaussian computations finish at: Fri Sep 22 17:16:59 2023

***************conf 116***************
10 Gaussian  gjfs have been created!
Gaussian computations begin at: Fri Sep 22 17:16:59 2023

Gaussian computations finish at: Fri Sep 22 17:17:01 2023

***************conf 117***************
10 Gaussian  gjfs have been created!
Gaussian computations begin at: Fri Sep 22 17:17:01 2023

Gaussian computations finish at: Fri Sep 22 17:17:02 2023

***************conf 118***************
10 Gaussian  gjfs have been created!
Gaussian computations begin at: Fri Sep 22 17:17:02 2023

Gaussian computations finish at: Fri Sep 22 17:17:04 2023

***************conf 119***************
10 Gaussian  gjfs have been created!
Gaussian computations begin at: Fri Sep 22 17:17:04 2023

Gaussian computations finish at: Fri Sep 22 17:17:05 2023

***************conf 120***************
10 Gaussian  gjfs have been created!
Gaussian computations begin at: Fri Sep 22 17:17:05 2023

Gaussian computations finish at: Fri Sep 22 17:17:07 2023

***************conf 121***************
10 Gaussian  gjfs have been created!
Gaussian computations begin at: Fri Sep 22 17:17:07 2023

Gaussian computations finish at: Fri Sep 22 17:17:08 2023

***************conf 122***************
10 Gaussian  gjfs have been created!
Gaussian computations begin at: Fri Sep 22 17:17:08 2023

Gaussian computations finish at: Fri Sep 22 17:17:10 2023

***************conf 123***************
10 Gaussian  gjfs have been created!
Gaussian computations begin at: Fri Sep 22 17:17:10 2023

Gaussian computations finish at: Fri Sep 22 17:17:11 2023

***************conf 124***************
10 Gaussian  gjfs have been created!
Gaussian computations begin at: Fri Sep 22 17:17:11 2023

Gaussian computations finish at: Fri Sep 22 17:17:13 2023

***************conf 125***************
10 Gaussian  gjfs have been created!
Gaussian computations begin at: Fri Sep 22 17:17:13 2023

Gaussian computations finish at: Fri Sep 22 17:17:14 2023

***************conf 126***************
10 Gaussian  gjfs have been created!
Gaussian computations begin at: Fri Sep 22 17:17:14 2023

Gaussian computations finish at: Fri Sep 22 17:17:16 2023

***************conf 127***************
10 Gaussian  gjfs have been created!
Gaussian computations begin at: Fri Sep 22 17:17:16 2023

Gaussian computations finish at: Fri Sep 22 17:17:17 2023

***************conf 128***************
10 Gaussian  gjfs have been created!
Gaussian computations begin at: Fri Sep 22 17:17:17 2023

Gaussian computations finish at: Fri Sep 22 17:17:19 2023

***************conf 129***************
10 Gaussian  gjfs have been created!
Gaussian computations begin at: Fri Sep 22 17:17:19 2023

Gaussian computations finish at: Fri Sep 22 17:17:20 2023

***************conf 130***************
10 Gaussian  gjfs have been created!
Gaussian computations begin at: Fri Sep 22 17:17:20 2023

Gaussian computations finish at: Fri Sep 22 17:17:22 2023

***************conf 131***************
10 Gaussian  gjfs have been created!
Gaussian computations begin at: Fri Sep 22 17:17:22 2023

Gaussian computations finish at: Fri Sep 22 17:17:23 2023

***************conf 132***************
10 Gaussian  gjfs have been created!
Gaussian computations begin at: Fri Sep 22 17:17:23 2023

Gaussian computations finish at: Fri Sep 22 17:17:25 2023

***************conf 133***************
10 Gaussian  gjfs have been created!
Gaussian computations begin at: Fri Sep 22 17:17:25 2023

Gaussian computations finish at: Fri Sep 22 17:17:26 2023

***************conf 134***************
10 Gaussian  gjfs have been created!
Gaussian computations begin at: Fri Sep 22 17:17:26 2023

Gaussian computations finish at: Fri Sep 22 17:17:28 2023

***************conf 135***************
10 Gaussian  gjfs have been created!
Gaussian computations begin at: Fri Sep 22 17:17:28 2023

Gaussian computations finish at: Fri Sep 22 17:17:29 2023

***************conf 136***************
10 Gaussian  gjfs have been created!
Gaussian computations begin at: Fri Sep 22 17:17:29 2023

Gaussian computations finish at: Fri Sep 22 17:17:31 2023

***************conf 137***************
10 Gaussian  gjfs have been created!
Gaussian computations begin at: Fri Sep 22 17:17:31 2023

Gaussian computations finish at: Fri Sep 22 17:17:32 2023

***************conf 138***************
10 Gaussian  gjfs have been created!
Gaussian computations begin at: Fri Sep 22 17:17:32 2023

Gaussian computations finish at: Fri Sep 22 17:17:34 2023

***************conf 139***************
10 Gaussian  gjfs have been created!
Gaussian computations begin at: Fri Sep 22 17:17:34 2023

Gaussian computations finish at: Fri Sep 22 17:17:35 2023

***************conf 140***************
10 Gaussian  gjfs have been created!
Gaussian computations begin at: Fri Sep 22 17:17:35 2023

Gaussian computations finish at: Fri Sep 22 17:17:37 2023

***************conf 141***************
10 Gaussian  gjfs have been created!
Gaussian computations begin at: Fri Sep 22 17:17:37 2023

Gaussian computations finish at: Fri Sep 22 17:17:38 2023

***************conf 142***************
10 Gaussian  gjfs have been created!
Gaussian computations begin at: Fri Sep 22 17:17:38 2023

Gaussian computations finish at: Fri Sep 22 17:17:40 2023

***************conf 143***************
10 Gaussian  gjfs have been created!
Gaussian computations begin at: Fri Sep 22 17:17:40 2023

Gaussian computations finish at: Fri Sep 22 17:17:41 2023

***************conf 144***************
10 Gaussian  gjfs have been created!
Gaussian computations begin at: Fri Sep 22 17:17:41 2023

Gaussian computations finish at: Fri Sep 22 17:17:43 2023

***************conf 145***************
10 Gaussian  gjfs have been created!
Gaussian computations begin at: Fri Sep 22 17:17:43 2023

Gaussian computations finish at: Fri Sep 22 17:17:44 2023

***************conf 146***************
10 Gaussian  gjfs have been created!
Gaussian computations begin at: Fri Sep 22 17:17:44 2023

Gaussian computations finish at: Fri Sep 22 17:17:46 2023

***************conf 147***************
10 Gaussian  gjfs have been created!
Gaussian computations begin at: Fri Sep 22 17:17:46 2023

Gaussian computations finish at: Fri Sep 22 17:17:47 2023

***************conf 148***************
10 Gaussian  gjfs have been created!
Gaussian computations begin at: Fri Sep 22 17:17:47 2023

Gaussian computations finish at: Fri Sep 22 17:17:49 2023

***************conf 149***************
10 Gaussian  gjfs have been created!
Gaussian computations begin at: Fri Sep 22 17:17:49 2023

Gaussian computations finish at: Fri Sep 22 17:17:50 2023

***************conf 150***************
10 Gaussian  gjfs have been created!
Gaussian computations begin at: Fri Sep 22 17:17:50 2023

Gaussian computations finish at: Fri Sep 22 17:17:52 2023

***************conf 151***************
10 Gaussian  gjfs have been created!
Gaussian computations begin at: Fri Sep 22 17:17:52 2023

Gaussian computations finish at: Fri Sep 22 17:17:54 2023

***************conf 152***************
10 Gaussian  gjfs have been created!
Gaussian computations begin at: Fri Sep 22 17:17:54 2023

Gaussian computations finish at: Fri Sep 22 17:17:55 2023

***************conf 153***************
10 Gaussian  gjfs have been created!
Gaussian computations begin at: Fri Sep 22 17:17:55 2023

Gaussian computations finish at: Fri Sep 22 17:17:57 2023

***************conf 154***************
10 Gaussian  gjfs have been created!
Gaussian computations begin at: Fri Sep 22 17:17:57 2023

Gaussian computations finish at: Fri Sep 22 17:17:58 2023

***************conf 155***************
10 Gaussian  gjfs have been created!
Gaussian computations begin at: Fri Sep 22 17:17:58 2023

Gaussian computations finish at: Fri Sep 22 17:17:59 2023

***************conf 156***************
10 Gaussian  gjfs have been created!
Gaussian computations begin at: Fri Sep 22 17:17:59 2023

Gaussian computations finish at: Fri Sep 22 17:18:01 2023

***************conf 157***************
10 Gaussian  gjfs have been created!
Gaussian computations begin at: Fri Sep 22 17:18:01 2023

Gaussian computations finish at: Fri Sep 22 17:18:02 2023

***************conf 158***************
10 Gaussian  gjfs have been created!
Gaussian computations begin at: Fri Sep 22 17:18:02 2023

Gaussian computations finish at: Fri Sep 22 17:18:04 2023

***************conf 159***************
10 Gaussian  gjfs have been created!
Gaussian computations begin at: Fri Sep 22 17:18:04 2023

Gaussian computations finish at: Fri Sep 22 17:18:06 2023

***************conf 160***************
10 Gaussian  gjfs have been created!
Gaussian computations begin at: Fri Sep 22 17:18:06 2023

Gaussian computations finish at: Fri Sep 22 17:18:07 2023

***************conf 161***************
10 Gaussian  gjfs have been created!
Gaussian computations begin at: Fri Sep 22 17:18:07 2023

Gaussian computations finish at: Fri Sep 22 17:18:09 2023

***************conf 162***************
10 Gaussian  gjfs have been created!
Gaussian computations begin at: Fri Sep 22 17:18:09 2023

Gaussian computations finish at: Fri Sep 22 17:18:10 2023

***************conf 163***************
10 Gaussian  gjfs have been created!
Gaussian computations begin at: Fri Sep 22 17:18:10 2023

Gaussian computations finish at: Fri Sep 22 17:18:12 2023

***************conf 164***************
10 Gaussian  gjfs have been created!
Gaussian computations begin at: Fri Sep 22 17:18:12 2023

Gaussian computations finish at: Fri Sep 22 17:18:13 2023

***************conf 165***************
10 Gaussian  gjfs have been created!
Gaussian computations begin at: Fri Sep 22 17:18:13 2023

Gaussian computations finish at: Fri Sep 22 17:18:15 2023

***************conf 166***************
10 Gaussian  gjfs have been created!
Gaussian computations begin at: Fri Sep 22 17:18:15 2023

Gaussian computations finish at: Fri Sep 22 17:18:16 2023

***************conf 167***************
10 Gaussian  gjfs have been created!
Gaussian computations begin at: Fri Sep 22 17:18:16 2023

Gaussian computations finish at: Fri Sep 22 17:18:18 2023

***************conf 168***************
10 Gaussian  gjfs have been created!
Gaussian computations begin at: Fri Sep 22 17:18:18 2023

Gaussian computations finish at: Fri Sep 22 17:18:19 2023

***************conf 169***************
10 Gaussian  gjfs have been created!
Gaussian computations begin at: Fri Sep 22 17:18:19 2023

Gaussian computations finish at: Fri Sep 22 17:18:21 2023

***************conf 170***************
10 Gaussian  gjfs have been created!
Gaussian computations begin at: Fri Sep 22 17:18:21 2023

Gaussian computations finish at: Fri Sep 22 17:18:22 2023

***************conf 171***************
10 Gaussian  gjfs have been created!
Gaussian computations begin at: Fri Sep 22 17:18:22 2023

Gaussian computations finish at: Fri Sep 22 17:18:24 2023

***************conf 172***************
10 Gaussian  gjfs have been created!
Gaussian computations begin at: Fri Sep 22 17:18:24 2023

Gaussian computations finish at: Fri Sep 22 17:18:25 2023

***************conf 173***************
10 Gaussian  gjfs have been created!
Gaussian computations begin at: Fri Sep 22 17:18:25 2023

Gaussian computations finish at: Fri Sep 22 17:18:27 2023

***************conf 174***************
10 Gaussian  gjfs have been created!
Gaussian computations begin at: Fri Sep 22 17:18:27 2023

Gaussian computations finish at: Fri Sep 22 17:18:29 2023

***************conf 175***************
10 Gaussian  gjfs have been created!
Gaussian computations begin at: Fri Sep 22 17:18:29 2023

Gaussian computations finish at: Fri Sep 22 17:18:30 2023

***************conf 176***************
10 Gaussian  gjfs have been created!
Gaussian computations begin at: Fri Sep 22 17:18:30 2023

Gaussian computations finish at: Fri Sep 22 17:18:32 2023

***************conf 177***************
10 Gaussian  gjfs have been created!
Gaussian computations begin at: Fri Sep 22 17:18:32 2023

Gaussian computations finish at: Fri Sep 22 17:18:33 2023

***************conf 178***************
10 Gaussian  gjfs have been created!
Gaussian computations begin at: Fri Sep 22 17:18:33 2023

Gaussian computations finish at: Fri Sep 22 17:18:35 2023

***************conf 179***************
10 Gaussian  gjfs have been created!
Gaussian computations begin at: Fri Sep 22 17:18:35 2023

Gaussian computations finish at: Fri Sep 22 17:18:36 2023

***************conf 180***************
10 Gaussian  gjfs have been created!
Gaussian computations begin at: Fri Sep 22 17:18:36 2023

Gaussian computations finish at: Fri Sep 22 17:18:38 2023

***************conf 181***************
10 Gaussian  gjfs have been created!
Gaussian computations begin at: Fri Sep 22 17:18:38 2023

Gaussian computations finish at: Fri Sep 22 17:18:39 2023

***************conf 182***************
10 Gaussian  gjfs have been created!
Gaussian computations begin at: Fri Sep 22 17:18:39 2023

Gaussian computations finish at: Fri Sep 22 17:18:41 2023

***************conf 183***************
10 Gaussian  gjfs have been created!
Gaussian computations begin at: Fri Sep 22 17:18:41 2023

Gaussian computations finish at: Fri Sep 22 17:18:47 2023

***************conf 184***************
10 Gaussian  gjfs have been created!
Gaussian computations begin at: Fri Sep 22 17:18:47 2023

Gaussian computations finish at: Fri Sep 22 17:18:49 2023

***************conf 185***************
10 Gaussian  gjfs have been created!
Gaussian computations begin at: Fri Sep 22 17:18:49 2023

Gaussian computations finish at: Fri Sep 22 17:18:50 2023

***************conf 186***************
10 Gaussian  gjfs have been created!
Gaussian computations begin at: Fri Sep 22 17:18:50 2023

Gaussian computations finish at: Fri Sep 22 17:18:52 2023

***************conf 187***************
10 Gaussian  gjfs have been created!
Gaussian computations begin at: Fri Sep 22 17:18:52 2023

Gaussian computations finish at: Fri Sep 22 17:18:53 2023

***************conf 188***************
10 Gaussian  gjfs have been created!
Gaussian computations begin at: Fri Sep 22 17:18:53 2023

Gaussian computations finish at: Fri Sep 22 17:18:55 2023

***************conf 189***************
10 Gaussian  gjfs have been created!
Gaussian computations begin at: Fri Sep 22 17:18:55 2023

Gaussian computations finish at: Fri Sep 22 17:18:56 2023

***************conf 190***************
10 Gaussian  gjfs have been created!
Gaussian computations begin at: Fri Sep 22 17:18:56 2023

Gaussian computations finish at: Fri Sep 22 17:18:57 2023

***************conf 191***************
10 Gaussian  gjfs have been created!
Gaussian computations begin at: Fri Sep 22 17:18:57 2023

Gaussian computations finish at: Fri Sep 22 17:18:59 2023

***************conf 192***************
10 Gaussian  gjfs have been created!
Gaussian computations begin at: Fri Sep 22 17:18:59 2023

Gaussian computations finish at: Fri Sep 22 17:19:00 2023

***************conf 193***************
10 Gaussian  gjfs have been created!
Gaussian computations begin at: Fri Sep 22 17:19:00 2023

Gaussian computations finish at: Fri Sep 22 17:19:02 2023

***************conf 194***************
10 Gaussian  gjfs have been created!
Gaussian computations begin at: Fri Sep 22 17:19:02 2023

Gaussian computations finish at: Fri Sep 22 17:19:03 2023

***************conf 195***************
10 Gaussian  gjfs have been created!
Gaussian computations begin at: Fri Sep 22 17:19:03 2023

Gaussian computations finish at: Fri Sep 22 17:19:05 2023

***************conf 196***************
10 Gaussian  gjfs have been created!
Gaussian computations begin at: Fri Sep 22 17:19:05 2023

Gaussian computations finish at: Fri Sep 22 17:19:07 2023

***************conf 197***************
10 Gaussian  gjfs have been created!
Gaussian computations begin at: Fri Sep 22 17:19:07 2023

Gaussian computations finish at: Fri Sep 22 17:19:08 2023

***************conf 198***************
10 Gaussian  gjfs have been created!
Gaussian computations begin at: Fri Sep 22 17:19:08 2023

Gaussian computations finish at: Fri Sep 22 17:19:10 2023

***************conf 199***************
10 Gaussian  gjfs have been created!
Gaussian computations begin at: Fri Sep 22 17:19:10 2023

Gaussian computations finish at: Fri Sep 22 17:19:11 2023

***************conf 200***************
10 Gaussian  gjfs have been created!
Gaussian computations begin at: Fri Sep 22 17:19:11 2023

Gaussian computations finish at: Fri Sep 22 17:19:13 2023

***************conf 201***************
10 Gaussian  gjfs have been created!
Gaussian computations begin at: Fri Sep 22 17:19:13 2023

Gaussian computations finish at: Fri Sep 22 17:19:14 2023

***************conf 202***************
10 Gaussian  gjfs have been created!
Gaussian computations begin at: Fri Sep 22 17:19:14 2023

Gaussian computations finish at: Fri Sep 22 17:19:16 2023

***************conf 203***************
10 Gaussian  gjfs have been created!
Gaussian computations begin at: Fri Sep 22 17:19:16 2023

Gaussian computations finish at: Fri Sep 22 17:19:17 2023

***************conf 204***************
10 Gaussian  gjfs have been created!
Gaussian computations begin at: Fri Sep 22 17:19:17 2023

Gaussian computations finish at: Fri Sep 22 17:19:19 2023

***************conf 205***************
10 Gaussian  gjfs have been created!
Gaussian computations begin at: Fri Sep 22 17:19:19 2023

Gaussian computations finish at: Fri Sep 22 17:19:20 2023

***************conf 206***************
10 Gaussian  gjfs have been created!
Gaussian computations begin at: Fri Sep 22 17:19:20 2023

Gaussian computations finish at: Fri Sep 22 17:19:22 2023

***************conf 207***************
10 Gaussian  gjfs have been created!
Gaussian computations begin at: Fri Sep 22 17:19:22 2023

Gaussian computations finish at: Fri Sep 22 17:19:23 2023

***************conf 208***************
10 Gaussian  gjfs have been created!
Gaussian computations begin at: Fri Sep 22 17:19:23 2023

Gaussian computations finish at: Fri Sep 22 17:19:25 2023

***************conf 209***************
10 Gaussian  gjfs have been created!
Gaussian computations begin at: Fri Sep 22 17:19:25 2023

Gaussian computations finish at: Fri Sep 22 17:19:26 2023

***************conf 210***************
10 Gaussian  gjfs have been created!
Gaussian computations begin at: Fri Sep 22 17:19:26 2023

Gaussian computations finish at: Fri Sep 22 17:19:28 2023

***************conf 211***************
10 Gaussian  gjfs have been created!
Gaussian computations begin at: Fri Sep 22 17:19:28 2023

Gaussian computations finish at: Fri Sep 22 17:19:29 2023

***************conf 212***************
10 Gaussian  gjfs have been created!
Gaussian computations begin at: Fri Sep 22 17:19:29 2023

Gaussian computations finish at: Fri Sep 22 17:19:31 2023

***************conf 213***************
10 Gaussian  gjfs have been created!
Gaussian computations begin at: Fri Sep 22 17:19:31 2023

Gaussian computations finish at: Fri Sep 22 17:19:32 2023

***************conf 214***************
10 Gaussian  gjfs have been created!
Gaussian computations begin at: Fri Sep 22 17:19:32 2023

Gaussian computations finish at: Fri Sep 22 17:19:34 2023

***************conf 215***************
10 Gaussian  gjfs have been created!
Gaussian computations begin at: Fri Sep 22 17:19:34 2023

Gaussian computations finish at: Fri Sep 22 17:19:35 2023

***************conf 216***************
10 Gaussian  gjfs have been created!
Gaussian computations begin at: Fri Sep 22 17:19:35 2023

Gaussian computations finish at: Fri Sep 22 17:19:37 2023

***************conf 217***************
10 Gaussian  gjfs have been created!
Gaussian computations begin at: Fri Sep 22 17:19:37 2023

Gaussian computations finish at: Fri Sep 22 17:19:38 2023

***************conf 218***************
10 Gaussian  gjfs have been created!
Gaussian computations begin at: Fri Sep 22 17:19:38 2023

Gaussian computations finish at: Fri Sep 22 17:19:40 2023

***************conf 219***************
10 Gaussian  gjfs have been created!
Gaussian computations begin at: Fri Sep 22 17:19:40 2023

Gaussian computations finish at: Fri Sep 22 17:19:41 2023

***************conf 220***************
10 Gaussian  gjfs have been created!
Gaussian computations begin at: Fri Sep 22 17:19:41 2023

Gaussian computations finish at: Fri Sep 22 17:19:43 2023

***************conf 221***************
10 Gaussian  gjfs have been created!
Gaussian computations begin at: Fri Sep 22 17:19:43 2023

Gaussian computations finish at: Fri Sep 22 17:19:44 2023

***************conf 222***************
10 Gaussian  gjfs have been created!
Gaussian computations begin at: Fri Sep 22 17:19:44 2023

Gaussian computations finish at: Fri Sep 22 17:19:46 2023

***************conf 223***************
10 Gaussian  gjfs have been created!
Gaussian computations begin at: Fri Sep 22 17:19:46 2023

Gaussian computations finish at: Fri Sep 22 17:19:47 2023

***************conf 224***************
10 Gaussian  gjfs have been created!
Gaussian computations begin at: Fri Sep 22 17:19:47 2023

Gaussian computations finish at: Fri Sep 22 17:19:49 2023

***************conf 225***************
10 Gaussian  gjfs have been created!
Gaussian computations begin at: Fri Sep 22 17:19:49 2023

Gaussian computations finish at: Fri Sep 22 17:19:51 2023

***************conf 226***************
10 Gaussian  gjfs have been created!
Gaussian computations begin at: Fri Sep 22 17:19:51 2023

Gaussian computations finish at: Fri Sep 22 17:19:52 2023

***************conf 227***************
10 Gaussian  gjfs have been created!
Gaussian computations begin at: Fri Sep 22 17:19:52 2023

Gaussian computations finish at: Fri Sep 22 17:19:53 2023

***************conf 228***************
10 Gaussian  gjfs have been created!
Gaussian computations begin at: Fri Sep 22 17:19:53 2023

Gaussian computations finish at: Fri Sep 22 17:19:55 2023

***************conf 229***************
10 Gaussian  gjfs have been created!
Gaussian computations begin at: Fri Sep 22 17:19:55 2023

Gaussian computations finish at: Fri Sep 22 17:19:56 2023

***************conf 230***************
10 Gaussian  gjfs have been created!
Gaussian computations begin at: Fri Sep 22 17:19:56 2023

Gaussian computations finish at: Fri Sep 22 17:19:58 2023

***************conf 231***************
10 Gaussian  gjfs have been created!
Gaussian computations begin at: Fri Sep 22 17:19:58 2023

Gaussian computations finish at: Fri Sep 22 17:19:59 2023

***************conf 232***************
10 Gaussian  gjfs have been created!
Gaussian computations begin at: Fri Sep 22 17:19:59 2023

Gaussian computations finish at: Fri Sep 22 17:20:01 2023

***************conf 233***************
10 Gaussian  gjfs have been created!
Gaussian computations begin at: Fri Sep 22 17:20:01 2023

Gaussian computations finish at: Fri Sep 22 17:20:02 2023

***************conf 234***************
10 Gaussian  gjfs have been created!
Gaussian computations begin at: Fri Sep 22 17:20:02 2023

Gaussian computations finish at: Fri Sep 22 17:20:04 2023

***************conf 235***************
10 Gaussian  gjfs have been created!
Gaussian computations begin at: Fri Sep 22 17:20:04 2023

Gaussian computations finish at: Fri Sep 22 17:20:05 2023

***************conf 236***************
10 Gaussian  gjfs have been created!
Gaussian computations begin at: Fri Sep 22 17:20:05 2023

Gaussian computations finish at: Fri Sep 22 17:20:07 2023

***************conf 237***************
10 Gaussian  gjfs have been created!
Gaussian computations begin at: Fri Sep 22 17:20:07 2023

Gaussian computations finish at: Fri Sep 22 17:20:08 2023

***************conf 238***************
10 Gaussian  gjfs have been created!
Gaussian computations begin at: Fri Sep 22 17:20:08 2023

Gaussian computations finish at: Fri Sep 22 17:20:10 2023

***************conf 239***************
10 Gaussian  gjfs have been created!
Gaussian computations begin at: Fri Sep 22 17:20:10 2023

Gaussian computations finish at: Fri Sep 22 17:20:11 2023

***************conf 240***************
10 Gaussian  gjfs have been created!
Gaussian computations begin at: Fri Sep 22 17:20:11 2023

Gaussian computations finish at: Fri Sep 22 17:20:13 2023

***************conf 241***************
10 Gaussian  gjfs have been created!
Gaussian computations begin at: Fri Sep 22 17:20:13 2023

Gaussian computations finish at: Fri Sep 22 17:20:14 2023

***************conf 242***************
10 Gaussian  gjfs have been created!
Gaussian computations begin at: Fri Sep 22 17:20:14 2023

Gaussian computations finish at: Fri Sep 22 17:20:16 2023

***************conf 243***************
10 Gaussian  gjfs have been created!
Gaussian computations begin at: Fri Sep 22 17:20:16 2023

Gaussian computations finish at: Fri Sep 22 17:20:18 2023

***************conf 244***************
10 Gaussian  gjfs have been created!
Gaussian computations begin at: Fri Sep 22 17:20:18 2023

Gaussian computations finish at: Fri Sep 22 17:20:19 2023

***************conf 245***************
10 Gaussian  gjfs have been created!
Gaussian computations begin at: Fri Sep 22 17:20:19 2023

Gaussian computations finish at: Fri Sep 22 17:20:21 2023

***************conf 246***************
10 Gaussian  gjfs have been created!
Gaussian computations begin at: Fri Sep 22 17:20:21 2023

Gaussian computations finish at: Fri Sep 22 17:20:22 2023

***************conf 247***************
10 Gaussian  gjfs have been created!
Gaussian computations begin at: Fri Sep 22 17:20:22 2023

Gaussian computations finish at: Fri Sep 22 17:20:24 2023

***************conf 248***************
10 Gaussian  gjfs have been created!
Gaussian computations begin at: Fri Sep 22 17:20:24 2023

Gaussian computations finish at: Fri Sep 22 17:20:25 2023

***************conf 249***************
10 Gaussian  gjfs have been created!
Gaussian computations begin at: Fri Sep 22 17:20:25 2023

Gaussian computations finish at: Fri Sep 22 17:20:27 2023

***************conf 250***************
10 Gaussian  gjfs have been created!
Gaussian computations begin at: Fri Sep 22 17:20:27 2023

Gaussian computations finish at: Fri Sep 22 17:20:29 2023

***************conf 251***************
10 Gaussian  gjfs have been created!
Gaussian computations begin at: Fri Sep 22 17:20:29 2023

Gaussian computations finish at: Fri Sep 22 17:20:30 2023

***************conf 252***************
10 Gaussian  gjfs have been created!
Gaussian computations begin at: Fri Sep 22 17:20:30 2023

Gaussian computations finish at: Fri Sep 22 17:20:32 2023

***************conf 253***************
10 Gaussian  gjfs have been created!
Gaussian computations begin at: Fri Sep 22 17:20:32 2023

Gaussian computations finish at: Fri Sep 22 17:20:33 2023

***************conf 254***************
10 Gaussian  gjfs have been created!
Gaussian computations begin at: Fri Sep 22 17:20:33 2023

Gaussian computations finish at: Fri Sep 22 17:20:35 2023

***************conf 255***************
10 Gaussian  gjfs have been created!
Gaussian computations begin at: Fri Sep 22 17:20:35 2023

Gaussian computations finish at: Fri Sep 22 17:20:36 2023

***************conf 256***************
10 Gaussian  gjfs have been created!
Gaussian computations begin at: Fri Sep 22 17:20:36 2023

Gaussian computations finish at: Fri Sep 22 17:20:38 2023

***************conf 257***************
10 Gaussian  gjfs have been created!
Gaussian computations begin at: Fri Sep 22 17:20:38 2023

Gaussian computations finish at: Fri Sep 22 17:20:39 2023

***************conf 258***************
10 Gaussian  gjfs have been created!
Gaussian computations begin at: Fri Sep 22 17:20:39 2023

Gaussian computations finish at: Fri Sep 22 17:20:41 2023

***************conf 259***************
10 Gaussian  gjfs have been created!
Gaussian computations begin at: Fri Sep 22 17:20:41 2023

Gaussian computations finish at: Fri Sep 22 17:20:42 2023

***************conf 260***************
10 Gaussian  gjfs have been created!
Gaussian computations begin at: Fri Sep 22 17:20:42 2023

Gaussian computations finish at: Fri Sep 22 17:20:44 2023

***************conf 261***************
10 Gaussian  gjfs have been created!
Gaussian computations begin at: Fri Sep 22 17:20:44 2023

Gaussian computations finish at: Fri Sep 22 17:20:45 2023

***************conf 262***************
10 Gaussian  gjfs have been created!
Gaussian computations begin at: Fri Sep 22 17:20:45 2023

Gaussian computations finish at: Fri Sep 22 17:20:47 2023

***************conf 263***************
10 Gaussian  gjfs have been created!
Gaussian computations begin at: Fri Sep 22 17:20:47 2023

Gaussian computations finish at: Fri Sep 22 17:20:49 2023

***************conf 264***************
10 Gaussian  gjfs have been created!
Gaussian computations begin at: Fri Sep 22 17:20:49 2023

Gaussian computations finish at: Fri Sep 22 17:20:50 2023

***************conf 265***************
10 Gaussian  gjfs have been created!
Gaussian computations begin at: Fri Sep 22 17:20:50 2023

Gaussian computations finish at: Fri Sep 22 17:20:52 2023

***************conf 266***************
10 Gaussian  gjfs have been created!
Gaussian computations begin at: Fri Sep 22 17:20:52 2023

Gaussian computations finish at: Fri Sep 22 17:20:53 2023

***************conf 267***************
10 Gaussian  gjfs have been created!
Gaussian computations begin at: Fri Sep 22 17:20:53 2023

Gaussian computations finish at: Fri Sep 22 17:20:54 2023

***************conf 268***************
10 Gaussian  gjfs have been created!
Gaussian computations begin at: Fri Sep 22 17:20:54 2023

Gaussian computations finish at: Fri Sep 22 17:20:56 2023

***************conf 269***************
10 Gaussian  gjfs have been created!
Gaussian computations begin at: Fri Sep 22 17:20:56 2023

Gaussian computations finish at: Fri Sep 22 17:20:57 2023

***************conf 270***************
10 Gaussian  gjfs have been created!
Gaussian computations begin at: Fri Sep 22 17:20:57 2023

Gaussian computations finish at: Fri Sep 22 17:20:59 2023

***************conf 271***************
10 Gaussian  gjfs have been created!
Gaussian computations begin at: Fri Sep 22 17:20:59 2023

Gaussian computations finish at: Fri Sep 22 17:21:01 2023

***************conf 272***************
10 Gaussian  gjfs have been created!
Gaussian computations begin at: Fri Sep 22 17:21:01 2023

Gaussian computations finish at: Fri Sep 22 17:21:02 2023

***************conf 273***************
10 Gaussian  gjfs have been created!
Gaussian computations begin at: Fri Sep 22 17:21:02 2023

Gaussian computations finish at: Fri Sep 22 17:21:04 2023

***************conf 274***************
10 Gaussian  gjfs have been created!
Gaussian computations begin at: Fri Sep 22 17:21:04 2023

Gaussian computations finish at: Fri Sep 22 17:21:05 2023

***************conf 275***************
10 Gaussian  gjfs have been created!
Gaussian computations begin at: Fri Sep 22 17:21:05 2023

Gaussian computations finish at: Fri Sep 22 17:21:07 2023

***************conf 276***************
10 Gaussian  gjfs have been created!
Gaussian computations begin at: Fri Sep 22 17:21:07 2023

Gaussian computations finish at: Fri Sep 22 17:21:08 2023

***************conf 277***************
10 Gaussian  gjfs have been created!
Gaussian computations begin at: Fri Sep 22 17:21:08 2023

Gaussian computations finish at: Fri Sep 22 17:21:10 2023

***************conf 278***************
10 Gaussian  gjfs have been created!
Gaussian computations begin at: Fri Sep 22 17:21:10 2023

Gaussian computations finish at: Fri Sep 22 17:21:11 2023

***************conf 279***************
10 Gaussian  gjfs have been created!
Gaussian computations begin at: Fri Sep 22 17:21:11 2023

Gaussian computations finish at: Fri Sep 22 17:21:13 2023

***************conf 280***************
10 Gaussian  gjfs have been created!
Gaussian computations begin at: Fri Sep 22 17:21:13 2023

Gaussian computations finish at: Fri Sep 22 17:21:14 2023

***************conf 281***************
10 Gaussian  gjfs have been created!
Gaussian computations begin at: Fri Sep 22 17:21:14 2023

Gaussian computations finish at: Fri Sep 22 17:21:16 2023

***************conf 282***************
10 Gaussian  gjfs have been created!
Gaussian computations begin at: Fri Sep 22 17:21:16 2023

Gaussian computations finish at: Fri Sep 22 17:21:17 2023

***************conf 283***************
10 Gaussian  gjfs have been created!
Gaussian computations begin at: Fri Sep 22 17:21:17 2023

Gaussian computations finish at: Fri Sep 22 17:21:19 2023

***************conf 284***************
10 Gaussian  gjfs have been created!
Gaussian computations begin at: Fri Sep 22 17:21:19 2023

Gaussian computations finish at: Fri Sep 22 17:21:25 2023

***************conf 285***************
10 Gaussian  gjfs have been created!
Gaussian computations begin at: Fri Sep 22 17:21:25 2023

Gaussian computations finish at: Fri Sep 22 17:21:26 2023

***************conf 286***************
10 Gaussian  gjfs have been created!
Gaussian computations begin at: Fri Sep 22 17:21:26 2023

Gaussian computations finish at: Fri Sep 22 17:21:28 2023

***************conf 287***************
10 Gaussian  gjfs have been created!
Gaussian computations begin at: Fri Sep 22 17:21:28 2023

Gaussian computations finish at: Fri Sep 22 17:21:29 2023

***************conf 288***************
10 Gaussian  gjfs have been created!
Gaussian computations begin at: Fri Sep 22 17:21:29 2023

Gaussian computations finish at: Fri Sep 22 17:21:31 2023

***************conf 289***************
10 Gaussian  gjfs have been created!
Gaussian computations begin at: Fri Sep 22 17:21:31 2023

Gaussian computations finish at: Fri Sep 22 17:21:33 2023

***************conf 290***************
10 Gaussian  gjfs have been created!
Gaussian computations begin at: Fri Sep 22 17:21:33 2023

Gaussian computations finish at: Fri Sep 22 17:21:34 2023

***************conf 291***************
10 Gaussian  gjfs have been created!
Gaussian computations begin at: Fri Sep 22 17:21:34 2023

Gaussian computations finish at: Fri Sep 22 17:21:36 2023

***************conf 292***************
10 Gaussian  gjfs have been created!
Gaussian computations begin at: Fri Sep 22 17:21:36 2023

Gaussian computations finish at: Fri Sep 22 17:21:37 2023

***************conf 293***************
10 Gaussian  gjfs have been created!
Gaussian computations begin at: Fri Sep 22 17:21:37 2023

Gaussian computations finish at: Fri Sep 22 17:21:39 2023

***************conf 294***************
10 Gaussian  gjfs have been created!
Gaussian computations begin at: Fri Sep 22 17:21:39 2023

Gaussian computations finish at: Fri Sep 22 17:21:40 2023

***************conf 295***************
10 Gaussian  gjfs have been created!
Gaussian computations begin at: Fri Sep 22 17:21:40 2023

Gaussian computations finish at: Fri Sep 22 17:21:42 2023

***************conf 296***************
10 Gaussian  gjfs have been created!
Gaussian computations begin at: Fri Sep 22 17:21:42 2023

Gaussian computations finish at: Fri Sep 22 17:21:43 2023

***************conf 297***************
10 Gaussian  gjfs have been created!
Gaussian computations begin at: Fri Sep 22 17:21:43 2023

Gaussian computations finish at: Fri Sep 22 17:21:45 2023

***************conf 298***************
10 Gaussian  gjfs have been created!
Gaussian computations begin at: Fri Sep 22 17:21:45 2023

Gaussian computations finish at: Fri Sep 22 17:21:46 2023

***************conf 299***************
10 Gaussian  gjfs have been created!
Gaussian computations begin at: Fri Sep 22 17:21:46 2023

Gaussian computations finish at: Fri Sep 22 17:21:48 2023

***************conf 300***************
10 Gaussian  gjfs have been created!
Gaussian computations begin at: Fri Sep 22 17:21:48 2023

Gaussian computations finish at: Fri Sep 22 17:21:49 2023

Resutls (301 sheets) are saved in SN2_dym_M2_M2_all.xlsx

pymol has been created.
Job ends at: Fri Sep 22 17:21:54 2023
Fri Sep 22 17:21:54 CST 2023
