This job is running on host node80
Current directory: /tmp/55481.mgr/run
Fri Sep 22 11:13:40 CST 2023
/tmp/55481.mgr
Job starts at: Fri Sep 22 11:13:53 2023
ref file: PDB_1XBB_ref.gjf
conf file: QR_1XBB.xyz
method: 3
internal coordinates & fragmentation
4 fragments was given!
No extral bonds/angles added
No bonds/angles removed
No coordination list
All atomic charge are 0!
All atomic spin are 0!
number cpu set to 4
number pal set to 6
*************** 68 atoms in input structure !***************
*************** 3 structure in conformer input!***************
***************  bond & angle part  ***************
***************  Read include/exclude list  ***************
***************  update bond & angle list based on fraglist  ***************
Bonds/angles data are saved in 1XBB_M3_bond_angle.dat
***************  Get internal coodinate values ***************
***************  Charge and Spin  ***************
***************  Charge and Spin  finished!  ***************

***************  Get ref fragments structure  ***************
***************  Get conf fragments structure  ***************
***************  Get ref & conf fragments structure  finished!  ***************

***************  fragmentation part ***************
***************  Charge and Spin  ***************
***************  Charge and Spin  finished!  ***************

***************  Get ref & conf fragments structure  ***************
***************  Get ref & conf fragments structure  finished!  ***************

Structures of subsystems are saved as Ref_M3.xyz and Conf_M3.xyz!
xTB computations begin at: Fri Sep 22 11:13:54 2023
xTB computations finish at: Fri Sep 22 11:14:35 2023

xTB computations begin at: Fri Sep 22 11:14:35 2023
xTB computations finish at: Fri Sep 22 11:14:38 2023

***************conf 0***************
xTB computations begin at: Fri Sep 22 11:14:38 2023
xTB computations finish at: Fri Sep 22 11:15:20 2023

xTB computations begin at: Fri Sep 22 11:15:20 2023
xTB computations finish at: Fri Sep 22 11:15:22 2023

***************conf 1***************
xTB computations begin at: Fri Sep 22 11:15:22 2023
xTB computations finish at: Fri Sep 22 11:16:05 2023

xTB computations begin at: Fri Sep 22 11:16:05 2023
xTB computations finish at: Fri Sep 22 11:16:07 2023

***************conf 2***************
xTB computations begin at: Fri Sep 22 11:16:07 2023
xTB computations finish at: Fri Sep 22 11:16:49 2023

xTB computations begin at: Fri Sep 22 11:16:49 2023
xTB computations finish at: Fri Sep 22 11:16:51 2023

Resutls (3 sheets) are saved in Resutls (3 sheets) are saved in 1XBB_M3_M3all.xlsx

pymol has been created.
Job ends at: Fri Sep 22 11:16:51 2023
Fri Sep 22 11:16:52 CST 2023
