This job is running on host node91
Current directory: /tmp/95798.mgr/run
Wed May 15 15:05:19 CST 2019
/tmp/95798.mgr
Warning: no mlatom module
Warning: no xtb module
Job starts at: Wed May 15 15:05:39 2019
ref file: linear-react.gjf
conf file: bnme-ts-sp-cut.gjf
Using log (10) scale for visualization
COVALENT_RADII scale set to 1.0
method: 3
internal coordinates & fragmentation
1 fragments was given!
1 coordination was given
1 coordination was given
No extral bonds/angles added
No bonds/angles removed
All atomic charge are 0!
All atomic spin are 0!
number cpu set to 6
number pal set to 4
*************** 27 atoms in input structure !***************
*************** 1 structure in conformer input!***************
***************  fragmentation list  OK ***************

***************  fragmentation list  OK ***************

***************  bond & angle part  ***************
***************  Read include/exclude list  ***************
***************  update bond & angle list based on fraglist  ***************
***************  update bond & angle list based on coordination list  ***************
Bonds/angles data are saved in M3_bond_angle.dat
***************  Get internal coodinate values ***************
***************  Charge and Spin  ***************
***************  Charge and Spin  finished!  ***************

***************  Get ref fragments structure  ***************
***************  Get conf fragments structure  ***************
***************  Get ref & conf fragments structure  finished!  ***************

***************  fragmentation part ***************
***************  Charge and Spin  ***************
***************  Charge and Spin  finished!  ***************

***************  Get ref & conf fragments structure  ***************
***************  Get ref & conf fragments structure  finished!  ***************

Structures of subsystems are saved as Ref_M3.xyz and Conf_M3.xyz!
35 Gaussian  gjfs have been created!
Gaussian computations begin at: Wed May 15 15:05:39 2019

tmpdir/M3_ref_9.log exsits, skipt the computation!
tmpdir/M3_ref_10.log exsits, skipt the computation!
tmpdir/M3_ref_11.log exsits, skipt the computation!
tmpdir/M3_ref_15.log exsits, skipt the computation!
tmpdir/M3_ref_16.log exsits, skipt the computation!
tmpdir/M3_ref_17.log exsits, skipt the computation!
tmpdir/M3_ref_24.log exsits, skipt the computation!
tmpdir/M3_ref_25.log exsits, skipt the computation!
tmpdir/M3_ref_26.log exsits, skipt the computation!
tmpdir/M3_ref_0.log exsits, skipt the computation!
tmpdir/M3_ref_1.log exsits, skipt the computation!
tmpdir/M3_ref_2.log exsits, skipt the computation!
tmpdir/M3_ref_12.log exsits, skipt the computation!
tmpdir/M3_ref_13.log exsits, skipt the computation!
tmpdir/M3_ref_14.log exsits, skipt the computation!
tmpdir/M3_ref_27.log exsits, skipt the computation!
tmpdir/M3_ref_28.log exsits, skipt the computation!
tmpdir/M3_ref_29.log exsits, skipt the computation!
tmpdir/M3_ref_6.log exsits, skipt the computation!
tmpdir/M3_ref_7.log exsits, skipt the computation!
tmpdir/M3_ref_8.log exsits, skipt the computation!
tmpdir/M3_ref_21.log exsits, skipt the computation!
tmpdir/M3_ref_22.log exsits, skipt the computation!
tmpdir/M3_ref_23.log exsits, skipt the computation!
tmpdir/M3_ref_30.log exsits, skipt the computation!
tmpdir/M3_ref_31.log exsits, skipt the computation!
tmpdir/M3_ref_32.log exsits, skipt the computation!
tmpdir/M3_ref_3.log exsits, skipt the computation!
tmpdir/M3_ref_4.log exsits, skipt the computation!
tmpdir/M3_ref_5.log exsits, skipt the computation!
tmpdir/M3_ref_18.log exsits, skipt the computation!
tmpdir/M3_ref_19.log exsits, skipt the computation!
tmpdir/M3_ref_20.log exsits, skipt the computation!
tmpdir/M3_ref_33.log exsits, skipt the computation!
tmpdir/M3_ref_34.log exsits, skipt the computation!
Gaussian computations finish at: Wed May 15 15:05:39 2019

1 Gaussian  gjfs have been created!
Gaussian computations begin at: Wed May 15 15:05:39 2019

tmpdir/M3_frag_ref_0.log exsits, skipt the computation!
Gaussian computations finish at: Wed May 15 15:05:39 2019

35 Gaussian  gjfs have been created!
Gaussian computations begin at: Wed May 15 15:05:39 2019

tmpdir/M3_conf_0_6.log exsits, skipt the computation!
tmpdir/M3_conf_0_7.log exsits, skipt the computation!
tmpdir/M3_conf_0_8.log exsits, skipt the computation!
tmpdir/M3_conf_0_15.log exsits, skipt the computation!
tmpdir/M3_conf_0_16.log exsits, skipt the computation!
tmpdir/M3_conf_0_17.log exsits, skipt the computation!
tmpdir/M3_conf_0_27.log exsits, skipt the computation!
tmpdir/M3_conf_0_28.log exsits, skipt the computation!
tmpdir/M3_conf_0_29.log exsits, skipt the computation!
tmpdir/M3_conf_0_0.log exsits, skipt the computation!
tmpdir/M3_conf_0_1.log exsits, skipt the computation!
tmpdir/M3_conf_0_2.log exsits, skipt the computation!
tmpdir/M3_conf_0_9.log exsits, skipt the computation!
tmpdir/M3_conf_0_10.log exsits, skipt the computation!
tmpdir/M3_conf_0_11.log exsits, skipt the computation!
tmpdir/M3_conf_0_18.log exsits, skipt the computation!
tmpdir/M3_conf_0_19.log exsits, skipt the computation!
tmpdir/M3_conf_0_20.log exsits, skipt the computation!
tmpdir/M3_conf_0_24.log exsits, skipt the computation!
tmpdir/M3_conf_0_25.log exsits, skipt the computation!
tmpdir/M3_conf_0_26.log exsits, skipt the computation!
tmpdir/M3_conf_0_33.log exsits, skipt the computation!
tmpdir/M3_conf_0_34.log exsits, skipt the computation!
tmpdir/M3_conf_0_3.log exsits, skipt the computation!
tmpdir/M3_conf_0_4.log exsits, skipt the computation!
tmpdir/M3_conf_0_5.log exsits, skipt the computation!
tmpdir/M3_conf_0_12.log exsits, skipt the computation!
tmpdir/M3_conf_0_13.log exsits, skipt the computation!
tmpdir/M3_conf_0_14.log exsits, skipt the computation!
tmpdir/M3_conf_0_21.log exsits, skipt the computation!
tmpdir/M3_conf_0_22.log exsits, skipt the computation!
tmpdir/M3_conf_0_23.log exsits, skipt the computation!
tmpdir/M3_conf_0_30.log exsits, skipt the computation!
tmpdir/M3_conf_0_31.log exsits, skipt the computation!
tmpdir/M3_conf_0_32.log exsits, skipt the computation!
Gaussian computations finish at: Wed May 15 15:05:39 2019

1 Gaussian  gjfs have been created!
Gaussian computations begin at: Wed May 15 15:05:39 2019

tmpdir/M3_frag_conf_0_0.log exsits, skipt the computation!
Gaussian computations finish at: Wed May 15 15:05:39 2019

Resutls are saved in M3_M3.xlsx

Job ends at: Wed May 15 15:05:40 2019
Wed May 15 15:05:41 CST 2019
