


 PROGRAM MNDO2019.
 VERSION 8.0 OF 15 AUGUST 2019.

 COPYRIGHT BY WALTER THIEL,
 MAX-PLANCK-INSTITUT FUER KOHLENFORSCHUNG,
 D-45470 MUELHEIM, GERMANY.


 ***** STANDARD INPUT USING KEYWORDS *****

 IOP    =  -22     JOP    =   -1     IGEOM  =    1     IFORM  =    1     NSAV15 =    3
 ICUTS  =   -1     ICUTG  =   -1     IMMDP  =   -1     ISCF   =    9     IPLSCF =    9
 IPRINT =   -1     KPRINT =   -5     LPRINT =   -2     MPRINT =    0     JPRINT =   -1
 KHARGE =    0     IMULT  =    0     KITSCF = 9999     NPRINT =   -1


 ***********************************************************************
 * INPUT OF OPTIONS VIA KEYWORDS
 * NUMBER OF MNDO97 KEYWORDS FOUND: 19
 * MOPAC KEYWORDS NOT FOUND: IMOPAC=-1
 ***********************************************************************



 *** OPTIONS FROM THE FIRST LINE OF INPUT    ***
 *** DEFINED EITHER EXPLICITLY OR BY DEFAULT ***

 LIMIT  =    0     IOP    =  -22     JOP    =   -1     IGEOM  =    1     IFORM  =    1
 NEXMOL =    1     MPLIB  =    0     IEF    =    0     IDIIS  =    0     INREFD =    0
 IPAROK =    0     MMINP  =    0     NMR    =    0     NSAV7  =    0     NSAV8  =    0
 NSAV9  =    0     NSAV13 =    0     NSAV15 =    3     NSAV16 =    0     IMMOK  =    0
 IHBOND =    0     IFLD1  =    0     IFLD2  =    0     IFLD3  =    0     ICUTS  =   -1
 ICUTG  =   -1     IEXBAS =    0     ICOSMO =    0     IPSANA =    0     IMMDP  =   -1
 INAC   =    0



 ODM2   

 STANDARD CALCULATION FOR INPUT GEOMETRY

 INPUT IN CARTESIAN COORDINATES

 INPUT OF MOLECULAR DATA IN FREE FORMAT



                                                                                     
                                                                                     



     EIGENVALUES (EV).


             1           2           3           4           5
    0   -23.24987   -13.65884   -13.55235   -13.35453     3.89611
    5     5.43796     5.68725     5.73576



     TOTAL ENERGY             -4307.92412 KCAL/MOL
     SCF BINDING ENERGY         -18.17347 EV
     SCF TOTAL ENERGY          -186.80561 EV
     ELECTRONIC ENERGY         -378.16871 EV
     NUCLEAR ENERGY             191.36310 EV
     IONIZATION ENERGY           13.35453 EV
     SCF CYCLES                  18



     NET ATOMIC CHARGES AND ORBITAL POPULATIONS.

     ATOM    I        CHARGE      DENSITY        S          PX          PY          PZ

      H      1        0.17902     0.82098     0.82098
      C      2       -0.67535     4.67535     1.44205     1.08219     1.07371     1.07740
      H      3        0.17581     0.82419     0.82419
      H      4        0.14714     0.85286     0.85286
      H      5        0.17338     0.82662     0.82662



     DIPOLE              X           Y           Z         TOTAL

     POINT-CHARGE    -0.04330     0.13591     0.05397     0.15251
     HYBRID           0.01582    -0.01505    -0.01604     0.02710
     SUM             -0.02748     0.12086     0.03793     0.12962



     TIME FOR ENERGY EVALUATION       0.000 SECONDS



 COMPUTATION TIME                 0.003 SECONDS


