This job is running on host node54
Current directory: /tmp/60578.mgr/run
Wed Oct 25 19:25:20 CST 2023
/tmp/60578.mgr
Job starts at: Wed Oct 25 19:25:43 2023
ref file: N-IN3-t_g.gjf
conf file: N-IN3-C_g.gjf
Using log (10) scale for visualization
method: 1
fragmentation
10 fragments was given!
1 atomic charge are defined!
All atomic spin are 0!
number cpu set to 6
number pal set to 4
*************** 65 atoms in input structure !***************
*************** 1 structure in conformer input!***************
***************  fragmentation list  OK ***************

***************  Charge and Spin  ***************
***************  Charge and Spin  finished!  ***************

***************  Get ref & conf fragments structure  ***************
***************  Get ref & conf fragments structure  finished!  ***************

Structures of subsystems are saved as Ref_M1.xyz and Conf_M1.xyz!
/share/home/yanz/miniconda3/envs/Strain_VIZ/lib/python3.9/site-packages/torchani/resources/
ani-2x computations of begin at: Wed Oct 25 19:25:56 2023
ani-2x computations of finish at: Wed Oct 25 19:25:56 2023

***************conf ***************
/share/home/yanz/miniconda3/envs/Strain_VIZ/lib/python3.9/site-packages/torchani/resources/
ani-2x computations of begin at: Wed Oct 25 19:26:05 2023
ani-2x computations of finish at: Wed Oct 25 19:26:05 2023

Resutls are saved in NIN3-M1_M1.xlsx

pymol has been created.
Job ends at: Wed Oct 25 19:26:06 2023
Wed Oct 25 19:26:07 CST 2023
