This job is running on host node108
Current directory: /tmp/97185.mgr/run
Sat Sep 14 18:46:20 CST 2024
/tmp/97185.mgr
Job starts at: Sat Sep 14 18:46:39 2024
ref file: 24Cl_pyridine.gjf
conf file: ts-24Cl_pyridine_new.gjf
Using log (10) scale for visualization
Dihedral threshold set to 30
COVALENT_RADII scale set to 1.0
method: 3
internal coordinates & fragmentation
3 fragments was given!
1 coordination was given
1 coordination was given
No extral bonds/angles added
No bonds/angles removed
All atomic charge are 0!
All atomic spin are 0!
number cpu set to 8
number pal set to 2
*************** 20 atoms in input structure !***************
*************** 1 structure in conformer input!***************
***************  fragmentation list  OK ***************

***************  fragmentation list  OK ***************

***************  bond & angle part  ***************
***************  Read include/exclude list  ***************
***************  update bond & angle list based on fraglist  ***************
***************  update bond & angle list based on coordination list  ***************
Bonds/angles data are saved in 24Cl_pyridine_bond_angle.dat
***************  Get internal coodinate values ***************
***************  Charge and Spin  ***************
***************  Charge and Spin  finished!  ***************

***************  Get ref fragments structure  ***************
***************  Get conf fragments structure  ***************
***************  Get ref & conf fragments structure  finished!  ***************

***************  fragmentation part ***************
***************  Charge and Spin  ***************
***************  Charge and Spin  finished!  ***************

***************  Get ref & conf fragments structure  ***************
***************  Get ref & conf fragments structure  finished!  ***************

Structures of subsystems are saved as Ref_M3.xyz and Conf_M3.xyz!
24 Gaussian  gjfs have been created!
Gaussian computations begin at: Sat Sep 14 18:46:39 2024

Gaussian computations finish at: Sat Sep 14 18:47:20 2024

3 Gaussian  gjfs have been created!
Gaussian computations begin at: Sat Sep 14 18:47:20 2024

Gaussian computations finish at: Sat Sep 14 18:47:22 2024

24 Gaussian  gjfs have been created!
Gaussian computations begin at: Sat Sep 14 18:47:22 2024

Gaussian computations finish at: Sat Sep 14 18:48:03 2024

3 Gaussian  gjfs have been created!
Gaussian computations begin at: Sat Sep 14 18:48:03 2024

Gaussian computations finish at: Sat Sep 14 18:48:06 2024

Resutls are saved in 24Cl_pyridine_M3.xlsx

Job ends at: Sat Sep 14 18:48:07 2024
Sat Sep 14 18:48:08 CST 2024
