This job is running on host node108
Current directory: /tmp/97186.mgr/run
Sat Sep 14 18:50:10 CST 2024
/tmp/97186.mgr
Job starts at: Sat Sep 14 18:50:17 2024
ref file: 24Cl_pyridine.gjf
conf file: ts-24Cl_pyridine_new.gjf
Using log (10) scale for visualization
Dihedral threshold set to 30
COVALENT_RADII scale set to 1.0
method: 1
fragmentation
3 fragments was given!
All atomic charge are 0!
All atomic spin are 0!
number cpu set to 8
number pal set to 2
*************** 20 atoms in input structure !***************
*************** 1 structure in conformer input!***************
***************  fragmentation list  OK ***************

***************  Charge and Spin  ***************
***************  Charge and Spin  finished!  ***************

***************  Get ref & conf fragments structure  ***************
***************  Get ref & conf fragments structure  finished!  ***************

Structures of subsystems are saved as Ref_M1.xyz and Conf_M1.xyz!
3 Gaussian  gjfs have been created!
Gaussian computations begin at: Sat Sep 14 18:50:17 2024

Gaussian computations finish at: Sat Sep 14 18:50:19 2024

***************conf ***************
3 Gaussian  gjfs have been created!
Gaussian computations begin at: Sat Sep 14 18:50:19 2024

Gaussian computations finish at: Sat Sep 14 18:50:22 2024

Resutls are saved in 24Cl-M1_M1.xlsx

Job ends at: Sat Sep 14 18:50:23 2024
Sat Sep 14 18:50:23 CST 2024
