This job is running on host node66
Current directory: /tmp/55569.mgr/run
Fri Sep 22 16:30:17 CST 2023
/tmp/55569.mgr
Job starts at: Fri Sep 22 16:30:29 2023
ref file: PDB_4HZZ_ref.gjf
conf file: QR_4HZZ.xyz
method: 1
fragmentation
16 fragments was given!
2 atomic charge are defined!
All atomic spin are 0!
number cpu set to 4
number pal set to 6
*************** 44 atoms in input structure !***************
*************** 3 structure in conformer input!***************
***************  fragmentation list  OK ***************

***************  Charge and Spin  ***************
***************  Charge and Spin  finished!  ***************

***************  Get ref & conf fragments structure  ***************
***************  Get ref & conf fragments structure  finished!  ***************

Structures of subsystems are saved as Ref_M1.xyz and Conf_M1.xyz!
xTB computations begin at: Fri Sep 22 16:30:29 2023
xTB computations finish at: Fri Sep 22 16:30:35 2023

***************conf 0***************
xTB computations begin at: Fri Sep 22 16:30:35 2023
xTB computations finish at: Fri Sep 22 16:30:42 2023

***************conf 1***************
xTB computations begin at: Fri Sep 22 16:30:42 2023
xTB computations finish at: Fri Sep 22 16:30:48 2023

***************conf 2***************
xTB computations begin at: Fri Sep 22 16:30:48 2023
xTB computations finish at: Fri Sep 22 16:30:54 2023

Resutls (3 sheets) are saved in 4HZZ_M1_M1__all.xlsx

pymol has been created.
Job ends at: Fri Sep 22 16:30:55 2023
Fri Sep 22 16:30:56 CST 2023
