This job is running on host node108
Current directory: /tmp/97769.mgr/run
Sat Sep 21 23:03:31 CST 2024
/tmp/97769.mgr
Job starts at: Sat Sep 21 23:03:41 2024
ref file: 4F-reactant.gjf
conf file: TS-4F.gjf
Using log (10) scale for visualization
Dihedral threshold set to 30
COVALENT_RADII scale set to 1.0
method: 1
fragmentation
6 fragments was given!
All atomic charge are 0!
All atomic spin are 0!
number cpu set to 4
number pal set to 6
*************** 16 atoms in input structure !***************
*************** 1 structure in conformer input!***************
***************  fragmentation list  OK ***************

***************  Charge and Spin  ***************
***************  Charge and Spin  finished!  ***************

***************  Get ref & conf fragments structure  ***************
***************  Get ref & conf fragments structure  finished!  ***************

Structures of subsystems are saved as Ref_M1.xyz and Conf_M1.xyz!
tmpdir has been created.
6 Gaussian  gjfs have been created!
Gaussian computations begin at: Sat Sep 21 23:03:41 2024

Gauusian job(tmpdir/M1_ref_5.gjf) starts at: Sat Sep 21 23:03:41 2024
Gauusian job(tmpdir/M1_ref_5.gjf) ends at: Sat Sep 21 23:03:43 2024
Gauusian job(tmpdir/M1_ref_1.gjf) starts at: Sat Sep 21 23:03:41 2024
Gauusian job(tmpdir/M1_ref_1.gjf) ends at: Sat Sep 21 23:03:42 2024
Gauusian job(tmpdir/M1_ref_4.gjf) starts at: Sat Sep 21 23:03:41 2024
Gauusian job(tmpdir/M1_ref_4.gjf) ends at: Sat Sep 21 23:03:43 2024
Gauusian job(tmpdir/M1_ref_0.gjf) starts at: Sat Sep 21 23:03:41 2024
Gauusian job(tmpdir/M1_ref_0.gjf) ends at: Sat Sep 21 23:03:43 2024
Gauusian job(tmpdir/M1_ref_3.gjf) starts at: Sat Sep 21 23:03:41 2024
Gauusian job(tmpdir/M1_ref_3.gjf) ends at: Sat Sep 21 23:03:43 2024
Gauusian job(tmpdir/M1_ref_2.gjf) starts at: Sat Sep 21 23:03:41 2024
Gauusian job(tmpdir/M1_ref_2.gjf) ends at: Sat Sep 21 23:03:43 2024
Gaussian computations finish at: Sat Sep 21 23:03:43 2024

***************conf ***************
6 Gaussian  gjfs have been created!
Gaussian computations begin at: Sat Sep 21 23:03:43 2024

Gauusian job(tmpdir/M1_conf_0_1.gjf) starts at: Sat Sep 21 23:03:43 2024
Gauusian job(tmpdir/M1_conf_0_1.gjf) ends at: Sat Sep 21 23:03:44 2024
Gauusian job(tmpdir/M1_conf_0_2.gjf) starts at: Sat Sep 21 23:03:43 2024
Gauusian job(tmpdir/M1_conf_0_2.gjf) ends at: Sat Sep 21 23:03:44 2024
Gauusian job(tmpdir/M1_conf_0_3.gjf) starts at: Sat Sep 21 23:03:43 2024
Gauusian job(tmpdir/M1_conf_0_3.gjf) ends at: Sat Sep 21 23:03:44 2024
Gauusian job(tmpdir/M1_conf_0_0.gjf) starts at: Sat Sep 21 23:03:43 2024
Gauusian job(tmpdir/M1_conf_0_0.gjf) ends at: Sat Sep 21 23:03:44 2024
Gauusian job(tmpdir/M1_conf_0_5.gjf) starts at: Sat Sep 21 23:03:43 2024
Gauusian job(tmpdir/M1_conf_0_5.gjf) ends at: Sat Sep 21 23:03:44 2024
Gauusian job(tmpdir/M1_conf_0_4.gjf) starts at: Sat Sep 21 23:03:43 2024
Gauusian job(tmpdir/M1_conf_0_4.gjf) ends at: Sat Sep 21 23:03:44 2024
Gaussian computations finish at: Sat Sep 21 23:03:44 2024

Resutls are saved in 4F_M1_M1.xlsx

pymol has been created.
Job ends at: Sat Sep 21 23:03:45 2024
Sat Sep 21 23:03:45 CST 2024
