This job is running on host node108
Current directory: /tmp/97735.mgr/run
Fri Sep 20 19:04:52 CST 2024
/tmp/97735.mgr
Job starts at: Fri Sep 20 19:05:56 2024
ref file: Ir-indole-reactant_new.gjf
conf file: Ts-indole.gjf
Using log (10) scale for visualization
Dihedral threshold set to 30
COVALENT_RADII scale set to 1.0
method: 1
fragmentation
17 fragments was given!
All atomic charge are 0!
All atomic spin are 0!
number cpu set to 8
number pal set to 2
*************** 64 atoms in input structure !***************
*************** 1 structure in conformer input!***************
***************Warning !!!  fraglist has repeat element!!! ***************
***************  fragmentation list  OK ***************

***************  Charge and Spin  ***************
***************  Charge and Spin  finished!  ***************

***************  Get ref & conf fragments structure  ***************
***************  Get ref & conf fragments structure  finished!  ***************

Structures of subsystems are saved as Ref_M1.xyz and Conf_M1.xyz!
xTB computations begin at: Fri Sep 20 19:05:56 2024
xTB computations finish at: Fri Sep 20 19:05:58 2024

***************conf ***************
xTB computations begin at: Fri Sep 20 19:05:58 2024
xTB computations finish at: Fri Sep 20 19:05:59 2024

Resutls are saved in Ir_M1_M1.xlsx

pymol has been created.
Job ends at: Fri Sep 20 19:06:01 2024
Fri Sep 20 19:06:02 CST 2024
