This job is running on host node60
Current directory: /tmp/55615.mgr/run
Fri Sep 22 16:59:28 CST 2023
/tmp/55615.mgr
Job starts at: Fri Sep 22 16:59:37 2023
ref file: N5-react.gjf
conf file: N5-connect.gjf
method: 2
internal coordinates
No extral bonds/angles added
No bonds/angles removed
All atomic charge are 0!
All atomic spin are 0!
number cpu set to 4
number pal set to 6
*************** 23 atoms in input structure !***************
*************** 1 structure in conformer input!***************
***************  Read include/exclude list  ***************
Bonds/angles data are saved in N5_M2_bond_angle.dat
***************  Get internal coodinate values  ***************
***************  Charge and Spin  ***************
***************  Charge and Spin  finished!  ***************

***************  Get ref fragments structure  ***************
Warning: please check the following frag, where =C-C= structure exist!
[0, 36]
***************  Get conf fragments structure  ***************
***************  Get ref & conf fragments structure  finished!  ***************

Structures of subsystems are saved as Ref_M2.xyz and Conf_M2.xyz!
xTB computations begin at: Fri Sep 22 16:59:37 2023
xTB computations finish at: Fri Sep 22 16:59:47 2023

xTB computations begin at: Fri Sep 22 16:59:47 2023
xTB computations finish at: Fri Sep 22 16:59:57 2023

Resutls are saved in N5_M2_M2.xlsx

pymol has been created.
Job ends at: Fri Sep 22 16:59:58 2023
Fri Sep 22 16:59:58 CST 2023
