This job is running on host node56
Current directory: /tmp/55648.mgr/run
Fri Sep 22 17:03:22 CST 2023
/tmp/55648.mgr
Job starts at: Fri Sep 22 17:03:27 2023
ref file: Sulf_II_react.gjf
conf file: Sulf_TSII.gjf
method: 3
internal coordinates & fragmentation
3 fragments was given!
No extral bonds/angles added
No bonds/angles removed
No coordination list
All atomic charge are 0!
1 atomic spin are defined!
number cpu set to 4
number pal set to 6
*************** 52 atoms in input structure !***************
*************** 1 structure in conformer input!***************
***************  bond & angle part  ***************
***************  Read include/exclude list  ***************
***************  update bond & angle list based on fraglist  ***************
Bonds/angles data are saved in Sulf_II_M3_bond_angle.dat
***************  Get internal coodinate values ***************
***************  Charge and Spin  ***************
***************  Charge and Spin  finished!  ***************

***************  Get ref fragments structure  ***************
***************  Get conf fragments structure  ***************
***************  Get ref & conf fragments structure  finished!  ***************

***************  fragmentation part ***************
***************  Charge and Spin  ***************
***************  Charge and Spin  finished!  ***************

***************  Get ref & conf fragments structure  ***************
***************  Get ref & conf fragments structure  finished!  ***************

Structures of subsystems are saved as Ref_M3.xyz and Conf_M3.xyz!
tmpdir has been created.
58 Gaussian  gjfs have been created!
Gaussian computations begin at: Fri Sep 22 17:03:28 2023

Gaussian computations finish at: Fri Sep 22 17:07:44 2023

3 Gaussian  gjfs have been created!
Gaussian computations begin at: Fri Sep 22 17:07:44 2023

Gaussian computations finish at: Fri Sep 22 17:08:05 2023

58 Gaussian  gjfs have been created!
Gaussian computations begin at: Fri Sep 22 17:08:05 2023

Gaussian computations finish at: Fri Sep 22 17:12:27 2023

3 Gaussian  gjfs have been created!
Gaussian computations begin at: Fri Sep 22 17:12:27 2023

Gaussian computations finish at: Fri Sep 22 17:12:50 2023

Resutls are saved in Sulf_II_M3_M3.xlsx

pymol has been created.
Job ends at: Fri Sep 22 17:12:51 2023
Fri Sep 22 17:12:51 CST 2023
