This job is running on host node62
Current directory: /tmp/55647.mgr/run
Fri Sep 22 17:06:39 CST 2023
/tmp/55647.mgr
Job starts at: Fri Sep 22 17:06:45 2023
ref file: Sulf_II_react.gjf
conf file: Sulf_TSII.gjf
method: 2
internal coordinates
No extral bonds/angles added
No bonds/angles removed
All atomic charge are 0!
1 atomic spin are defined!
number cpu set to 2
number pal set to 12
*************** 52 atoms in input structure !***************
*************** 1 structure in conformer input!***************
***************  Read include/exclude list  ***************
Bonds/angles data are saved in Sulf_II_M2_bond_angle.dat
***************  Get internal coodinate values  ***************
***************  Charge and Spin  ***************
***************  Charge and Spin  finished!  ***************

***************  Get ref fragments structure  ***************
Warning: please check the following frag, where =C-C= structure exist!
[7, 12, 27, 55, 65, 70, 116, 120, 135]
***************  Get conf fragments structure  ***************
***************  Get ref & conf fragments structure  finished!  ***************

Structures of subsystems are saved as Ref_M2.xyz and Conf_M2.xyz!
tmpdir has been created.
144 Gaussian  gjfs have been created!
Gaussian computations begin at: Fri Sep 22 17:06:45 2023

