This job is running on host node85
Current directory: /tmp/55604.mgr/run
Fri Sep 22 16:47:14 CST 2023
/tmp/55604.mgr
Job starts at: Fri Sep 22 16:47:21 2023
ref file: 4j.gjf
conf file: TSj.gjf
method: 2
internal coordinates
No extral bonds/angles added
No bonds/angles removed
All atomic charge are 0!
All atomic spin are 0!
number cpu set to 6
number pal set to 4
*************** 19 atoms in input structure !***************
*************** 1 structure in conformer input!***************
***************  Read include/exclude list  ***************
Bonds/angles data are saved in TSj_M2_bond_angle.dat
***************  Get internal coodinate values  ***************
***************  Charge and Spin  ***************
***************  Charge and Spin  finished!  ***************

***************  Get ref fragments structure  ***************
***************  Get conf fragments structure  ***************
***************  Get ref & conf fragments structure  finished!  ***************

Structures of subsystems are saved as Ref_M2.xyz and Conf_M2.xyz!
tmpdir has been created.
43 Gaussian  gjfs have been created!
Gaussian computations begin at: Fri Sep 22 16:47:21 2023

Gaussian computations finish at: Fri Sep 22 16:48:51 2023

43 Gaussian  gjfs have been created!
Gaussian computations begin at: Fri Sep 22 16:48:51 2023

Gaussian computations finish at: Fri Sep 22 16:50:24 2023

Resutls are saved in TSj_M2_M2.xlsx

pymol has been created.
Job ends at: Fri Sep 22 16:50:24 2023
Fri Sep 22 16:50:25 CST 2023
