This job is running on host node97
Current directory: /tmp/55443.mgr/run
Wed Jun  5 15:25:54 CST 2019
/tmp/55443.mgr
Job starts at: Wed Jun  5 15:26:03 2019
ref file: 4F-reactant.gjf
conf file: TS-4F.gjf
method: 2
internal coordinates
No extral bonds/angles added
No bonds/angles removed
All atomic charge are 0!
All atomic spin are 0!
number cpu set to 2
number pal set to 12
*************** 16 atoms in input structure !***************
*************** 1 structure in conformer input!***************
***************  Read include/exclude list  ***************
Bonds/angles data are saved in 4F_M2_bond_angle.dat
***************  Get internal coodinate values  ***************
***************  Charge and Spin  ***************
***************  Charge and Spin  finished!  ***************

***************  Get ref fragments structure  ***************
***************  Get conf fragments structure  ***************
***************  Get ref & conf fragments structure  finished!  ***************

Structures of subsystems are saved as Ref_M2.xyz and Conf_M2.xyz!
aiqm1 computations of begin at: Wed Jun  5 15:26:03 2019
aiqm1 computations of finish at: Wed Jun  5 15:26:26 2019

aiqm1 computations of begin at: Wed Jun  5 15:26:26 2019
aiqm1 computations of finish at: Wed Jun  5 15:26:45 2019

Resutls are saved in 4F_M2_M2.xlsx

pymol has been created.
Job ends at: Wed Jun  5 15:26:45 2019
Wed Jun  5 15:26:46 CST 2019
