


 PROGRAM MNDO2019.
 VERSION 8.0 OF 15 AUGUST 2019.

 COPYRIGHT BY WALTER THIEL,
 MAX-PLANCK-INSTITUT FUER KOHLENFORSCHUNG,
 D-45470 MUELHEIM, GERMANY.


 ***** STANDARD INPUT USING KEYWORDS *****

 IOP    =  -22     JOP    =   -1     IGEOM  =    1     IFORM  =    1     NSAV15 =    3
 ICUTS  =   -1     ICUTG  =   -1     IMMDP  =   -1     ISCF   =    9     IPLSCF =    9
 IPRINT =   -1     KPRINT =   -5     LPRINT =   -2     MPRINT =    0     JPRINT =   -1
 KHARGE =    0     IMULT  =    0     KITSCF = 9999     NPRINT =   -1


 ***********************************************************************
 * INPUT OF OPTIONS VIA KEYWORDS
 * NUMBER OF MNDO97 KEYWORDS FOUND: 19
 * MOPAC KEYWORDS NOT FOUND: IMOPAC=-1
 ***********************************************************************



 *** OPTIONS FROM THE FIRST LINE OF INPUT    ***
 *** DEFINED EITHER EXPLICITLY OR BY DEFAULT ***

 LIMIT  =    0     IOP    =  -22     JOP    =   -1     IGEOM  =    1     IFORM  =    1
 NEXMOL =    1     MPLIB  =    0     IEF    =    0     IDIIS  =    0     INREFD =    0
 IPAROK =    0     MMINP  =    0     NMR    =    0     NSAV7  =    0     NSAV8  =    0
 NSAV9  =    0     NSAV13 =    0     NSAV15 =    3     NSAV16 =    0     IMMOK  =    0
 IHBOND =    0     IFLD1  =    0     IFLD2  =    0     IFLD3  =    0     ICUTS  =   -1
 ICUTG  =   -1     IEXBAS =    0     ICOSMO =    0     IPSANA =    0     IMMDP  =   -1
 INAC   =    0



 ODM2   

 STANDARD CALCULATION FOR INPUT GEOMETRY

 INPUT IN CARTESIAN COORDINATES

 INPUT OF MOLECULAR DATA IN FREE FORMAT



                                                                                     
                                                                                     



     EIGENVALUES (EV).


             1           2           3           4           5
    0   -23.28933   -13.63085   -13.58064   -13.50125     4.02503
    5     5.67059     5.68324     5.71924



     TOTAL ENERGY             -4309.74566 KCAL/MOL
     SCF BINDING ENERGY         -18.25246 EV
     SCF TOTAL ENERGY          -186.88460 EV
     ELECTRONIC ENERGY         -379.47618 EV
     NUCLEAR ENERGY             192.59159 EV
     IONIZATION ENERGY           13.50125 EV
     SCF CYCLES                  18



     NET ATOMIC CHARGES AND ORBITAL POPULATIONS.

     ATOM    I        CHARGE      DENSITY        S          PX          PY          PZ

      H      1        0.17562     0.82438     0.82438
      C      2       -0.70245     4.70245     1.44336     1.08909     1.08195     1.08804
      H      3        0.17584     0.82416     0.82416
      H      4        0.17303     0.82697     0.82697
      H      5        0.17795     0.82205     0.82205



     DIPOLE              X           Y           Z         TOTAL

     POINT-CHARGE    -0.03390    -0.02116     0.04926     0.06343
     HYBRID          -0.00247     0.00379     0.00324     0.00556
     SUM             -0.03638    -0.01737     0.05249     0.06618



     TIME FOR ENERGY EVALUATION       0.000 SECONDS



 COMPUTATION TIME                 0.003 SECONDS


