This job is running on host node99
Current directory: /tmp/90801.mgr/run
Fri May 24 09:29:51 CST 2024
/tmp/90801.mgr
Job starts at: Fri May 24 09:30:00 2024
ref file: 4F-reactant.gjf
conf file: TS-4F.gjf
Using log (10) scale for visualization
COVALENT_RADII scale set to 1.0
method: 1
fragmentation
6 fragments was given!
All atomic charge are 0!
All atomic spin are 0!
number cpu set to 8
number pal set to 3
*************** 16 atoms in input structure !***************
*************** 1 structure in conformer input!***************
***************  fragmentation list  OK ***************

***************  Charge and Spin  ***************
***************  Charge and Spin  finished!  ***************

***************  Get ref & conf fragments structure  ***************
***************  Get ref & conf fragments structure  finished!  ***************

Structures of subsystems are saved as Ref_M1.xyz and Conf_M1.xyz!
orca computations of begin at: Fri May 24 09:30:00 2024
tmpdir has been created.
Orca computations finish at: Fri May 24 09:30:46 2024

***************conf ***************
orca computations of begin at: Fri May 24 09:30:46 2024
Orca computations finish at: Fri May 24 09:31:34 2024

Resutls are saved in 4F_M1_M1.xlsx

pymol has been created.
Job ends at: Fri May 24 09:31:35 2024
Fri May 24 09:31:35 CST 2024
