This job is running on host node99
Current directory: /tmp/90805.mgr/run
Fri May 24 09:44:22 CST 2024
/tmp/90805.mgr
Job starts at: Fri May 24 09:44:31 2024
ref file: 4F-reactant.gjf
conf file: TS-4F.gjf
Using log (10) scale for visualization
COVALENT_RADII scale set to 1.0
method: 2
internal coordinates
No extral bonds/angles added
No bonds/angles removed
All atomic charge are 0!
All atomic spin are 0!
number cpu set to 6
number pal set to 4
*************** 16 atoms in input structure !***************
*************** 1 structure in conformer input!***************
***************  Read include/exclude list  ***************
Bonds/angles data are saved in 4F_M2_bond_angle.dat
***************  Get internal coodinate values  ***************
***************  Charge and Spin  ***************
***************  Charge and Spin  finished!  ***************

***************  Get ref fragments structure  ***************
***************  Get conf fragments structure  ***************
***************  Get ref & conf fragments structure  finished!  ***************

Structures of subsystems are saved as Ref_M2.xyz and Conf_M2.xyz!
orca computations of begin at: Fri May 24 09:44:31 2024
tmpdir has been created.
Orca computations finish at: Fri May 24 09:50:05 2024

orca computations of begin at: Fri May 24 09:50:05 2024
Orca computations finish at: Fri May 24 09:55:42 2024

Resutls are saved in 4F_M2_M2.xlsx

Job ends at: Fri May 24 09:55:42 2024
Fri May 24 09:55:43 CST 2024
