This job is running on host node31
Current directory: /tmp/58287.mgr/run
Thu Oct 12 15:22:27 CST 2023
/tmp/58287.mgr
Job starts at: Thu Oct 12 15:23:15 2023
ref file: Rc.gjf
conf file: TS1c.gjf
Using log (10) scale for visualization
method: 3
internal coordinates & fragmentation
1 fragments was given!
No extral bonds/angles added
No bonds/angles removed
No coordination list
All atomic charge are 0!
2 atomic spin are defined!
number cpu set to 4
number pal set to 4
*************** 22 atoms in input structure !***************
*************** 1 structure in conformer input!***************
***************  bond & angle part  ***************
***************  Read include/exclude list  ***************
***************  update bond & angle list based on fraglist  ***************
Bonds/angles data are saved in TS1c_M3_bond_angle.dat
***************  Get internal coodinate values ***************
***************  Charge and Spin  ***************
***************  Charge and Spin  finished!  ***************

***************  Get ref fragments structure  ***************
***************  Get conf fragments structure  ***************
***************  Get ref & conf fragments structure  finished!  ***************

***************  fragmentation part ***************
***************  Charge and Spin  ***************
***************  Charge and Spin  finished!  ***************

***************  Get ref & conf fragments structure  ***************
***************  Get ref & conf fragments structure  finished!  ***************

Structures of subsystems are saved as Ref_M3.xyz and Conf_M3.xyz!
tmpdir has been created.
38 Gaussian  gjfs have been created!
Gaussian computations begin at: Thu Oct 12 15:23:15 2023

Gaussian computations finish at: Thu Oct 12 15:27:00 2023

1 Gaussian  gjfs have been created!
Gaussian computations begin at: Thu Oct 12 15:27:00 2023

Gaussian computations finish at: Thu Oct 12 15:27:22 2023

38 Gaussian  gjfs have been created!
Gaussian computations begin at: Thu Oct 12 15:27:22 2023

Gaussian computations finish at: Thu Oct 12 15:31:03 2023

1 Gaussian  gjfs have been created!
Gaussian computations begin at: Thu Oct 12 15:31:03 2023

Gaussian computations finish at: Thu Oct 12 15:31:24 2023

Resutls are saved in TS1c_M3_M3.xlsx

pymol has been created.
Job ends at: Thu Oct 12 15:31:25 2023
Thu Oct 12 15:31:26 CST 2023
