This job is running on host node81
Current directory: /tmp/55538.mgr/run
Fri Sep 22 23:23:20 CST 2023
/tmp/55538.mgr
Job starts at: Fri Sep 22 23:23:32 2023
ref file: S-Se-react.gjf
conf file: S-Se-TS.gjf
method: 3
internal coordinates & fragmentation
4 fragments was given!
No extral bonds/angles added
No bonds/angles removed
No coordination list
1 atomic charge are defined!
All atomic spin are 0!
number cpu set to 4
number pal set to 6
*************** 96 atoms in input structure !***************
*************** 1 structure in conformer input!***************
***************  bond & angle part  ***************
***************  Read include/exclude list  ***************
***************  update bond & angle list based on fraglist  ***************
Bonds/angles data are saved in S-Se-M3_bond_angle.dat
***************  Get internal coodinate values ***************
***************  Charge and Spin  ***************
***************  Charge and Spin  finished!  ***************

***************  Get ref fragments structure  ***************
***************  Get conf fragments structure  ***************
***************  Get ref & conf fragments structure  finished!  ***************

***************  fragmentation part ***************
***************  Charge and Spin  ***************
***************  Charge and Spin  finished!  ***************

***************  Get ref & conf fragments structure  ***************
***************  Get ref & conf fragments structure  finished!  ***************

Structures of subsystems are saved as Ref_M3.xyz and Conf_M3.xyz!
xTB computations begin at: Fri Sep 22 23:23:32 2023
xTB computations finish at: Fri Sep 22 23:24:26 2023

xTB computations begin at: Fri Sep 22 23:24:26 2023
xTB computations finish at: Fri Sep 22 23:24:29 2023

xTB computations begin at: Fri Sep 22 23:24:29 2023
xTB computations finish at: Fri Sep 22 23:25:22 2023

xTB computations begin at: Fri Sep 22 23:25:22 2023
xTB computations finish at: Fri Sep 22 23:25:25 2023

Resutls are saved in S-Se-M3_M3.xlsx

pymol has been created.
Job ends at: Fri Sep 22 23:25:25 2023
Fri Sep 22 23:25:26 CST 2023
