This job is running on host node99
Current directory: /tmp/55556.mgr/run
Fri Sep 22 16:27:06 CST 2023
/tmp/55556.mgr
Job starts at: Fri Sep 22 16:27:17 2023
ref file: 1a-HCl-2e-MajorPre_cpcm.gjf
conf file: 1a-HCl-2e-MajorTS_cpcm.gjf
method: 2
internal coordinates
4 bonds/angles added
No bonds/angles removed
2 atomic charge are defined!
All atomic spin are 0!
number cpu set to 2
number pal set to 12
*************** 138 atoms in input structure !***************
*************** 1 structure in conformer input!***************
***************  Read include/exclude list  ***************
Bonds/angles data are saved in HCl2e_M2_bond_angle.dat
***************  Get internal coodinate values  ***************
***************  Charge and Spin  ***************
***************  Charge and Spin  finished!  ***************

***************  Get ref fragments structure  ***************
Warning: please check the following frag, where =C-C= structure exist!
[1, 2, 6, 16, 201, 211, 216, 217, 226, 237, 246, 247, 290, 294, 304, 309, 319, 323, 383]
***************  Get conf fragments structure  ***************
***************  Get ref & conf fragments structure  finished!  ***************

Structures of subsystems are saved as Ref_M2.xyz and Conf_M2.xyz!
tmpdir has been created.
400 Gaussian  gjfs have been created!
Gaussian computations begin at: Fri Sep 22 16:27:18 2023

Gaussian computations finish at: Fri Sep 22 16:32:22 2023

400 Gaussian  gjfs have been created!
Gaussian computations begin at: Fri Sep 22 16:32:22 2023

Gaussian computations finish at: Fri Sep 22 16:37:26 2023

Resutls are saved in HCl2e_M2_M2.xlsx

pymol has been created.
Job ends at: Fri Sep 22 16:37:26 2023
Fri Sep 22 16:37:27 CST 2023
