This job is running on host node74
Current directory: /tmp/55557.mgr/run
Fri Sep 22 16:26:02 CST 2023
/tmp/55557.mgr
Job starts at: Fri Sep 22 16:26:16 2023
ref file: 1a-HCl-2e-MajorPre_cpcm.gjf
conf file: 1a-HCl-2e-MajorTS_cpcm.gjf
method: 3
internal coordinates & fragmentation
4 fragments was given!
4 bonds/angles added
No bonds/angles removed
No coordination list
2 atomic charge are defined!
All atomic spin are 0!
number cpu set to 4
number pal set to 6
*************** 138 atoms in input structure !***************
*************** 1 structure in conformer input!***************
***************  bond & angle part  ***************
***************  Read include/exclude list  ***************
***************  update bond & angle list based on fraglist  ***************
Bonds/angles data are saved in HCl2e_M3_bond_angle.dat
***************  Get internal coodinate values ***************
***************  Charge and Spin  ***************
***************  Charge and Spin  finished!  ***************

***************  Get ref fragments structure  ***************
***************  Get conf fragments structure  ***************
***************  Get ref & conf fragments structure  finished!  ***************

***************  fragmentation part ***************
***************  Charge and Spin  ***************
***************  Charge and Spin  finished!  ***************

***************  Get ref & conf fragments structure  ***************
***************  Get ref & conf fragments structure  finished!  ***************

Structures of subsystems are saved as Ref_M3.xyz and Conf_M3.xyz!
tmpdir has been created.
254 Gaussian  gjfs have been created!
Gaussian computations begin at: Fri Sep 22 16:26:16 2023

Gaussian computations finish at: Fri Sep 22 16:31:36 2023

4 Gaussian  gjfs have been created!
Gaussian computations begin at: Fri Sep 22 16:31:36 2023

Gaussian computations finish at: Fri Sep 22 16:32:19 2023

254 Gaussian  gjfs have been created!
Gaussian computations begin at: Fri Sep 22 16:32:19 2023

Gaussian computations finish at: Fri Sep 22 16:37:39 2023

4 Gaussian  gjfs have been created!
Gaussian computations begin at: Fri Sep 22 16:37:39 2023

Gaussian computations finish at: Fri Sep 22 16:38:21 2023

Resutls are saved in HCl2e_M3_M3.xlsx

pymol has been created.
Job ends at: Fri Sep 22 16:38:21 2023
Fri Sep 22 16:38:22 CST 2023
