This job is running on host node67
Current directory: /tmp/55568.mgr/run
Fri Sep 22 16:28:47 CST 2023
/tmp/55568.mgr
Job starts at: Fri Sep 22 16:28:58 2023
ref file: PDB_4HZZ_ref.gjf
conf file: QR_4HZZ.xyz
method: 2
internal coordinates
No extral bonds/angles added
No bonds/angles removed
2 atomic charge are defined!
All atomic spin are 0!
number cpu set to 2
number pal set to 12
*************** 44 atoms in input structure !***************
*************** 3 structure in conformer input!***************
***************  Read include/exclude list  ***************
Bonds/angles data are saved in 4HZZ_M2_bond_angle.dat
***************  Get internal coodinate values  ***************
***************  Charge and Spin  ***************
***************  Charge and Spin  finished!  ***************

***************  Get ref fragments structure  ***************
Warning: please check the following frag, where =C-C= structure exist!
[2]
***************  Get conf fragments structure  ***************
***************  Get ref & conf fragments structure  finished!  ***************

Structures of subsystems are saved as Ref_M2.xyz and Conf_M2.xyz!
tmpdir has been created.
126 Gaussian  gjfs have been created!
Gaussian computations begin at: Fri Sep 22 16:28:58 2023

Gaussian computations finish at: Fri Sep 22 16:30:09 2023

***************conf 0***************
126 Gaussian  gjfs have been created!
Gaussian computations begin at: Fri Sep 22 16:30:09 2023

Gaussian computations finish at: Fri Sep 22 16:31:17 2023

***************conf 1***************
126 Gaussian  gjfs have been created!
Gaussian computations begin at: Fri Sep 22 16:31:17 2023

Gaussian computations finish at: Fri Sep 22 16:32:21 2023

***************conf 2***************
126 Gaussian  gjfs have been created!
Gaussian computations begin at: Fri Sep 22 16:32:21 2023

Gaussian computations finish at: Fri Sep 22 16:33:26 2023

Resutls (3 sheets) are saved in 4HZZ_M2_M2_all.xlsx

pymol has been created.
Job ends at: Fri Sep 22 16:33:26 2023
Fri Sep 22 16:33:27 CST 2023
