This job is running on host node61
Current directory: /tmp/55668.mgr/run
Fri Sep 22 17:10:58 CST 2023
/tmp/55668.mgr
Job starts at: Fri Sep 22 17:11:08 2023
ref file: Reacts.gjf
conf file: SN2-traj102.xyz
method: 1
fragmentation
3 fragments was given!
1 atomic charge are defined!
All atomic spin are 0!
number cpu set to 2
number pal set to 12
*************** 6 atoms in input structure !***************
*************** 301 structure in conformer input!***************
***************  fragmentation list  OK ***************

***************  Charge and Spin  ***************
***************  Charge and Spin  finished!  ***************

***************  Get ref & conf fragments structure  ***************
***************  Get ref & conf fragments structure  finished!  ***************

Structures of subsystems are saved as Ref_M1.xyz and Conf_M1.xyz!
tmpdir has been created.
3 Gaussian  gjfs have been created!
Gaussian computations begin at: Fri Sep 22 17:11:08 2023

Gaussian computations finish at: Fri Sep 22 17:11:09 2023

***************conf 0***************
3 Gaussian  gjfs have been created!
Gaussian computations begin at: Fri Sep 22 17:11:09 2023

Gaussian computations finish at: Fri Sep 22 17:11:10 2023

***************conf 1***************
3 Gaussian  gjfs have been created!
Gaussian computations begin at: Fri Sep 22 17:11:10 2023

Gaussian computations finish at: Fri Sep 22 17:11:11 2023

***************conf 2***************
3 Gaussian  gjfs have been created!
Gaussian computations begin at: Fri Sep 22 17:11:11 2023

Gaussian computations finish at: Fri Sep 22 17:11:13 2023

***************conf 3***************
3 Gaussian  gjfs have been created!
Gaussian computations begin at: Fri Sep 22 17:11:13 2023

