This job is running on host node56
Current directory: /tmp/55673.mgr/run
Fri Sep 22 17:17:00 CST 2023
/tmp/55673.mgr
Job starts at: Fri Sep 22 17:17:10 2023
ref file: Reacts.gjf
conf file: SN2-traj102.xyz
method: 2
internal coordinates
No extral bonds/angles added
No bonds/angles removed
1 atomic charge are defined!
All atomic spin are 0!
number cpu set to 2
number pal set to 12
*************** 6 atoms in input structure !***************
*************** 301 structure in conformer input!***************
***************  Read include/exclude list  ***************
Bonds/angles data are saved in SN2_dym_M2_bond_angle.dat
***************  Get internal coodinate values  ***************
***************  Charge and Spin  ***************
***************  Charge and Spin  finished!  ***************

***************  Get ref fragments structure  ***************
***************  Get conf fragments structure  ***************
***************  Get ref & conf fragments structure  finished!  ***************

Structures of subsystems are saved as Ref_M2.xyz and Conf_M2.xyz!
/share/home/yanz/miniconda3/envs/Strain_VIZ/lib/python3.9/site-packages/torchani/resources/
ani-2x computations of begin at: Fri Sep 22 17:17:18 2023
ani-2x computations of finish at: Fri Sep 22 17:17:18 2023

***************conf 0***************
/share/home/yanz/miniconda3/envs/Strain_VIZ/lib/python3.9/site-packages/torchani/resources/
ani-2x computations of begin at: Fri Sep 22 17:17:25 2023
ani-2x computations of finish at: Fri Sep 22 17:17:26 2023

***************conf 1***************
/share/home/yanz/miniconda3/envs/Strain_VIZ/lib/python3.9/site-packages/torchani/resources/
ani-2x computations of begin at: Fri Sep 22 17:17:33 2023
ani-2x computations of finish at: Fri Sep 22 17:17:34 2023

***************conf 2***************
/share/home/yanz/miniconda3/envs/Strain_VIZ/lib/python3.9/site-packages/torchani/resources/
ani-2x computations of begin at: Fri Sep 22 17:17:41 2023
ani-2x computations of finish at: Fri Sep 22 17:17:42 2023

***************conf 3***************
/share/home/yanz/miniconda3/envs/Strain_VIZ/lib/python3.9/site-packages/torchani/resources/
ani-2x computations of begin at: Fri Sep 22 17:17:49 2023
ani-2x computations of finish at: Fri Sep 22 17:17:49 2023

***************conf 4***************
/share/home/yanz/miniconda3/envs/Strain_VIZ/lib/python3.9/site-packages/torchani/resources/
ani-2x computations of begin at: Fri Sep 22 17:17:57 2023
ani-2x computations of finish at: Fri Sep 22 17:17:57 2023

***************conf 5***************
/share/home/yanz/miniconda3/envs/Strain_VIZ/lib/python3.9/site-packages/torchani/resources/
ani-2x computations of begin at: Fri Sep 22 17:18:05 2023
ani-2x computations of finish at: Fri Sep 22 17:18:05 2023

***************conf 6***************
/share/home/yanz/miniconda3/envs/Strain_VIZ/lib/python3.9/site-packages/torchani/resources/
ani-2x computations of begin at: Fri Sep 22 17:18:13 2023
ani-2x computations of finish at: Fri Sep 22 17:18:13 2023

***************conf 7***************
/share/home/yanz/miniconda3/envs/Strain_VIZ/lib/python3.9/site-packages/torchani/resources/
ani-2x computations of begin at: Fri Sep 22 17:18:20 2023
ani-2x computations of finish at: Fri Sep 22 17:18:21 2023

***************conf 8***************
/share/home/yanz/miniconda3/envs/Strain_VIZ/lib/python3.9/site-packages/torchani/resources/
ani-2x computations of begin at: Fri Sep 22 17:18:29 2023
ani-2x computations of finish at: Fri Sep 22 17:18:29 2023

***************conf 9***************
/share/home/yanz/miniconda3/envs/Strain_VIZ/lib/python3.9/site-packages/torchani/resources/
ani-2x computations of begin at: Fri Sep 22 17:18:37 2023
ani-2x computations of finish at: Fri Sep 22 17:18:37 2023

***************conf 10***************
/share/home/yanz/miniconda3/envs/Strain_VIZ/lib/python3.9/site-packages/torchani/resources/
ani-2x computations of begin at: Fri Sep 22 17:18:44 2023
ani-2x computations of finish at: Fri Sep 22 17:18:45 2023

***************conf 11***************
/share/home/yanz/miniconda3/envs/Strain_VIZ/lib/python3.9/site-packages/torchani/resources/
ani-2x computations of begin at: Fri Sep 22 17:18:52 2023
ani-2x computations of finish at: Fri Sep 22 17:18:53 2023

***************conf 12***************
/share/home/yanz/miniconda3/envs/Strain_VIZ/lib/python3.9/site-packages/torchani/resources/
ani-2x computations of begin at: Fri Sep 22 17:19:00 2023
ani-2x computations of finish at: Fri Sep 22 17:19:00 2023

***************conf 13***************
/share/home/yanz/miniconda3/envs/Strain_VIZ/lib/python3.9/site-packages/torchani/resources/
ani-2x computations of begin at: Fri Sep 22 17:19:08 2023
ani-2x computations of finish at: Fri Sep 22 17:19:08 2023

***************conf 14***************
/share/home/yanz/miniconda3/envs/Strain_VIZ/lib/python3.9/site-packages/torchani/resources/
ani-2x computations of begin at: Fri Sep 22 17:19:16 2023
ani-2x computations of finish at: Fri Sep 22 17:19:16 2023

***************conf 15***************
/share/home/yanz/miniconda3/envs/Strain_VIZ/lib/python3.9/site-packages/torchani/resources/
ani-2x computations of begin at: Fri Sep 22 17:19:24 2023
ani-2x computations of finish at: Fri Sep 22 17:19:24 2023

***************conf 16***************
/share/home/yanz/miniconda3/envs/Strain_VIZ/lib/python3.9/site-packages/torchani/resources/
ani-2x computations of begin at: Fri Sep 22 17:19:32 2023
ani-2x computations of finish at: Fri Sep 22 17:19:32 2023

***************conf 17***************
/share/home/yanz/miniconda3/envs/Strain_VIZ/lib/python3.9/site-packages/torchani/resources/
ani-2x computations of begin at: Fri Sep 22 17:19:39 2023
ani-2x computations of finish at: Fri Sep 22 17:19:40 2023

***************conf 18***************
/share/home/yanz/miniconda3/envs/Strain_VIZ/lib/python3.9/site-packages/torchani/resources/
ani-2x computations of begin at: Fri Sep 22 17:19:47 2023
ani-2x computations of finish at: Fri Sep 22 17:19:48 2023

***************conf 19***************
/share/home/yanz/miniconda3/envs/Strain_VIZ/lib/python3.9/site-packages/torchani/resources/
ani-2x computations of begin at: Fri Sep 22 17:19:55 2023
ani-2x computations of finish at: Fri Sep 22 17:19:56 2023

***************conf 20***************
/share/home/yanz/miniconda3/envs/Strain_VIZ/lib/python3.9/site-packages/torchani/resources/
ani-2x computations of begin at: Fri Sep 22 17:20:03 2023
ani-2x computations of finish at: Fri Sep 22 17:20:03 2023

***************conf 21***************
/share/home/yanz/miniconda3/envs/Strain_VIZ/lib/python3.9/site-packages/torchani/resources/
ani-2x computations of begin at: Fri Sep 22 17:20:11 2023
ani-2x computations of finish at: Fri Sep 22 17:20:11 2023

***************conf 22***************
/share/home/yanz/miniconda3/envs/Strain_VIZ/lib/python3.9/site-packages/torchani/resources/
ani-2x computations of begin at: Fri Sep 22 17:20:19 2023
ani-2x computations of finish at: Fri Sep 22 17:20:19 2023

***************conf 23***************
/share/home/yanz/miniconda3/envs/Strain_VIZ/lib/python3.9/site-packages/torchani/resources/
ani-2x computations of begin at: Fri Sep 22 17:20:27 2023
ani-2x computations of finish at: Fri Sep 22 17:20:27 2023

***************conf 24***************
/share/home/yanz/miniconda3/envs/Strain_VIZ/lib/python3.9/site-packages/torchani/resources/
ani-2x computations of begin at: Fri Sep 22 17:20:35 2023
ani-2x computations of finish at: Fri Sep 22 17:20:35 2023

***************conf 25***************
/share/home/yanz/miniconda3/envs/Strain_VIZ/lib/python3.9/site-packages/torchani/resources/
ani-2x computations of begin at: Fri Sep 22 17:20:42 2023
ani-2x computations of finish at: Fri Sep 22 17:20:43 2023

***************conf 26***************
/share/home/yanz/miniconda3/envs/Strain_VIZ/lib/python3.9/site-packages/torchani/resources/
ani-2x computations of begin at: Fri Sep 22 17:20:50 2023
ani-2x computations of finish at: Fri Sep 22 17:20:51 2023

***************conf 27***************
/share/home/yanz/miniconda3/envs/Strain_VIZ/lib/python3.9/site-packages/torchani/resources/
ani-2x computations of begin at: Fri Sep 22 17:20:58 2023
ani-2x computations of finish at: Fri Sep 22 17:20:59 2023

***************conf 28***************
/share/home/yanz/miniconda3/envs/Strain_VIZ/lib/python3.9/site-packages/torchani/resources/
ani-2x computations of begin at: Fri Sep 22 17:21:06 2023
ani-2x computations of finish at: Fri Sep 22 17:21:07 2023

***************conf 29***************
/share/home/yanz/miniconda3/envs/Strain_VIZ/lib/python3.9/site-packages/torchani/resources/
ani-2x computations of begin at: Fri Sep 22 17:21:14 2023
ani-2x computations of finish at: Fri Sep 22 17:21:15 2023

***************conf 30***************
/share/home/yanz/miniconda3/envs/Strain_VIZ/lib/python3.9/site-packages/torchani/resources/
ani-2x computations of begin at: Fri Sep 22 17:21:22 2023
ani-2x computations of finish at: Fri Sep 22 17:21:23 2023

***************conf 31***************
/share/home/yanz/miniconda3/envs/Strain_VIZ/lib/python3.9/site-packages/torchani/resources/
ani-2x computations of begin at: Fri Sep 22 17:21:30 2023
ani-2x computations of finish at: Fri Sep 22 17:21:31 2023

***************conf 32***************
/share/home/yanz/miniconda3/envs/Strain_VIZ/lib/python3.9/site-packages/torchani/resources/
ani-2x computations of begin at: Fri Sep 22 17:21:38 2023
ani-2x computations of finish at: Fri Sep 22 17:21:38 2023

***************conf 33***************
/share/home/yanz/miniconda3/envs/Strain_VIZ/lib/python3.9/site-packages/torchani/resources/
ani-2x computations of begin at: Fri Sep 22 17:21:46 2023
ani-2x computations of finish at: Fri Sep 22 17:21:46 2023

***************conf 34***************
/share/home/yanz/miniconda3/envs/Strain_VIZ/lib/python3.9/site-packages/torchani/resources/
ani-2x computations of begin at: Fri Sep 22 17:21:54 2023
ani-2x computations of finish at: Fri Sep 22 17:21:54 2023

***************conf 35***************
/share/home/yanz/miniconda3/envs/Strain_VIZ/lib/python3.9/site-packages/torchani/resources/
ani-2x computations of begin at: Fri Sep 22 17:22:02 2023
ani-2x computations of finish at: Fri Sep 22 17:22:02 2023

***************conf 36***************
/share/home/yanz/miniconda3/envs/Strain_VIZ/lib/python3.9/site-packages/torchani/resources/
ani-2x computations of begin at: Fri Sep 22 17:22:10 2023
ani-2x computations of finish at: Fri Sep 22 17:22:10 2023

***************conf 37***************
/share/home/yanz/miniconda3/envs/Strain_VIZ/lib/python3.9/site-packages/torchani/resources/
ani-2x computations of begin at: Fri Sep 22 17:22:18 2023
ani-2x computations of finish at: Fri Sep 22 17:22:18 2023

***************conf 38***************
/share/home/yanz/miniconda3/envs/Strain_VIZ/lib/python3.9/site-packages/torchani/resources/
ani-2x computations of begin at: Fri Sep 22 17:22:26 2023
ani-2x computations of finish at: Fri Sep 22 17:22:26 2023

***************conf 39***************
/share/home/yanz/miniconda3/envs/Strain_VIZ/lib/python3.9/site-packages/torchani/resources/
ani-2x computations of begin at: Fri Sep 22 17:22:34 2023
ani-2x computations of finish at: Fri Sep 22 17:22:34 2023

***************conf 40***************
/share/home/yanz/miniconda3/envs/Strain_VIZ/lib/python3.9/site-packages/torchani/resources/
ani-2x computations of begin at: Fri Sep 22 17:22:42 2023
ani-2x computations of finish at: Fri Sep 22 17:22:42 2023

***************conf 41***************
/share/home/yanz/miniconda3/envs/Strain_VIZ/lib/python3.9/site-packages/torchani/resources/
ani-2x computations of begin at: Fri Sep 22 17:22:49 2023
ani-2x computations of finish at: Fri Sep 22 17:22:50 2023

***************conf 42***************
/share/home/yanz/miniconda3/envs/Strain_VIZ/lib/python3.9/site-packages/torchani/resources/
ani-2x computations of begin at: Fri Sep 22 17:22:57 2023
ani-2x computations of finish at: Fri Sep 22 17:22:58 2023

***************conf 43***************
/share/home/yanz/miniconda3/envs/Strain_VIZ/lib/python3.9/site-packages/torchani/resources/
ani-2x computations of begin at: Fri Sep 22 17:23:05 2023
ani-2x computations of finish at: Fri Sep 22 17:23:05 2023

***************conf 44***************
/share/home/yanz/miniconda3/envs/Strain_VIZ/lib/python3.9/site-packages/torchani/resources/
ani-2x computations of begin at: Fri Sep 22 17:23:13 2023
ani-2x computations of finish at: Fri Sep 22 17:23:13 2023

***************conf 45***************
/share/home/yanz/miniconda3/envs/Strain_VIZ/lib/python3.9/site-packages/torchani/resources/
ani-2x computations of begin at: Fri Sep 22 17:23:21 2023
ani-2x computations of finish at: Fri Sep 22 17:23:21 2023

***************conf 46***************
/share/home/yanz/miniconda3/envs/Strain_VIZ/lib/python3.9/site-packages/torchani/resources/
ani-2x computations of begin at: Fri Sep 22 17:23:28 2023
ani-2x computations of finish at: Fri Sep 22 17:23:29 2023

***************conf 47***************
/share/home/yanz/miniconda3/envs/Strain_VIZ/lib/python3.9/site-packages/torchani/resources/
ani-2x computations of begin at: Fri Sep 22 17:23:36 2023
ani-2x computations of finish at: Fri Sep 22 17:23:37 2023

***************conf 48***************
/share/home/yanz/miniconda3/envs/Strain_VIZ/lib/python3.9/site-packages/torchani/resources/
ani-2x computations of begin at: Fri Sep 22 17:23:44 2023
ani-2x computations of finish at: Fri Sep 22 17:23:45 2023

***************conf 49***************
/share/home/yanz/miniconda3/envs/Strain_VIZ/lib/python3.9/site-packages/torchani/resources/
ani-2x computations of begin at: Fri Sep 22 17:23:52 2023
ani-2x computations of finish at: Fri Sep 22 17:23:53 2023

***************conf 50***************
/share/home/yanz/miniconda3/envs/Strain_VIZ/lib/python3.9/site-packages/torchani/resources/
ani-2x computations of begin at: Fri Sep 22 17:24:00 2023
ani-2x computations of finish at: Fri Sep 22 17:24:00 2023

***************conf 51***************
/share/home/yanz/miniconda3/envs/Strain_VIZ/lib/python3.9/site-packages/torchani/resources/
ani-2x computations of begin at: Fri Sep 22 17:24:08 2023
ani-2x computations of finish at: Fri Sep 22 17:24:08 2023

***************conf 52***************
/share/home/yanz/miniconda3/envs/Strain_VIZ/lib/python3.9/site-packages/torchani/resources/
ani-2x computations of begin at: Fri Sep 22 17:24:16 2023
ani-2x computations of finish at: Fri Sep 22 17:24:16 2023

***************conf 53***************
/share/home/yanz/miniconda3/envs/Strain_VIZ/lib/python3.9/site-packages/torchani/resources/
ani-2x computations of begin at: Fri Sep 22 17:24:24 2023
ani-2x computations of finish at: Fri Sep 22 17:24:24 2023

***************conf 54***************
/share/home/yanz/miniconda3/envs/Strain_VIZ/lib/python3.9/site-packages/torchani/resources/
ani-2x computations of begin at: Fri Sep 22 17:24:32 2023
ani-2x computations of finish at: Fri Sep 22 17:24:32 2023

***************conf 55***************
/share/home/yanz/miniconda3/envs/Strain_VIZ/lib/python3.9/site-packages/torchani/resources/
ani-2x computations of begin at: Fri Sep 22 17:24:40 2023
ani-2x computations of finish at: Fri Sep 22 17:24:40 2023

***************conf 56***************
/share/home/yanz/miniconda3/envs/Strain_VIZ/lib/python3.9/site-packages/torchani/resources/
ani-2x computations of begin at: Fri Sep 22 17:24:47 2023
ani-2x computations of finish at: Fri Sep 22 17:24:48 2023

***************conf 57***************
/share/home/yanz/miniconda3/envs/Strain_VIZ/lib/python3.9/site-packages/torchani/resources/
ani-2x computations of begin at: Fri Sep 22 17:24:55 2023
ani-2x computations of finish at: Fri Sep 22 17:24:56 2023

***************conf 58***************
/share/home/yanz/miniconda3/envs/Strain_VIZ/lib/python3.9/site-packages/torchani/resources/
ani-2x computations of begin at: Fri Sep 22 17:25:03 2023
ani-2x computations of finish at: Fri Sep 22 17:25:04 2023

***************conf 59***************
/share/home/yanz/miniconda3/envs/Strain_VIZ/lib/python3.9/site-packages/torchani/resources/
ani-2x computations of begin at: Fri Sep 22 17:25:11 2023
ani-2x computations of finish at: Fri Sep 22 17:25:12 2023

***************conf 60***************
/share/home/yanz/miniconda3/envs/Strain_VIZ/lib/python3.9/site-packages/torchani/resources/
ani-2x computations of begin at: Fri Sep 22 17:25:19 2023
ani-2x computations of finish at: Fri Sep 22 17:25:19 2023

***************conf 61***************
/share/home/yanz/miniconda3/envs/Strain_VIZ/lib/python3.9/site-packages/torchani/resources/
ani-2x computations of begin at: Fri Sep 22 17:25:27 2023
ani-2x computations of finish at: Fri Sep 22 17:25:27 2023

***************conf 62***************
/share/home/yanz/miniconda3/envs/Strain_VIZ/lib/python3.9/site-packages/torchani/resources/
ani-2x computations of begin at: Fri Sep 22 17:25:35 2023
ani-2x computations of finish at: Fri Sep 22 17:25:35 2023

***************conf 63***************
/share/home/yanz/miniconda3/envs/Strain_VIZ/lib/python3.9/site-packages/torchani/resources/
ani-2x computations of begin at: Fri Sep 22 17:25:43 2023
ani-2x computations of finish at: Fri Sep 22 17:25:43 2023

***************conf 64***************
/share/home/yanz/miniconda3/envs/Strain_VIZ/lib/python3.9/site-packages/torchani/resources/
ani-2x computations of begin at: Fri Sep 22 17:25:51 2023
ani-2x computations of finish at: Fri Sep 22 17:25:51 2023

***************conf 65***************
/share/home/yanz/miniconda3/envs/Strain_VIZ/lib/python3.9/site-packages/torchani/resources/
ani-2x computations of begin at: Fri Sep 22 17:25:59 2023
ani-2x computations of finish at: Fri Sep 22 17:25:59 2023

***************conf 66***************
/share/home/yanz/miniconda3/envs/Strain_VIZ/lib/python3.9/site-packages/torchani/resources/
ani-2x computations of begin at: Fri Sep 22 17:26:07 2023
ani-2x computations of finish at: Fri Sep 22 17:26:07 2023

***************conf 67***************
/share/home/yanz/miniconda3/envs/Strain_VIZ/lib/python3.9/site-packages/torchani/resources/
ani-2x computations of begin at: Fri Sep 22 17:26:15 2023
ani-2x computations of finish at: Fri Sep 22 17:26:15 2023

***************conf 68***************
/share/home/yanz/miniconda3/envs/Strain_VIZ/lib/python3.9/site-packages/torchani/resources/
ani-2x computations of begin at: Fri Sep 22 17:26:23 2023
ani-2x computations of finish at: Fri Sep 22 17:26:23 2023

***************conf 69***************
/share/home/yanz/miniconda3/envs/Strain_VIZ/lib/python3.9/site-packages/torchani/resources/
ani-2x computations of begin at: Fri Sep 22 17:26:31 2023
ani-2x computations of finish at: Fri Sep 22 17:26:31 2023

***************conf 70***************
/share/home/yanz/miniconda3/envs/Strain_VIZ/lib/python3.9/site-packages/torchani/resources/
ani-2x computations of begin at: Fri Sep 22 17:26:39 2023
ani-2x computations of finish at: Fri Sep 22 17:26:39 2023

***************conf 71***************
/share/home/yanz/miniconda3/envs/Strain_VIZ/lib/python3.9/site-packages/torchani/resources/
ani-2x computations of begin at: Fri Sep 22 17:26:47 2023
ani-2x computations of finish at: Fri Sep 22 17:26:47 2023

***************conf 72***************
/share/home/yanz/miniconda3/envs/Strain_VIZ/lib/python3.9/site-packages/torchani/resources/
ani-2x computations of begin at: Fri Sep 22 17:26:55 2023
ani-2x computations of finish at: Fri Sep 22 17:26:55 2023

***************conf 73***************
/share/home/yanz/miniconda3/envs/Strain_VIZ/lib/python3.9/site-packages/torchani/resources/
ani-2x computations of begin at: Fri Sep 22 17:27:03 2023
ani-2x computations of finish at: Fri Sep 22 17:27:03 2023

***************conf 74***************
/share/home/yanz/miniconda3/envs/Strain_VIZ/lib/python3.9/site-packages/torchani/resources/
ani-2x computations of begin at: Fri Sep 22 17:27:11 2023
ani-2x computations of finish at: Fri Sep 22 17:27:11 2023

***************conf 75***************
/share/home/yanz/miniconda3/envs/Strain_VIZ/lib/python3.9/site-packages/torchani/resources/
ani-2x computations of begin at: Fri Sep 22 17:27:18 2023
ani-2x computations of finish at: Fri Sep 22 17:27:19 2023

***************conf 76***************
/share/home/yanz/miniconda3/envs/Strain_VIZ/lib/python3.9/site-packages/torchani/resources/
ani-2x computations of begin at: Fri Sep 22 17:27:26 2023
ani-2x computations of finish at: Fri Sep 22 17:27:26 2023

***************conf 77***************
/share/home/yanz/miniconda3/envs/Strain_VIZ/lib/python3.9/site-packages/torchani/resources/
ani-2x computations of begin at: Fri Sep 22 17:27:34 2023
ani-2x computations of finish at: Fri Sep 22 17:27:34 2023

***************conf 78***************
/share/home/yanz/miniconda3/envs/Strain_VIZ/lib/python3.9/site-packages/torchani/resources/
ani-2x computations of begin at: Fri Sep 22 17:27:42 2023
ani-2x computations of finish at: Fri Sep 22 17:27:42 2023

***************conf 79***************
/share/home/yanz/miniconda3/envs/Strain_VIZ/lib/python3.9/site-packages/torchani/resources/
ani-2x computations of begin at: Fri Sep 22 17:27:50 2023
ani-2x computations of finish at: Fri Sep 22 17:27:50 2023

***************conf 80***************
/share/home/yanz/miniconda3/envs/Strain_VIZ/lib/python3.9/site-packages/torchani/resources/
ani-2x computations of begin at: Fri Sep 22 17:27:57 2023
ani-2x computations of finish at: Fri Sep 22 17:27:58 2023

***************conf 81***************
/share/home/yanz/miniconda3/envs/Strain_VIZ/lib/python3.9/site-packages/torchani/resources/
ani-2x computations of begin at: Fri Sep 22 17:28:05 2023
ani-2x computations of finish at: Fri Sep 22 17:28:06 2023

***************conf 82***************
/share/home/yanz/miniconda3/envs/Strain_VIZ/lib/python3.9/site-packages/torchani/resources/
ani-2x computations of begin at: Fri Sep 22 17:28:13 2023
ani-2x computations of finish at: Fri Sep 22 17:28:14 2023

***************conf 83***************
/share/home/yanz/miniconda3/envs/Strain_VIZ/lib/python3.9/site-packages/torchani/resources/
ani-2x computations of begin at: Fri Sep 22 17:28:21 2023
ani-2x computations of finish at: Fri Sep 22 17:28:22 2023

***************conf 84***************
/share/home/yanz/miniconda3/envs/Strain_VIZ/lib/python3.9/site-packages/torchani/resources/
ani-2x computations of begin at: Fri Sep 22 17:28:29 2023
ani-2x computations of finish at: Fri Sep 22 17:28:29 2023

***************conf 85***************
/share/home/yanz/miniconda3/envs/Strain_VIZ/lib/python3.9/site-packages/torchani/resources/
ani-2x computations of begin at: Fri Sep 22 17:28:37 2023
ani-2x computations of finish at: Fri Sep 22 17:28:37 2023

***************conf 86***************
/share/home/yanz/miniconda3/envs/Strain_VIZ/lib/python3.9/site-packages/torchani/resources/
ani-2x computations of begin at: Fri Sep 22 17:28:45 2023
ani-2x computations of finish at: Fri Sep 22 17:28:45 2023

***************conf 87***************
/share/home/yanz/miniconda3/envs/Strain_VIZ/lib/python3.9/site-packages/torchani/resources/
ani-2x computations of begin at: Fri Sep 22 17:28:53 2023
ani-2x computations of finish at: Fri Sep 22 17:28:53 2023

***************conf 88***************
/share/home/yanz/miniconda3/envs/Strain_VIZ/lib/python3.9/site-packages/torchani/resources/
ani-2x computations of begin at: Fri Sep 22 17:29:01 2023
ani-2x computations of finish at: Fri Sep 22 17:29:01 2023

***************conf 89***************
/share/home/yanz/miniconda3/envs/Strain_VIZ/lib/python3.9/site-packages/torchani/resources/
ani-2x computations of begin at: Fri Sep 22 17:29:08 2023
ani-2x computations of finish at: Fri Sep 22 17:29:09 2023

***************conf 90***************
/share/home/yanz/miniconda3/envs/Strain_VIZ/lib/python3.9/site-packages/torchani/resources/
ani-2x computations of begin at: Fri Sep 22 17:29:16 2023
ani-2x computations of finish at: Fri Sep 22 17:29:17 2023

***************conf 91***************
/share/home/yanz/miniconda3/envs/Strain_VIZ/lib/python3.9/site-packages/torchani/resources/
ani-2x computations of begin at: Fri Sep 22 17:29:24 2023
ani-2x computations of finish at: Fri Sep 22 17:29:25 2023

***************conf 92***************
/share/home/yanz/miniconda3/envs/Strain_VIZ/lib/python3.9/site-packages/torchani/resources/
ani-2x computations of begin at: Fri Sep 22 17:29:32 2023
ani-2x computations of finish at: Fri Sep 22 17:29:32 2023

***************conf 93***************
/share/home/yanz/miniconda3/envs/Strain_VIZ/lib/python3.9/site-packages/torchani/resources/
ani-2x computations of begin at: Fri Sep 22 17:29:40 2023
ani-2x computations of finish at: Fri Sep 22 17:29:40 2023

***************conf 94***************
/share/home/yanz/miniconda3/envs/Strain_VIZ/lib/python3.9/site-packages/torchani/resources/
ani-2x computations of begin at: Fri Sep 22 17:29:48 2023
ani-2x computations of finish at: Fri Sep 22 17:29:48 2023

***************conf 95***************
/share/home/yanz/miniconda3/envs/Strain_VIZ/lib/python3.9/site-packages/torchani/resources/
ani-2x computations of begin at: Fri Sep 22 17:29:56 2023
ani-2x computations of finish at: Fri Sep 22 17:29:56 2023

***************conf 96***************
/share/home/yanz/miniconda3/envs/Strain_VIZ/lib/python3.9/site-packages/torchani/resources/
ani-2x computations of begin at: Fri Sep 22 17:30:04 2023
ani-2x computations of finish at: Fri Sep 22 17:30:04 2023

***************conf 97***************
/share/home/yanz/miniconda3/envs/Strain_VIZ/lib/python3.9/site-packages/torchani/resources/
ani-2x computations of begin at: Fri Sep 22 17:30:11 2023
ani-2x computations of finish at: Fri Sep 22 17:30:12 2023

***************conf 98***************
/share/home/yanz/miniconda3/envs/Strain_VIZ/lib/python3.9/site-packages/torchani/resources/
ani-2x computations of begin at: Fri Sep 22 17:30:19 2023
ani-2x computations of finish at: Fri Sep 22 17:30:19 2023

***************conf 99***************
/share/home/yanz/miniconda3/envs/Strain_VIZ/lib/python3.9/site-packages/torchani/resources/
ani-2x computations of begin at: Fri Sep 22 17:30:27 2023
ani-2x computations of finish at: Fri Sep 22 17:30:27 2023

***************conf 100***************
/share/home/yanz/miniconda3/envs/Strain_VIZ/lib/python3.9/site-packages/torchani/resources/
ani-2x computations of begin at: Fri Sep 22 17:30:35 2023
ani-2x computations of finish at: Fri Sep 22 17:30:35 2023

***************conf 101***************
/share/home/yanz/miniconda3/envs/Strain_VIZ/lib/python3.9/site-packages/torchani/resources/
ani-2x computations of begin at: Fri Sep 22 17:30:43 2023
ani-2x computations of finish at: Fri Sep 22 17:30:43 2023

***************conf 102***************
/share/home/yanz/miniconda3/envs/Strain_VIZ/lib/python3.9/site-packages/torchani/resources/
ani-2x computations of begin at: Fri Sep 22 17:30:50 2023
ani-2x computations of finish at: Fri Sep 22 17:30:51 2023

***************conf 103***************
/share/home/yanz/miniconda3/envs/Strain_VIZ/lib/python3.9/site-packages/torchani/resources/
ani-2x computations of begin at: Fri Sep 22 17:30:58 2023
ani-2x computations of finish at: Fri Sep 22 17:30:59 2023

***************conf 104***************
/share/home/yanz/miniconda3/envs/Strain_VIZ/lib/python3.9/site-packages/torchani/resources/
ani-2x computations of begin at: Fri Sep 22 17:31:06 2023
ani-2x computations of finish at: Fri Sep 22 17:31:06 2023

***************conf 105***************
/share/home/yanz/miniconda3/envs/Strain_VIZ/lib/python3.9/site-packages/torchani/resources/
ani-2x computations of begin at: Fri Sep 22 17:31:14 2023
ani-2x computations of finish at: Fri Sep 22 17:31:14 2023

***************conf 106***************
/share/home/yanz/miniconda3/envs/Strain_VIZ/lib/python3.9/site-packages/torchani/resources/
ani-2x computations of begin at: Fri Sep 22 17:31:22 2023
ani-2x computations of finish at: Fri Sep 22 17:31:22 2023

***************conf 107***************
/share/home/yanz/miniconda3/envs/Strain_VIZ/lib/python3.9/site-packages/torchani/resources/
ani-2x computations of begin at: Fri Sep 22 17:31:29 2023
ani-2x computations of finish at: Fri Sep 22 17:31:30 2023

***************conf 108***************
/share/home/yanz/miniconda3/envs/Strain_VIZ/lib/python3.9/site-packages/torchani/resources/
ani-2x computations of begin at: Fri Sep 22 17:31:37 2023
ani-2x computations of finish at: Fri Sep 22 17:31:38 2023

***************conf 109***************
/share/home/yanz/miniconda3/envs/Strain_VIZ/lib/python3.9/site-packages/torchani/resources/
ani-2x computations of begin at: Fri Sep 22 17:31:45 2023
ani-2x computations of finish at: Fri Sep 22 17:31:45 2023

***************conf 110***************
/share/home/yanz/miniconda3/envs/Strain_VIZ/lib/python3.9/site-packages/torchani/resources/
ani-2x computations of begin at: Fri Sep 22 17:31:53 2023
ani-2x computations of finish at: Fri Sep 22 17:31:53 2023

***************conf 111***************
/share/home/yanz/miniconda3/envs/Strain_VIZ/lib/python3.9/site-packages/torchani/resources/
ani-2x computations of begin at: Fri Sep 22 17:32:01 2023
ani-2x computations of finish at: Fri Sep 22 17:32:01 2023

***************conf 112***************
/share/home/yanz/miniconda3/envs/Strain_VIZ/lib/python3.9/site-packages/torchani/resources/
ani-2x computations of begin at: Fri Sep 22 17:32:09 2023
ani-2x computations of finish at: Fri Sep 22 17:32:09 2023

***************conf 113***************
/share/home/yanz/miniconda3/envs/Strain_VIZ/lib/python3.9/site-packages/torchani/resources/
ani-2x computations of begin at: Fri Sep 22 17:32:16 2023
ani-2x computations of finish at: Fri Sep 22 17:32:17 2023

***************conf 114***************
/share/home/yanz/miniconda3/envs/Strain_VIZ/lib/python3.9/site-packages/torchani/resources/
ani-2x computations of begin at: Fri Sep 22 17:32:24 2023
ani-2x computations of finish at: Fri Sep 22 17:32:25 2023

***************conf 115***************
/share/home/yanz/miniconda3/envs/Strain_VIZ/lib/python3.9/site-packages/torchani/resources/
ani-2x computations of begin at: Fri Sep 22 17:32:32 2023
ani-2x computations of finish at: Fri Sep 22 17:32:33 2023

***************conf 116***************
/share/home/yanz/miniconda3/envs/Strain_VIZ/lib/python3.9/site-packages/torchani/resources/
ani-2x computations of begin at: Fri Sep 22 17:32:40 2023
ani-2x computations of finish at: Fri Sep 22 17:32:41 2023

***************conf 117***************
/share/home/yanz/miniconda3/envs/Strain_VIZ/lib/python3.9/site-packages/torchani/resources/
ani-2x computations of begin at: Fri Sep 22 17:32:48 2023
ani-2x computations of finish at: Fri Sep 22 17:32:48 2023

***************conf 118***************
/share/home/yanz/miniconda3/envs/Strain_VIZ/lib/python3.9/site-packages/torchani/resources/
ani-2x computations of begin at: Fri Sep 22 17:32:56 2023
ani-2x computations of finish at: Fri Sep 22 17:32:56 2023

***************conf 119***************
/share/home/yanz/miniconda3/envs/Strain_VIZ/lib/python3.9/site-packages/torchani/resources/
ani-2x computations of begin at: Fri Sep 22 17:33:04 2023
ani-2x computations of finish at: Fri Sep 22 17:33:04 2023

***************conf 120***************
/share/home/yanz/miniconda3/envs/Strain_VIZ/lib/python3.9/site-packages/torchani/resources/
ani-2x computations of begin at: Fri Sep 22 17:33:11 2023
ani-2x computations of finish at: Fri Sep 22 17:33:12 2023

***************conf 121***************
/share/home/yanz/miniconda3/envs/Strain_VIZ/lib/python3.9/site-packages/torchani/resources/
ani-2x computations of begin at: Fri Sep 22 17:33:19 2023
ani-2x computations of finish at: Fri Sep 22 17:33:20 2023

***************conf 122***************
/share/home/yanz/miniconda3/envs/Strain_VIZ/lib/python3.9/site-packages/torchani/resources/
ani-2x computations of begin at: Fri Sep 22 17:33:27 2023
ani-2x computations of finish at: Fri Sep 22 17:33:28 2023

***************conf 123***************
/share/home/yanz/miniconda3/envs/Strain_VIZ/lib/python3.9/site-packages/torchani/resources/
ani-2x computations of begin at: Fri Sep 22 17:33:35 2023
ani-2x computations of finish at: Fri Sep 22 17:33:35 2023

***************conf 124***************
/share/home/yanz/miniconda3/envs/Strain_VIZ/lib/python3.9/site-packages/torchani/resources/
ani-2x computations of begin at: Fri Sep 22 17:33:43 2023
ani-2x computations of finish at: Fri Sep 22 17:33:43 2023

***************conf 125***************
/share/home/yanz/miniconda3/envs/Strain_VIZ/lib/python3.9/site-packages/torchani/resources/
ani-2x computations of begin at: Fri Sep 22 17:33:51 2023
ani-2x computations of finish at: Fri Sep 22 17:33:51 2023

***************conf 126***************
/share/home/yanz/miniconda3/envs/Strain_VIZ/lib/python3.9/site-packages/torchani/resources/
ani-2x computations of begin at: Fri Sep 22 17:33:58 2023
ani-2x computations of finish at: Fri Sep 22 17:33:59 2023

***************conf 127***************
/share/home/yanz/miniconda3/envs/Strain_VIZ/lib/python3.9/site-packages/torchani/resources/
ani-2x computations of begin at: Fri Sep 22 17:34:06 2023
ani-2x computations of finish at: Fri Sep 22 17:34:07 2023

***************conf 128***************
/share/home/yanz/miniconda3/envs/Strain_VIZ/lib/python3.9/site-packages/torchani/resources/
ani-2x computations of begin at: Fri Sep 22 17:34:14 2023
ani-2x computations of finish at: Fri Sep 22 17:34:14 2023

***************conf 129***************
/share/home/yanz/miniconda3/envs/Strain_VIZ/lib/python3.9/site-packages/torchani/resources/
ani-2x computations of begin at: Fri Sep 22 17:34:22 2023
ani-2x computations of finish at: Fri Sep 22 17:34:22 2023

***************conf 130***************
/share/home/yanz/miniconda3/envs/Strain_VIZ/lib/python3.9/site-packages/torchani/resources/
ani-2x computations of begin at: Fri Sep 22 17:34:29 2023
ani-2x computations of finish at: Fri Sep 22 17:34:29 2023

***************conf 131***************
/share/home/yanz/miniconda3/envs/Strain_VIZ/lib/python3.9/site-packages/torchani/resources/
ani-2x computations of begin at: Fri Sep 22 17:34:37 2023
ani-2x computations of finish at: Fri Sep 22 17:34:37 2023

***************conf 132***************
/share/home/yanz/miniconda3/envs/Strain_VIZ/lib/python3.9/site-packages/torchani/resources/
ani-2x computations of begin at: Fri Sep 22 17:34:45 2023
ani-2x computations of finish at: Fri Sep 22 17:34:45 2023

***************conf 133***************
/share/home/yanz/miniconda3/envs/Strain_VIZ/lib/python3.9/site-packages/torchani/resources/
ani-2x computations of begin at: Fri Sep 22 17:34:53 2023
ani-2x computations of finish at: Fri Sep 22 17:34:53 2023

***************conf 134***************
/share/home/yanz/miniconda3/envs/Strain_VIZ/lib/python3.9/site-packages/torchani/resources/
ani-2x computations of begin at: Fri Sep 22 17:35:00 2023
ani-2x computations of finish at: Fri Sep 22 17:35:01 2023

***************conf 135***************
/share/home/yanz/miniconda3/envs/Strain_VIZ/lib/python3.9/site-packages/torchani/resources/
ani-2x computations of begin at: Fri Sep 22 17:35:08 2023
ani-2x computations of finish at: Fri Sep 22 17:35:09 2023

***************conf 136***************
/share/home/yanz/miniconda3/envs/Strain_VIZ/lib/python3.9/site-packages/torchani/resources/
ani-2x computations of begin at: Fri Sep 22 17:35:16 2023
ani-2x computations of finish at: Fri Sep 22 17:35:16 2023

***************conf 137***************
/share/home/yanz/miniconda3/envs/Strain_VIZ/lib/python3.9/site-packages/torchani/resources/
ani-2x computations of begin at: Fri Sep 22 17:35:24 2023
ani-2x computations of finish at: Fri Sep 22 17:35:24 2023

***************conf 138***************
/share/home/yanz/miniconda3/envs/Strain_VIZ/lib/python3.9/site-packages/torchani/resources/
ani-2x computations of begin at: Fri Sep 22 17:35:32 2023
ani-2x computations of finish at: Fri Sep 22 17:35:32 2023

***************conf 139***************
/share/home/yanz/miniconda3/envs/Strain_VIZ/lib/python3.9/site-packages/torchani/resources/
ani-2x computations of begin at: Fri Sep 22 17:35:40 2023
ani-2x computations of finish at: Fri Sep 22 17:35:40 2023

***************conf 140***************
/share/home/yanz/miniconda3/envs/Strain_VIZ/lib/python3.9/site-packages/torchani/resources/
ani-2x computations of begin at: Fri Sep 22 17:35:48 2023
ani-2x computations of finish at: Fri Sep 22 17:35:48 2023

***************conf 141***************
/share/home/yanz/miniconda3/envs/Strain_VIZ/lib/python3.9/site-packages/torchani/resources/
ani-2x computations of begin at: Fri Sep 22 17:35:56 2023
ani-2x computations of finish at: Fri Sep 22 17:35:56 2023

***************conf 142***************
/share/home/yanz/miniconda3/envs/Strain_VIZ/lib/python3.9/site-packages/torchani/resources/
ani-2x computations of begin at: Fri Sep 22 17:36:04 2023
ani-2x computations of finish at: Fri Sep 22 17:36:04 2023

***************conf 143***************
/share/home/yanz/miniconda3/envs/Strain_VIZ/lib/python3.9/site-packages/torchani/resources/
ani-2x computations of begin at: Fri Sep 22 17:36:12 2023
ani-2x computations of finish at: Fri Sep 22 17:36:12 2023

***************conf 144***************
/share/home/yanz/miniconda3/envs/Strain_VIZ/lib/python3.9/site-packages/torchani/resources/
ani-2x computations of begin at: Fri Sep 22 17:36:20 2023
ani-2x computations of finish at: Fri Sep 22 17:36:20 2023

***************conf 145***************
/share/home/yanz/miniconda3/envs/Strain_VIZ/lib/python3.9/site-packages/torchani/resources/
ani-2x computations of begin at: Fri Sep 22 17:36:28 2023
ani-2x computations of finish at: Fri Sep 22 17:36:28 2023

***************conf 146***************
/share/home/yanz/miniconda3/envs/Strain_VIZ/lib/python3.9/site-packages/torchani/resources/
ani-2x computations of begin at: Fri Sep 22 17:36:36 2023
ani-2x computations of finish at: Fri Sep 22 17:36:36 2023

***************conf 147***************
/share/home/yanz/miniconda3/envs/Strain_VIZ/lib/python3.9/site-packages/torchani/resources/
ani-2x computations of begin at: Fri Sep 22 17:36:44 2023
ani-2x computations of finish at: Fri Sep 22 17:36:44 2023

***************conf 148***************
/share/home/yanz/miniconda3/envs/Strain_VIZ/lib/python3.9/site-packages/torchani/resources/
ani-2x computations of begin at: Fri Sep 22 17:36:51 2023
ani-2x computations of finish at: Fri Sep 22 17:36:52 2023

***************conf 149***************
/share/home/yanz/miniconda3/envs/Strain_VIZ/lib/python3.9/site-packages/torchani/resources/
ani-2x computations of begin at: Fri Sep 22 17:36:59 2023
ani-2x computations of finish at: Fri Sep 22 17:36:59 2023

***************conf 150***************
/share/home/yanz/miniconda3/envs/Strain_VIZ/lib/python3.9/site-packages/torchani/resources/
ani-2x computations of begin at: Fri Sep 22 17:37:07 2023
ani-2x computations of finish at: Fri Sep 22 17:37:07 2023

***************conf 151***************
/share/home/yanz/miniconda3/envs/Strain_VIZ/lib/python3.9/site-packages/torchani/resources/
ani-2x computations of begin at: Fri Sep 22 17:37:15 2023
ani-2x computations of finish at: Fri Sep 22 17:37:15 2023

***************conf 152***************
/share/home/yanz/miniconda3/envs/Strain_VIZ/lib/python3.9/site-packages/torchani/resources/
ani-2x computations of begin at: Fri Sep 22 17:37:23 2023
ani-2x computations of finish at: Fri Sep 22 17:37:23 2023

***************conf 153***************
/share/home/yanz/miniconda3/envs/Strain_VIZ/lib/python3.9/site-packages/torchani/resources/
ani-2x computations of begin at: Fri Sep 22 17:37:31 2023
ani-2x computations of finish at: Fri Sep 22 17:37:31 2023

***************conf 154***************
/share/home/yanz/miniconda3/envs/Strain_VIZ/lib/python3.9/site-packages/torchani/resources/
ani-2x computations of begin at: Fri Sep 22 17:37:39 2023
ani-2x computations of finish at: Fri Sep 22 17:37:39 2023

***************conf 155***************
/share/home/yanz/miniconda3/envs/Strain_VIZ/lib/python3.9/site-packages/torchani/resources/
ani-2x computations of begin at: Fri Sep 22 17:37:47 2023
ani-2x computations of finish at: Fri Sep 22 17:37:47 2023

***************conf 156***************
/share/home/yanz/miniconda3/envs/Strain_VIZ/lib/python3.9/site-packages/torchani/resources/
ani-2x computations of begin at: Fri Sep 22 17:37:54 2023
ani-2x computations of finish at: Fri Sep 22 17:37:55 2023

***************conf 157***************
/share/home/yanz/miniconda3/envs/Strain_VIZ/lib/python3.9/site-packages/torchani/resources/
ani-2x computations of begin at: Fri Sep 22 17:38:02 2023
ani-2x computations of finish at: Fri Sep 22 17:38:03 2023

***************conf 158***************
/share/home/yanz/miniconda3/envs/Strain_VIZ/lib/python3.9/site-packages/torchani/resources/
ani-2x computations of begin at: Fri Sep 22 17:38:10 2023
ani-2x computations of finish at: Fri Sep 22 17:38:11 2023

***************conf 159***************
/share/home/yanz/miniconda3/envs/Strain_VIZ/lib/python3.9/site-packages/torchani/resources/
ani-2x computations of begin at: Fri Sep 22 17:38:18 2023
ani-2x computations of finish at: Fri Sep 22 17:38:19 2023

***************conf 160***************
/share/home/yanz/miniconda3/envs/Strain_VIZ/lib/python3.9/site-packages/torchani/resources/
ani-2x computations of begin at: Fri Sep 22 17:38:26 2023
ani-2x computations of finish at: Fri Sep 22 17:38:27 2023

***************conf 161***************
/share/home/yanz/miniconda3/envs/Strain_VIZ/lib/python3.9/site-packages/torchani/resources/
ani-2x computations of begin at: Fri Sep 22 17:38:34 2023
ani-2x computations of finish at: Fri Sep 22 17:38:35 2023

***************conf 162***************
/share/home/yanz/miniconda3/envs/Strain_VIZ/lib/python3.9/site-packages/torchani/resources/
ani-2x computations of begin at: Fri Sep 22 17:38:42 2023
ani-2x computations of finish at: Fri Sep 22 17:38:43 2023

***************conf 163***************
/share/home/yanz/miniconda3/envs/Strain_VIZ/lib/python3.9/site-packages/torchani/resources/
ani-2x computations of begin at: Fri Sep 22 17:38:50 2023
ani-2x computations of finish at: Fri Sep 22 17:38:51 2023

***************conf 164***************
/share/home/yanz/miniconda3/envs/Strain_VIZ/lib/python3.9/site-packages/torchani/resources/
ani-2x computations of begin at: Fri Sep 22 17:38:58 2023
ani-2x computations of finish at: Fri Sep 22 17:38:58 2023

***************conf 165***************
/share/home/yanz/miniconda3/envs/Strain_VIZ/lib/python3.9/site-packages/torchani/resources/
ani-2x computations of begin at: Fri Sep 22 17:39:06 2023
ani-2x computations of finish at: Fri Sep 22 17:39:06 2023

***************conf 166***************
/share/home/yanz/miniconda3/envs/Strain_VIZ/lib/python3.9/site-packages/torchani/resources/
ani-2x computations of begin at: Fri Sep 22 17:39:14 2023
ani-2x computations of finish at: Fri Sep 22 17:39:14 2023

***************conf 167***************
/share/home/yanz/miniconda3/envs/Strain_VIZ/lib/python3.9/site-packages/torchani/resources/
ani-2x computations of begin at: Fri Sep 22 17:39:22 2023
ani-2x computations of finish at: Fri Sep 22 17:39:22 2023

***************conf 168***************
/share/home/yanz/miniconda3/envs/Strain_VIZ/lib/python3.9/site-packages/torchani/resources/
ani-2x computations of begin at: Fri Sep 22 17:39:30 2023
ani-2x computations of finish at: Fri Sep 22 17:39:30 2023

***************conf 169***************
/share/home/yanz/miniconda3/envs/Strain_VIZ/lib/python3.9/site-packages/torchani/resources/
ani-2x computations of begin at: Fri Sep 22 17:39:38 2023
ani-2x computations of finish at: Fri Sep 22 17:39:38 2023

***************conf 170***************
/share/home/yanz/miniconda3/envs/Strain_VIZ/lib/python3.9/site-packages/torchani/resources/
ani-2x computations of begin at: Fri Sep 22 17:39:46 2023
ani-2x computations of finish at: Fri Sep 22 17:39:46 2023

***************conf 171***************
/share/home/yanz/miniconda3/envs/Strain_VIZ/lib/python3.9/site-packages/torchani/resources/
ani-2x computations of begin at: Fri Sep 22 17:39:54 2023
ani-2x computations of finish at: Fri Sep 22 17:39:54 2023

***************conf 172***************
/share/home/yanz/miniconda3/envs/Strain_VIZ/lib/python3.9/site-packages/torchani/resources/
ani-2x computations of begin at: Fri Sep 22 17:40:01 2023
ani-2x computations of finish at: Fri Sep 22 17:40:02 2023

***************conf 173***************
/share/home/yanz/miniconda3/envs/Strain_VIZ/lib/python3.9/site-packages/torchani/resources/
ani-2x computations of begin at: Fri Sep 22 17:40:09 2023
ani-2x computations of finish at: Fri Sep 22 17:40:10 2023

***************conf 174***************
/share/home/yanz/miniconda3/envs/Strain_VIZ/lib/python3.9/site-packages/torchani/resources/
ani-2x computations of begin at: Fri Sep 22 17:40:17 2023
ani-2x computations of finish at: Fri Sep 22 17:40:18 2023

***************conf 175***************
/share/home/yanz/miniconda3/envs/Strain_VIZ/lib/python3.9/site-packages/torchani/resources/
ani-2x computations of begin at: Fri Sep 22 17:40:26 2023
ani-2x computations of finish at: Fri Sep 22 17:40:26 2023

***************conf 176***************
/share/home/yanz/miniconda3/envs/Strain_VIZ/lib/python3.9/site-packages/torchani/resources/
ani-2x computations of begin at: Fri Sep 22 17:40:33 2023
ani-2x computations of finish at: Fri Sep 22 17:40:34 2023

***************conf 177***************
/share/home/yanz/miniconda3/envs/Strain_VIZ/lib/python3.9/site-packages/torchani/resources/
ani-2x computations of begin at: Fri Sep 22 17:40:41 2023
ani-2x computations of finish at: Fri Sep 22 17:40:41 2023

***************conf 178***************
/share/home/yanz/miniconda3/envs/Strain_VIZ/lib/python3.9/site-packages/torchani/resources/
ani-2x computations of begin at: Fri Sep 22 17:40:49 2023
ani-2x computations of finish at: Fri Sep 22 17:40:49 2023

***************conf 179***************
/share/home/yanz/miniconda3/envs/Strain_VIZ/lib/python3.9/site-packages/torchani/resources/
ani-2x computations of begin at: Fri Sep 22 17:40:57 2023
ani-2x computations of finish at: Fri Sep 22 17:40:57 2023

***************conf 180***************
/share/home/yanz/miniconda3/envs/Strain_VIZ/lib/python3.9/site-packages/torchani/resources/
ani-2x computations of begin at: Fri Sep 22 17:41:05 2023
ani-2x computations of finish at: Fri Sep 22 17:41:05 2023

***************conf 181***************
/share/home/yanz/miniconda3/envs/Strain_VIZ/lib/python3.9/site-packages/torchani/resources/
ani-2x computations of begin at: Fri Sep 22 17:41:13 2023
ani-2x computations of finish at: Fri Sep 22 17:41:13 2023

***************conf 182***************
/share/home/yanz/miniconda3/envs/Strain_VIZ/lib/python3.9/site-packages/torchani/resources/
ani-2x computations of begin at: Fri Sep 22 17:41:20 2023
ani-2x computations of finish at: Fri Sep 22 17:41:21 2023

***************conf 183***************
/share/home/yanz/miniconda3/envs/Strain_VIZ/lib/python3.9/site-packages/torchani/resources/
ani-2x computations of begin at: Fri Sep 22 17:41:28 2023
ani-2x computations of finish at: Fri Sep 22 17:41:29 2023

***************conf 184***************
/share/home/yanz/miniconda3/envs/Strain_VIZ/lib/python3.9/site-packages/torchani/resources/
ani-2x computations of begin at: Fri Sep 22 17:41:36 2023
ani-2x computations of finish at: Fri Sep 22 17:41:37 2023

***************conf 185***************
/share/home/yanz/miniconda3/envs/Strain_VIZ/lib/python3.9/site-packages/torchani/resources/
ani-2x computations of begin at: Fri Sep 22 17:41:44 2023
ani-2x computations of finish at: Fri Sep 22 17:41:44 2023

***************conf 186***************
/share/home/yanz/miniconda3/envs/Strain_VIZ/lib/python3.9/site-packages/torchani/resources/
ani-2x computations of begin at: Fri Sep 22 17:41:52 2023
ani-2x computations of finish at: Fri Sep 22 17:41:52 2023

***************conf 187***************
/share/home/yanz/miniconda3/envs/Strain_VIZ/lib/python3.9/site-packages/torchani/resources/
ani-2x computations of begin at: Fri Sep 22 17:42:00 2023
ani-2x computations of finish at: Fri Sep 22 17:42:00 2023

***************conf 188***************
/share/home/yanz/miniconda3/envs/Strain_VIZ/lib/python3.9/site-packages/torchani/resources/
ani-2x computations of begin at: Fri Sep 22 17:42:08 2023
ani-2x computations of finish at: Fri Sep 22 17:42:08 2023

***************conf 189***************
/share/home/yanz/miniconda3/envs/Strain_VIZ/lib/python3.9/site-packages/torchani/resources/
ani-2x computations of begin at: Fri Sep 22 17:42:16 2023
ani-2x computations of finish at: Fri Sep 22 17:42:16 2023

***************conf 190***************
/share/home/yanz/miniconda3/envs/Strain_VIZ/lib/python3.9/site-packages/torchani/resources/
ani-2x computations of begin at: Fri Sep 22 17:42:24 2023
ani-2x computations of finish at: Fri Sep 22 17:42:24 2023

***************conf 191***************
/share/home/yanz/miniconda3/envs/Strain_VIZ/lib/python3.9/site-packages/torchani/resources/
ani-2x computations of begin at: Fri Sep 22 17:42:32 2023
ani-2x computations of finish at: Fri Sep 22 17:42:32 2023

***************conf 192***************
/share/home/yanz/miniconda3/envs/Strain_VIZ/lib/python3.9/site-packages/torchani/resources/
ani-2x computations of begin at: Fri Sep 22 17:42:40 2023
ani-2x computations of finish at: Fri Sep 22 17:42:40 2023

***************conf 193***************
/share/home/yanz/miniconda3/envs/Strain_VIZ/lib/python3.9/site-packages/torchani/resources/
ani-2x computations of begin at: Fri Sep 22 17:42:48 2023
ani-2x computations of finish at: Fri Sep 22 17:42:48 2023

***************conf 194***************
/share/home/yanz/miniconda3/envs/Strain_VIZ/lib/python3.9/site-packages/torchani/resources/
ani-2x computations of begin at: Fri Sep 22 17:42:56 2023
ani-2x computations of finish at: Fri Sep 22 17:42:56 2023

***************conf 195***************
/share/home/yanz/miniconda3/envs/Strain_VIZ/lib/python3.9/site-packages/torchani/resources/
ani-2x computations of begin at: Fri Sep 22 17:43:04 2023
ani-2x computations of finish at: Fri Sep 22 17:43:04 2023

***************conf 196***************
/share/home/yanz/miniconda3/envs/Strain_VIZ/lib/python3.9/site-packages/torchani/resources/
ani-2x computations of begin at: Fri Sep 22 17:43:12 2023
ani-2x computations of finish at: Fri Sep 22 17:43:12 2023

***************conf 197***************
/share/home/yanz/miniconda3/envs/Strain_VIZ/lib/python3.9/site-packages/torchani/resources/
ani-2x computations of begin at: Fri Sep 22 17:43:19 2023
ani-2x computations of finish at: Fri Sep 22 17:43:20 2023

***************conf 198***************
/share/home/yanz/miniconda3/envs/Strain_VIZ/lib/python3.9/site-packages/torchani/resources/
ani-2x computations of begin at: Fri Sep 22 17:43:27 2023
ani-2x computations of finish at: Fri Sep 22 17:43:28 2023

***************conf 199***************
/share/home/yanz/miniconda3/envs/Strain_VIZ/lib/python3.9/site-packages/torchani/resources/
ani-2x computations of begin at: Fri Sep 22 17:43:35 2023
ani-2x computations of finish at: Fri Sep 22 17:43:36 2023

***************conf 200***************
/share/home/yanz/miniconda3/envs/Strain_VIZ/lib/python3.9/site-packages/torchani/resources/
ani-2x computations of begin at: Fri Sep 22 17:43:43 2023
ani-2x computations of finish at: Fri Sep 22 17:43:43 2023

***************conf 201***************
/share/home/yanz/miniconda3/envs/Strain_VIZ/lib/python3.9/site-packages/torchani/resources/
ani-2x computations of begin at: Fri Sep 22 17:43:51 2023
ani-2x computations of finish at: Fri Sep 22 17:43:51 2023

***************conf 202***************
/share/home/yanz/miniconda3/envs/Strain_VIZ/lib/python3.9/site-packages/torchani/resources/
ani-2x computations of begin at: Fri Sep 22 17:43:59 2023
ani-2x computations of finish at: Fri Sep 22 17:43:59 2023

***************conf 203***************
/share/home/yanz/miniconda3/envs/Strain_VIZ/lib/python3.9/site-packages/torchani/resources/
ani-2x computations of begin at: Fri Sep 22 17:44:07 2023
ani-2x computations of finish at: Fri Sep 22 17:44:07 2023

***************conf 204***************
/share/home/yanz/miniconda3/envs/Strain_VIZ/lib/python3.9/site-packages/torchani/resources/
ani-2x computations of begin at: Fri Sep 22 17:44:15 2023
ani-2x computations of finish at: Fri Sep 22 17:44:15 2023

***************conf 205***************
/share/home/yanz/miniconda3/envs/Strain_VIZ/lib/python3.9/site-packages/torchani/resources/
ani-2x computations of begin at: Fri Sep 22 17:44:22 2023
ani-2x computations of finish at: Fri Sep 22 17:44:23 2023

***************conf 206***************
/share/home/yanz/miniconda3/envs/Strain_VIZ/lib/python3.9/site-packages/torchani/resources/
ani-2x computations of begin at: Fri Sep 22 17:44:30 2023
ani-2x computations of finish at: Fri Sep 22 17:44:31 2023

***************conf 207***************
/share/home/yanz/miniconda3/envs/Strain_VIZ/lib/python3.9/site-packages/torchani/resources/
ani-2x computations of begin at: Fri Sep 22 17:44:38 2023
ani-2x computations of finish at: Fri Sep 22 17:44:38 2023

***************conf 208***************
/share/home/yanz/miniconda3/envs/Strain_VIZ/lib/python3.9/site-packages/torchani/resources/
ani-2x computations of begin at: Fri Sep 22 17:44:46 2023
ani-2x computations of finish at: Fri Sep 22 17:44:46 2023

***************conf 209***************
/share/home/yanz/miniconda3/envs/Strain_VIZ/lib/python3.9/site-packages/torchani/resources/
ani-2x computations of begin at: Fri Sep 22 17:44:54 2023
ani-2x computations of finish at: Fri Sep 22 17:44:54 2023

***************conf 210***************
/share/home/yanz/miniconda3/envs/Strain_VIZ/lib/python3.9/site-packages/torchani/resources/
ani-2x computations of begin at: Fri Sep 22 17:45:02 2023
ani-2x computations of finish at: Fri Sep 22 17:45:02 2023

***************conf 211***************
/share/home/yanz/miniconda3/envs/Strain_VIZ/lib/python3.9/site-packages/torchani/resources/
ani-2x computations of begin at: Fri Sep 22 17:45:10 2023
ani-2x computations of finish at: Fri Sep 22 17:45:10 2023

***************conf 212***************
/share/home/yanz/miniconda3/envs/Strain_VIZ/lib/python3.9/site-packages/torchani/resources/
ani-2x computations of begin at: Fri Sep 22 17:45:18 2023
ani-2x computations of finish at: Fri Sep 22 17:45:18 2023

***************conf 213***************
/share/home/yanz/miniconda3/envs/Strain_VIZ/lib/python3.9/site-packages/torchani/resources/
ani-2x computations of begin at: Fri Sep 22 17:45:26 2023
ani-2x computations of finish at: Fri Sep 22 17:45:26 2023

***************conf 214***************
/share/home/yanz/miniconda3/envs/Strain_VIZ/lib/python3.9/site-packages/torchani/resources/
ani-2x computations of begin at: Fri Sep 22 17:45:33 2023
ani-2x computations of finish at: Fri Sep 22 17:45:34 2023

***************conf 215***************
/share/home/yanz/miniconda3/envs/Strain_VIZ/lib/python3.9/site-packages/torchani/resources/
ani-2x computations of begin at: Fri Sep 22 17:45:41 2023
ani-2x computations of finish at: Fri Sep 22 17:45:42 2023

***************conf 216***************
/share/home/yanz/miniconda3/envs/Strain_VIZ/lib/python3.9/site-packages/torchani/resources/
ani-2x computations of begin at: Fri Sep 22 17:45:49 2023
ani-2x computations of finish at: Fri Sep 22 17:45:49 2023

***************conf 217***************
/share/home/yanz/miniconda3/envs/Strain_VIZ/lib/python3.9/site-packages/torchani/resources/
ani-2x computations of begin at: Fri Sep 22 17:45:57 2023
ani-2x computations of finish at: Fri Sep 22 17:45:57 2023

***************conf 218***************
/share/home/yanz/miniconda3/envs/Strain_VIZ/lib/python3.9/site-packages/torchani/resources/
ani-2x computations of begin at: Fri Sep 22 17:46:05 2023
ani-2x computations of finish at: Fri Sep 22 17:46:05 2023

***************conf 219***************
/share/home/yanz/miniconda3/envs/Strain_VIZ/lib/python3.9/site-packages/torchani/resources/
ani-2x computations of begin at: Fri Sep 22 17:46:13 2023
ani-2x computations of finish at: Fri Sep 22 17:46:13 2023

***************conf 220***************
/share/home/yanz/miniconda3/envs/Strain_VIZ/lib/python3.9/site-packages/torchani/resources/
ani-2x computations of begin at: Fri Sep 22 17:46:21 2023
ani-2x computations of finish at: Fri Sep 22 17:46:21 2023

***************conf 221***************
/share/home/yanz/miniconda3/envs/Strain_VIZ/lib/python3.9/site-packages/torchani/resources/
ani-2x computations of begin at: Fri Sep 22 17:46:28 2023
ani-2x computations of finish at: Fri Sep 22 17:46:29 2023

***************conf 222***************
/share/home/yanz/miniconda3/envs/Strain_VIZ/lib/python3.9/site-packages/torchani/resources/
ani-2x computations of begin at: Fri Sep 22 17:46:36 2023
ani-2x computations of finish at: Fri Sep 22 17:46:37 2023

***************conf 223***************
/share/home/yanz/miniconda3/envs/Strain_VIZ/lib/python3.9/site-packages/torchani/resources/
ani-2x computations of begin at: Fri Sep 22 17:46:44 2023
ani-2x computations of finish at: Fri Sep 22 17:46:45 2023

***************conf 224***************
/share/home/yanz/miniconda3/envs/Strain_VIZ/lib/python3.9/site-packages/torchani/resources/
ani-2x computations of begin at: Fri Sep 22 17:46:52 2023
ani-2x computations of finish at: Fri Sep 22 17:46:53 2023

***************conf 225***************
/share/home/yanz/miniconda3/envs/Strain_VIZ/lib/python3.9/site-packages/torchani/resources/
ani-2x computations of begin at: Fri Sep 22 17:47:00 2023
ani-2x computations of finish at: Fri Sep 22 17:47:01 2023

***************conf 226***************
/share/home/yanz/miniconda3/envs/Strain_VIZ/lib/python3.9/site-packages/torchani/resources/
ani-2x computations of begin at: Fri Sep 22 17:47:08 2023
ani-2x computations of finish at: Fri Sep 22 17:47:08 2023

***************conf 227***************
/share/home/yanz/miniconda3/envs/Strain_VIZ/lib/python3.9/site-packages/torchani/resources/
ani-2x computations of begin at: Fri Sep 22 17:47:16 2023
ani-2x computations of finish at: Fri Sep 22 17:47:16 2023

***************conf 228***************
/share/home/yanz/miniconda3/envs/Strain_VIZ/lib/python3.9/site-packages/torchani/resources/
ani-2x computations of begin at: Fri Sep 22 17:47:24 2023
ani-2x computations of finish at: Fri Sep 22 17:47:24 2023

***************conf 229***************
/share/home/yanz/miniconda3/envs/Strain_VIZ/lib/python3.9/site-packages/torchani/resources/
ani-2x computations of begin at: Fri Sep 22 17:47:32 2023
ani-2x computations of finish at: Fri Sep 22 17:47:32 2023

***************conf 230***************
/share/home/yanz/miniconda3/envs/Strain_VIZ/lib/python3.9/site-packages/torchani/resources/
ani-2x computations of begin at: Fri Sep 22 17:47:40 2023
ani-2x computations of finish at: Fri Sep 22 17:47:40 2023

***************conf 231***************
/share/home/yanz/miniconda3/envs/Strain_VIZ/lib/python3.9/site-packages/torchani/resources/
ani-2x computations of begin at: Fri Sep 22 17:47:47 2023
ani-2x computations of finish at: Fri Sep 22 17:47:48 2023

***************conf 232***************
/share/home/yanz/miniconda3/envs/Strain_VIZ/lib/python3.9/site-packages/torchani/resources/
ani-2x computations of begin at: Fri Sep 22 17:47:55 2023
ani-2x computations of finish at: Fri Sep 22 17:47:55 2023

***************conf 233***************
/share/home/yanz/miniconda3/envs/Strain_VIZ/lib/python3.9/site-packages/torchani/resources/
ani-2x computations of begin at: Fri Sep 22 17:48:03 2023
ani-2x computations of finish at: Fri Sep 22 17:48:04 2023

***************conf 234***************
/share/home/yanz/miniconda3/envs/Strain_VIZ/lib/python3.9/site-packages/torchani/resources/
ani-2x computations of begin at: Fri Sep 22 17:48:11 2023
ani-2x computations of finish at: Fri Sep 22 17:48:11 2023

***************conf 235***************
/share/home/yanz/miniconda3/envs/Strain_VIZ/lib/python3.9/site-packages/torchani/resources/
ani-2x computations of begin at: Fri Sep 22 17:48:19 2023
ani-2x computations of finish at: Fri Sep 22 17:48:19 2023

***************conf 236***************
/share/home/yanz/miniconda3/envs/Strain_VIZ/lib/python3.9/site-packages/torchani/resources/
ani-2x computations of begin at: Fri Sep 22 17:48:27 2023
ani-2x computations of finish at: Fri Sep 22 17:48:27 2023

***************conf 237***************
/share/home/yanz/miniconda3/envs/Strain_VIZ/lib/python3.9/site-packages/torchani/resources/
ani-2x computations of begin at: Fri Sep 22 17:48:34 2023
ani-2x computations of finish at: Fri Sep 22 17:48:35 2023

***************conf 238***************
/share/home/yanz/miniconda3/envs/Strain_VIZ/lib/python3.9/site-packages/torchani/resources/
ani-2x computations of begin at: Fri Sep 22 17:48:42 2023
ani-2x computations of finish at: Fri Sep 22 17:48:43 2023

***************conf 239***************
/share/home/yanz/miniconda3/envs/Strain_VIZ/lib/python3.9/site-packages/torchani/resources/
ani-2x computations of begin at: Fri Sep 22 17:48:50 2023
ani-2x computations of finish at: Fri Sep 22 17:48:51 2023

***************conf 240***************
/share/home/yanz/miniconda3/envs/Strain_VIZ/lib/python3.9/site-packages/torchani/resources/
ani-2x computations of begin at: Fri Sep 22 17:48:58 2023
ani-2x computations of finish at: Fri Sep 22 17:48:59 2023

***************conf 241***************
/share/home/yanz/miniconda3/envs/Strain_VIZ/lib/python3.9/site-packages/torchani/resources/
ani-2x computations of begin at: Fri Sep 22 17:49:06 2023
ani-2x computations of finish at: Fri Sep 22 17:49:06 2023

***************conf 242***************
/share/home/yanz/miniconda3/envs/Strain_VIZ/lib/python3.9/site-packages/torchani/resources/
ani-2x computations of begin at: Fri Sep 22 17:49:14 2023
ani-2x computations of finish at: Fri Sep 22 17:49:14 2023

***************conf 243***************
/share/home/yanz/miniconda3/envs/Strain_VIZ/lib/python3.9/site-packages/torchani/resources/
ani-2x computations of begin at: Fri Sep 22 17:49:22 2023
ani-2x computations of finish at: Fri Sep 22 17:49:22 2023

***************conf 244***************
/share/home/yanz/miniconda3/envs/Strain_VIZ/lib/python3.9/site-packages/torchani/resources/
ani-2x computations of begin at: Fri Sep 22 17:49:30 2023
ani-2x computations of finish at: Fri Sep 22 17:49:30 2023

***************conf 245***************
/share/home/yanz/miniconda3/envs/Strain_VIZ/lib/python3.9/site-packages/torchani/resources/
ani-2x computations of begin at: Fri Sep 22 17:49:38 2023
ani-2x computations of finish at: Fri Sep 22 17:49:38 2023

***************conf 246***************
/share/home/yanz/miniconda3/envs/Strain_VIZ/lib/python3.9/site-packages/torchani/resources/
ani-2x computations of begin at: Fri Sep 22 17:49:45 2023
ani-2x computations of finish at: Fri Sep 22 17:49:46 2023

***************conf 247***************
/share/home/yanz/miniconda3/envs/Strain_VIZ/lib/python3.9/site-packages/torchani/resources/
ani-2x computations of begin at: Fri Sep 22 17:49:53 2023
ani-2x computations of finish at: Fri Sep 22 17:49:54 2023

***************conf 248***************
/share/home/yanz/miniconda3/envs/Strain_VIZ/lib/python3.9/site-packages/torchani/resources/
ani-2x computations of begin at: Fri Sep 22 17:50:01 2023
ani-2x computations of finish at: Fri Sep 22 17:50:01 2023

***************conf 249***************
/share/home/yanz/miniconda3/envs/Strain_VIZ/lib/python3.9/site-packages/torchani/resources/
ani-2x computations of begin at: Fri Sep 22 17:50:09 2023
ani-2x computations of finish at: Fri Sep 22 17:50:09 2023

***************conf 250***************
/share/home/yanz/miniconda3/envs/Strain_VIZ/lib/python3.9/site-packages/torchani/resources/
ani-2x computations of begin at: Fri Sep 22 17:50:17 2023
ani-2x computations of finish at: Fri Sep 22 17:50:17 2023

***************conf 251***************
/share/home/yanz/miniconda3/envs/Strain_VIZ/lib/python3.9/site-packages/torchani/resources/
ani-2x computations of begin at: Fri Sep 22 17:50:24 2023
ani-2x computations of finish at: Fri Sep 22 17:50:25 2023

***************conf 252***************
/share/home/yanz/miniconda3/envs/Strain_VIZ/lib/python3.9/site-packages/torchani/resources/
ani-2x computations of begin at: Fri Sep 22 17:50:32 2023
ani-2x computations of finish at: Fri Sep 22 17:50:33 2023

***************conf 253***************
/share/home/yanz/miniconda3/envs/Strain_VIZ/lib/python3.9/site-packages/torchani/resources/
ani-2x computations of begin at: Fri Sep 22 17:50:40 2023
ani-2x computations of finish at: Fri Sep 22 17:50:41 2023

***************conf 254***************
/share/home/yanz/miniconda3/envs/Strain_VIZ/lib/python3.9/site-packages/torchani/resources/
ani-2x computations of begin at: Fri Sep 22 17:50:48 2023
ani-2x computations of finish at: Fri Sep 22 17:50:48 2023

***************conf 255***************
/share/home/yanz/miniconda3/envs/Strain_VIZ/lib/python3.9/site-packages/torchani/resources/
ani-2x computations of begin at: Fri Sep 22 17:50:56 2023
ani-2x computations of finish at: Fri Sep 22 17:50:56 2023

***************conf 256***************
/share/home/yanz/miniconda3/envs/Strain_VIZ/lib/python3.9/site-packages/torchani/resources/
ani-2x computations of begin at: Fri Sep 22 17:51:04 2023
ani-2x computations of finish at: Fri Sep 22 17:51:04 2023

***************conf 257***************
/share/home/yanz/miniconda3/envs/Strain_VIZ/lib/python3.9/site-packages/torchani/resources/
ani-2x computations of begin at: Fri Sep 22 17:51:12 2023
ani-2x computations of finish at: Fri Sep 22 17:51:12 2023

***************conf 258***************
/share/home/yanz/miniconda3/envs/Strain_VIZ/lib/python3.9/site-packages/torchani/resources/
ani-2x computations of begin at: Fri Sep 22 17:51:19 2023
ani-2x computations of finish at: Fri Sep 22 17:51:20 2023

***************conf 259***************
/share/home/yanz/miniconda3/envs/Strain_VIZ/lib/python3.9/site-packages/torchani/resources/
ani-2x computations of begin at: Fri Sep 22 17:51:27 2023
ani-2x computations of finish at: Fri Sep 22 17:51:27 2023

***************conf 260***************
/share/home/yanz/miniconda3/envs/Strain_VIZ/lib/python3.9/site-packages/torchani/resources/
ani-2x computations of begin at: Fri Sep 22 17:51:35 2023
ani-2x computations of finish at: Fri Sep 22 17:51:35 2023

***************conf 261***************
/share/home/yanz/miniconda3/envs/Strain_VIZ/lib/python3.9/site-packages/torchani/resources/
ani-2x computations of begin at: Fri Sep 22 17:51:43 2023
ani-2x computations of finish at: Fri Sep 22 17:51:43 2023

***************conf 262***************
/share/home/yanz/miniconda3/envs/Strain_VIZ/lib/python3.9/site-packages/torchani/resources/
ani-2x computations of begin at: Fri Sep 22 17:51:51 2023
ani-2x computations of finish at: Fri Sep 22 17:51:51 2023

***************conf 263***************
/share/home/yanz/miniconda3/envs/Strain_VIZ/lib/python3.9/site-packages/torchani/resources/
ani-2x computations of begin at: Fri Sep 22 17:51:58 2023
ani-2x computations of finish at: Fri Sep 22 17:51:59 2023

***************conf 264***************
/share/home/yanz/miniconda3/envs/Strain_VIZ/lib/python3.9/site-packages/torchani/resources/
ani-2x computations of begin at: Fri Sep 22 17:52:06 2023
ani-2x computations of finish at: Fri Sep 22 17:52:07 2023

***************conf 265***************
/share/home/yanz/miniconda3/envs/Strain_VIZ/lib/python3.9/site-packages/torchani/resources/
ani-2x computations of begin at: Fri Sep 22 17:52:14 2023
ani-2x computations of finish at: Fri Sep 22 17:52:15 2023

***************conf 266***************
/share/home/yanz/miniconda3/envs/Strain_VIZ/lib/python3.9/site-packages/torchani/resources/
ani-2x computations of begin at: Fri Sep 22 17:52:22 2023
ani-2x computations of finish at: Fri Sep 22 17:52:22 2023

***************conf 267***************
/share/home/yanz/miniconda3/envs/Strain_VIZ/lib/python3.9/site-packages/torchani/resources/
ani-2x computations of begin at: Fri Sep 22 17:52:30 2023
ani-2x computations of finish at: Fri Sep 22 17:52:30 2023

***************conf 268***************
/share/home/yanz/miniconda3/envs/Strain_VIZ/lib/python3.9/site-packages/torchani/resources/
ani-2x computations of begin at: Fri Sep 22 17:52:38 2023
ani-2x computations of finish at: Fri Sep 22 17:52:38 2023

***************conf 269***************
/share/home/yanz/miniconda3/envs/Strain_VIZ/lib/python3.9/site-packages/torchani/resources/
ani-2x computations of begin at: Fri Sep 22 17:52:46 2023
ani-2x computations of finish at: Fri Sep 22 17:52:46 2023

***************conf 270***************
/share/home/yanz/miniconda3/envs/Strain_VIZ/lib/python3.9/site-packages/torchani/resources/
ani-2x computations of begin at: Fri Sep 22 17:52:54 2023
ani-2x computations of finish at: Fri Sep 22 17:52:54 2023

***************conf 271***************
/share/home/yanz/miniconda3/envs/Strain_VIZ/lib/python3.9/site-packages/torchani/resources/
ani-2x computations of begin at: Fri Sep 22 17:53:02 2023
ani-2x computations of finish at: Fri Sep 22 17:53:02 2023

***************conf 272***************
/share/home/yanz/miniconda3/envs/Strain_VIZ/lib/python3.9/site-packages/torchani/resources/
ani-2x computations of begin at: Fri Sep 22 17:53:10 2023
ani-2x computations of finish at: Fri Sep 22 17:53:10 2023

***************conf 273***************
/share/home/yanz/miniconda3/envs/Strain_VIZ/lib/python3.9/site-packages/torchani/resources/
ani-2x computations of begin at: Fri Sep 22 17:53:17 2023
ani-2x computations of finish at: Fri Sep 22 17:53:18 2023

***************conf 274***************
/share/home/yanz/miniconda3/envs/Strain_VIZ/lib/python3.9/site-packages/torchani/resources/
ani-2x computations of begin at: Fri Sep 22 17:53:25 2023
ani-2x computations of finish at: Fri Sep 22 17:53:26 2023

***************conf 275***************
/share/home/yanz/miniconda3/envs/Strain_VIZ/lib/python3.9/site-packages/torchani/resources/
ani-2x computations of begin at: Fri Sep 22 17:53:34 2023
ani-2x computations of finish at: Fri Sep 22 17:53:34 2023

***************conf 276***************
/share/home/yanz/miniconda3/envs/Strain_VIZ/lib/python3.9/site-packages/torchani/resources/
ani-2x computations of begin at: Fri Sep 22 17:53:41 2023
ani-2x computations of finish at: Fri Sep 22 17:53:42 2023

***************conf 277***************
/share/home/yanz/miniconda3/envs/Strain_VIZ/lib/python3.9/site-packages/torchani/resources/
ani-2x computations of begin at: Fri Sep 22 17:53:49 2023
ani-2x computations of finish at: Fri Sep 22 17:53:50 2023

***************conf 278***************
/share/home/yanz/miniconda3/envs/Strain_VIZ/lib/python3.9/site-packages/torchani/resources/
ani-2x computations of begin at: Fri Sep 22 17:53:57 2023
ani-2x computations of finish at: Fri Sep 22 17:53:57 2023

***************conf 279***************
/share/home/yanz/miniconda3/envs/Strain_VIZ/lib/python3.9/site-packages/torchani/resources/
ani-2x computations of begin at: Fri Sep 22 17:54:05 2023
ani-2x computations of finish at: Fri Sep 22 17:54:05 2023

***************conf 280***************
/share/home/yanz/miniconda3/envs/Strain_VIZ/lib/python3.9/site-packages/torchani/resources/
ani-2x computations of begin at: Fri Sep 22 17:54:13 2023
ani-2x computations of finish at: Fri Sep 22 17:54:13 2023

***************conf 281***************
/share/home/yanz/miniconda3/envs/Strain_VIZ/lib/python3.9/site-packages/torchani/resources/
ani-2x computations of begin at: Fri Sep 22 17:54:20 2023
ani-2x computations of finish at: Fri Sep 22 17:54:21 2023

***************conf 282***************
/share/home/yanz/miniconda3/envs/Strain_VIZ/lib/python3.9/site-packages/torchani/resources/
ani-2x computations of begin at: Fri Sep 22 17:54:28 2023
ani-2x computations of finish at: Fri Sep 22 17:54:28 2023

***************conf 283***************
/share/home/yanz/miniconda3/envs/Strain_VIZ/lib/python3.9/site-packages/torchani/resources/
ani-2x computations of begin at: Fri Sep 22 17:54:36 2023
ani-2x computations of finish at: Fri Sep 22 17:54:36 2023

***************conf 284***************
/share/home/yanz/miniconda3/envs/Strain_VIZ/lib/python3.9/site-packages/torchani/resources/
ani-2x computations of begin at: Fri Sep 22 17:54:44 2023
ani-2x computations of finish at: Fri Sep 22 17:54:44 2023

***************conf 285***************
/share/home/yanz/miniconda3/envs/Strain_VIZ/lib/python3.9/site-packages/torchani/resources/
ani-2x computations of begin at: Fri Sep 22 17:54:51 2023
ani-2x computations of finish at: Fri Sep 22 17:54:51 2023

***************conf 286***************
/share/home/yanz/miniconda3/envs/Strain_VIZ/lib/python3.9/site-packages/torchani/resources/
ani-2x computations of begin at: Fri Sep 22 17:54:59 2023
ani-2x computations of finish at: Fri Sep 22 17:54:59 2023

***************conf 287***************
/share/home/yanz/miniconda3/envs/Strain_VIZ/lib/python3.9/site-packages/torchani/resources/
ani-2x computations of begin at: Fri Sep 22 17:55:07 2023
ani-2x computations of finish at: Fri Sep 22 17:55:07 2023

***************conf 288***************
/share/home/yanz/miniconda3/envs/Strain_VIZ/lib/python3.9/site-packages/torchani/resources/
ani-2x computations of begin at: Fri Sep 22 17:55:15 2023
ani-2x computations of finish at: Fri Sep 22 17:55:15 2023

***************conf 289***************
/share/home/yanz/miniconda3/envs/Strain_VIZ/lib/python3.9/site-packages/torchani/resources/
ani-2x computations of begin at: Fri Sep 22 17:55:22 2023
ani-2x computations of finish at: Fri Sep 22 17:55:23 2023

***************conf 290***************
/share/home/yanz/miniconda3/envs/Strain_VIZ/lib/python3.9/site-packages/torchani/resources/
ani-2x computations of begin at: Fri Sep 22 17:55:30 2023
ani-2x computations of finish at: Fri Sep 22 17:55:31 2023

***************conf 291***************
/share/home/yanz/miniconda3/envs/Strain_VIZ/lib/python3.9/site-packages/torchani/resources/
ani-2x computations of begin at: Fri Sep 22 17:55:38 2023
ani-2x computations of finish at: Fri Sep 22 17:55:39 2023

***************conf 292***************
/share/home/yanz/miniconda3/envs/Strain_VIZ/lib/python3.9/site-packages/torchani/resources/
ani-2x computations of begin at: Fri Sep 22 17:55:46 2023
ani-2x computations of finish at: Fri Sep 22 17:55:47 2023

***************conf 293***************
/share/home/yanz/miniconda3/envs/Strain_VIZ/lib/python3.9/site-packages/torchani/resources/
ani-2x computations of begin at: Fri Sep 22 17:55:54 2023
ani-2x computations of finish at: Fri Sep 22 17:55:55 2023

***************conf 294***************
/share/home/yanz/miniconda3/envs/Strain_VIZ/lib/python3.9/site-packages/torchani/resources/
ani-2x computations of begin at: Fri Sep 22 17:56:02 2023
ani-2x computations of finish at: Fri Sep 22 17:56:02 2023

***************conf 295***************
/share/home/yanz/miniconda3/envs/Strain_VIZ/lib/python3.9/site-packages/torchani/resources/
ani-2x computations of begin at: Fri Sep 22 17:56:10 2023
ani-2x computations of finish at: Fri Sep 22 17:56:10 2023

***************conf 296***************
/share/home/yanz/miniconda3/envs/Strain_VIZ/lib/python3.9/site-packages/torchani/resources/
ani-2x computations of begin at: Fri Sep 22 17:56:18 2023
ani-2x computations of finish at: Fri Sep 22 17:56:18 2023

***************conf 297***************
/share/home/yanz/miniconda3/envs/Strain_VIZ/lib/python3.9/site-packages/torchani/resources/
ani-2x computations of begin at: Fri Sep 22 17:56:26 2023
ani-2x computations of finish at: Fri Sep 22 17:56:26 2023

***************conf 298***************
/share/home/yanz/miniconda3/envs/Strain_VIZ/lib/python3.9/site-packages/torchani/resources/
ani-2x computations of begin at: Fri Sep 22 17:56:33 2023
ani-2x computations of finish at: Fri Sep 22 17:56:34 2023

***************conf 299***************
/share/home/yanz/miniconda3/envs/Strain_VIZ/lib/python3.9/site-packages/torchani/resources/
ani-2x computations of begin at: Fri Sep 22 17:56:41 2023
ani-2x computations of finish at: Fri Sep 22 17:56:42 2023

***************conf 300***************
/share/home/yanz/miniconda3/envs/Strain_VIZ/lib/python3.9/site-packages/torchani/resources/
ani-2x computations of begin at: Fri Sep 22 17:56:49 2023
ani-2x computations of finish at: Fri Sep 22 17:56:49 2023

Resutls (301 sheets) are saved in SN2_dym_M2_M2_all.xlsx

pymol has been created.
Job ends at: Fri Sep 22 17:56:54 2023
Fri Sep 22 17:56:55 CST 2023
