This job is running on host node26
Current directory: /tmp/58292.mgr/run
Thu Oct 12 15:01:55 CST 2023
/tmp/58292.mgr
Job starts at: Thu Oct 12 15:13:05 2023
ref file: Rc.gjf
conf file: TS1c.gjf
Using log (10) scale for visualization
method: 2
internal coordinates
No extral bonds/angles added
No bonds/angles removed
All atomic charge are 0!
2 atomic spin are defined!
number cpu set to 2
number pal set to 8
*************** 22 atoms in input structure !***************
*************** 1 structure in conformer input!***************
***************  Read include/exclude list  ***************
Bonds/angles data are saved in TS1c_M2_bond_angle.dat
***************  Get internal coodinate values  ***************
***************  Charge and Spin  ***************
***************  Charge and Spin  finished!  ***************

***************  Get ref fragments structure  ***************
Warning: please check the following frag, where =C-C= structure exist!
[1, 6, 16]
***************  Get conf fragments structure  ***************
***************  Get ref & conf fragments structure  finished!  ***************

Structures of subsystems are saved as Ref_M2.xyz and Conf_M2.xyz!
/share/home/yanz/miniconda3/envs/Strain_VIZ/lib/python3.9/site-packages/torchani/resources/
ani-2x computations of begin at: Thu Oct 12 15:15:33 2023
ani-2x computations of finish at: Thu Oct 12 15:15:34 2023

/share/home/yanz/miniconda3/envs/Strain_VIZ/lib/python3.9/site-packages/torchani/resources/
ani-2x computations of begin at: Thu Oct 12 15:18:12 2023
ani-2x computations of finish at: Thu Oct 12 15:18:14 2023

Resutls are saved in TS1c_M2_M2.xlsx

Job ends at: Thu Oct 12 15:19:00 2023
Thu Oct 12 15:19:01 CST 2023
