This job is running on host node27
Current directory: /tmp/58291.mgr/run
Thu Oct 12 14:56:50 CST 2023
/tmp/58291.mgr
Job starts at: Thu Oct 12 14:57:36 2023
ref file: Rc.gjf
conf file: TS1c.gjf
Using log (10) scale for visualization
method: 1
fragmentation
6 fragments was given!
All atomic charge are 0!
2 atomic spin are defined!
number cpu set to 4
number pal set to 4
*************** 22 atoms in input structure !***************
*************** 1 structure in conformer input!***************
***************  fragmentation list  OK ***************

***************  Charge and Spin  ***************
***************  Charge and Spin  finished!  ***************

***************  Get ref & conf fragments structure  ***************
***************  Get ref & conf fragments structure  finished!  ***************

Structures of subsystems are saved as Ref_M1.xyz and Conf_M1.xyz!
/share/home/yanz/miniconda3/envs/Strain_VIZ/lib/python3.9/site-packages/torchani/resources/
ani-2x computations of begin at: Thu Oct 12 14:57:44 2023
ani-2x computations of finish at: Thu Oct 12 14:57:44 2023

***************conf ***************
/share/home/yanz/miniconda3/envs/Strain_VIZ/lib/python3.9/site-packages/torchani/resources/
ani-2x computations of begin at: Thu Oct 12 14:57:53 2023
ani-2x computations of finish at: Thu Oct 12 14:57:53 2023

Resutls are saved in TS1c_M1_M1.xlsx

pymol has been created.
Job ends at: Thu Oct 12 14:57:53 2023
Thu Oct 12 14:57:54 CST 2023
