This job is running on host node108
Current directory: /tmp/96835.mgr/run
Mon Sep  9 21:07:04 CST 2024
/tmp/96835.mgr
Warning: no mlatom module
Warning: no xtb module
Job starts at: Mon Sep  9 21:07:22 2024
ref file: 4F-reactant.gjf
conf file: TS-4F.gjf
Using log (10) scale for visualization
COVALENT_RADII scale set to 1.0
method: 1
fragmentation
4 fragments was given!
All atomic charge are 0!
All atomic spin are 0!
number cpu set to 4
number pal set to 2
*************** 16 atoms in input structure !***************
*************** 1 structure in conformer input!***************
***************  fragmentation list  OK ***************

***************  Charge and Spin  ***************
***************  Charge and Spin  finished!  ***************

***************  Get ref & conf fragments structure  ***************
***************  Get ref & conf fragments structure  finished!  ***************

Structures of subsystems are saved as Ref_M1.xyz and Conf_M1.xyz!
4 Gaussian  gjfs have been created!
Gaussian computations begin at: Mon Sep  9 21:07:22 2024

Gaussian computations finish at: Mon Sep  9 21:07:26 2024

***************conf ***************
4 Gaussian  gjfs have been created!
Gaussian computations begin at: Mon Sep  9 21:07:26 2024

Gaussian computations finish at: Mon Sep  9 21:07:31 2024

Resutls are saved in 4F_M1_M1.xlsx

Job ends at: Mon Sep  9 21:07:32 2024
Mon Sep  9 21:07:33 CST 2024
