This job is running on host node108
Current directory: /tmp/96830.mgr/run
Mon Sep  9 20:48:55 CST 2024
/tmp/96830.mgr
Warning: no mlatom module
Warning: no xtb module
Job starts at: Mon Sep  9 20:49:05 2024
ref file: 4F-reactant.gjf
conf file: TS-4F.gjf
Using log (10) scale for visualization
COVALENT_RADII scale set to 1.0
method: 2
internal coordinates
4 bonds/angles added
No bonds/angles removed
All atomic charge are 0!
All atomic spin are 0!
number cpu set to 2
number pal set to 8
*************** 16 atoms in input structure !***************
*************** 1 structure in conformer input!***************
***************  Read include/exclude list  ***************
Bonds/angles data are saved in 4F_M2_bond_angle.dat
***************  Get internal coodinate values  ***************
***************  Charge and Spin  ***************
***************  Charge and Spin  finished!  ***************

***************  Get ref fragments structure  ***************
***************  Get conf fragments structure  ***************
***************  Get ref & conf fragments structure  finished!  ***************

Structures of subsystems are saved as Ref_M2.xyz and Conf_M2.xyz!
43 Gaussian  gjfs have been created!
Gaussian computations begin at: Mon Sep  9 20:49:05 2024

tmpdir/M2_ref_0.log exsits, skipt the computation!
tmpdir/M2_ref_1.log exsits, skipt the computation!
tmpdir/M2_ref_10.log exsits, skipt the computation!
tmpdir/M2_ref_11.log exsits, skipt the computation!
tmpdir/M2_ref_18.log exsits, skipt the computation!
tmpdir/M2_ref_19.log exsits, skipt the computation!
tmpdir/M2_ref_24.log exsits, skipt the computation!
tmpdir/M2_ref_25.log exsits, skipt the computation!
tmpdir/M2_ref_30.log exsits, skipt the computation!
tmpdir/M2_ref_31.log exsits, skipt the computation!
tmpdir/M2_ref_38.log exsits, skipt the computation!
tmpdir/M2_ref_39.log exsits, skipt the computation!
tmpdir/M2_ref_2.log exsits, skipt the computation!
tmpdir/M2_ref_3.log exsits, skipt the computation!
tmpdir/M2_ref_4.log exsits, skipt the computation!
tmpdir/M2_ref_5.log exsits, skipt the computation!
tmpdir/M2_ref_6.log exsits, skipt the computation!
tmpdir/M2_ref_7.log exsits, skipt the computation!
tmpdir/M2_ref_8.log exsits, skipt the computation!
tmpdir/M2_ref_9.log exsits, skipt the computation!
tmpdir/M2_ref_12.log exsits, skipt the computation!
tmpdir/M2_ref_13.log exsits, skipt the computation!
tmpdir/M2_ref_14.log exsits, skipt the computation!
tmpdir/M2_ref_15.log exsits, skipt the computation!
tmpdir/M2_ref_16.log exsits, skipt the computation!
tmpdir/M2_ref_17.log exsits, skipt the computation!
tmpdir/M2_ref_20.log exsits, skipt the computation!
tmpdir/M2_ref_21.log exsits, skipt the computation!
tmpdir/M2_ref_22.log exsits, skipt the computation!
tmpdir/M2_ref_23.log exsits, skipt the computation!
tmpdir/M2_ref_26.log exsits, skipt the computation!
tmpdir/M2_ref_27.log exsits, skipt the computation!
tmpdir/M2_ref_28.log exsits, skipt the computation!
tmpdir/M2_ref_29.log exsits, skipt the computation!
tmpdir/M2_ref_32.log exsits, skipt the computation!
tmpdir/M2_ref_33.log exsits, skipt the computation!
tmpdir/M2_ref_34.log exsits, skipt the computation!
tmpdir/M2_ref_35.log exsits, skipt the computation!
tmpdir/M2_ref_36.log exsits, skipt the computation!
tmpdir/M2_ref_37.log exsits, skipt the computation!
tmpdir/M2_ref_40.log exsits, skipt the computation!
tmpdir/M2_ref_41.log exsits, skipt the computation!
tmpdir/M2_ref_42.log exsits, skipt the computation!
Gaussian computations finish at: Mon Sep  9 20:49:05 2024

43 Gaussian  gjfs have been created!
Gaussian computations begin at: Mon Sep  9 20:49:05 2024

tmpdir/M2_conf_0_2.log exsits, skipt the computation!
tmpdir/M2_conf_0_3.log exsits, skipt the computation!
tmpdir/M2_conf_0_4.log exsits, skipt the computation!
tmpdir/M2_conf_0_5.log exsits, skipt the computation!
tmpdir/M2_conf_0_6.log exsits, skipt the computation!
tmpdir/M2_conf_0_7.log exsits, skipt the computation!
tmpdir/M2_conf_0_8.log exsits, skipt the computation!
tmpdir/M2_conf_0_9.log exsits, skipt the computation!
tmpdir/M2_conf_0_10.log exsits, skipt the computation!
tmpdir/M2_conf_0_11.log exsits, skipt the computation!
tmpdir/M2_conf_0_14.log exsits, skipt the computation!
tmpdir/M2_conf_0_15.log exsits, skipt the computation!
tmpdir/M2_conf_0_16.log exsits, skipt the computation!
tmpdir/M2_conf_0_17.log exsits, skipt the computation!
tmpdir/M2_conf_0_18.log exsits, skipt the computation!
tmpdir/M2_conf_0_19.log exsits, skipt the computation!
tmpdir/M2_conf_0_22.log exsits, skipt the computation!
tmpdir/M2_conf_0_23.log exsits, skipt the computation!
tmpdir/M2_conf_0_24.log exsits, skipt the computation!
tmpdir/M2_conf_0_25.log exsits, skipt the computation!
tmpdir/M2_conf_0_26.log exsits, skipt the computation!
tmpdir/M2_conf_0_27.log exsits, skipt the computation!
tmpdir/M2_conf_0_30.log exsits, skipt the computation!
tmpdir/M2_conf_0_31.log exsits, skipt the computation!
tmpdir/M2_conf_0_32.log exsits, skipt the computation!
tmpdir/M2_conf_0_33.log exsits, skipt the computation!
tmpdir/M2_conf_0_34.log exsits, skipt the computation!
tmpdir/M2_conf_0_35.log exsits, skipt the computation!
tmpdir/M2_conf_0_38.log exsits, skipt the computation!
tmpdir/M2_conf_0_39.log exsits, skipt the computation!
tmpdir/M2_conf_0_40.log exsits, skipt the computation!
tmpdir/M2_conf_0_41.log exsits, skipt the computation!
tmpdir/M2_conf_0_42.log exsits, skipt the computation!
tmpdir/M2_conf_0_0.log exsits, skipt the computation!
tmpdir/M2_conf_0_1.log exsits, skipt the computation!
tmpdir/M2_conf_0_12.log exsits, skipt the computation!
tmpdir/M2_conf_0_13.log exsits, skipt the computation!
tmpdir/M2_conf_0_20.log exsits, skipt the computation!
tmpdir/M2_conf_0_21.log exsits, skipt the computation!
tmpdir/M2_conf_0_28.log exsits, skipt the computation!
tmpdir/M2_conf_0_29.log exsits, skipt the computation!
tmpdir/M2_conf_0_36.log exsits, skipt the computation!
tmpdir/M2_conf_0_37.log exsits, skipt the computation!
Gaussian computations finish at: Mon Sep  9 20:49:05 2024

Resutls are saved in 4F_M2_M2.xlsx

Delta torsion was not showed 
Delta torsion was not showed 
Delta torsion was not showed 
Delta torsion was not showed 
Job ends at: Mon Sep  9 20:49:06 2024
Mon Sep  9 20:49:07 CST 2024
